Linked: (/home/makarand/Documents/Navigation_ws/devel/.private/camera_utils/lib/pkgconfig/camera_utils.pc, /home/makarand/Documents/Navigation_ws/devel/lib/pkgconfig/camera_utils.pc)
Linked: (/home/makarand/Documents/Navigation_ws/devel/.private/camera_utils/lib/python2.7/dist-packages/camera_utils/__init__.py, /home/makarand/Documents/Navigation_ws/devel/lib/python2.7/dist-packages/camera_utils/__init__.py)
Linked: (/home/makarand/Documents/Navigation_ws/devel/.private/camera_utils/lib/python2.7/dist-packages/camera_utils/srv/_LatestImage.py, /home/makarand/Documents/Navigation_ws/devel/lib/python2.7/dist-packages/camera_utils/srv/_LatestImage.py)
Linked: (/home/makarand/Documents/Navigation_ws/devel/.private/camera_utils/lib/python2.7/dist-packages/camera_utils/srv/__init__.py, /home/makarand/Documents/Navigation_ws/devel/lib/python2.7/dist-packages/camera_utils/srv/__init__.py)
Linked: (/home/makarand/Documents/Navigation_ws/devel/.private/camera_utils/include/camera_utils/LatestImageResponse.h, /home/makarand/Documents/Navigation_ws/devel/include/camera_utils/LatestImageResponse.h)
Linked: (/home/makarand/Documents/Navigation_ws/devel/.private/camera_utils/include/camera_utils/LatestImageRequest.h, /home/makarand/Documents/Navigation_ws/devel/include/camera_utils/LatestImageRequest.h)
Linked: (/home/makarand/Documents/Navigation_ws/devel/.private/camera_utils/include/camera_utils/LatestImage.h, /home/makarand/Documents/Navigation_ws/devel/include/camera_utils/LatestImage.h)
Linked: (/home/makarand/Documents/Navigation_ws/devel/.private/camera_utils/share/common-lisp/ros/camera_utils/srv/camera_utils-srv.asd, /home/makarand/Documents/Navigation_ws/devel/share/common-lisp/ros/camera_utils/srv/camera_utils-srv.asd)
Linked: (/home/makarand/Documents/Navigation_ws/devel/.private/camera_utils/share/common-lisp/ros/camera_utils/srv/_package_LatestImage.lisp, /home/makarand/Documents/Navigation_ws/devel/share/common-lisp/ros/camera_utils/srv/_package_LatestImage.lisp)
Linked: (/home/makarand/Documents/Navigation_ws/devel/.private/camera_utils/share/common-lisp/ros/camera_utils/srv/LatestImage.lisp, /home/makarand/Documents/Navigation_ws/devel/share/common-lisp/ros/camera_utils/srv/LatestImage.lisp)
Linked: (/home/makarand/Documents/Navigation_ws/devel/.private/camera_utils/share/common-lisp/ros/camera_utils/srv/_package.lisp, /home/makarand/Documents/Navigation_ws/devel/share/common-lisp/ros/camera_utils/srv/_package.lisp)
Linked: (/home/makarand/Documents/Navigation_ws/devel/.private/camera_utils/share/roseus/ros/camera_utils/manifest.l, /home/makarand/Documents/Navigation_ws/devel/share/roseus/ros/camera_utils/manifest.l)
Linked: (/home/makarand/Documents/Navigation_ws/devel/.private/camera_utils/share/roseus/ros/camera_utils/srv/LatestImage.l, /home/makarand/Documents/Navigation_ws/devel/share/roseus/ros/camera_utils/srv/LatestImage.l)
Linked: (/home/makarand/Documents/Navigation_ws/devel/.private/camera_utils/share/camera_utils/cmake/camera_utilsConfig.cmake, /home/makarand/Documents/Navigation_ws/devel/share/camera_utils/cmake/camera_utilsConfig.cmake)
Linked: (/home/makarand/Documents/Navigation_ws/devel/.private/camera_utils/share/camera_utils/cmake/camera_utils-msg-extras.cmake, /home/makarand/Documents/Navigation_ws/devel/share/camera_utils/cmake/camera_utils-msg-extras.cmake)
Linked: (/home/makarand/Documents/Navigation_ws/devel/.private/camera_utils/share/camera_utils/cmake/camera_utils-msg-paths.cmake, /home/makarand/Documents/Navigation_ws/devel/share/camera_utils/cmake/camera_utils-msg-paths.cmake)
Linked: (/home/makarand/Documents/Navigation_ws/devel/.private/camera_utils/share/camera_utils/cmake/camera_utilsConfig-version.cmake, /home/makarand/Documents/Navigation_ws/devel/share/camera_utils/cmake/camera_utilsConfig-version.cmake)
Linked: (/home/makarand/Documents/Navigation_ws/devel/.private/camera_utils/share/gennodejs/ros/camera_utils/_index.js, /home/makarand/Documents/Navigation_ws/devel/share/gennodejs/ros/camera_utils/_index.js)
Linked: (/home/makarand/Documents/Navigation_ws/devel/.private/camera_utils/share/gennodejs/ros/camera_utils/srv/_index.js, /home/makarand/Documents/Navigation_ws/devel/share/gennodejs/ros/camera_utils/srv/_index.js)
Linked: (/home/makarand/Documents/Navigation_ws/devel/.private/camera_utils/share/gennodejs/ros/camera_utils/srv/LatestImage.js, /home/makarand/Documents/Navigation_ws/devel/share/gennodejs/ros/camera_utils/srv/LatestImage.js)
