[  0%] Built target std_msgs_generate_messages_eus
[  0%] Built target actionlib_msgs_generate_messages_eus
[  0%] Built target _rt_carriage_controller_msgs_generate_messages_check_deps_rt_carriage_controllerActionFeedback
[  0%] Built target _rt_carriage_controller_msgs_generate_messages_check_deps_rt_carriage_controllerAction
[  0%] Built target _rt_carriage_controller_msgs_generate_messages_check_deps_carriage_sensor_diagnostics
[  0%] Built target _rt_carriage_controller_msgs_generate_messages_check_deps_rt_carriage_controllerGoal
[  0%] Built target _rt_carriage_controller_msgs_generate_messages_check_deps_rt_carriage_controllerActionGoal
[  0%] Built target _rt_carriage_controller_msgs_generate_messages_check_deps_pallet_fork_position
[  0%] Built target _rt_carriage_controller_msgs_generate_messages_check_deps_rt_carriage_controllerFeedback
[  0%] Built target std_msgs_generate_messages_py
[  0%] Built target actionlib_msgs_generate_messages_nodejs
[  0%] Built target actionlib_msgs_generate_messages_py
[  0%] Built target _rt_carriage_controller_msgs_generate_messages_check_deps_rt_carriage_controllerResult
[  0%] Built target _rt_carriage_controller_msgs_generate_messages_check_deps_rt_carriage_controllerActionResult
[  0%] Built target std_msgs_generate_messages_nodejs
[  0%] Built target actionlib_msgs_generate_messages_lisp
[  0%] Built target std_msgs_generate_messages_cpp
[  0%] Built target std_msgs_generate_messages_lisp
[  0%] Built target actionlib_msgs_generate_messages_cpp
[ 22%] Built target rt_carriage_controller_msgs_generate_messages_py
[ 43%] Built target rt_carriage_controller_msgs_generate_messages_eus
[ 62%] Built target rt_carriage_controller_msgs_generate_messages_nodejs
[ 81%] Built target rt_carriage_controller_msgs_generate_messages_lisp
[100%] Built target rt_carriage_controller_msgs_generate_messages_cpp
[100%] Built target rt_carriage_controller_msgs_generate_messages
