Determining if the pthread_create exist failed with the following output:
Change Dir: /home/makarand/Documents/shania_triton_ws/build/omron_os32c_driver/CMakeFiles/CMakeTmp

Run Build Command:"/usr/bin/make" "cmTC_30896/fast"
/usr/bin/make -f CMakeFiles/cmTC_30896.dir/build.make CMakeFiles/cmTC_30896.dir/build
make[1]: Entering directory '/home/makarand/Documents/shania_triton_ws/build/omron_os32c_driver/CMakeFiles/CMakeTmp'
Building C object CMakeFiles/cmTC_30896.dir/CheckSymbolExists.c.o
/usr/bin/cc    -o CMakeFiles/cmTC_30896.dir/CheckSymbolExists.c.o   -c /home/makarand/Documents/shania_triton_ws/build/omron_os32c_driver/CMakeFiles/CMakeTmp/CheckSymbolExists.c
Linking C executable cmTC_30896
/usr/bin/cmake -E cmake_link_script CMakeFiles/cmTC_30896.dir/link.txt --verbose=1
/usr/bin/cc      -rdynamic CMakeFiles/cmTC_30896.dir/CheckSymbolExists.c.o  -o cmTC_30896 
CMakeFiles/cmTC_30896.dir/CheckSymbolExists.c.o: In function `main':
CheckSymbolExists.c:(.text+0x1b): undefined reference to `pthread_create'
collect2: error: ld returned 1 exit status
CMakeFiles/cmTC_30896.dir/build.make:97: recipe for target 'cmTC_30896' failed
make[1]: *** [cmTC_30896] Error 1
make[1]: Leaving directory '/home/makarand/Documents/shania_triton_ws/build/omron_os32c_driver/CMakeFiles/CMakeTmp'
Makefile:126: recipe for target 'cmTC_30896/fast' failed
make: *** [cmTC_30896/fast] Error 2

File /home/makarand/Documents/shania_triton_ws/build/omron_os32c_driver/CMakeFiles/CMakeTmp/CheckSymbolExists.c:
/* */
#include <pthread.h>

int main(int argc, char** argv)
{
  (void)argv;
#ifndef pthread_create
  return ((int*)(&pthread_create))[argc];
#else
  (void)argc;
  return 0;
#endif
}

Determining if the function pthread_create exists in the pthreads failed with the following output:
Change Dir: /home/makarand/Documents/shania_triton_ws/build/omron_os32c_driver/CMakeFiles/CMakeTmp

Run Build Command:"/usr/bin/make" "cmTC_6d728/fast"
/usr/bin/make -f CMakeFiles/cmTC_6d728.dir/build.make CMakeFiles/cmTC_6d728.dir/build
make[1]: Entering directory '/home/makarand/Documents/shania_triton_ws/build/omron_os32c_driver/CMakeFiles/CMakeTmp'
Building C object CMakeFiles/cmTC_6d728.dir/CheckFunctionExists.c.o
/usr/bin/cc   -DCHECK_FUNCTION_EXISTS=pthread_create   -o CMakeFiles/cmTC_6d728.dir/CheckFunctionExists.c.o   -c /usr/share/cmake-3.10/Modules/CheckFunctionExists.c
Linking C executable cmTC_6d728
/usr/bin/cmake -E cmake_link_script CMakeFiles/cmTC_6d728.dir/link.txt --verbose=1
/usr/bin/cc  -DCHECK_FUNCTION_EXISTS=pthread_create    -rdynamic CMakeFiles/cmTC_6d728.dir/CheckFunctionExists.c.o  -o cmTC_6d728 -lpthreads 
/usr/bin/ld: cannot find -lpthreads
collect2: error: ld returned 1 exit status
CMakeFiles/cmTC_6d728.dir/build.make:97: recipe for target 'cmTC_6d728' failed
make[1]: *** [cmTC_6d728] Error 1
make[1]: Leaving directory '/home/makarand/Documents/shania_triton_ws/build/omron_os32c_driver/CMakeFiles/CMakeTmp'
Makefile:126: recipe for target 'cmTC_6d728/fast' failed
make: *** [cmTC_6d728/fast] Error 2


