Determining if the pthread_create exist failed with the following output:
Change Dir: /home/makarand/Documents/shania_triton_ws/build/accerion_driver/CMakeFiles/CMakeTmp

Run Build Command:"/usr/bin/make" "cmTC_2744a/fast"
/usr/bin/make -f CMakeFiles/cmTC_2744a.dir/build.make CMakeFiles/cmTC_2744a.dir/build
make[1]: Entering directory '/home/makarand/Documents/shania_triton_ws/build/accerion_driver/CMakeFiles/CMakeTmp'
Building CXX object CMakeFiles/cmTC_2744a.dir/CheckSymbolExists.cxx.o
/usr/bin/c++     -o CMakeFiles/cmTC_2744a.dir/CheckSymbolExists.cxx.o -c /home/makarand/Documents/shania_triton_ws/build/accerion_driver/CMakeFiles/CMakeTmp/CheckSymbolExists.cxx
Linking CXX executable cmTC_2744a
/usr/bin/cmake -E cmake_link_script CMakeFiles/cmTC_2744a.dir/link.txt --verbose=1
/usr/bin/c++       CMakeFiles/cmTC_2744a.dir/CheckSymbolExists.cxx.o  -o cmTC_2744a 
CMakeFiles/cmTC_2744a.dir/CheckSymbolExists.cxx.o: In function `main':
CheckSymbolExists.cxx:(.text+0x1b): undefined reference to `pthread_create'
collect2: error: ld returned 1 exit status
CMakeFiles/cmTC_2744a.dir/build.make:97: recipe for target 'cmTC_2744a' failed
make[1]: *** [cmTC_2744a] Error 1
make[1]: Leaving directory '/home/makarand/Documents/shania_triton_ws/build/accerion_driver/CMakeFiles/CMakeTmp'
Makefile:126: recipe for target 'cmTC_2744a/fast' failed
make: *** [cmTC_2744a/fast] Error 2

File /home/makarand/Documents/shania_triton_ws/build/accerion_driver/CMakeFiles/CMakeTmp/CheckSymbolExists.cxx:
/* */
#include <pthread.h>

int main(int argc, char** argv)
{
  (void)argv;
#ifndef pthread_create
  return ((int*)(&pthread_create))[argc];
#else
  (void)argc;
  return 0;
#endif
}

Determining if the function pthread_create exists in the pthreads failed with the following output:
Change Dir: /home/makarand/Documents/shania_triton_ws/build/accerion_driver/CMakeFiles/CMakeTmp

Run Build Command:"/usr/bin/make" "cmTC_5e8d0/fast"
/usr/bin/make -f CMakeFiles/cmTC_5e8d0.dir/build.make CMakeFiles/cmTC_5e8d0.dir/build
make[1]: Entering directory '/home/makarand/Documents/shania_triton_ws/build/accerion_driver/CMakeFiles/CMakeTmp'
Building CXX object CMakeFiles/cmTC_5e8d0.dir/CheckFunctionExists.cxx.o
/usr/bin/c++    -DCHECK_FUNCTION_EXISTS=pthread_create   -o CMakeFiles/cmTC_5e8d0.dir/CheckFunctionExists.cxx.o -c /home/makarand/Documents/shania_triton_ws/build/accerion_driver/CMakeFiles/CheckLibraryExists/CheckFunctionExists.cxx
Linking CXX executable cmTC_5e8d0
/usr/bin/cmake -E cmake_link_script CMakeFiles/cmTC_5e8d0.dir/link.txt --verbose=1
/usr/bin/c++   -DCHECK_FUNCTION_EXISTS=pthread_create    CMakeFiles/cmTC_5e8d0.dir/CheckFunctionExists.cxx.o  -o cmTC_5e8d0 -lpthreads 
/usr/bin/ld: cannot find -lpthreads
collect2: error: ld returned 1 exit status
CMakeFiles/cmTC_5e8d0.dir/build.make:97: recipe for target 'cmTC_5e8d0' failed
make[1]: *** [cmTC_5e8d0] Error 1
make[1]: Leaving directory '/home/makarand/Documents/shania_triton_ws/build/accerion_driver/CMakeFiles/CMakeTmp'
Makefile:126: recipe for target 'cmTC_5e8d0/fast' failed
make: *** [cmTC_5e8d0/fast] Error 2


