[01m[K/home/makarand/Documents/Navigation_ws/src/fuse_navigation/fuse_navigation/src/node_map.cpp:64:15:[m[K [01;35m[Kwarning: [m[K‘[01m[Kstd::ostream& fuse_navigation::operator<<(std::ostream&, const fuse_navigation::MapLocation&)[m[K’ has not been declared within fuse_navigation
 std::ostream &[01;35m[Kfuse_navigation[m[K::operator<<(std::ostream &os, const fuse_navigation::MapLocation &location) {
               [01;35m[K^~~~~~~~~~~~~~~[m[K
In file included from [01m[K/home/makarand/Documents/Navigation_ws/src/fuse_navigation/fuse_navigation/src/node_map.cpp:14:0[m[K:
[01m[K/home/makarand/Documents/Navigation_ws/src/fuse_navigation/fuse_navigation/include/fuse_navigation/node_map.h:67:24:[m[K [01;36m[Knote: [m[Konly here as a friend
   friend std::ostream &[01;36m[Koperator[m[K<<(std::ostream &os, const MapLocation &location);
                        [01;36m[K^~~~~~~~[m[K
[01m[K/home/makarand/Documents/Navigation_ws/src/fuse_navigation/fuse_navigation/src/node_map.cpp:64:15:[m[K [01;35m[Kwarning: [m[K‘[01m[Kstd::ostream& fuse_navigation::operator<<(std::ostream&, const fuse_navigation::MapLocation&)[m[K’ has not been declared within fuse_navigation
 std::ostream &[01;35m[Kfuse_navigation[m[K::operator<<(std::ostream &os, const fuse_navigation::MapLocation &location) {
               [01;35m[K^~~~~~~~~~~~~~~[m[K
In file included from [01m[K/home/makarand/Documents/Navigation_ws/src/fuse_navigation/fuse_navigation/src/node_map.cpp:14:0[m[K:
[01m[K/home/makarand/Documents/Navigation_ws/src/fuse_navigation/fuse_navigation/include/fuse_navigation/node_map.h:67:24:[m[K [01;36m[Knote: [m[Konly here as a friend
   friend std::ostream &[01;36m[Koperator[m[K<<(std::ostream &os, const MapLocation &location);
                        [01;36m[K^~~~~~~~[m[K
[01m[K/home/makarand/Documents/Navigation_ws/src/fuse_navigation/fuse_navigation/src/node_map.cpp:[m[K In member function ‘[01m[Kbool fuse_navigation::NodeMap::loadJSON(const string&)[m[K’:
[01m[K/home/makarand/Documents/Navigation_ws/src/fuse_navigation/fuse_navigation/src/node_map.cpp:225:40:[m[K [01;31m[Kerror: [m[Kno match for ‘[01m[Koperator=[m[K’ (operand types are ‘[01m[Kstd::unordered_map<std::__cxx11::basic_string<char>, std::shared_ptr<fuse_navigation::Node> >::mapped_type {aka std::shared_ptr<fuse_navigation::Node>}[m[K’ and ‘[01m[Kconst string {aka const std::__cxx11::basic_string<char>}[m[K’)
       node->edges[connected_node_id] = [01;31m[Kedge_id[m[K;
                                        [01;31m[K^~~~~~~[m[K
In file included from [01m[K/usr/include/c++/7/memory:81:0[m[K,
                 from [01m[K/usr/include/boost/detail/allocator_utilities.hpp:17[m[K,
                 from [01m[K/usr/include/boost/multi_index_container.hpp:20[m[K,
                 from [01m[K/usr/include/boost/bimap/detail/bimap_core.hpp:34[m[K,
                 from [01m[K/usr/include/boost/bimap/bimap.hpp:61[m[K,
                 from [01m[K/usr/include/boost/bimap.hpp:13[m[K,
                 from [01m[K/home/makarand/Documents/Navigation_ws/src/fuse_navigation/fuse_navigation/include/fuse_navigation/node_map.h:17[m[K,
                 from [01m[K/home/makarand/Documents/Navigation_ws/src/fuse_navigation/fuse_navigation/src/node_map.cpp:14[m[K:
[01m[K/usr/include/c++/7/bits/shared_ptr.h:296:19:[m[K [01;36m[Knote: [m[Kcandidate: std::shared_ptr<_Tp>& std::shared_ptr<_Tp>::operator=(const std::shared_ptr<_Tp>&) [with _Tp = fuse_navigation::Node]
       shared_ptr& [01;36m[Koperator[m[K=(const shared_ptr&) noexcept = default;
                   [01;36m[K^~~~~~~~[m[K
[01m[K/usr/include/c++/7/bits/shared_ptr.h:296:19:[m[K [01;36m[Knote: [m[K  no known conversion for argument 1 from ‘[01m[Kconst string {aka const std::__cxx11::basic_string<char>}[m[K’ to ‘[01m[Kconst std::shared_ptr<fuse_navigation::Node>&[m[K’
[01m[K/usr/include/c++/7/bits/shared_ptr.h:300:2:[m[K [01;36m[Knote: [m[Kcandidate: template<class _Yp> std::shared_ptr<_Tp>::_Assignable<const std::shared_ptr<_Yp>&> std::shared_ptr<_Tp>::operator=(const std::shared_ptr<_Yp>&) [with _Yp = _Yp; _Tp = fuse_navigation::Node]
  [01;36m[Koperator[m[K=(const shared_ptr<_Yp>& __r) noexcept
  [01;36m[K^~~~~~~~[m[K
[01m[K/usr/include/c++/7/bits/shared_ptr.h:300:2:[m[K [01;36m[Knote: [m[K  template argument deduction/substitution failed:
[01m[K/home/makarand/Documents/Navigation_ws/src/fuse_navigation/fuse_navigation/src/node_map.cpp:225:40:[m[K [01;36m[Knote: [m[K  ‘[01m[Kconst string {aka const std::__cxx11::basic_string<char>}[m[K’ is not derived from ‘[01m[Kconst std::shared_ptr<_Tp>[m[K’
       node->edges[connected_node_id] = [01;36m[Kedge_id[m[K;
                                        [01;36m[K^~~~~~~[m[K
In file included from [01m[K/usr/include/c++/7/memory:81:0[m[K,
                 from [01m[K/usr/include/boost/detail/allocator_utilities.hpp:17[m[K,
                 from [01m[K/usr/include/boost/multi_index_container.hpp:20[m[K,
                 from [01m[K/usr/include/boost/bimap/detail/bimap_core.hpp:34[m[K,
                 from [01m[K/usr/include/boost/bimap/bimap.hpp:61[m[K,
                 from [01m[K/usr/include/boost/bimap.hpp:13[m[K,
                 from [01m[K/home/makarand/Documents/Navigation_ws/src/fuse_navigation/fuse_navigation/include/fuse_navigation/node_map.h:17[m[K,
                 from [01m[K/home/makarand/Documents/Navigation_ws/src/fuse_navigation/fuse_navigation/src/node_map.cpp:14[m[K:
[01m[K/usr/include/c++/7/bits/shared_ptr.h:309:2:[m[K [01;36m[Knote: [m[Kcandidate: template<class _Yp> std::shared_ptr<_Tp>::_Assignable<std::auto_ptr<_Up> > std::shared_ptr<_Tp>::operator=(std::auto_ptr<_Up>&&) [with _Yp = _Yp; _Tp = fuse_navigation::Node]
  [01;36m[Koperator[m[K=(auto_ptr<_Yp>&& __r)
  [01;36m[K^~~~~~~~[m[K
[01m[K/usr/include/c++/7/bits/shared_ptr.h:309:2:[m[K [01;36m[Knote: [m[K  template argument deduction/substitution failed:
[01m[K/home/makarand/Documents/Navigation_ws/src/fuse_navigation/fuse_navigation/src/node_map.cpp:225:40:[m[K [01;36m[Knote: [m[K  types ‘[01m[Kstd::auto_ptr<T>[m[K’ and ‘[01m[Kconst string {aka const std::__cxx11::basic_string<char>}[m[K’ have incompatible cv-qualifiers
       node->edges[connected_node_id] = [01;36m[Kedge_id[m[K;
                                        [01;36m[K^~~~~~~[m[K
In file included from [01m[K/usr/include/c++/7/memory:81:0[m[K,
                 from [01m[K/usr/include/boost/detail/allocator_utilities.hpp:17[m[K,
                 from [01m[K/usr/include/boost/multi_index_container.hpp:20[m[K,
                 from [01m[K/usr/include/boost/bimap/detail/bimap_core.hpp:34[m[K,
                 from [01m[K/usr/include/boost/bimap/bimap.hpp:61[m[K,
                 from [01m[K/usr/include/boost/bimap.hpp:13[m[K,
                 from [01m[K/home/makarand/Documents/Navigation_ws/src/fuse_navigation/fuse_navigation/include/fuse_navigation/node_map.h:17[m[K,
                 from [01m[K/home/makarand/Documents/Navigation_ws/src/fuse_navigation/fuse_navigation/src/node_map.cpp:14[m[K:
[01m[K/usr/include/c++/7/bits/shared_ptr.h:317:7:[m[K [01;36m[Knote: [m[Kcandidate: std::shared_ptr<_Tp>& std::shared_ptr<_Tp>::operator=(std::shared_ptr<_Tp>&&) [with _Tp = fuse_navigation::Node]
       [01;36m[Koperator[m[K=(shared_ptr&& __r) noexcept
       [01;36m[K^~~~~~~~[m[K
[01m[K/usr/include/c++/7/bits/shared_ptr.h:317:7:[m[K [01;36m[Knote: [m[K  no known conversion for argument 1 from ‘[01m[Kconst string {aka const std::__cxx11::basic_string<char>}[m[K’ to ‘[01m[Kstd::shared_ptr<fuse_navigation::Node>&&[m[K’
[01m[K/usr/include/c++/7/bits/shared_ptr.h:325:2:[m[K [01;36m[Knote: [m[Kcandidate: template<class _Yp> std::shared_ptr<_Tp>::_Assignable<std::shared_ptr<_Yp> > std::shared_ptr<_Tp>::operator=(std::shared_ptr<_Yp>&&) [with _Yp = _Yp; _Tp = fuse_navigation::Node]
  [01;36m[Koperator[m[K=(shared_ptr<_Yp>&& __r) noexcept
  [01;36m[K^~~~~~~~[m[K
[01m[K/usr/include/c++/7/bits/shared_ptr.h:325:2:[m[K [01;36m[Knote: [m[K  template argument deduction/substitution failed:
[01m[K/home/makarand/Documents/Navigation_ws/src/fuse_navigation/fuse_navigation/src/node_map.cpp:225:40:[m[K [01;36m[Knote: [m[K  types ‘[01m[Kstd::shared_ptr<_Tp>[m[K’ and ‘[01m[Kconst string {aka const std::__cxx11::basic_string<char>}[m[K’ have incompatible cv-qualifiers
       node->edges[connected_node_id] = [01;36m[Kedge_id[m[K;
                                        [01;36m[K^~~~~~~[m[K
In file included from [01m[K/usr/include/c++/7/memory:81:0[m[K,
                 from [01m[K/usr/include/boost/detail/allocator_utilities.hpp:17[m[K,
                 from [01m[K/usr/include/boost/multi_index_container.hpp:20[m[K,
                 from [01m[K/usr/include/boost/bimap/detail/bimap_core.hpp:34[m[K,
                 from [01m[K/usr/include/boost/bimap/bimap.hpp:61[m[K,
                 from [01m[K/usr/include/boost/bimap.hpp:13[m[K,
                 from [01m[K/home/makarand/Documents/Navigation_ws/src/fuse_navigation/fuse_navigation/include/fuse_navigation/node_map.h:17[m[K,
                 from [01m[K/home/makarand/Documents/Navigation_ws/src/fuse_navigation/fuse_navigation/src/node_map.cpp:14[m[K:
[01m[K/usr/include/c++/7/bits/shared_ptr.h:333:2:[m[K [01;36m[Knote: [m[Kcandidate: template<class _Yp, class _Del> std::shared_ptr<_Tp>::_Assignable<std::unique_ptr<_Up, _Ep> > std::shared_ptr<_Tp>::operator=(std::unique_ptr<_Up, _Ep>&&) [with _Yp = _Yp; _Del = _Del; _Tp = fuse_navigation::Node]
  [01;36m[Koperator[m[K=(unique_ptr<_Yp, _Del>&& __r)
  [01;36m[K^~~~~~~~[m[K
[01m[K/usr/include/c++/7/bits/shared_ptr.h:333:2:[m[K [01;36m[Knote: [m[K  template argument deduction/substitution failed:
[01m[K/home/makarand/Documents/Navigation_ws/src/fuse_navigation/fuse_navigation/src/node_map.cpp:225:40:[m[K [01;36m[Knote: [m[K  types ‘[01m[Kstd::unique_ptr<_Tp, _Dp>[m[K’ and ‘[01m[Kconst string {aka const std::__cxx11::basic_string<char>}[m[K’ have incompatible cv-qualifiers
       node->edges[connected_node_id] = [01;36m[Kedge_id[m[K;
                                        [01;36m[K^~~~~~~[m[K
[01m[K/home/makarand/Documents/Navigation_ws/src/fuse_navigation/fuse_navigation/src/node_map.cpp:[m[K In member function ‘[01m[Kbool fuse_navigation::NodeMap::loadJSON(const string&)[m[K’:
[01m[K/home/makarand/Documents/Navigation_ws/src/fuse_navigation/fuse_navigation/src/node_map.cpp:225:40:[m[K [01;31m[Kerror: [m[Kno match for ‘[01m[Koperator=[m[K’ (operand types are ‘[01m[Kstd::unordered_map<std::__cxx11::basic_string<char>, std::shared_ptr<fuse_navigation::Node> >::mapped_type {aka std::shared_ptr<fuse_navigation::Node>}[m[K’ and ‘[01m[Kconst string {aka const std::__cxx11::basic_string<char>}[m[K’)
       node->edges[connected_node_id] = [01;31m[Kedge_id[m[K;
                                        [01;31m[K^~~~~~~[m[K
In file included from [01m[K/usr/include/c++/7/memory:81:0[m[K,
                 from [01m[K/usr/include/boost/detail/allocator_utilities.hpp:17[m[K,
                 from [01m[K/usr/include/boost/multi_index_container.hpp:20[m[K,
                 from [01m[K/usr/include/boost/bimap/detail/bimap_core.hpp:34[m[K,
                 from [01m[K/usr/include/boost/bimap/bimap.hpp:61[m[K,
                 from [01m[K/usr/include/boost/bimap.hpp:13[m[K,
                 from [01m[K/home/makarand/Documents/Navigation_ws/src/fuse_navigation/fuse_navigation/include/fuse_navigation/node_map.h:17[m[K,
                 from [01m[K/home/makarand/Documents/Navigation_ws/src/fuse_navigation/fuse_navigation/src/node_map.cpp:14[m[K:
[01m[K/usr/include/c++/7/bits/shared_ptr.h:296:19:[m[K [01;36m[Knote: [m[Kcandidate: std::shared_ptr<_Tp>& std::shared_ptr<_Tp>::operator=(const std::shared_ptr<_Tp>&) [with _Tp = fuse_navigation::Node]
       shared_ptr& [01;36m[Koperator[m[K=(const shared_ptr&) noexcept = default;
                   [01;36m[K^~~~~~~~[m[K
[01m[K/usr/include/c++/7/bits/shared_ptr.h:296:19:[m[K [01;36m[Knote: [m[K  no known conversion for argument 1 from ‘[01m[Kconst string {aka const std::__cxx11::basic_string<char>}[m[K’ to ‘[01m[Kconst std::shared_ptr<fuse_navigation::Node>&[m[K’
[01m[K/usr/include/c++/7/bits/shared_ptr.h:300:2:[m[K [01;36m[Knote: [m[Kcandidate: template<class _Yp> std::shared_ptr<_Tp>::_Assignable<const std::shared_ptr<_Yp>&> std::shared_ptr<_Tp>::operator=(const std::shared_ptr<_Yp>&) [with _Yp = _Yp; _Tp = fuse_navigation::Node]
  [01;36m[Koperator[m[K=(const shared_ptr<_Yp>& __r) noexcept
  [01;36m[K^~~~~~~~[m[K
[01m[K/usr/include/c++/7/bits/shared_ptr.h:300:2:[m[K [01;36m[Knote: [m[K  template argument deduction/substitution failed:
[01m[K/home/makarand/Documents/Navigation_ws/src/fuse_navigation/fuse_navigation/src/node_map.cpp:225:40:[m[K [01;36m[Knote: [m[K  ‘[01m[Kconst string {aka const std::__cxx11::basic_string<char>}[m[K’ is not derived from ‘[01m[Kconst std::shared_ptr<_Tp>[m[K’
       node->edges[connected_node_id] = [01;36m[Kedge_id[m[K;
                                        [01;36m[K^~~~~~~[m[K
In file included from [01m[K/usr/include/c++/7/memory:81:0[m[K,
                 from [01m[K/usr/include/boost/detail/allocator_utilities.hpp:17[m[K,
                 from [01m[K/usr/include/boost/multi_index_container.hpp:20[m[K,
                 from [01m[K/usr/include/boost/bimap/detail/bimap_core.hpp:34[m[K,
                 from [01m[K/usr/include/boost/bimap/bimap.hpp:61[m[K,
                 from [01m[K/usr/include/boost/bimap.hpp:13[m[K,
                 from [01m[K/home/makarand/Documents/Navigation_ws/src/fuse_navigation/fuse_navigation/include/fuse_navigation/node_map.h:17[m[K,
                 from [01m[K/home/makarand/Documents/Navigation_ws/src/fuse_navigation/fuse_navigation/src/node_map.cpp:14[m[K:
[01m[K/usr/include/c++/7/bits/shared_ptr.h:309:2:[m[K [01;36m[Knote: [m[Kcandidate: template<class _Yp> std::shared_ptr<_Tp>::_Assignable<std::auto_ptr<_Up> > std::shared_ptr<_Tp>::operator=(std::auto_ptr<_Up>&&) [with _Yp = _Yp; _Tp = fuse_navigation::Node]
  [01;36m[Koperator[m[K=(auto_ptr<_Yp>&& __r)
  [01;36m[K^~~~~~~~[m[K
[01m[K/usr/include/c++/7/bits/shared_ptr.h:309:2:[m[K [01;36m[Knote: [m[K  template argument deduction/substitution failed:
[01m[K/home/makarand/Documents/Navigation_ws/src/fuse_navigation/fuse_navigation/src/node_map.cpp:225:40:[m[K [01;36m[Knote: [m[K  types ‘[01m[Kstd::auto_ptr<T>[m[K’ and ‘[01m[Kconst string {aka const std::__cxx11::basic_string<char>}[m[K’ have incompatible cv-qualifiers
       node->edges[connected_node_id] = [01;36m[Kedge_id[m[K;
                                        [01;36m[K^~~~~~~[m[K
In file included from [01m[K/usr/include/c++/7/memory:81:0[m[K,
                 from [01m[K/usr/include/boost/detail/allocator_utilities.hpp:17[m[K,
                 from [01m[K/usr/include/boost/multi_index_container.hpp:20[m[K,
                 from [01m[K/usr/include/boost/bimap/detail/bimap_core.hpp:34[m[K,
                 from [01m[K/usr/include/boost/bimap/bimap.hpp:61[m[K,
                 from [01m[K/usr/include/boost/bimap.hpp:13[m[K,
                 from [01m[K/home/makarand/Documents/Navigation_ws/src/fuse_navigation/fuse_navigation/include/fuse_navigation/node_map.h:17[m[K,
                 from [01m[K/home/makarand/Documents/Navigation_ws/src/fuse_navigation/fuse_navigation/src/node_map.cpp:14[m[K:
[01m[K/usr/include/c++/7/bits/shared_ptr.h:317:7:[m[K [01;36m[Knote: [m[Kcandidate: std::shared_ptr<_Tp>& std::shared_ptr<_Tp>::operator=(std::shared_ptr<_Tp>&&) [with _Tp = fuse_navigation::Node]
       [01;36m[Koperator[m[K=(shared_ptr&& __r) noexcept
       [01;36m[K^~~~~~~~[m[K
[01m[K/usr/include/c++/7/bits/shared_ptr.h:317:7:[m[K [01;36m[Knote: [m[K  no known conversion for argument 1 from ‘[01m[Kconst string {aka const std::__cxx11::basic_string<char>}[m[K’ to ‘[01m[Kstd::shared_ptr<fuse_navigation::Node>&&[m[K’
[01m[K/usr/include/c++/7/bits/shared_ptr.h:325:2:[m[K [01;36m[Knote: [m[Kcandidate: template<class _Yp> std::shared_ptr<_Tp>::_Assignable<std::shared_ptr<_Yp> > std::shared_ptr<_Tp>::operator=(std::shared_ptr<_Yp>&&) [with _Yp = _Yp; _Tp = fuse_navigation::Node]
  [01;36m[Koperator[m[K=(shared_ptr<_Yp>&& __r) noexcept
  [01;36m[K^~~~~~~~[m[K
[01m[K/usr/include/c++/7/bits/shared_ptr.h:325:2:[m[K [01;36m[Knote: [m[K  template argument deduction/substitution failed:
[01m[K/home/makarand/Documents/Navigation_ws/src/fuse_navigation/fuse_navigation/src/node_map.cpp:225:40:[m[K [01;36m[Knote: [m[K  types ‘[01m[Kstd::shared_ptr<_Tp>[m[K’ and ‘[01m[Kconst string {aka const std::__cxx11::basic_string<char>}[m[K’ have incompatible cv-qualifiers
       node->edges[connected_node_id] = [01;36m[Kedge_id[m[K;
                                        [01;36m[K^~~~~~~[m[K
In file included from [01m[K/usr/include/c++/7/memory:81:0[m[K,
                 from [01m[K/usr/include/boost/detail/allocator_utilities.hpp:17[m[K,
                 from [01m[K/usr/include/boost/multi_index_container.hpp:20[m[K,
                 from [01m[K/usr/include/boost/bimap/detail/bimap_core.hpp:34[m[K,
                 from [01m[K/usr/include/boost/bimap/bimap.hpp:61[m[K,
                 from [01m[K/usr/include/boost/bimap.hpp:13[m[K,
                 from [01m[K/home/makarand/Documents/Navigation_ws/src/fuse_navigation/fuse_navigation/include/fuse_navigation/node_map.h:17[m[K,
                 from [01m[K/home/makarand/Documents/Navigation_ws/src/fuse_navigation/fuse_navigation/src/node_map.cpp:14[m[K:
[01m[K/usr/include/c++/7/bits/shared_ptr.h:333:2:[m[K [01;36m[Knote: [m[Kcandidate: template<class _Yp, class _Del> std::shared_ptr<_Tp>::_Assignable<std::unique_ptr<_Up, _Ep> > std::shared_ptr<_Tp>::operator=(std::unique_ptr<_Up, _Ep>&&) [with _Yp = _Yp; _Del = _Del; _Tp = fuse_navigation::Node]
  [01;36m[Koperator[m[K=(unique_ptr<_Yp, _Del>&& __r)
  [01;36m[K^~~~~~~~[m[K
[01m[K/usr/include/c++/7/bits/shared_ptr.h:333:2:[m[K [01;36m[Knote: [m[K  template argument deduction/substitution failed:
[01m[K/home/makarand/Documents/Navigation_ws/src/fuse_navigation/fuse_navigation/src/node_map.cpp:225:40:[m[K [01;36m[Knote: [m[K  types ‘[01m[Kstd::unique_ptr<_Tp, _Dp>[m[K’ and ‘[01m[Kconst string {aka const std::__cxx11::basic_string<char>}[m[K’ have incompatible cv-qualifiers
       node->edges[connected_node_id] = [01;36m[Kedge_id[m[K;
                                        [01;36m[K^~~~~~~[m[K
make[2]: *** [CMakeFiles/node_map_node.dir/src/node_map.cpp.o] Error 1
make[1]: *** [CMakeFiles/node_map_node.dir/all] Error 2
make[1]: *** Waiting for unfinished jobs....
make[2]: *** [CMakeFiles/behavior_manager.dir/src/node_map.cpp.o] Error 1
make[1]: *** [CMakeFiles/behavior_manager.dir/all] Error 2
make: *** [all] Error 2
