[01m[K/home/makarand/Documents/Navigation_ws/src/fuse_navigation/fuse_navigation/src/node_map.cpp:64:15:[m[K [01;35m[Kwarning: [m[K‘[01m[Kstd::ostream& fuse_navigation::operator<<(std::ostream&, const fuse_navigation::MapLocation&)[m[K’ has not been declared within fuse_navigation
 std::ostream &[01;35m[Kfuse_navigation[m[K::operator<<(std::ostream &os, const fuse_navigation::MapLocation &location) {
               [01;35m[K^~~~~~~~~~~~~~~[m[K
In file included from [01m[K/home/makarand/Documents/Navigation_ws/src/fuse_navigation/fuse_navigation/src/node_map.cpp:14:0[m[K:
[01m[K/home/makarand/Documents/Navigation_ws/src/fuse_navigation/fuse_navigation/include/fuse_navigation/node_map.h:67:24:[m[K [01;36m[Knote: [m[Konly here as a friend
   friend std::ostream &[01;36m[Koperator[m[K<<(std::ostream &os, const MapLocation &location);
                        [01;36m[K^~~~~~~~[m[K
[01m[K/home/makarand/Documents/Navigation_ws/src/fuse_navigation/fuse_navigation/src/node_map.cpp:64:15:[m[K [01;35m[Kwarning: [m[K‘[01m[Kstd::ostream& fuse_navigation::operator<<(std::ostream&, const fuse_navigation::MapLocation&)[m[K’ has not been declared within fuse_navigation
 std::ostream &[01;35m[Kfuse_navigation[m[K::operator<<(std::ostream &os, const fuse_navigation::MapLocation &location) {
               [01;35m[K^~~~~~~~~~~~~~~[m[K
In file included from [01m[K/home/makarand/Documents/Navigation_ws/src/fuse_navigation/fuse_navigation/src/node_map.cpp:14:0[m[K:
[01m[K/home/makarand/Documents/Navigation_ws/src/fuse_navigation/fuse_navigation/include/fuse_navigation/node_map.h:67:24:[m[K [01;36m[Knote: [m[Konly here as a friend
   friend std::ostream &[01;36m[Koperator[m[K<<(std::ostream &os, const MapLocation &location);
                        [01;36m[K^~~~~~~~[m[K
[01m[K/home/makarand/Documents/Navigation_ws/src/fuse_navigation/fuse_navigation/src/node_map.cpp:[m[K In member function ‘[01m[Kbool fuse_navigation::NodeMap::loadJSON(const string&)[m[K’:
[01m[K/home/makarand/Documents/Navigation_ws/src/fuse_navigation/fuse_navigation/src/node_map.cpp:149:34:[m[K [01;31m[Kerror: [m[Kcannot bind non-const lvalue reference of type ‘[01m[Kstd::__cxx11::string& {aka std::__cxx11::basic_string<char>&}[m[K’ to an rvalue of type ‘[01m[Kstd::__cxx11::string {aka std::__cxx11::basic_string<char>}[m[K’
     std::string &zone_details1 = [01;31m[K"zone_details"[m[K;
                                  [01;31m[K^~~~~~~~~~~~~~[m[K
In file included from [01m[K/usr/include/c++/7/string:52:0[m[K,
                 from [01m[K/usr/include/c++/7/bits/locale_classes.h:40[m[K,
                 from [01m[K/usr/include/c++/7/bits/ios_base.h:41[m[K,
                 from [01m[K/usr/include/c++/7/ios:42[m[K,
                 from [01m[K/usr/include/c++/7/ostream:38[m[K,
                 from [01m[K/usr/include/c++/7/iterator:64[m[K,
                 from [01m[K/usr/include/boost/concept_check.hpp:22[m[K,
                 from [01m[K/usr/include/boost/bimap/detail/bimap_core.hpp:31[m[K,
                 from [01m[K/usr/include/boost/bimap/bimap.hpp:61[m[K,
                 from [01m[K/usr/include/boost/bimap.hpp:13[m[K,
                 from [01m[K/home/makarand/Documents/Navigation_ws/src/fuse_navigation/fuse_navigation/include/fuse_navigation/node_map.h:17[m[K,
                 from [01m[K/home/makarand/Documents/Navigation_ws/src/fuse_navigation/fuse_navigation/src/node_map.cpp:14[m[K:
[01m[K/usr/include/c++/7/bits/basic_string.h:509:7:[m[K [01;36m[Knote: [m[K  after user-defined conversion: std::__cxx11::basic_string<_CharT, _Traits, _Alloc>::basic_string(const _CharT*, const _Alloc&) [with _CharT = char; _Traits = std::char_traits<char>; _Alloc = std::allocator<char>]
       [01;36m[Kbasic_string[m[K(const _CharT* __s, const _Alloc& __a = _Alloc())
       [01;36m[K^~~~~~~~~~~~[m[K
[01m[K/home/makarand/Documents/Navigation_ws/src/fuse_navigation/fuse_navigation/src/node_map.cpp:[m[K In member function ‘[01m[Kbool fuse_navigation::NodeMap::loadJSON(const string&)[m[K’:
[01m[K/home/makarand/Documents/Navigation_ws/src/fuse_navigation/fuse_navigation/src/node_map.cpp:149:34:[m[K [01;31m[Kerror: [m[Kcannot bind non-const lvalue reference of type ‘[01m[Kstd::__cxx11::string& {aka std::__cxx11::basic_string<char>&}[m[K’ to an rvalue of type ‘[01m[Kstd::__cxx11::string {aka std::__cxx11::basic_string<char>}[m[K’
     std::string &zone_details1 = [01;31m[K"zone_details"[m[K;
                                  [01;31m[K^~~~~~~~~~~~~~[m[K
In file included from [01m[K/usr/include/c++/7/string:52:0[m[K,
                 from [01m[K/usr/include/c++/7/bits/locale_classes.h:40[m[K,
                 from [01m[K/usr/include/c++/7/bits/ios_base.h:41[m[K,
                 from [01m[K/usr/include/c++/7/ios:42[m[K,
                 from [01m[K/usr/include/c++/7/ostream:38[m[K,
                 from [01m[K/usr/include/c++/7/iterator:64[m[K,
                 from [01m[K/usr/include/boost/concept_check.hpp:22[m[K,
                 from [01m[K/usr/include/boost/bimap/detail/bimap_core.hpp:31[m[K,
                 from [01m[K/usr/include/boost/bimap/bimap.hpp:61[m[K,
                 from [01m[K/usr/include/boost/bimap.hpp:13[m[K,
                 from [01m[K/home/makarand/Documents/Navigation_ws/src/fuse_navigation/fuse_navigation/include/fuse_navigation/node_map.h:17[m[K,
                 from [01m[K/home/makarand/Documents/Navigation_ws/src/fuse_navigation/fuse_navigation/src/node_map.cpp:14[m[K:
[01m[K/usr/include/c++/7/bits/basic_string.h:509:7:[m[K [01;36m[Knote: [m[K  after user-defined conversion: std::__cxx11::basic_string<_CharT, _Traits, _Alloc>::basic_string(const _CharT*, const _Alloc&) [with _CharT = char; _Traits = std::char_traits<char>; _Alloc = std::allocator<char>]
       [01;36m[Kbasic_string[m[K(const _CharT* __s, const _Alloc& __a = _Alloc())
       [01;36m[K^~~~~~~~~~~~[m[K
make[2]: *** [CMakeFiles/behavior_manager.dir/src/node_map.cpp.o] Error 1
make[1]: *** [CMakeFiles/behavior_manager.dir/all] Error 2
make[1]: *** Waiting for unfinished jobs....
make[2]: *** [CMakeFiles/node_map_node.dir/src/node_map.cpp.o] Error 1
make[1]: *** [CMakeFiles/node_map_node.dir/all] Error 2
make: *** [all] Error 2
