Determining if the pthread_create exist failed with the following output:
Change Dir: /home/makarand/Documents/Navigation_ws/build/fuse_navigation/CMakeFiles/CMakeTmp

Run Build Command:"/usr/bin/make" "cmTC_d238c/fast"
/usr/bin/make -f CMakeFiles/cmTC_d238c.dir/build.make CMakeFiles/cmTC_d238c.dir/build
make[1]: Entering directory '/home/makarand/Documents/Navigation_ws/build/fuse_navigation/CMakeFiles/CMakeTmp'
Building C object CMakeFiles/cmTC_d238c.dir/CheckSymbolExists.c.o
/usr/bin/cc    -o CMakeFiles/cmTC_d238c.dir/CheckSymbolExists.c.o   -c /home/makarand/Documents/Navigation_ws/build/fuse_navigation/CMakeFiles/CMakeTmp/CheckSymbolExists.c
Linking C executable cmTC_d238c
/usr/bin/cmake -E cmake_link_script CMakeFiles/cmTC_d238c.dir/link.txt --verbose=1
/usr/bin/cc      -rdynamic CMakeFiles/cmTC_d238c.dir/CheckSymbolExists.c.o  -o cmTC_d238c 
CMakeFiles/cmTC_d238c.dir/CheckSymbolExists.c.o: In function `main':
CheckSymbolExists.c:(.text+0x1b): undefined reference to `pthread_create'
collect2: error: ld returned 1 exit status
CMakeFiles/cmTC_d238c.dir/build.make:97: recipe for target 'cmTC_d238c' failed
make[1]: *** [cmTC_d238c] Error 1
make[1]: Leaving directory '/home/makarand/Documents/Navigation_ws/build/fuse_navigation/CMakeFiles/CMakeTmp'
Makefile:126: recipe for target 'cmTC_d238c/fast' failed
make: *** [cmTC_d238c/fast] Error 2

File /home/makarand/Documents/Navigation_ws/build/fuse_navigation/CMakeFiles/CMakeTmp/CheckSymbolExists.c:
/* */
#include <pthread.h>

int main(int argc, char** argv)
{
  (void)argv;
#ifndef pthread_create
  return ((int*)(&pthread_create))[argc];
#else
  (void)argc;
  return 0;
#endif
}

Determining if the function pthread_create exists in the pthreads failed with the following output:
Change Dir: /home/makarand/Documents/Navigation_ws/build/fuse_navigation/CMakeFiles/CMakeTmp

Run Build Command:"/usr/bin/make" "cmTC_1a78f/fast"
/usr/bin/make -f CMakeFiles/cmTC_1a78f.dir/build.make CMakeFiles/cmTC_1a78f.dir/build
make[1]: Entering directory '/home/makarand/Documents/Navigation_ws/build/fuse_navigation/CMakeFiles/CMakeTmp'
Building C object CMakeFiles/cmTC_1a78f.dir/CheckFunctionExists.c.o
/usr/bin/cc   -DCHECK_FUNCTION_EXISTS=pthread_create   -o CMakeFiles/cmTC_1a78f.dir/CheckFunctionExists.c.o   -c /usr/share/cmake-3.10/Modules/CheckFunctionExists.c
Linking C executable cmTC_1a78f
/usr/bin/cmake -E cmake_link_script CMakeFiles/cmTC_1a78f.dir/link.txt --verbose=1
/usr/bin/cc  -DCHECK_FUNCTION_EXISTS=pthread_create    -rdynamic CMakeFiles/cmTC_1a78f.dir/CheckFunctionExists.c.o  -o cmTC_1a78f -lpthreads 
/usr/bin/ld: cannot find -lpthreads
collect2: error: ld returned 1 exit status
CMakeFiles/cmTC_1a78f.dir/build.make:97: recipe for target 'cmTC_1a78f' failed
make[1]: *** [cmTC_1a78f] Error 1
make[1]: Leaving directory '/home/makarand/Documents/Navigation_ws/build/fuse_navigation/CMakeFiles/CMakeTmp'
Makefile:126: recipe for target 'cmTC_1a78f/fast' failed
make: *** [cmTC_1a78f/fast] Error 2


