Linked: (/home/makarand/Documents/Navigation_ws/devel/.private/monitor_utils/lib/pkgconfig/monitor_utils.pc, /home/makarand/Documents/Navigation_ws/devel/lib/pkgconfig/monitor_utils.pc)
Linked: (/home/makarand/Documents/Navigation_ws/devel/.private/monitor_utils/lib/monitor_utils/odom_to_cmd_vel_error, /home/makarand/Documents/Navigation_ws/devel/lib/monitor_utils/odom_to_cmd_vel_error)
Linked: (/home/makarand/Documents/Navigation_ws/devel/.private/monitor_utils/lib/python2.7/dist-packages/monitor_utils/__init__.py, /home/makarand/Documents/Navigation_ws/devel/lib/python2.7/dist-packages/monitor_utils/__init__.py)
Linked: (/home/makarand/Documents/Navigation_ws/devel/.private/monitor_utils/lib/python2.7/dist-packages/monitor_utils/srv/_node_watchdog_service.py, /home/makarand/Documents/Navigation_ws/devel/lib/python2.7/dist-packages/monitor_utils/srv/_node_watchdog_service.py)
Linked: (/home/makarand/Documents/Navigation_ws/devel/.private/monitor_utils/lib/python2.7/dist-packages/monitor_utils/srv/__init__.py, /home/makarand/Documents/Navigation_ws/devel/lib/python2.7/dist-packages/monitor_utils/srv/__init__.py)
Linked: (/home/makarand/Documents/Navigation_ws/devel/.private/monitor_utils/lib/python2.7/dist-packages/monitor_utils/msg/_watched_node_data.py, /home/makarand/Documents/Navigation_ws/devel/lib/python2.7/dist-packages/monitor_utils/msg/_watched_node_data.py)
Linked: (/home/makarand/Documents/Navigation_ws/devel/.private/monitor_utils/lib/python2.7/dist-packages/monitor_utils/msg/_node_watchdog_status.py, /home/makarand/Documents/Navigation_ws/devel/lib/python2.7/dist-packages/monitor_utils/msg/_node_watchdog_status.py)
Linked: (/home/makarand/Documents/Navigation_ws/devel/.private/monitor_utils/lib/python2.7/dist-packages/monitor_utils/msg/__init__.py, /home/makarand/Documents/Navigation_ws/devel/lib/python2.7/dist-packages/monitor_utils/msg/__init__.py)
Linked: (/home/makarand/Documents/Navigation_ws/devel/.private/monitor_utils/lib/python2.7/dist-packages/motion_monitor_module/__init__.py, /home/makarand/Documents/Navigation_ws/devel/lib/python2.7/dist-packages/motion_monitor_module/__init__.py)
Linked: (/home/makarand/Documents/Navigation_ws/devel/.private/monitor_utils/bin/motion_monitor, /home/makarand/Documents/Navigation_ws/devel/bin/motion_monitor)
Linked: (/home/makarand/Documents/Navigation_ws/devel/.private/monitor_utils/bin/cmake.lock, /home/makarand/Documents/Navigation_ws/devel/bin/cmake.lock)
Linked: (/home/makarand/Documents/Navigation_ws/devel/.private/monitor_utils/include/monitor_utils/watched_node_data.h, /home/makarand/Documents/Navigation_ws/devel/include/monitor_utils/watched_node_data.h)
Linked: (/home/makarand/Documents/Navigation_ws/devel/.private/monitor_utils/include/monitor_utils/node_watchdog_serviceResponse.h, /home/makarand/Documents/Navigation_ws/devel/include/monitor_utils/node_watchdog_serviceResponse.h)
Linked: (/home/makarand/Documents/Navigation_ws/devel/.private/monitor_utils/include/monitor_utils/node_watchdog_serviceRequest.h, /home/makarand/Documents/Navigation_ws/devel/include/monitor_utils/node_watchdog_serviceRequest.h)
Linked: (/home/makarand/Documents/Navigation_ws/devel/.private/monitor_utils/include/monitor_utils/node_watchdog_service.h, /home/makarand/Documents/Navigation_ws/devel/include/monitor_utils/node_watchdog_service.h)
Linked: (/home/makarand/Documents/Navigation_ws/devel/.private/monitor_utils/include/monitor_utils/node_watchdog_status.h, /home/makarand/Documents/Navigation_ws/devel/include/monitor_utils/node_watchdog_status.h)
Linked: (/home/makarand/Documents/Navigation_ws/devel/.private/monitor_utils/share/monitor_utils/cmake/monitor_utilsConfig-version.cmake, /home/makarand/Documents/Navigation_ws/devel/share/monitor_utils/cmake/monitor_utilsConfig-version.cmake)
Linked: (/home/makarand/Documents/Navigation_ws/devel/.private/monitor_utils/share/monitor_utils/cmake/monitor_utils-msg-paths.cmake, /home/makarand/Documents/Navigation_ws/devel/share/monitor_utils/cmake/monitor_utils-msg-paths.cmake)
Linked: (/home/makarand/Documents/Navigation_ws/devel/.private/monitor_utils/share/monitor_utils/cmake/monitor_utils-msg-extras.cmake, /home/makarand/Documents/Navigation_ws/devel/share/monitor_utils/cmake/monitor_utils-msg-extras.cmake)
Linked: (/home/makarand/Documents/Navigation_ws/devel/.private/monitor_utils/share/monitor_utils/cmake/monitor_utilsConfig.cmake, /home/makarand/Documents/Navigation_ws/devel/share/monitor_utils/cmake/monitor_utilsConfig.cmake)
Linked: (/home/makarand/Documents/Navigation_ws/devel/.private/monitor_utils/share/common-lisp/ros/monitor_utils/srv/_package_node_watchdog_service.lisp, /home/makarand/Documents/Navigation_ws/devel/share/common-lisp/ros/monitor_utils/srv/_package_node_watchdog_service.lisp)
Linked: (/home/makarand/Documents/Navigation_ws/devel/.private/monitor_utils/share/common-lisp/ros/monitor_utils/srv/monitor_utils-srv.asd, /home/makarand/Documents/Navigation_ws/devel/share/common-lisp/ros/monitor_utils/srv/monitor_utils-srv.asd)
Linked: (/home/makarand/Documents/Navigation_ws/devel/.private/monitor_utils/share/common-lisp/ros/monitor_utils/srv/_package.lisp, /home/makarand/Documents/Navigation_ws/devel/share/common-lisp/ros/monitor_utils/srv/_package.lisp)
Linked: (/home/makarand/Documents/Navigation_ws/devel/.private/monitor_utils/share/common-lisp/ros/monitor_utils/srv/node_watchdog_service.lisp, /home/makarand/Documents/Navigation_ws/devel/share/common-lisp/ros/monitor_utils/srv/node_watchdog_service.lisp)
Linked: (/home/makarand/Documents/Navigation_ws/devel/.private/monitor_utils/share/common-lisp/ros/monitor_utils/msg/node_watchdog_status.lisp, /home/makarand/Documents/Navigation_ws/devel/share/common-lisp/ros/monitor_utils/msg/node_watchdog_status.lisp)
Linked: (/home/makarand/Documents/Navigation_ws/devel/.private/monitor_utils/share/common-lisp/ros/monitor_utils/msg/_package_node_watchdog_status.lisp, /home/makarand/Documents/Navigation_ws/devel/share/common-lisp/ros/monitor_utils/msg/_package_node_watchdog_status.lisp)
Linked: (/home/makarand/Documents/Navigation_ws/devel/.private/monitor_utils/share/common-lisp/ros/monitor_utils/msg/_package.lisp, /home/makarand/Documents/Navigation_ws/devel/share/common-lisp/ros/monitor_utils/msg/_package.lisp)
Linked: (/home/makarand/Documents/Navigation_ws/devel/.private/monitor_utils/share/common-lisp/ros/monitor_utils/msg/monitor_utils-msg.asd, /home/makarand/Documents/Navigation_ws/devel/share/common-lisp/ros/monitor_utils/msg/monitor_utils-msg.asd)
Linked: (/home/makarand/Documents/Navigation_ws/devel/.private/monitor_utils/share/common-lisp/ros/monitor_utils/msg/watched_node_data.lisp, /home/makarand/Documents/Navigation_ws/devel/share/common-lisp/ros/monitor_utils/msg/watched_node_data.lisp)
Linked: (/home/makarand/Documents/Navigation_ws/devel/.private/monitor_utils/share/common-lisp/ros/monitor_utils/msg/_package_watched_node_data.lisp, /home/makarand/Documents/Navigation_ws/devel/share/common-lisp/ros/monitor_utils/msg/_package_watched_node_data.lisp)
Linked: (/home/makarand/Documents/Navigation_ws/devel/.private/monitor_utils/share/roseus/ros/monitor_utils/manifest.l, /home/makarand/Documents/Navigation_ws/devel/share/roseus/ros/monitor_utils/manifest.l)
Linked: (/home/makarand/Documents/Navigation_ws/devel/.private/monitor_utils/share/roseus/ros/monitor_utils/srv/node_watchdog_service.l, /home/makarand/Documents/Navigation_ws/devel/share/roseus/ros/monitor_utils/srv/node_watchdog_service.l)
Linked: (/home/makarand/Documents/Navigation_ws/devel/.private/monitor_utils/share/roseus/ros/monitor_utils/msg/node_watchdog_status.l, /home/makarand/Documents/Navigation_ws/devel/share/roseus/ros/monitor_utils/msg/node_watchdog_status.l)
Linked: (/home/makarand/Documents/Navigation_ws/devel/.private/monitor_utils/share/roseus/ros/monitor_utils/msg/watched_node_data.l, /home/makarand/Documents/Navigation_ws/devel/share/roseus/ros/monitor_utils/msg/watched_node_data.l)
Linked: (/home/makarand/Documents/Navigation_ws/devel/.private/monitor_utils/share/gennodejs/ros/monitor_utils/_index.js, /home/makarand/Documents/Navigation_ws/devel/share/gennodejs/ros/monitor_utils/_index.js)
Linked: (/home/makarand/Documents/Navigation_ws/devel/.private/monitor_utils/share/gennodejs/ros/monitor_utils/srv/node_watchdog_service.js, /home/makarand/Documents/Navigation_ws/devel/share/gennodejs/ros/monitor_utils/srv/node_watchdog_service.js)
Linked: (/home/makarand/Documents/Navigation_ws/devel/.private/monitor_utils/share/gennodejs/ros/monitor_utils/srv/_index.js, /home/makarand/Documents/Navigation_ws/devel/share/gennodejs/ros/monitor_utils/srv/_index.js)
Linked: (/home/makarand/Documents/Navigation_ws/devel/.private/monitor_utils/share/gennodejs/ros/monitor_utils/msg/_index.js, /home/makarand/Documents/Navigation_ws/devel/share/gennodejs/ros/monitor_utils/msg/_index.js)
Linked: (/home/makarand/Documents/Navigation_ws/devel/.private/monitor_utils/share/gennodejs/ros/monitor_utils/msg/node_watchdog_status.js, /home/makarand/Documents/Navigation_ws/devel/share/gennodejs/ros/monitor_utils/msg/node_watchdog_status.js)
Linked: (/home/makarand/Documents/Navigation_ws/devel/.private/monitor_utils/share/gennodejs/ros/monitor_utils/msg/watched_node_data.js, /home/makarand/Documents/Navigation_ws/devel/share/gennodejs/ros/monitor_utils/msg/watched_node_data.js)
