[  0%] Built target _fuse_pathfollowing_msgs_generate_messages_check_deps_UpdatePathGoal
[  0%] Built target std_msgs_generate_messages_py
[  0%] Built target _fuse_pathfollowing_msgs_generate_messages_check_deps_Path
[  0%] Built target nav_msgs_generate_messages_py
[  0%] Built target geometry_msgs_generate_messages_py
[  0%] Built target _fuse_pathfollowing_msgs_generate_messages_check_deps_DebugMetrics
[  0%] Built target _fuse_pathfollowing_msgs_generate_messages_check_deps_Segment
[  0%] Built target _fuse_pathfollowing_msgs_generate_messages_check_deps_UpdatePathActionGoal
[  0%] Built target _fuse_pathfollowing_msgs_generate_messages_check_deps_UpdatePathResult
[  0%] Built target _fuse_pathfollowing_msgs_generate_messages_check_deps_UpdatePathActionResult
[  0%] Built target _fuse_pathfollowing_msgs_generate_messages_check_deps_PIDMetrics
[  0%] Built target _fuse_pathfollowing_msgs_generate_messages_check_deps_UpdatePathActionFeedback
[  0%] Built target nav_msgs_generate_messages_nodejs
[  0%] Built target std_msgs_generate_messages_nodejs
[  0%] Built target _fuse_pathfollowing_msgs_generate_messages_check_deps_UpdatePathFeedback
[  0%] Built target geometry_msgs_generate_messages_nodejs
[  0%] Built target _fuse_pathfollowing_msgs_generate_messages_check_deps_UpdatePathAction
[  0%] Built target std_msgs_generate_messages_eus
[  0%] Built target geometry_msgs_generate_messages_eus
[  0%] Built target nav_msgs_generate_messages_eus
[  0%] Built target std_msgs_generate_messages_lisp
[  0%] Built target geometry_msgs_generate_messages_lisp
[  0%] Built target nav_msgs_generate_messages_lisp
[  0%] Built target nav_msgs_generate_messages_cpp
[  0%] Built target geometry_msgs_generate_messages_cpp
[  0%] Built target std_msgs_generate_messages_cpp
[ 21%] Built target fuse_pathfollowing_msgs_generate_messages_py
[ 40%] Built target fuse_pathfollowing_msgs_generate_messages_nodejs
[ 61%] Built target fuse_pathfollowing_msgs_generate_messages_eus
[ 80%] Built target fuse_pathfollowing_msgs_generate_messages_lisp
[100%] Built target fuse_pathfollowing_msgs_generate_messages_cpp
[100%] Built target fuse_pathfollowing_msgs_generate_messages
