Symlinking /home/makarand/Documents/shania_triton_ws/devel/lib/pkgconfig/fuse_pathfollowing_msgs.pc
Symlinking /home/makarand/Documents/shania_triton_ws/devel/lib/python2.7/dist-packages/fuse_pathfollowing_msgs/__init__.py
Symlinking /home/makarand/Documents/shania_triton_ws/devel/lib/python2.7/dist-packages/fuse_pathfollowing_msgs/msg/_UpdatePathGoal.py
Symlinking /home/makarand/Documents/shania_triton_ws/devel/lib/python2.7/dist-packages/fuse_pathfollowing_msgs/msg/_Segment.py
Symlinking /home/makarand/Documents/shania_triton_ws/devel/lib/python2.7/dist-packages/fuse_pathfollowing_msgs/msg/_UpdatePathFeedback.py
Symlinking /home/makarand/Documents/shania_triton_ws/devel/lib/python2.7/dist-packages/fuse_pathfollowing_msgs/msg/_UpdatePathActionFeedback.py
Symlinking /home/makarand/Documents/shania_triton_ws/devel/lib/python2.7/dist-packages/fuse_pathfollowing_msgs/msg/_DebugMetrics.py
Symlinking /home/makarand/Documents/shania_triton_ws/devel/lib/python2.7/dist-packages/fuse_pathfollowing_msgs/msg/_UpdatePathActionGoal.py
Symlinking /home/makarand/Documents/shania_triton_ws/devel/lib/python2.7/dist-packages/fuse_pathfollowing_msgs/msg/_Path.py
Symlinking /home/makarand/Documents/shania_triton_ws/devel/lib/python2.7/dist-packages/fuse_pathfollowing_msgs/msg/_UpdatePathAction.py
Symlinking /home/makarand/Documents/shania_triton_ws/devel/lib/python2.7/dist-packages/fuse_pathfollowing_msgs/msg/_UpdatePathActionResult.py
Symlinking /home/makarand/Documents/shania_triton_ws/devel/lib/python2.7/dist-packages/fuse_pathfollowing_msgs/msg/_UpdatePathResult.py
Symlinking /home/makarand/Documents/shania_triton_ws/devel/lib/python2.7/dist-packages/fuse_pathfollowing_msgs/msg/_PIDMetrics.py
Symlinking /home/makarand/Documents/shania_triton_ws/devel/lib/python2.7/dist-packages/fuse_pathfollowing_msgs/msg/__init__.py
Symlinking /home/makarand/Documents/shania_triton_ws/devel/include/fuse_pathfollowing_msgs/Path.h
Symlinking /home/makarand/Documents/shania_triton_ws/devel/include/fuse_pathfollowing_msgs/PIDMetrics.h
Symlinking /home/makarand/Documents/shania_triton_ws/devel/include/fuse_pathfollowing_msgs/DebugMetrics.h
Symlinking /home/makarand/Documents/shania_triton_ws/devel/include/fuse_pathfollowing_msgs/UpdatePathActionGoal.h
Symlinking /home/makarand/Documents/shania_triton_ws/devel/include/fuse_pathfollowing_msgs/UpdatePathAction.h
Symlinking /home/makarand/Documents/shania_triton_ws/devel/include/fuse_pathfollowing_msgs/Segment.h
Symlinking /home/makarand/Documents/shania_triton_ws/devel/include/fuse_pathfollowing_msgs/UpdatePathFeedback.h
Symlinking /home/makarand/Documents/shania_triton_ws/devel/include/fuse_pathfollowing_msgs/UpdatePathResult.h
Symlinking /home/makarand/Documents/shania_triton_ws/devel/include/fuse_pathfollowing_msgs/UpdatePathGoal.h
Symlinking /home/makarand/Documents/shania_triton_ws/devel/include/fuse_pathfollowing_msgs/UpdatePathActionResult.h
Symlinking /home/makarand/Documents/shania_triton_ws/devel/include/fuse_pathfollowing_msgs/UpdatePathActionFeedback.h
Symlinking /home/makarand/Documents/shania_triton_ws/devel/share/common-lisp/ros/fuse_pathfollowing_msgs/msg/_package_UpdatePathActionFeedback.lisp
Symlinking /home/makarand/Documents/shania_triton_ws/devel/share/common-lisp/ros/fuse_pathfollowing_msgs/msg/_package_UpdatePathAction.lisp
Symlinking /home/makarand/Documents/shania_triton_ws/devel/share/common-lisp/ros/fuse_pathfollowing_msgs/msg/UpdatePathAction.lisp
Symlinking /home/makarand/Documents/shania_triton_ws/devel/share/common-lisp/ros/fuse_pathfollowing_msgs/msg/UpdatePathFeedback.lisp
Symlinking /home/makarand/Documents/shania_triton_ws/devel/share/common-lisp/ros/fuse_pathfollowing_msgs/msg/_package_Path.lisp
Symlinking /home/makarand/Documents/shania_triton_ws/devel/share/common-lisp/ros/fuse_pathfollowing_msgs/msg/_package_UpdatePathFeedback.lisp
Symlinking /home/makarand/Documents/shania_triton_ws/devel/share/common-lisp/ros/fuse_pathfollowing_msgs/msg/UpdatePathActionFeedback.lisp
Symlinking /home/makarand/Documents/shania_triton_ws/devel/share/common-lisp/ros/fuse_pathfollowing_msgs/msg/PIDMetrics.lisp
Symlinking /home/makarand/Documents/shania_triton_ws/devel/share/common-lisp/ros/fuse_pathfollowing_msgs/msg/_package_UpdatePathActionResult.lisp
Symlinking /home/makarand/Documents/shania_triton_ws/devel/share/common-lisp/ros/fuse_pathfollowing_msgs/msg/UpdatePathActionResult.lisp
Symlinking /home/makarand/Documents/shania_triton_ws/devel/share/common-lisp/ros/fuse_pathfollowing_msgs/msg/_package_Segment.lisp
Symlinking /home/makarand/Documents/shania_triton_ws/devel/share/common-lisp/ros/fuse_pathfollowing_msgs/msg/_package.lisp
Symlinking /home/makarand/Documents/shania_triton_ws/devel/share/common-lisp/ros/fuse_pathfollowing_msgs/msg/UpdatePathActionGoal.lisp
Symlinking /home/makarand/Documents/shania_triton_ws/devel/share/common-lisp/ros/fuse_pathfollowing_msgs/msg/_package_UpdatePathActionGoal.lisp
Symlinking /home/makarand/Documents/shania_triton_ws/devel/share/common-lisp/ros/fuse_pathfollowing_msgs/msg/_package_PIDMetrics.lisp
Symlinking /home/makarand/Documents/shania_triton_ws/devel/share/common-lisp/ros/fuse_pathfollowing_msgs/msg/fuse_pathfollowing_msgs-msg.asd
Symlinking /home/makarand/Documents/shania_triton_ws/devel/share/common-lisp/ros/fuse_pathfollowing_msgs/msg/UpdatePathGoal.lisp
Symlinking /home/makarand/Documents/shania_triton_ws/devel/share/common-lisp/ros/fuse_pathfollowing_msgs/msg/_package_DebugMetrics.lisp
Symlinking /home/makarand/Documents/shania_triton_ws/devel/share/common-lisp/ros/fuse_pathfollowing_msgs/msg/_package_UpdatePathGoal.lisp
Symlinking /home/makarand/Documents/shania_triton_ws/devel/share/common-lisp/ros/fuse_pathfollowing_msgs/msg/UpdatePathResult.lisp
Symlinking /home/makarand/Documents/shania_triton_ws/devel/share/common-lisp/ros/fuse_pathfollowing_msgs/msg/DebugMetrics.lisp
Symlinking /home/makarand/Documents/shania_triton_ws/devel/share/common-lisp/ros/fuse_pathfollowing_msgs/msg/Segment.lisp
Symlinking /home/makarand/Documents/shania_triton_ws/devel/share/common-lisp/ros/fuse_pathfollowing_msgs/msg/Path.lisp
Symlinking /home/makarand/Documents/shania_triton_ws/devel/share/common-lisp/ros/fuse_pathfollowing_msgs/msg/_package_UpdatePathResult.lisp
Symlinking /home/makarand/Documents/shania_triton_ws/devel/share/roseus/ros/fuse_pathfollowing_msgs/manifest.l
Symlinking /home/makarand/Documents/shania_triton_ws/devel/share/roseus/ros/fuse_pathfollowing_msgs/msg/DebugMetrics.l
Symlinking /home/makarand/Documents/shania_triton_ws/devel/share/roseus/ros/fuse_pathfollowing_msgs/msg/PIDMetrics.l
Symlinking /home/makarand/Documents/shania_triton_ws/devel/share/roseus/ros/fuse_pathfollowing_msgs/msg/Path.l
Symlinking /home/makarand/Documents/shania_triton_ws/devel/share/roseus/ros/fuse_pathfollowing_msgs/msg/UpdatePathFeedback.l
Symlinking /home/makarand/Documents/shania_triton_ws/devel/share/roseus/ros/fuse_pathfollowing_msgs/msg/Segment.l
Symlinking /home/makarand/Documents/shania_triton_ws/devel/share/roseus/ros/fuse_pathfollowing_msgs/msg/UpdatePathActionResult.l
Symlinking /home/makarand/Documents/shania_triton_ws/devel/share/roseus/ros/fuse_pathfollowing_msgs/msg/UpdatePathAction.l
Symlinking /home/makarand/Documents/shania_triton_ws/devel/share/roseus/ros/fuse_pathfollowing_msgs/msg/UpdatePathActionFeedback.l
Symlinking /home/makarand/Documents/shania_triton_ws/devel/share/roseus/ros/fuse_pathfollowing_msgs/msg/UpdatePathGoal.l
Symlinking /home/makarand/Documents/shania_triton_ws/devel/share/roseus/ros/fuse_pathfollowing_msgs/msg/UpdatePathActionGoal.l
Symlinking /home/makarand/Documents/shania_triton_ws/devel/share/roseus/ros/fuse_pathfollowing_msgs/msg/UpdatePathResult.l
Symlinking /home/makarand/Documents/shania_triton_ws/devel/share/fuse_pathfollowing_msgs/msg/UpdatePathFeedback.msg
Symlinking /home/makarand/Documents/shania_triton_ws/devel/share/fuse_pathfollowing_msgs/msg/UpdatePathResult.msg
Symlinking /home/makarand/Documents/shania_triton_ws/devel/share/fuse_pathfollowing_msgs/msg/UpdatePathActionGoal.msg
Symlinking /home/makarand/Documents/shania_triton_ws/devel/share/fuse_pathfollowing_msgs/msg/UpdatePathAction.msg
Symlinking /home/makarand/Documents/shania_triton_ws/devel/share/fuse_pathfollowing_msgs/msg/UpdatePathActionResult.msg
Symlinking /home/makarand/Documents/shania_triton_ws/devel/share/fuse_pathfollowing_msgs/msg/UpdatePathGoal.msg
Symlinking /home/makarand/Documents/shania_triton_ws/devel/share/fuse_pathfollowing_msgs/msg/UpdatePathActionFeedback.msg
Symlinking /home/makarand/Documents/shania_triton_ws/devel/share/fuse_pathfollowing_msgs/cmake/fuse_pathfollowing_msgs-msg-paths.cmake
Symlinking /home/makarand/Documents/shania_triton_ws/devel/share/fuse_pathfollowing_msgs/cmake/fuse_pathfollowing_msgsConfig-version.cmake
Symlinking /home/makarand/Documents/shania_triton_ws/devel/share/fuse_pathfollowing_msgs/cmake/fuse_pathfollowing_msgs-msg-extras.cmake
Symlinking /home/makarand/Documents/shania_triton_ws/devel/share/fuse_pathfollowing_msgs/cmake/fuse_pathfollowing_msgsConfig.cmake
Symlinking /home/makarand/Documents/shania_triton_ws/devel/share/gennodejs/ros/fuse_pathfollowing_msgs/_index.js
Symlinking /home/makarand/Documents/shania_triton_ws/devel/share/gennodejs/ros/fuse_pathfollowing_msgs/msg/_index.js
Symlinking /home/makarand/Documents/shania_triton_ws/devel/share/gennodejs/ros/fuse_pathfollowing_msgs/msg/UpdatePathFeedback.js
Symlinking /home/makarand/Documents/shania_triton_ws/devel/share/gennodejs/ros/fuse_pathfollowing_msgs/msg/UpdatePathActionFeedback.js
Symlinking /home/makarand/Documents/shania_triton_ws/devel/share/gennodejs/ros/fuse_pathfollowing_msgs/msg/DebugMetrics.js
Symlinking /home/makarand/Documents/shania_triton_ws/devel/share/gennodejs/ros/fuse_pathfollowing_msgs/msg/UpdatePathActionGoal.js
Symlinking /home/makarand/Documents/shania_triton_ws/devel/share/gennodejs/ros/fuse_pathfollowing_msgs/msg/Path.js
Symlinking /home/makarand/Documents/shania_triton_ws/devel/share/gennodejs/ros/fuse_pathfollowing_msgs/msg/UpdatePathActionResult.js
Symlinking /home/makarand/Documents/shania_triton_ws/devel/share/gennodejs/ros/fuse_pathfollowing_msgs/msg/Segment.js
Symlinking /home/makarand/Documents/shania_triton_ws/devel/share/gennodejs/ros/fuse_pathfollowing_msgs/msg/UpdatePathGoal.js
Symlinking /home/makarand/Documents/shania_triton_ws/devel/share/gennodejs/ros/fuse_pathfollowing_msgs/msg/UpdatePathResult.js
Symlinking /home/makarand/Documents/shania_triton_ws/devel/share/gennodejs/ros/fuse_pathfollowing_msgs/msg/UpdatePathAction.js
Symlinking /home/makarand/Documents/shania_triton_ws/devel/share/gennodejs/ros/fuse_pathfollowing_msgs/msg/PIDMetrics.js
