[35m[1mScanning dependencies of target _fuse_pathfollowing_msgs_generate_messages_check_deps_UpdatePathGoal[0m
[35m[1mScanning dependencies of target _fuse_pathfollowing_msgs_generate_messages_check_deps_Path[0m
[  0%] Built target _fuse_pathfollowing_msgs_generate_messages_check_deps_Path
[  0%] Built target _fuse_pathfollowing_msgs_generate_messages_check_deps_UpdatePathGoal
[35m[1mScanning dependencies of target std_msgs_generate_messages_py[0m
[  0%] Built target std_msgs_generate_messages_py
[35m[1mScanning dependencies of target nav_msgs_generate_messages_py[0m
[  0%] Built target nav_msgs_generate_messages_py
[35m[1mScanning dependencies of target geometry_msgs_generate_messages_py[0m
[  0%] Built target geometry_msgs_generate_messages_py
[35m[1mScanning dependencies of target _fuse_pathfollowing_msgs_generate_messages_check_deps_DebugMetrics[0m
[  0%] Built target _fuse_pathfollowing_msgs_generate_messages_check_deps_DebugMetrics
[35m[1mScanning dependencies of target _fuse_pathfollowing_msgs_generate_messages_check_deps_Segment[0m
[  0%] Built target _fuse_pathfollowing_msgs_generate_messages_check_deps_Segment
[35m[1mScanning dependencies of target _fuse_pathfollowing_msgs_generate_messages_check_deps_UpdatePathActionGoal[0m
[  0%] Built target _fuse_pathfollowing_msgs_generate_messages_check_deps_UpdatePathActionGoal
[35m[1mScanning dependencies of target _fuse_pathfollowing_msgs_generate_messages_check_deps_UpdatePathResult[0m
[  0%] Built target _fuse_pathfollowing_msgs_generate_messages_check_deps_UpdatePathResult
[35m[1mScanning dependencies of target _fuse_pathfollowing_msgs_generate_messages_check_deps_UpdatePathActionResult[0m
[  0%] Built target _fuse_pathfollowing_msgs_generate_messages_check_deps_UpdatePathActionResult
[35m[1mScanning dependencies of target _fuse_pathfollowing_msgs_generate_messages_check_deps_PIDMetrics[0m
[  0%] Built target _fuse_pathfollowing_msgs_generate_messages_check_deps_PIDMetrics
[35m[1mScanning dependencies of target _fuse_pathfollowing_msgs_generate_messages_check_deps_UpdatePathActionFeedback[0m
[  0%] Built target _fuse_pathfollowing_msgs_generate_messages_check_deps_UpdatePathActionFeedback
[35m[1mScanning dependencies of target _fuse_pathfollowing_msgs_generate_messages_check_deps_UpdatePathFeedback[0m
[  0%] Built target _fuse_pathfollowing_msgs_generate_messages_check_deps_UpdatePathFeedback
[35m[1mScanning dependencies of target _fuse_pathfollowing_msgs_generate_messages_check_deps_UpdatePathAction[0m
[  0%] Built target _fuse_pathfollowing_msgs_generate_messages_check_deps_UpdatePathAction
[35m[1mScanning dependencies of target std_msgs_generate_messages_nodejs[0m
[  0%] Built target std_msgs_generate_messages_nodejs
[35m[1mScanning dependencies of target nav_msgs_generate_messages_nodejs[0m
[  0%] Built target nav_msgs_generate_messages_nodejs
[35m[1mScanning dependencies of target geometry_msgs_generate_messages_nodejs[0m
[  0%] Built target geometry_msgs_generate_messages_nodejs
[35m[1mScanning dependencies of target std_msgs_generate_messages_eus[0m
[  0%] Built target std_msgs_generate_messages_eus
[35m[1mScanning dependencies of target geometry_msgs_generate_messages_eus[0m
[  0%] Built target geometry_msgs_generate_messages_eus
[35m[1mScanning dependencies of target nav_msgs_generate_messages_eus[0m
[  0%] Built target nav_msgs_generate_messages_eus
[35m[1mScanning dependencies of target std_msgs_generate_messages_lisp[0m
[  0%] Built target std_msgs_generate_messages_lisp
[35m[1mScanning dependencies of target geometry_msgs_generate_messages_lisp[0m
[  0%] Built target geometry_msgs_generate_messages_lisp
[35m[1mScanning dependencies of target nav_msgs_generate_messages_lisp[0m
[  0%] Built target nav_msgs_generate_messages_lisp
[35m[1mScanning dependencies of target geometry_msgs_generate_messages_cpp[0m
[  0%] Built target geometry_msgs_generate_messages_cpp
[35m[1mScanning dependencies of target std_msgs_generate_messages_cpp[0m
[  0%] Built target std_msgs_generate_messages_cpp
[35m[1mScanning dependencies of target nav_msgs_generate_messages_cpp[0m
[  0%] Built target nav_msgs_generate_messages_cpp
[35m[1mScanning dependencies of target fuse_pathfollowing_msgs_generate_messages_py[0m
[  1%] [34m[1mGenerating Python from MSG fuse_pathfollowing_msgs/UpdatePathResult[0m
[  3%] [34m[1mGenerating Python from MSG fuse_pathfollowing_msgs/UpdatePathFeedback[0m
[  5%] [34m[1mGenerating Python from MSG fuse_pathfollowing_msgs/PIDMetrics[0m
[  7%] [34m[1mGenerating Python from MSG fuse_pathfollowing_msgs/UpdatePathAction[0m
[  8%] [34m[1mGenerating Python from MSG fuse_pathfollowing_msgs/UpdatePathActionFeedback[0m
[ 10%] [34m[1mGenerating Python from MSG fuse_pathfollowing_msgs/Segment[0m
[ 12%] [34m[1mGenerating Python from MSG fuse_pathfollowing_msgs/UpdatePathGoal[0m
[ 14%] [34m[1mGenerating Python from MSG fuse_pathfollowing_msgs/UpdatePathActionGoal[0m
[ 15%] [34m[1mGenerating Python from MSG fuse_pathfollowing_msgs/DebugMetrics[0m
[ 17%] [34m[1mGenerating Python from MSG fuse_pathfollowing_msgs/UpdatePathActionResult[0m
[ 19%] [34m[1mGenerating Python from MSG fuse_pathfollowing_msgs/Path[0m
[ 21%] [34m[1mGenerating Python msg __init__.py for fuse_pathfollowing_msgs[0m
[ 21%] Built target fuse_pathfollowing_msgs_generate_messages_py
[35m[1mScanning dependencies of target fuse_pathfollowing_msgs_generate_messages_nodejs[0m
[ 22%] [34m[1mGenerating Javascript code from fuse_pathfollowing_msgs/UpdatePathResult.msg[0m
[35m[1mScanning dependencies of target fuse_pathfollowing_msgs_generate_messages_eus[0m
[ 24%] [34m[1mGenerating Javascript code from fuse_pathfollowing_msgs/UpdatePathFeedback.msg[0m
[ 26%] [34m[1mGenerating EusLisp code from fuse_pathfollowing_msgs/UpdatePathResult.msg[0m
[ 28%] [34m[1mGenerating Javascript code from fuse_pathfollowing_msgs/PIDMetrics.msg[0m
[ 29%] [34m[1mGenerating EusLisp code from fuse_pathfollowing_msgs/UpdatePathFeedback.msg[0m
[ 31%] [34m[1mGenerating Javascript code from fuse_pathfollowing_msgs/UpdatePathAction.msg[0m
[ 33%] [34m[1mGenerating Javascript code from fuse_pathfollowing_msgs/UpdatePathActionFeedback.msg[0m
[ 35%] [34m[1mGenerating EusLisp code from fuse_pathfollowing_msgs/PIDMetrics.msg[0m
[ 36%] [34m[1mGenerating Javascript code from fuse_pathfollowing_msgs/Segment.msg[0m
[ 38%] [34m[1mGenerating EusLisp code from fuse_pathfollowing_msgs/UpdatePathAction.msg[0m
[35m[1mScanning dependencies of target fuse_pathfollowing_msgs_generate_messages_lisp[0m
[ 40%] [34m[1mGenerating Javascript code from fuse_pathfollowing_msgs/UpdatePathGoal.msg[0m
[ 42%] [34m[1mGenerating Lisp code from fuse_pathfollowing_msgs/UpdatePathResult.msg[0m
[ 43%] [34m[1mGenerating Javascript code from fuse_pathfollowing_msgs/UpdatePathActionGoal.msg[0m
[ 45%] [34m[1mGenerating Lisp code from fuse_pathfollowing_msgs/UpdatePathFeedback.msg[0m
[ 47%] [34m[1mGenerating EusLisp code from fuse_pathfollowing_msgs/UpdatePathActionFeedback.msg[0m
[ 49%] [34m[1mGenerating Lisp code from fuse_pathfollowing_msgs/PIDMetrics.msg[0m
[ 50%] [34m[1mGenerating EusLisp code from fuse_pathfollowing_msgs/Segment.msg[0m
[ 52%] [34m[1mGenerating Javascript code from fuse_pathfollowing_msgs/DebugMetrics.msg[0m
[ 54%] [34m[1mGenerating Lisp code from fuse_pathfollowing_msgs/UpdatePathAction.msg[0m
[ 56%] [34m[1mGenerating Javascript code from fuse_pathfollowing_msgs/UpdatePathActionResult.msg[0m
[ 57%] [34m[1mGenerating EusLisp code from fuse_pathfollowing_msgs/UpdatePathGoal.msg[0m
[ 59%] [34m[1mGenerating Lisp code from fuse_pathfollowing_msgs/UpdatePathActionFeedback.msg[0m
[ 61%] [34m[1mGenerating Javascript code from fuse_pathfollowing_msgs/Path.msg[0m
[ 63%] [34m[1mGenerating Lisp code from fuse_pathfollowing_msgs/Segment.msg[0m
[ 64%] [34m[1mGenerating EusLisp code from fuse_pathfollowing_msgs/UpdatePathActionGoal.msg[0m
[ 64%] Built target fuse_pathfollowing_msgs_generate_messages_nodejs
[ 66%] [34m[1mGenerating Lisp code from fuse_pathfollowing_msgs/UpdatePathGoal.msg[0m
[ 68%] [34m[1mGenerating Lisp code from fuse_pathfollowing_msgs/UpdatePathActionGoal.msg[0m
[ 70%] [34m[1mGenerating EusLisp code from fuse_pathfollowing_msgs/DebugMetrics.msg[0m
[ 71%] [34m[1mGenerating EusLisp code from fuse_pathfollowing_msgs/UpdatePathActionResult.msg[0m
[ 73%] [34m[1mGenerating Lisp code from fuse_pathfollowing_msgs/DebugMetrics.msg[0m
[ 75%] [34m[1mGenerating Lisp code from fuse_pathfollowing_msgs/UpdatePathActionResult.msg[0m
[ 77%] [34m[1mGenerating EusLisp code from fuse_pathfollowing_msgs/Path.msg[0m
[ 78%] [34m[1mGenerating Lisp code from fuse_pathfollowing_msgs/Path.msg[0m
[ 78%] Built target fuse_pathfollowing_msgs_generate_messages_lisp
[ 80%] [34m[1mGenerating EusLisp manifest code for fuse_pathfollowing_msgs[0m
[35m[1mScanning dependencies of target fuse_pathfollowing_msgs_generate_messages_cpp[0m
[ 82%] [34m[1mGenerating C++ code from fuse_pathfollowing_msgs/UpdatePathResult.msg[0m
[ 84%] [34m[1mGenerating C++ code from fuse_pathfollowing_msgs/UpdatePathFeedback.msg[0m
[ 85%] [34m[1mGenerating C++ code from fuse_pathfollowing_msgs/PIDMetrics.msg[0m
[ 87%] [34m[1mGenerating C++ code from fuse_pathfollowing_msgs/UpdatePathAction.msg[0m
[ 89%] [34m[1mGenerating C++ code from fuse_pathfollowing_msgs/UpdatePathActionFeedback.msg[0m
[ 91%] [34m[1mGenerating C++ code from fuse_pathfollowing_msgs/Segment.msg[0m
[ 92%] [34m[1mGenerating C++ code from fuse_pathfollowing_msgs/UpdatePathGoal.msg[0m
[ 94%] [34m[1mGenerating C++ code from fuse_pathfollowing_msgs/UpdatePathActionGoal.msg[0m
[ 96%] [34m[1mGenerating C++ code from fuse_pathfollowing_msgs/DebugMetrics.msg[0m
[ 98%] [34m[1mGenerating C++ code from fuse_pathfollowing_msgs/UpdatePathActionResult.msg[0m
[100%] [34m[1mGenerating C++ code from fuse_pathfollowing_msgs/Path.msg[0m
[100%] Built target fuse_pathfollowing_msgs_generate_messages_cpp
[100%] Built target fuse_pathfollowing_msgs_generate_messages_eus
[35m[1mScanning dependencies of target fuse_pathfollowing_msgs_generate_messages[0m
[100%] Built target fuse_pathfollowing_msgs_generate_messages
