[  0%] Built target tf2_msgs_generate_messages_nodejs
[  0%] Built target _holonomic_controller_generate_messages_check_deps_DockingActionFeedback
[  0%] Built target _holonomic_controller_generate_messages_check_deps_DockingFeedback
[  0%] Built target _holonomic_controller_generate_messages_check_deps_approach_goalFeedback
[  0%] Built target sensor_msgs_generate_messages_py
[  0%] Built target _holonomic_controller_generate_messages_check_deps_DockingResult
[  0%] Built target std_msgs_generate_messages_py
[  0%] Built target geometry_msgs_generate_messages_py
[  0%] Built target _holonomic_controller_generate_messages_check_deps_DockingActionGoal
[  0%] Built target actionlib_msgs_generate_messages_py
[  0%] Built target _holonomic_controller_generate_messages_check_deps_approach_goalGoal
[  0%] Built target _holonomic_controller_generate_messages_check_deps_approach_goalActionFeedback
[  0%] Built target _holonomic_controller_generate_messages_check_deps_approach_goalAction
[  0%] Built target _holonomic_controller_generate_messages_check_deps_approach_goalActionResult
[  0%] Built target _holonomic_controller_generate_messages_check_deps_DockingAction
[  0%] Built target _holonomic_controller_generate_messages_check_deps_DockingGoal
[  0%] Built target _holonomic_controller_generate_messages_check_deps_approach_goalResult
[  0%] Built target _holonomic_controller_generate_messages_check_deps_DockingActionResult
[  0%] Built target geometry_msgs_generate_messages_lisp
[  0%] Built target _holonomic_controller_generate_messages_check_deps_approach_goalActionGoal
[  0%] Built target std_msgs_generate_messages_lisp
[  0%] Built target actionlib_msgs_generate_messages_lisp
[  0%] Built target sensor_msgs_generate_messages_lisp
[  0%] Built target rosgraph_msgs_generate_messages_lisp
[  0%] Built target rosgraph_msgs_generate_messages_eus
[  0%] Built target geometry_msgs_generate_messages_eus
[  0%] Built target roscpp_generate_messages_py
[  0%] Built target roscpp_generate_messages_lisp
[  0%] Built target tf_generate_messages_lisp
[  0%] Built target tf_generate_messages_nodejs
[  0%] Built target rosgraph_msgs_generate_messages_cpp
[  0%] Built target actionlib_msgs_generate_messages_nodejs
[  0%] Built target std_msgs_generate_messages_cpp
[  0%] Built target nav_msgs_generate_messages_nodejs
[  0%] Built target dynamic_reconfigure_generate_messages_cpp
[  0%] Built target tf_generate_messages_py
[  0%] Built target rosgraph_msgs_generate_messages_nodejs
[  0%] Built target std_msgs_generate_messages_eus
[  0%] Built target sensor_msgs_generate_messages_nodejs
[  0%] Built target roscpp_generate_messages_cpp
[  0%] Built target actionlib_generate_messages_cpp
[  0%] Built target sensor_msgs_generate_messages_eus
[  0%] Built target actionlib_msgs_generate_messages_eus
[  1%] Built target holonomic_controller_gencfg
[  1%] Built target dynamic_reconfigure_generate_messages_lisp
[  1%] Built target geometry_msgs_generate_messages_nodejs
[  1%] Built target dynamic_reconfigure_generate_messages_nodejs
[  1%] Built target dynamic_reconfigure_generate_messages_py
[  1%] Built target std_msgs_generate_messages_nodejs
[  1%] Built target roscpp_generate_messages_nodejs
[  1%] Built target sensor_msgs_generate_messages_cpp
[  1%] Built target dynamic_reconfigure_generate_messages_eus
[  1%] Built target actionlib_generate_messages_eus
[  1%] Built target geometry_msgs_generate_messages_cpp
[  1%] Built target actionlib_generate_messages_lisp
[  1%] Built target tf_generate_messages_cpp
[  1%] Built target actionlib_generate_messages_nodejs
[  1%] Built target tf_generate_messages_eus
[  1%] Built target actionlib_generate_messages_py
[  1%] Built target actionlib_msgs_generate_messages_cpp
[  1%] Built target tf2_msgs_generate_messages_py
[  1%] Built target nav_msgs_generate_messages_cpp
[  1%] Built target tf2_msgs_generate_messages_eus
[  1%] Built target nav_msgs_generate_messages_eus
[  1%] Built target nav_msgs_generate_messages_lisp
[  1%] Built target dynamic_reconfigure_gencfg
[  1%] Built target tf2_msgs_generate_messages_lisp
[  1%] Built target nav_msgs_generate_messages_py
[  1%] Built target rosgraph_msgs_generate_messages_py
[  1%] Built target roscpp_generate_messages_eus
[  1%] Built target tf2_msgs_generate_messages_cpp
[ 19%] Built target holonomic_controller_generate_messages_nodejs
[ 38%] Built target holonomic_controller_generate_messages_eus
[ 58%] Built target holonomic_controller_generate_messages_py
[ 76%] Built target holonomic_controller_generate_messages_lisp
[ 94%] Built target holonomic_controller_generate_messages_cpp
[ 94%] Built target holonomic_controller_generate_messages
[ 97%] Built target approach_goal
[100%] Built target holonomic_controller
