Linked: (/home/makarand/Documents/Navigation_ws/devel/.private/holonomic_controller/lib/pkgconfig/holonomic_controller.pc, /home/makarand/Documents/Navigation_ws/devel/lib/pkgconfig/holonomic_controller.pc)
Linked: (/home/makarand/Documents/Navigation_ws/devel/.private/holonomic_controller/lib/holonomic_controller/approach_goal, /home/makarand/Documents/Navigation_ws/devel/lib/holonomic_controller/approach_goal)
Linked: (/home/makarand/Documents/Navigation_ws/devel/.private/holonomic_controller/lib/holonomic_controller/holonomic_controller, /home/makarand/Documents/Navigation_ws/devel/lib/holonomic_controller/holonomic_controller)
Linked: (/home/makarand/Documents/Navigation_ws/devel/.private/holonomic_controller/lib/python2.7/dist-packages/holonomic_controller/__init__.py, /home/makarand/Documents/Navigation_ws/devel/lib/python2.7/dist-packages/holonomic_controller/__init__.py)
Linked: (/home/makarand/Documents/Navigation_ws/devel/.private/holonomic_controller/lib/python2.7/dist-packages/holonomic_controller/msg/_DockingActionGoal.py, /home/makarand/Documents/Navigation_ws/devel/lib/python2.7/dist-packages/holonomic_controller/msg/_DockingActionGoal.py)
Linked: (/home/makarand/Documents/Navigation_ws/devel/.private/holonomic_controller/lib/python2.7/dist-packages/holonomic_controller/msg/_approach_goalResult.py, /home/makarand/Documents/Navigation_ws/devel/lib/python2.7/dist-packages/holonomic_controller/msg/_approach_goalResult.py)
Linked: (/home/makarand/Documents/Navigation_ws/devel/.private/holonomic_controller/lib/python2.7/dist-packages/holonomic_controller/msg/_approach_goalFeedback.py, /home/makarand/Documents/Navigation_ws/devel/lib/python2.7/dist-packages/holonomic_controller/msg/_approach_goalFeedback.py)
Linked: (/home/makarand/Documents/Navigation_ws/devel/.private/holonomic_controller/lib/python2.7/dist-packages/holonomic_controller/msg/_approach_goalAction.py, /home/makarand/Documents/Navigation_ws/devel/lib/python2.7/dist-packages/holonomic_controller/msg/_approach_goalAction.py)
Linked: (/home/makarand/Documents/Navigation_ws/devel/.private/holonomic_controller/lib/python2.7/dist-packages/holonomic_controller/msg/_approach_goalActionFeedback.py, /home/makarand/Documents/Navigation_ws/devel/lib/python2.7/dist-packages/holonomic_controller/msg/_approach_goalActionFeedback.py)
Linked: (/home/makarand/Documents/Navigation_ws/devel/.private/holonomic_controller/lib/python2.7/dist-packages/holonomic_controller/msg/_approach_goalActionResult.py, /home/makarand/Documents/Navigation_ws/devel/lib/python2.7/dist-packages/holonomic_controller/msg/_approach_goalActionResult.py)
Linked: (/home/makarand/Documents/Navigation_ws/devel/.private/holonomic_controller/lib/python2.7/dist-packages/holonomic_controller/msg/_DockingActionFeedback.py, /home/makarand/Documents/Navigation_ws/devel/lib/python2.7/dist-packages/holonomic_controller/msg/_DockingActionFeedback.py)
Linked: (/home/makarand/Documents/Navigation_ws/devel/.private/holonomic_controller/lib/python2.7/dist-packages/holonomic_controller/msg/_approach_goalGoal.py, /home/makarand/Documents/Navigation_ws/devel/lib/python2.7/dist-packages/holonomic_controller/msg/_approach_goalGoal.py)
Linked: (/home/makarand/Documents/Navigation_ws/devel/.private/holonomic_controller/lib/python2.7/dist-packages/holonomic_controller/msg/_DockingGoal.py, /home/makarand/Documents/Navigation_ws/devel/lib/python2.7/dist-packages/holonomic_controller/msg/_DockingGoal.py)
Linked: (/home/makarand/Documents/Navigation_ws/devel/.private/holonomic_controller/lib/python2.7/dist-packages/holonomic_controller/msg/_DockingActionResult.py, /home/makarand/Documents/Navigation_ws/devel/lib/python2.7/dist-packages/holonomic_controller/msg/_DockingActionResult.py)
Linked: (/home/makarand/Documents/Navigation_ws/devel/.private/holonomic_controller/lib/python2.7/dist-packages/holonomic_controller/msg/_DockingFeedback.py, /home/makarand/Documents/Navigation_ws/devel/lib/python2.7/dist-packages/holonomic_controller/msg/_DockingFeedback.py)
Linked: (/home/makarand/Documents/Navigation_ws/devel/.private/holonomic_controller/lib/python2.7/dist-packages/holonomic_controller/msg/_DockingAction.py, /home/makarand/Documents/Navigation_ws/devel/lib/python2.7/dist-packages/holonomic_controller/msg/_DockingAction.py)
Linked: (/home/makarand/Documents/Navigation_ws/devel/.private/holonomic_controller/lib/python2.7/dist-packages/holonomic_controller/msg/_DockingResult.py, /home/makarand/Documents/Navigation_ws/devel/lib/python2.7/dist-packages/holonomic_controller/msg/_DockingResult.py)
Linked: (/home/makarand/Documents/Navigation_ws/devel/.private/holonomic_controller/lib/python2.7/dist-packages/holonomic_controller/msg/_approach_goalActionGoal.py, /home/makarand/Documents/Navigation_ws/devel/lib/python2.7/dist-packages/holonomic_controller/msg/_approach_goalActionGoal.py)
Linked: (/home/makarand/Documents/Navigation_ws/devel/.private/holonomic_controller/lib/python2.7/dist-packages/holonomic_controller/msg/__init__.py, /home/makarand/Documents/Navigation_ws/devel/lib/python2.7/dist-packages/holonomic_controller/msg/__init__.py)
Linked: (/home/makarand/Documents/Navigation_ws/devel/.private/holonomic_controller/lib/python2.7/dist-packages/holonomic_controller/cfg/HolonomicControllerConfig.py, /home/makarand/Documents/Navigation_ws/devel/lib/python2.7/dist-packages/holonomic_controller/cfg/HolonomicControllerConfig.py)
Linked: (/home/makarand/Documents/Navigation_ws/devel/.private/holonomic_controller/lib/python2.7/dist-packages/holonomic_controller/cfg/__init__.py, /home/makarand/Documents/Navigation_ws/devel/lib/python2.7/dist-packages/holonomic_controller/cfg/__init__.py)
Linked: (/home/makarand/Documents/Navigation_ws/devel/.private/holonomic_controller/include/holonomic_controller/approach_goalGoal.h, /home/makarand/Documents/Navigation_ws/devel/include/holonomic_controller/approach_goalGoal.h)
Linked: (/home/makarand/Documents/Navigation_ws/devel/.private/holonomic_controller/include/holonomic_controller/approach_goalActionFeedback.h, /home/makarand/Documents/Navigation_ws/devel/include/holonomic_controller/approach_goalActionFeedback.h)
Linked: (/home/makarand/Documents/Navigation_ws/devel/.private/holonomic_controller/include/holonomic_controller/approach_goalActionGoal.h, /home/makarand/Documents/Navigation_ws/devel/include/holonomic_controller/approach_goalActionGoal.h)
Linked: (/home/makarand/Documents/Navigation_ws/devel/.private/holonomic_controller/include/holonomic_controller/approach_goalActionResult.h, /home/makarand/Documents/Navigation_ws/devel/include/holonomic_controller/approach_goalActionResult.h)
Linked: (/home/makarand/Documents/Navigation_ws/devel/.private/holonomic_controller/include/holonomic_controller/DockingGoal.h, /home/makarand/Documents/Navigation_ws/devel/include/holonomic_controller/DockingGoal.h)
Linked: (/home/makarand/Documents/Navigation_ws/devel/.private/holonomic_controller/include/holonomic_controller/DockingAction.h, /home/makarand/Documents/Navigation_ws/devel/include/holonomic_controller/DockingAction.h)
Linked: (/home/makarand/Documents/Navigation_ws/devel/.private/holonomic_controller/include/holonomic_controller/DockingActionGoal.h, /home/makarand/Documents/Navigation_ws/devel/include/holonomic_controller/DockingActionGoal.h)
Linked: (/home/makarand/Documents/Navigation_ws/devel/.private/holonomic_controller/include/holonomic_controller/DockingActionFeedback.h, /home/makarand/Documents/Navigation_ws/devel/include/holonomic_controller/DockingActionFeedback.h)
Linked: (/home/makarand/Documents/Navigation_ws/devel/.private/holonomic_controller/include/holonomic_controller/approach_goalFeedback.h, /home/makarand/Documents/Navigation_ws/devel/include/holonomic_controller/approach_goalFeedback.h)
Linked: (/home/makarand/Documents/Navigation_ws/devel/.private/holonomic_controller/include/holonomic_controller/HolonomicControllerConfig.h, /home/makarand/Documents/Navigation_ws/devel/include/holonomic_controller/HolonomicControllerConfig.h)
Linked: (/home/makarand/Documents/Navigation_ws/devel/.private/holonomic_controller/include/holonomic_controller/approach_goalResult.h, /home/makarand/Documents/Navigation_ws/devel/include/holonomic_controller/approach_goalResult.h)
Linked: (/home/makarand/Documents/Navigation_ws/devel/.private/holonomic_controller/include/holonomic_controller/DockingResult.h, /home/makarand/Documents/Navigation_ws/devel/include/holonomic_controller/DockingResult.h)
Linked: (/home/makarand/Documents/Navigation_ws/devel/.private/holonomic_controller/include/holonomic_controller/DockingFeedback.h, /home/makarand/Documents/Navigation_ws/devel/include/holonomic_controller/DockingFeedback.h)
Linked: (/home/makarand/Documents/Navigation_ws/devel/.private/holonomic_controller/include/holonomic_controller/DockingActionResult.h, /home/makarand/Documents/Navigation_ws/devel/include/holonomic_controller/DockingActionResult.h)
Linked: (/home/makarand/Documents/Navigation_ws/devel/.private/holonomic_controller/include/holonomic_controller/approach_goalAction.h, /home/makarand/Documents/Navigation_ws/devel/include/holonomic_controller/approach_goalAction.h)
Linked: (/home/makarand/Documents/Navigation_ws/devel/.private/holonomic_controller/share/common-lisp/ros/holonomic_controller/msg/approach_goalActionGoal.lisp, /home/makarand/Documents/Navigation_ws/devel/share/common-lisp/ros/holonomic_controller/msg/approach_goalActionGoal.lisp)
Linked: (/home/makarand/Documents/Navigation_ws/devel/.private/holonomic_controller/share/common-lisp/ros/holonomic_controller/msg/DockingResult.lisp, /home/makarand/Documents/Navigation_ws/devel/share/common-lisp/ros/holonomic_controller/msg/DockingResult.lisp)
Linked: (/home/makarand/Documents/Navigation_ws/devel/.private/holonomic_controller/share/common-lisp/ros/holonomic_controller/msg/approach_goalActionResult.lisp, /home/makarand/Documents/Navigation_ws/devel/share/common-lisp/ros/holonomic_controller/msg/approach_goalActionResult.lisp)
Linked: (/home/makarand/Documents/Navigation_ws/devel/.private/holonomic_controller/share/common-lisp/ros/holonomic_controller/msg/_package_approach_goalActionGoal.lisp, /home/makarand/Documents/Navigation_ws/devel/share/common-lisp/ros/holonomic_controller/msg/_package_approach_goalActionGoal.lisp)
Linked: (/home/makarand/Documents/Navigation_ws/devel/.private/holonomic_controller/share/common-lisp/ros/holonomic_controller/msg/DockingFeedback.lisp, /home/makarand/Documents/Navigation_ws/devel/share/common-lisp/ros/holonomic_controller/msg/DockingFeedback.lisp)
Linked: (/home/makarand/Documents/Navigation_ws/devel/.private/holonomic_controller/share/common-lisp/ros/holonomic_controller/msg/_package_DockingResult.lisp, /home/makarand/Documents/Navigation_ws/devel/share/common-lisp/ros/holonomic_controller/msg/_package_DockingResult.lisp)
Linked: (/home/makarand/Documents/Navigation_ws/devel/.private/holonomic_controller/share/common-lisp/ros/holonomic_controller/msg/DockingActionFeedback.lisp, /home/makarand/Documents/Navigation_ws/devel/share/common-lisp/ros/holonomic_controller/msg/DockingActionFeedback.lisp)
Linked: (/home/makarand/Documents/Navigation_ws/devel/.private/holonomic_controller/share/common-lisp/ros/holonomic_controller/msg/approach_goalFeedback.lisp, /home/makarand/Documents/Navigation_ws/devel/share/common-lisp/ros/holonomic_controller/msg/approach_goalFeedback.lisp)
Linked: (/home/makarand/Documents/Navigation_ws/devel/.private/holonomic_controller/share/common-lisp/ros/holonomic_controller/msg/holonomic_controller-msg.asd, /home/makarand/Documents/Navigation_ws/devel/share/common-lisp/ros/holonomic_controller/msg/holonomic_controller-msg.asd)
Linked: (/home/makarand/Documents/Navigation_ws/devel/.private/holonomic_controller/share/common-lisp/ros/holonomic_controller/msg/DockingActionResult.lisp, /home/makarand/Documents/Navigation_ws/devel/share/common-lisp/ros/holonomic_controller/msg/DockingActionResult.lisp)
Linked: (/home/makarand/Documents/Navigation_ws/devel/.private/holonomic_controller/share/common-lisp/ros/holonomic_controller/msg/approach_goalGoal.lisp, /home/makarand/Documents/Navigation_ws/devel/share/common-lisp/ros/holonomic_controller/msg/approach_goalGoal.lisp)
Linked: (/home/makarand/Documents/Navigation_ws/devel/.private/holonomic_controller/share/common-lisp/ros/holonomic_controller/msg/_package_approach_goalActionFeedback.lisp, /home/makarand/Documents/Navigation_ws/devel/share/common-lisp/ros/holonomic_controller/msg/_package_approach_goalActionFeedback.lisp)
Linked: (/home/makarand/Documents/Navigation_ws/devel/.private/holonomic_controller/share/common-lisp/ros/holonomic_controller/msg/_package_approach_goalActionResult.lisp, /home/makarand/Documents/Navigation_ws/devel/share/common-lisp/ros/holonomic_controller/msg/_package_approach_goalActionResult.lisp)
Linked: (/home/makarand/Documents/Navigation_ws/devel/.private/holonomic_controller/share/common-lisp/ros/holonomic_controller/msg/_package_approach_goalAction.lisp, /home/makarand/Documents/Navigation_ws/devel/share/common-lisp/ros/holonomic_controller/msg/_package_approach_goalAction.lisp)
Linked: (/home/makarand/Documents/Navigation_ws/devel/.private/holonomic_controller/share/common-lisp/ros/holonomic_controller/msg/_package.lisp, /home/makarand/Documents/Navigation_ws/devel/share/common-lisp/ros/holonomic_controller/msg/_package.lisp)
Linked: (/home/makarand/Documents/Navigation_ws/devel/.private/holonomic_controller/share/common-lisp/ros/holonomic_controller/msg/_package_DockingAction.lisp, /home/makarand/Documents/Navigation_ws/devel/share/common-lisp/ros/holonomic_controller/msg/_package_DockingAction.lisp)
Linked: (/home/makarand/Documents/Navigation_ws/devel/.private/holonomic_controller/share/common-lisp/ros/holonomic_controller/msg/approach_goalAction.lisp, /home/makarand/Documents/Navigation_ws/devel/share/common-lisp/ros/holonomic_controller/msg/approach_goalAction.lisp)
Linked: (/home/makarand/Documents/Navigation_ws/devel/.private/holonomic_controller/share/common-lisp/ros/holonomic_controller/msg/_package_DockingFeedback.lisp, /home/makarand/Documents/Navigation_ws/devel/share/common-lisp/ros/holonomic_controller/msg/_package_DockingFeedback.lisp)
Linked: (/home/makarand/Documents/Navigation_ws/devel/.private/holonomic_controller/share/common-lisp/ros/holonomic_controller/msg/_package_DockingGoal.lisp, /home/makarand/Documents/Navigation_ws/devel/share/common-lisp/ros/holonomic_controller/msg/_package_DockingGoal.lisp)
Linked: (/home/makarand/Documents/Navigation_ws/devel/.private/holonomic_controller/share/common-lisp/ros/holonomic_controller/msg/DockingActionGoal.lisp, /home/makarand/Documents/Navigation_ws/devel/share/common-lisp/ros/holonomic_controller/msg/DockingActionGoal.lisp)
Linked: (/home/makarand/Documents/Navigation_ws/devel/.private/holonomic_controller/share/common-lisp/ros/holonomic_controller/msg/_package_approach_goalFeedback.lisp, /home/makarand/Documents/Navigation_ws/devel/share/common-lisp/ros/holonomic_controller/msg/_package_approach_goalFeedback.lisp)
Linked: (/home/makarand/Documents/Navigation_ws/devel/.private/holonomic_controller/share/common-lisp/ros/holonomic_controller/msg/_package_DockingActionGoal.lisp, /home/makarand/Documents/Navigation_ws/devel/share/common-lisp/ros/holonomic_controller/msg/_package_DockingActionGoal.lisp)
Linked: (/home/makarand/Documents/Navigation_ws/devel/.private/holonomic_controller/share/common-lisp/ros/holonomic_controller/msg/DockingGoal.lisp, /home/makarand/Documents/Navigation_ws/devel/share/common-lisp/ros/holonomic_controller/msg/DockingGoal.lisp)
Linked: (/home/makarand/Documents/Navigation_ws/devel/.private/holonomic_controller/share/common-lisp/ros/holonomic_controller/msg/_package_DockingActionFeedback.lisp, /home/makarand/Documents/Navigation_ws/devel/share/common-lisp/ros/holonomic_controller/msg/_package_DockingActionFeedback.lisp)
Linked: (/home/makarand/Documents/Navigation_ws/devel/.private/holonomic_controller/share/common-lisp/ros/holonomic_controller/msg/approach_goalActionFeedback.lisp, /home/makarand/Documents/Navigation_ws/devel/share/common-lisp/ros/holonomic_controller/msg/approach_goalActionFeedback.lisp)
Linked: (/home/makarand/Documents/Navigation_ws/devel/.private/holonomic_controller/share/common-lisp/ros/holonomic_controller/msg/approach_goalResult.lisp, /home/makarand/Documents/Navigation_ws/devel/share/common-lisp/ros/holonomic_controller/msg/approach_goalResult.lisp)
Linked: (/home/makarand/Documents/Navigation_ws/devel/.private/holonomic_controller/share/common-lisp/ros/holonomic_controller/msg/DockingAction.lisp, /home/makarand/Documents/Navigation_ws/devel/share/common-lisp/ros/holonomic_controller/msg/DockingAction.lisp)
Linked: (/home/makarand/Documents/Navigation_ws/devel/.private/holonomic_controller/share/common-lisp/ros/holonomic_controller/msg/_package_approach_goalGoal.lisp, /home/makarand/Documents/Navigation_ws/devel/share/common-lisp/ros/holonomic_controller/msg/_package_approach_goalGoal.lisp)
Linked: (/home/makarand/Documents/Navigation_ws/devel/.private/holonomic_controller/share/common-lisp/ros/holonomic_controller/msg/_package_DockingActionResult.lisp, /home/makarand/Documents/Navigation_ws/devel/share/common-lisp/ros/holonomic_controller/msg/_package_DockingActionResult.lisp)
Linked: (/home/makarand/Documents/Navigation_ws/devel/.private/holonomic_controller/share/common-lisp/ros/holonomic_controller/msg/_package_approach_goalResult.lisp, /home/makarand/Documents/Navigation_ws/devel/share/common-lisp/ros/holonomic_controller/msg/_package_approach_goalResult.lisp)
Linked: (/home/makarand/Documents/Navigation_ws/devel/.private/holonomic_controller/share/holonomic_controller/docs/HolonomicControllerConfig.wikidoc, /home/makarand/Documents/Navigation_ws/devel/share/holonomic_controller/docs/HolonomicControllerConfig.wikidoc)
Linked: (/home/makarand/Documents/Navigation_ws/devel/.private/holonomic_controller/share/holonomic_controller/docs/HolonomicControllerConfig.dox, /home/makarand/Documents/Navigation_ws/devel/share/holonomic_controller/docs/HolonomicControllerConfig.dox)
Linked: (/home/makarand/Documents/Navigation_ws/devel/.private/holonomic_controller/share/holonomic_controller/docs/HolonomicControllerConfig-usage.dox, /home/makarand/Documents/Navigation_ws/devel/share/holonomic_controller/docs/HolonomicControllerConfig-usage.dox)
Linked: (/home/makarand/Documents/Navigation_ws/devel/.private/holonomic_controller/share/holonomic_controller/msg/approach_goalAction.msg, /home/makarand/Documents/Navigation_ws/devel/share/holonomic_controller/msg/approach_goalAction.msg)
Linked: (/home/makarand/Documents/Navigation_ws/devel/.private/holonomic_controller/share/holonomic_controller/msg/DockingAction.msg, /home/makarand/Documents/Navigation_ws/devel/share/holonomic_controller/msg/DockingAction.msg)
Linked: (/home/makarand/Documents/Navigation_ws/devel/.private/holonomic_controller/share/holonomic_controller/msg/DockingActionResult.msg, /home/makarand/Documents/Navigation_ws/devel/share/holonomic_controller/msg/DockingActionResult.msg)
Linked: (/home/makarand/Documents/Navigation_ws/devel/.private/holonomic_controller/share/holonomic_controller/msg/approach_goalActionResult.msg, /home/makarand/Documents/Navigation_ws/devel/share/holonomic_controller/msg/approach_goalActionResult.msg)
Linked: (/home/makarand/Documents/Navigation_ws/devel/.private/holonomic_controller/share/holonomic_controller/msg/approach_goalActionFeedback.msg, /home/makarand/Documents/Navigation_ws/devel/share/holonomic_controller/msg/approach_goalActionFeedback.msg)
Linked: (/home/makarand/Documents/Navigation_ws/devel/.private/holonomic_controller/share/holonomic_controller/msg/DockingFeedback.msg, /home/makarand/Documents/Navigation_ws/devel/share/holonomic_controller/msg/DockingFeedback.msg)
Linked: (/home/makarand/Documents/Navigation_ws/devel/.private/holonomic_controller/share/holonomic_controller/msg/DockingGoal.msg, /home/makarand/Documents/Navigation_ws/devel/share/holonomic_controller/msg/DockingGoal.msg)
Linked: (/home/makarand/Documents/Navigation_ws/devel/.private/holonomic_controller/share/holonomic_controller/msg/approach_goalActionGoal.msg, /home/makarand/Documents/Navigation_ws/devel/share/holonomic_controller/msg/approach_goalActionGoal.msg)
Linked: (/home/makarand/Documents/Navigation_ws/devel/.private/holonomic_controller/share/holonomic_controller/msg/approach_goalFeedback.msg, /home/makarand/Documents/Navigation_ws/devel/share/holonomic_controller/msg/approach_goalFeedback.msg)
Linked: (/home/makarand/Documents/Navigation_ws/devel/.private/holonomic_controller/share/holonomic_controller/msg/DockingResult.msg, /home/makarand/Documents/Navigation_ws/devel/share/holonomic_controller/msg/DockingResult.msg)
Linked: (/home/makarand/Documents/Navigation_ws/devel/.private/holonomic_controller/share/holonomic_controller/msg/approach_goalGoal.msg, /home/makarand/Documents/Navigation_ws/devel/share/holonomic_controller/msg/approach_goalGoal.msg)
Linked: (/home/makarand/Documents/Navigation_ws/devel/.private/holonomic_controller/share/holonomic_controller/msg/approach_goalResult.msg, /home/makarand/Documents/Navigation_ws/devel/share/holonomic_controller/msg/approach_goalResult.msg)
Linked: (/home/makarand/Documents/Navigation_ws/devel/.private/holonomic_controller/share/holonomic_controller/msg/DockingActionFeedback.msg, /home/makarand/Documents/Navigation_ws/devel/share/holonomic_controller/msg/DockingActionFeedback.msg)
Linked: (/home/makarand/Documents/Navigation_ws/devel/.private/holonomic_controller/share/holonomic_controller/msg/DockingActionGoal.msg, /home/makarand/Documents/Navigation_ws/devel/share/holonomic_controller/msg/DockingActionGoal.msg)
Linked: (/home/makarand/Documents/Navigation_ws/devel/.private/holonomic_controller/share/holonomic_controller/cmake/holonomic_controller-msg-extras.cmake, /home/makarand/Documents/Navigation_ws/devel/share/holonomic_controller/cmake/holonomic_controller-msg-extras.cmake)
Linked: (/home/makarand/Documents/Navigation_ws/devel/.private/holonomic_controller/share/holonomic_controller/cmake/holonomic_controller-msg-paths.cmake, /home/makarand/Documents/Navigation_ws/devel/share/holonomic_controller/cmake/holonomic_controller-msg-paths.cmake)
Linked: (/home/makarand/Documents/Navigation_ws/devel/.private/holonomic_controller/share/holonomic_controller/cmake/holonomic_controllerConfig-version.cmake, /home/makarand/Documents/Navigation_ws/devel/share/holonomic_controller/cmake/holonomic_controllerConfig-version.cmake)
Linked: (/home/makarand/Documents/Navigation_ws/devel/.private/holonomic_controller/share/holonomic_controller/cmake/holonomic_controllerConfig.cmake, /home/makarand/Documents/Navigation_ws/devel/share/holonomic_controller/cmake/holonomic_controllerConfig.cmake)
Linked: (/home/makarand/Documents/Navigation_ws/devel/.private/holonomic_controller/share/roseus/ros/holonomic_controller/manifest.l, /home/makarand/Documents/Navigation_ws/devel/share/roseus/ros/holonomic_controller/manifest.l)
Linked: (/home/makarand/Documents/Navigation_ws/devel/.private/holonomic_controller/share/roseus/ros/holonomic_controller/msg/approach_goalActionResult.l, /home/makarand/Documents/Navigation_ws/devel/share/roseus/ros/holonomic_controller/msg/approach_goalActionResult.l)
Linked: (/home/makarand/Documents/Navigation_ws/devel/.private/holonomic_controller/share/roseus/ros/holonomic_controller/msg/approach_goalAction.l, /home/makarand/Documents/Navigation_ws/devel/share/roseus/ros/holonomic_controller/msg/approach_goalAction.l)
Linked: (/home/makarand/Documents/Navigation_ws/devel/.private/holonomic_controller/share/roseus/ros/holonomic_controller/msg/DockingFeedback.l, /home/makarand/Documents/Navigation_ws/devel/share/roseus/ros/holonomic_controller/msg/DockingFeedback.l)
Linked: (/home/makarand/Documents/Navigation_ws/devel/.private/holonomic_controller/share/roseus/ros/holonomic_controller/msg/approach_goalGoal.l, /home/makarand/Documents/Navigation_ws/devel/share/roseus/ros/holonomic_controller/msg/approach_goalGoal.l)
Linked: (/home/makarand/Documents/Navigation_ws/devel/.private/holonomic_controller/share/roseus/ros/holonomic_controller/msg/approach_goalResult.l, /home/makarand/Documents/Navigation_ws/devel/share/roseus/ros/holonomic_controller/msg/approach_goalResult.l)
Linked: (/home/makarand/Documents/Navigation_ws/devel/.private/holonomic_controller/share/roseus/ros/holonomic_controller/msg/approach_goalActionFeedback.l, /home/makarand/Documents/Navigation_ws/devel/share/roseus/ros/holonomic_controller/msg/approach_goalActionFeedback.l)
Linked: (/home/makarand/Documents/Navigation_ws/devel/.private/holonomic_controller/share/roseus/ros/holonomic_controller/msg/DockingActionFeedback.l, /home/makarand/Documents/Navigation_ws/devel/share/roseus/ros/holonomic_controller/msg/DockingActionFeedback.l)
Linked: (/home/makarand/Documents/Navigation_ws/devel/.private/holonomic_controller/share/roseus/ros/holonomic_controller/msg/DockingGoal.l, /home/makarand/Documents/Navigation_ws/devel/share/roseus/ros/holonomic_controller/msg/DockingGoal.l)
Linked: (/home/makarand/Documents/Navigation_ws/devel/.private/holonomic_controller/share/roseus/ros/holonomic_controller/msg/approach_goalActionGoal.l, /home/makarand/Documents/Navigation_ws/devel/share/roseus/ros/holonomic_controller/msg/approach_goalActionGoal.l)
Linked: (/home/makarand/Documents/Navigation_ws/devel/.private/holonomic_controller/share/roseus/ros/holonomic_controller/msg/DockingActionResult.l, /home/makarand/Documents/Navigation_ws/devel/share/roseus/ros/holonomic_controller/msg/DockingActionResult.l)
Linked: (/home/makarand/Documents/Navigation_ws/devel/.private/holonomic_controller/share/roseus/ros/holonomic_controller/msg/DockingActionGoal.l, /home/makarand/Documents/Navigation_ws/devel/share/roseus/ros/holonomic_controller/msg/DockingActionGoal.l)
Linked: (/home/makarand/Documents/Navigation_ws/devel/.private/holonomic_controller/share/roseus/ros/holonomic_controller/msg/approach_goalFeedback.l, /home/makarand/Documents/Navigation_ws/devel/share/roseus/ros/holonomic_controller/msg/approach_goalFeedback.l)
Linked: (/home/makarand/Documents/Navigation_ws/devel/.private/holonomic_controller/share/roseus/ros/holonomic_controller/msg/DockingResult.l, /home/makarand/Documents/Navigation_ws/devel/share/roseus/ros/holonomic_controller/msg/DockingResult.l)
Linked: (/home/makarand/Documents/Navigation_ws/devel/.private/holonomic_controller/share/roseus/ros/holonomic_controller/msg/DockingAction.l, /home/makarand/Documents/Navigation_ws/devel/share/roseus/ros/holonomic_controller/msg/DockingAction.l)
Linked: (/home/makarand/Documents/Navigation_ws/devel/.private/holonomic_controller/share/gennodejs/ros/holonomic_controller/_index.js, /home/makarand/Documents/Navigation_ws/devel/share/gennodejs/ros/holonomic_controller/_index.js)
Linked: (/home/makarand/Documents/Navigation_ws/devel/.private/holonomic_controller/share/gennodejs/ros/holonomic_controller/msg/DockingActionFeedback.js, /home/makarand/Documents/Navigation_ws/devel/share/gennodejs/ros/holonomic_controller/msg/DockingActionFeedback.js)
Linked: (/home/makarand/Documents/Navigation_ws/devel/.private/holonomic_controller/share/gennodejs/ros/holonomic_controller/msg/_index.js, /home/makarand/Documents/Navigation_ws/devel/share/gennodejs/ros/holonomic_controller/msg/_index.js)
Linked: (/home/makarand/Documents/Navigation_ws/devel/.private/holonomic_controller/share/gennodejs/ros/holonomic_controller/msg/DockingActionResult.js, /home/makarand/Documents/Navigation_ws/devel/share/gennodejs/ros/holonomic_controller/msg/DockingActionResult.js)
Linked: (/home/makarand/Documents/Navigation_ws/devel/.private/holonomic_controller/share/gennodejs/ros/holonomic_controller/msg/DockingGoal.js, /home/makarand/Documents/Navigation_ws/devel/share/gennodejs/ros/holonomic_controller/msg/DockingGoal.js)
Linked: (/home/makarand/Documents/Navigation_ws/devel/.private/holonomic_controller/share/gennodejs/ros/holonomic_controller/msg/DockingAction.js, /home/makarand/Documents/Navigation_ws/devel/share/gennodejs/ros/holonomic_controller/msg/DockingAction.js)
Linked: (/home/makarand/Documents/Navigation_ws/devel/.private/holonomic_controller/share/gennodejs/ros/holonomic_controller/msg/approach_goalFeedback.js, /home/makarand/Documents/Navigation_ws/devel/share/gennodejs/ros/holonomic_controller/msg/approach_goalFeedback.js)
Linked: (/home/makarand/Documents/Navigation_ws/devel/.private/holonomic_controller/share/gennodejs/ros/holonomic_controller/msg/DockingResult.js, /home/makarand/Documents/Navigation_ws/devel/share/gennodejs/ros/holonomic_controller/msg/DockingResult.js)
Linked: (/home/makarand/Documents/Navigation_ws/devel/.private/holonomic_controller/share/gennodejs/ros/holonomic_controller/msg/approach_goalAction.js, /home/makarand/Documents/Navigation_ws/devel/share/gennodejs/ros/holonomic_controller/msg/approach_goalAction.js)
Linked: (/home/makarand/Documents/Navigation_ws/devel/.private/holonomic_controller/share/gennodejs/ros/holonomic_controller/msg/approach_goalResult.js, /home/makarand/Documents/Navigation_ws/devel/share/gennodejs/ros/holonomic_controller/msg/approach_goalResult.js)
Linked: (/home/makarand/Documents/Navigation_ws/devel/.private/holonomic_controller/share/gennodejs/ros/holonomic_controller/msg/approach_goalActionGoal.js, /home/makarand/Documents/Navigation_ws/devel/share/gennodejs/ros/holonomic_controller/msg/approach_goalActionGoal.js)
Linked: (/home/makarand/Documents/Navigation_ws/devel/.private/holonomic_controller/share/gennodejs/ros/holonomic_controller/msg/approach_goalActionResult.js, /home/makarand/Documents/Navigation_ws/devel/share/gennodejs/ros/holonomic_controller/msg/approach_goalActionResult.js)
Linked: (/home/makarand/Documents/Navigation_ws/devel/.private/holonomic_controller/share/gennodejs/ros/holonomic_controller/msg/DockingFeedback.js, /home/makarand/Documents/Navigation_ws/devel/share/gennodejs/ros/holonomic_controller/msg/DockingFeedback.js)
Linked: (/home/makarand/Documents/Navigation_ws/devel/.private/holonomic_controller/share/gennodejs/ros/holonomic_controller/msg/DockingActionGoal.js, /home/makarand/Documents/Navigation_ws/devel/share/gennodejs/ros/holonomic_controller/msg/DockingActionGoal.js)
Linked: (/home/makarand/Documents/Navigation_ws/devel/.private/holonomic_controller/share/gennodejs/ros/holonomic_controller/msg/approach_goalGoal.js, /home/makarand/Documents/Navigation_ws/devel/share/gennodejs/ros/holonomic_controller/msg/approach_goalGoal.js)
Linked: (/home/makarand/Documents/Navigation_ws/devel/.private/holonomic_controller/share/gennodejs/ros/holonomic_controller/msg/approach_goalActionFeedback.js, /home/makarand/Documents/Navigation_ws/devel/share/gennodejs/ros/holonomic_controller/msg/approach_goalActionFeedback.js)
