Determining if the pthread_create exist failed with the following output:
Change Dir: /home/makarand/Documents/shania_triton_ws/build/fuse_gazebo_and_maps/CMakeFiles/CMakeTmp

Run Build Command:"/usr/bin/make" "cmTC_b5286/fast"
/usr/bin/make -f CMakeFiles/cmTC_b5286.dir/build.make CMakeFiles/cmTC_b5286.dir/build
make[1]: Entering directory '/home/makarand/Documents/shania_triton_ws/build/fuse_gazebo_and_maps/CMakeFiles/CMakeTmp'
Building C object CMakeFiles/cmTC_b5286.dir/CheckSymbolExists.c.o
/usr/bin/cc    -o CMakeFiles/cmTC_b5286.dir/CheckSymbolExists.c.o   -c /home/makarand/Documents/shania_triton_ws/build/fuse_gazebo_and_maps/CMakeFiles/CMakeTmp/CheckSymbolExists.c
Linking C executable cmTC_b5286
/usr/bin/cmake -E cmake_link_script CMakeFiles/cmTC_b5286.dir/link.txt --verbose=1
/usr/bin/cc      -rdynamic CMakeFiles/cmTC_b5286.dir/CheckSymbolExists.c.o  -o cmTC_b5286 
CMakeFiles/cmTC_b5286.dir/CheckSymbolExists.c.o: In function `main':
CheckSymbolExists.c:(.text+0x1b): undefined reference to `pthread_create'
collect2: error: ld returned 1 exit status
CMakeFiles/cmTC_b5286.dir/build.make:97: recipe for target 'cmTC_b5286' failed
make[1]: *** [cmTC_b5286] Error 1
make[1]: Leaving directory '/home/makarand/Documents/shania_triton_ws/build/fuse_gazebo_and_maps/CMakeFiles/CMakeTmp'
Makefile:126: recipe for target 'cmTC_b5286/fast' failed
make: *** [cmTC_b5286/fast] Error 2

File /home/makarand/Documents/shania_triton_ws/build/fuse_gazebo_and_maps/CMakeFiles/CMakeTmp/CheckSymbolExists.c:
/* */
#include <pthread.h>

int main(int argc, char** argv)
{
  (void)argv;
#ifndef pthread_create
  return ((int*)(&pthread_create))[argc];
#else
  (void)argc;
  return 0;
#endif
}

Determining if the function pthread_create exists in the pthreads failed with the following output:
Change Dir: /home/makarand/Documents/shania_triton_ws/build/fuse_gazebo_and_maps/CMakeFiles/CMakeTmp

Run Build Command:"/usr/bin/make" "cmTC_5ca84/fast"
/usr/bin/make -f CMakeFiles/cmTC_5ca84.dir/build.make CMakeFiles/cmTC_5ca84.dir/build
make[1]: Entering directory '/home/makarand/Documents/shania_triton_ws/build/fuse_gazebo_and_maps/CMakeFiles/CMakeTmp'
Building C object CMakeFiles/cmTC_5ca84.dir/CheckFunctionExists.c.o
/usr/bin/cc   -DCHECK_FUNCTION_EXISTS=pthread_create   -o CMakeFiles/cmTC_5ca84.dir/CheckFunctionExists.c.o   -c /usr/share/cmake-3.10/Modules/CheckFunctionExists.c
Linking C executable cmTC_5ca84
/usr/bin/cmake -E cmake_link_script CMakeFiles/cmTC_5ca84.dir/link.txt --verbose=1
/usr/bin/cc  -DCHECK_FUNCTION_EXISTS=pthread_create    -rdynamic CMakeFiles/cmTC_5ca84.dir/CheckFunctionExists.c.o  -o cmTC_5ca84 -lpthreads 
/usr/bin/ld: cannot find -lpthreads
collect2: error: ld returned 1 exit status
CMakeFiles/cmTC_5ca84.dir/build.make:97: recipe for target 'cmTC_5ca84' failed
make[1]: *** [cmTC_5ca84] Error 1
make[1]: Leaving directory '/home/makarand/Documents/shania_triton_ws/build/fuse_gazebo_and_maps/CMakeFiles/CMakeTmp'
Makefile:126: recipe for target 'cmTC_5ca84/fast' failed
make: *** [cmTC_5ca84/fast] Error 2


