Linked: (/home/makarand/Documents/Navigation_ws/devel/.private/fuse_navigation_msgs/lib/pkgconfig/fuse_navigation_msgs.pc, /home/makarand/Documents/Navigation_ws/devel/lib/pkgconfig/fuse_navigation_msgs.pc)
Linked: (/home/makarand/Documents/Navigation_ws/devel/.private/fuse_navigation_msgs/lib/python2.7/dist-packages/fuse_navigation_msgs/__init__.py, /home/makarand/Documents/Navigation_ws/devel/lib/python2.7/dist-packages/fuse_navigation_msgs/__init__.py)
Linked: (/home/makarand/Documents/Navigation_ws/devel/.private/fuse_navigation_msgs/lib/python2.7/dist-packages/fuse_navigation_msgs/msg/_ExecuteTaskFeedback.py, /home/makarand/Documents/Navigation_ws/devel/lib/python2.7/dist-packages/fuse_navigation_msgs/msg/_ExecuteTaskFeedback.py)
Linked: (/home/makarand/Documents/Navigation_ws/devel/.private/fuse_navigation_msgs/lib/python2.7/dist-packages/fuse_navigation_msgs/msg/_ExecuteTaskAction.py, /home/makarand/Documents/Navigation_ws/devel/lib/python2.7/dist-packages/fuse_navigation_msgs/msg/_ExecuteTaskAction.py)
Linked: (/home/makarand/Documents/Navigation_ws/devel/.private/fuse_navigation_msgs/lib/python2.7/dist-packages/fuse_navigation_msgs/msg/_ExecutePathGoal.py, /home/makarand/Documents/Navigation_ws/devel/lib/python2.7/dist-packages/fuse_navigation_msgs/msg/_ExecutePathGoal.py)
Linked: (/home/makarand/Documents/Navigation_ws/devel/.private/fuse_navigation_msgs/lib/python2.7/dist-packages/fuse_navigation_msgs/msg/_ExecuteTaskActionFeedback.py, /home/makarand/Documents/Navigation_ws/devel/lib/python2.7/dist-packages/fuse_navigation_msgs/msg/_ExecuteTaskActionFeedback.py)
Linked: (/home/makarand/Documents/Navigation_ws/devel/.private/fuse_navigation_msgs/lib/python2.7/dist-packages/fuse_navigation_msgs/msg/_ExecutePathActionResult.py, /home/makarand/Documents/Navigation_ws/devel/lib/python2.7/dist-packages/fuse_navigation_msgs/msg/_ExecutePathActionResult.py)
Linked: (/home/makarand/Documents/Navigation_ws/devel/.private/fuse_navigation_msgs/lib/python2.7/dist-packages/fuse_navigation_msgs/msg/_TaskAction.py, /home/makarand/Documents/Navigation_ws/devel/lib/python2.7/dist-packages/fuse_navigation_msgs/msg/_TaskAction.py)
Linked: (/home/makarand/Documents/Navigation_ws/devel/.private/fuse_navigation_msgs/lib/python2.7/dist-packages/fuse_navigation_msgs/msg/_ExecutePathFeedback.py, /home/makarand/Documents/Navigation_ws/devel/lib/python2.7/dist-packages/fuse_navigation_msgs/msg/_ExecutePathFeedback.py)
Linked: (/home/makarand/Documents/Navigation_ws/devel/.private/fuse_navigation_msgs/lib/python2.7/dist-packages/fuse_navigation_msgs/msg/_ExecuteTaskActionGoal.py, /home/makarand/Documents/Navigation_ws/devel/lib/python2.7/dist-packages/fuse_navigation_msgs/msg/_ExecuteTaskActionGoal.py)
Linked: (/home/makarand/Documents/Navigation_ws/devel/.private/fuse_navigation_msgs/lib/python2.7/dist-packages/fuse_navigation_msgs/msg/_ExecutePathActionGoal.py, /home/makarand/Documents/Navigation_ws/devel/lib/python2.7/dist-packages/fuse_navigation_msgs/msg/_ExecutePathActionGoal.py)
Linked: (/home/makarand/Documents/Navigation_ws/devel/.private/fuse_navigation_msgs/lib/python2.7/dist-packages/fuse_navigation_msgs/msg/_ExecuteTaskActionResult.py, /home/makarand/Documents/Navigation_ws/devel/lib/python2.7/dist-packages/fuse_navigation_msgs/msg/_ExecuteTaskActionResult.py)
Linked: (/home/makarand/Documents/Navigation_ws/devel/.private/fuse_navigation_msgs/lib/python2.7/dist-packages/fuse_navigation_msgs/msg/_ExecutePathResult.py, /home/makarand/Documents/Navigation_ws/devel/lib/python2.7/dist-packages/fuse_navigation_msgs/msg/_ExecutePathResult.py)
Linked: (/home/makarand/Documents/Navigation_ws/devel/.private/fuse_navigation_msgs/lib/python2.7/dist-packages/fuse_navigation_msgs/msg/_ExecutePathActionFeedback.py, /home/makarand/Documents/Navigation_ws/devel/lib/python2.7/dist-packages/fuse_navigation_msgs/msg/_ExecutePathActionFeedback.py)
Linked: (/home/makarand/Documents/Navigation_ws/devel/.private/fuse_navigation_msgs/lib/python2.7/dist-packages/fuse_navigation_msgs/msg/_ExecutePathAction.py, /home/makarand/Documents/Navigation_ws/devel/lib/python2.7/dist-packages/fuse_navigation_msgs/msg/_ExecutePathAction.py)
Linked: (/home/makarand/Documents/Navigation_ws/devel/.private/fuse_navigation_msgs/lib/python2.7/dist-packages/fuse_navigation_msgs/msg/_ExecuteTaskGoal.py, /home/makarand/Documents/Navigation_ws/devel/lib/python2.7/dist-packages/fuse_navigation_msgs/msg/_ExecuteTaskGoal.py)
Linked: (/home/makarand/Documents/Navigation_ws/devel/.private/fuse_navigation_msgs/lib/python2.7/dist-packages/fuse_navigation_msgs/msg/_ExecuteTaskResult.py, /home/makarand/Documents/Navigation_ws/devel/lib/python2.7/dist-packages/fuse_navigation_msgs/msg/_ExecuteTaskResult.py)
Linked: (/home/makarand/Documents/Navigation_ws/devel/.private/fuse_navigation_msgs/lib/python2.7/dist-packages/fuse_navigation_msgs/msg/__init__.py, /home/makarand/Documents/Navigation_ws/devel/lib/python2.7/dist-packages/fuse_navigation_msgs/msg/__init__.py)
Linked: (/home/makarand/Documents/Navigation_ws/devel/.private/fuse_navigation_msgs/include/fuse_navigation_msgs/ExecutePathFeedback.h, /home/makarand/Documents/Navigation_ws/devel/include/fuse_navigation_msgs/ExecutePathFeedback.h)
Linked: (/home/makarand/Documents/Navigation_ws/devel/.private/fuse_navigation_msgs/include/fuse_navigation_msgs/ExecuteTaskFeedback.h, /home/makarand/Documents/Navigation_ws/devel/include/fuse_navigation_msgs/ExecuteTaskFeedback.h)
Linked: (/home/makarand/Documents/Navigation_ws/devel/.private/fuse_navigation_msgs/include/fuse_navigation_msgs/ExecutePathActionFeedback.h, /home/makarand/Documents/Navigation_ws/devel/include/fuse_navigation_msgs/ExecutePathActionFeedback.h)
Linked: (/home/makarand/Documents/Navigation_ws/devel/.private/fuse_navigation_msgs/include/fuse_navigation_msgs/ExecutePathAction.h, /home/makarand/Documents/Navigation_ws/devel/include/fuse_navigation_msgs/ExecutePathAction.h)
Linked: (/home/makarand/Documents/Navigation_ws/devel/.private/fuse_navigation_msgs/include/fuse_navigation_msgs/ExecuteTaskGoal.h, /home/makarand/Documents/Navigation_ws/devel/include/fuse_navigation_msgs/ExecuteTaskGoal.h)
Linked: (/home/makarand/Documents/Navigation_ws/devel/.private/fuse_navigation_msgs/include/fuse_navigation_msgs/ExecuteTaskActionResult.h, /home/makarand/Documents/Navigation_ws/devel/include/fuse_navigation_msgs/ExecuteTaskActionResult.h)
Linked: (/home/makarand/Documents/Navigation_ws/devel/.private/fuse_navigation_msgs/include/fuse_navigation_msgs/ExecutePathActionResult.h, /home/makarand/Documents/Navigation_ws/devel/include/fuse_navigation_msgs/ExecutePathActionResult.h)
Linked: (/home/makarand/Documents/Navigation_ws/devel/.private/fuse_navigation_msgs/include/fuse_navigation_msgs/ExecuteTaskAction.h, /home/makarand/Documents/Navigation_ws/devel/include/fuse_navigation_msgs/ExecuteTaskAction.h)
Linked: (/home/makarand/Documents/Navigation_ws/devel/.private/fuse_navigation_msgs/include/fuse_navigation_msgs/ExecuteTaskActionGoal.h, /home/makarand/Documents/Navigation_ws/devel/include/fuse_navigation_msgs/ExecuteTaskActionGoal.h)
Linked: (/home/makarand/Documents/Navigation_ws/devel/.private/fuse_navigation_msgs/include/fuse_navigation_msgs/ExecuteTaskActionFeedback.h, /home/makarand/Documents/Navigation_ws/devel/include/fuse_navigation_msgs/ExecuteTaskActionFeedback.h)
Linked: (/home/makarand/Documents/Navigation_ws/devel/.private/fuse_navigation_msgs/include/fuse_navigation_msgs/ExecuteTaskResult.h, /home/makarand/Documents/Navigation_ws/devel/include/fuse_navigation_msgs/ExecuteTaskResult.h)
Linked: (/home/makarand/Documents/Navigation_ws/devel/.private/fuse_navigation_msgs/include/fuse_navigation_msgs/ExecutePathResult.h, /home/makarand/Documents/Navigation_ws/devel/include/fuse_navigation_msgs/ExecutePathResult.h)
Linked: (/home/makarand/Documents/Navigation_ws/devel/.private/fuse_navigation_msgs/include/fuse_navigation_msgs/TaskAction.h, /home/makarand/Documents/Navigation_ws/devel/include/fuse_navigation_msgs/TaskAction.h)
Linked: (/home/makarand/Documents/Navigation_ws/devel/.private/fuse_navigation_msgs/include/fuse_navigation_msgs/ExecutePathGoal.h, /home/makarand/Documents/Navigation_ws/devel/include/fuse_navigation_msgs/ExecutePathGoal.h)
Linked: (/home/makarand/Documents/Navigation_ws/devel/.private/fuse_navigation_msgs/include/fuse_navigation_msgs/ExecutePathActionGoal.h, /home/makarand/Documents/Navigation_ws/devel/include/fuse_navigation_msgs/ExecutePathActionGoal.h)
Linked: (/home/makarand/Documents/Navigation_ws/devel/.private/fuse_navigation_msgs/share/common-lisp/ros/fuse_navigation_msgs/msg/ExecutePathActionGoal.lisp, /home/makarand/Documents/Navigation_ws/devel/share/common-lisp/ros/fuse_navigation_msgs/msg/ExecutePathActionGoal.lisp)
Linked: (/home/makarand/Documents/Navigation_ws/devel/.private/fuse_navigation_msgs/share/common-lisp/ros/fuse_navigation_msgs/msg/ExecutePathFeedback.lisp, /home/makarand/Documents/Navigation_ws/devel/share/common-lisp/ros/fuse_navigation_msgs/msg/ExecutePathFeedback.lisp)
Linked: (/home/makarand/Documents/Navigation_ws/devel/.private/fuse_navigation_msgs/share/common-lisp/ros/fuse_navigation_msgs/msg/TaskAction.lisp, /home/makarand/Documents/Navigation_ws/devel/share/common-lisp/ros/fuse_navigation_msgs/msg/TaskAction.lisp)
Linked: (/home/makarand/Documents/Navigation_ws/devel/.private/fuse_navigation_msgs/share/common-lisp/ros/fuse_navigation_msgs/msg/ExecutePathGoal.lisp, /home/makarand/Documents/Navigation_ws/devel/share/common-lisp/ros/fuse_navigation_msgs/msg/ExecutePathGoal.lisp)
Linked: (/home/makarand/Documents/Navigation_ws/devel/.private/fuse_navigation_msgs/share/common-lisp/ros/fuse_navigation_msgs/msg/_package_TaskAction.lisp, /home/makarand/Documents/Navigation_ws/devel/share/common-lisp/ros/fuse_navigation_msgs/msg/_package_TaskAction.lisp)
Linked: (/home/makarand/Documents/Navigation_ws/devel/.private/fuse_navigation_msgs/share/common-lisp/ros/fuse_navigation_msgs/msg/_package_ExecutePathGoal.lisp, /home/makarand/Documents/Navigation_ws/devel/share/common-lisp/ros/fuse_navigation_msgs/msg/_package_ExecutePathGoal.lisp)
Linked: (/home/makarand/Documents/Navigation_ws/devel/.private/fuse_navigation_msgs/share/common-lisp/ros/fuse_navigation_msgs/msg/ExecutePathActionFeedback.lisp, /home/makarand/Documents/Navigation_ws/devel/share/common-lisp/ros/fuse_navigation_msgs/msg/ExecutePathActionFeedback.lisp)
Linked: (/home/makarand/Documents/Navigation_ws/devel/.private/fuse_navigation_msgs/share/common-lisp/ros/fuse_navigation_msgs/msg/ExecuteTaskResult.lisp, /home/makarand/Documents/Navigation_ws/devel/share/common-lisp/ros/fuse_navigation_msgs/msg/ExecuteTaskResult.lisp)
Linked: (/home/makarand/Documents/Navigation_ws/devel/.private/fuse_navigation_msgs/share/common-lisp/ros/fuse_navigation_msgs/msg/ExecuteTaskAction.lisp, /home/makarand/Documents/Navigation_ws/devel/share/common-lisp/ros/fuse_navigation_msgs/msg/ExecuteTaskAction.lisp)
Linked: (/home/makarand/Documents/Navigation_ws/devel/.private/fuse_navigation_msgs/share/common-lisp/ros/fuse_navigation_msgs/msg/ExecuteTaskGoal.lisp, /home/makarand/Documents/Navigation_ws/devel/share/common-lisp/ros/fuse_navigation_msgs/msg/ExecuteTaskGoal.lisp)
Linked: (/home/makarand/Documents/Navigation_ws/devel/.private/fuse_navigation_msgs/share/common-lisp/ros/fuse_navigation_msgs/msg/_package_ExecuteTaskResult.lisp, /home/makarand/Documents/Navigation_ws/devel/share/common-lisp/ros/fuse_navigation_msgs/msg/_package_ExecuteTaskResult.lisp)
Linked: (/home/makarand/Documents/Navigation_ws/devel/.private/fuse_navigation_msgs/share/common-lisp/ros/fuse_navigation_msgs/msg/ExecutePathResult.lisp, /home/makarand/Documents/Navigation_ws/devel/share/common-lisp/ros/fuse_navigation_msgs/msg/ExecutePathResult.lisp)
Linked: (/home/makarand/Documents/Navigation_ws/devel/.private/fuse_navigation_msgs/share/common-lisp/ros/fuse_navigation_msgs/msg/_package_ExecuteTaskGoal.lisp, /home/makarand/Documents/Navigation_ws/devel/share/common-lisp/ros/fuse_navigation_msgs/msg/_package_ExecuteTaskGoal.lisp)
Linked: (/home/makarand/Documents/Navigation_ws/devel/.private/fuse_navigation_msgs/share/common-lisp/ros/fuse_navigation_msgs/msg/ExecuteTaskActionGoal.lisp, /home/makarand/Documents/Navigation_ws/devel/share/common-lisp/ros/fuse_navigation_msgs/msg/ExecuteTaskActionGoal.lisp)
Linked: (/home/makarand/Documents/Navigation_ws/devel/.private/fuse_navigation_msgs/share/common-lisp/ros/fuse_navigation_msgs/msg/_package_ExecutePathAction.lisp, /home/makarand/Documents/Navigation_ws/devel/share/common-lisp/ros/fuse_navigation_msgs/msg/_package_ExecutePathAction.lisp)
Linked: (/home/makarand/Documents/Navigation_ws/devel/.private/fuse_navigation_msgs/share/common-lisp/ros/fuse_navigation_msgs/msg/_package.lisp, /home/makarand/Documents/Navigation_ws/devel/share/common-lisp/ros/fuse_navigation_msgs/msg/_package.lisp)
Linked: (/home/makarand/Documents/Navigation_ws/devel/.private/fuse_navigation_msgs/share/common-lisp/ros/fuse_navigation_msgs/msg/_package_ExecutePathActionResult.lisp, /home/makarand/Documents/Navigation_ws/devel/share/common-lisp/ros/fuse_navigation_msgs/msg/_package_ExecutePathActionResult.lisp)
Linked: (/home/makarand/Documents/Navigation_ws/devel/.private/fuse_navigation_msgs/share/common-lisp/ros/fuse_navigation_msgs/msg/ExecutePathAction.lisp, /home/makarand/Documents/Navigation_ws/devel/share/common-lisp/ros/fuse_navigation_msgs/msg/ExecutePathAction.lisp)
Linked: (/home/makarand/Documents/Navigation_ws/devel/.private/fuse_navigation_msgs/share/common-lisp/ros/fuse_navigation_msgs/msg/_package_ExecuteTaskAction.lisp, /home/makarand/Documents/Navigation_ws/devel/share/common-lisp/ros/fuse_navigation_msgs/msg/_package_ExecuteTaskAction.lisp)
Linked: (/home/makarand/Documents/Navigation_ws/devel/.private/fuse_navigation_msgs/share/common-lisp/ros/fuse_navigation_msgs/msg/_package_ExecutePathFeedback.lisp, /home/makarand/Documents/Navigation_ws/devel/share/common-lisp/ros/fuse_navigation_msgs/msg/_package_ExecutePathFeedback.lisp)
Linked: (/home/makarand/Documents/Navigation_ws/devel/.private/fuse_navigation_msgs/share/common-lisp/ros/fuse_navigation_msgs/msg/ExecutePathActionResult.lisp, /home/makarand/Documents/Navigation_ws/devel/share/common-lisp/ros/fuse_navigation_msgs/msg/ExecutePathActionResult.lisp)
Linked: (/home/makarand/Documents/Navigation_ws/devel/.private/fuse_navigation_msgs/share/common-lisp/ros/fuse_navigation_msgs/msg/_package_ExecuteTaskActionFeedback.lisp, /home/makarand/Documents/Navigation_ws/devel/share/common-lisp/ros/fuse_navigation_msgs/msg/_package_ExecuteTaskActionFeedback.lisp)
Linked: (/home/makarand/Documents/Navigation_ws/devel/.private/fuse_navigation_msgs/share/common-lisp/ros/fuse_navigation_msgs/msg/fuse_navigation_msgs-msg.asd, /home/makarand/Documents/Navigation_ws/devel/share/common-lisp/ros/fuse_navigation_msgs/msg/fuse_navigation_msgs-msg.asd)
Linked: (/home/makarand/Documents/Navigation_ws/devel/.private/fuse_navigation_msgs/share/common-lisp/ros/fuse_navigation_msgs/msg/ExecuteTaskActionFeedback.lisp, /home/makarand/Documents/Navigation_ws/devel/share/common-lisp/ros/fuse_navigation_msgs/msg/ExecuteTaskActionFeedback.lisp)
Linked: (/home/makarand/Documents/Navigation_ws/devel/.private/fuse_navigation_msgs/share/common-lisp/ros/fuse_navigation_msgs/msg/_package_ExecutePathResult.lisp, /home/makarand/Documents/Navigation_ws/devel/share/common-lisp/ros/fuse_navigation_msgs/msg/_package_ExecutePathResult.lisp)
Linked: (/home/makarand/Documents/Navigation_ws/devel/.private/fuse_navigation_msgs/share/common-lisp/ros/fuse_navigation_msgs/msg/ExecuteTaskActionResult.lisp, /home/makarand/Documents/Navigation_ws/devel/share/common-lisp/ros/fuse_navigation_msgs/msg/ExecuteTaskActionResult.lisp)
Linked: (/home/makarand/Documents/Navigation_ws/devel/.private/fuse_navigation_msgs/share/common-lisp/ros/fuse_navigation_msgs/msg/_package_ExecuteTaskActionGoal.lisp, /home/makarand/Documents/Navigation_ws/devel/share/common-lisp/ros/fuse_navigation_msgs/msg/_package_ExecuteTaskActionGoal.lisp)
Linked: (/home/makarand/Documents/Navigation_ws/devel/.private/fuse_navigation_msgs/share/common-lisp/ros/fuse_navigation_msgs/msg/ExecuteTaskFeedback.lisp, /home/makarand/Documents/Navigation_ws/devel/share/common-lisp/ros/fuse_navigation_msgs/msg/ExecuteTaskFeedback.lisp)
Linked: (/home/makarand/Documents/Navigation_ws/devel/.private/fuse_navigation_msgs/share/common-lisp/ros/fuse_navigation_msgs/msg/_package_ExecutePathActionGoal.lisp, /home/makarand/Documents/Navigation_ws/devel/share/common-lisp/ros/fuse_navigation_msgs/msg/_package_ExecutePathActionGoal.lisp)
Linked: (/home/makarand/Documents/Navigation_ws/devel/.private/fuse_navigation_msgs/share/common-lisp/ros/fuse_navigation_msgs/msg/_package_ExecuteTaskFeedback.lisp, /home/makarand/Documents/Navigation_ws/devel/share/common-lisp/ros/fuse_navigation_msgs/msg/_package_ExecuteTaskFeedback.lisp)
Linked: (/home/makarand/Documents/Navigation_ws/devel/.private/fuse_navigation_msgs/share/common-lisp/ros/fuse_navigation_msgs/msg/_package_ExecuteTaskActionResult.lisp, /home/makarand/Documents/Navigation_ws/devel/share/common-lisp/ros/fuse_navigation_msgs/msg/_package_ExecuteTaskActionResult.lisp)
Linked: (/home/makarand/Documents/Navigation_ws/devel/.private/fuse_navigation_msgs/share/common-lisp/ros/fuse_navigation_msgs/msg/_package_ExecutePathActionFeedback.lisp, /home/makarand/Documents/Navigation_ws/devel/share/common-lisp/ros/fuse_navigation_msgs/msg/_package_ExecutePathActionFeedback.lisp)
Linked: (/home/makarand/Documents/Navigation_ws/devel/.private/fuse_navigation_msgs/share/fuse_navigation_msgs/msg/ExecutePathFeedback.msg, /home/makarand/Documents/Navigation_ws/devel/share/fuse_navigation_msgs/msg/ExecutePathFeedback.msg)
Linked: (/home/makarand/Documents/Navigation_ws/devel/.private/fuse_navigation_msgs/share/fuse_navigation_msgs/msg/ExecuteTaskAction.msg, /home/makarand/Documents/Navigation_ws/devel/share/fuse_navigation_msgs/msg/ExecuteTaskAction.msg)
Linked: (/home/makarand/Documents/Navigation_ws/devel/.private/fuse_navigation_msgs/share/fuse_navigation_msgs/msg/ExecuteTaskActionGoal.msg, /home/makarand/Documents/Navigation_ws/devel/share/fuse_navigation_msgs/msg/ExecuteTaskActionGoal.msg)
Linked: (/home/makarand/Documents/Navigation_ws/devel/.private/fuse_navigation_msgs/share/fuse_navigation_msgs/msg/ExecuteTaskActionResult.msg, /home/makarand/Documents/Navigation_ws/devel/share/fuse_navigation_msgs/msg/ExecuteTaskActionResult.msg)
Linked: (/home/makarand/Documents/Navigation_ws/devel/.private/fuse_navigation_msgs/share/fuse_navigation_msgs/msg/ExecutePathActionResult.msg, /home/makarand/Documents/Navigation_ws/devel/share/fuse_navigation_msgs/msg/ExecutePathActionResult.msg)
Linked: (/home/makarand/Documents/Navigation_ws/devel/.private/fuse_navigation_msgs/share/fuse_navigation_msgs/msg/ExecutePathGoal.msg, /home/makarand/Documents/Navigation_ws/devel/share/fuse_navigation_msgs/msg/ExecutePathGoal.msg)
Linked: (/home/makarand/Documents/Navigation_ws/devel/.private/fuse_navigation_msgs/share/fuse_navigation_msgs/msg/ExecutePathActionFeedback.msg, /home/makarand/Documents/Navigation_ws/devel/share/fuse_navigation_msgs/msg/ExecutePathActionFeedback.msg)
Linked: (/home/makarand/Documents/Navigation_ws/devel/.private/fuse_navigation_msgs/share/fuse_navigation_msgs/msg/ExecuteTaskGoal.msg, /home/makarand/Documents/Navigation_ws/devel/share/fuse_navigation_msgs/msg/ExecuteTaskGoal.msg)
Linked: (/home/makarand/Documents/Navigation_ws/devel/.private/fuse_navigation_msgs/share/fuse_navigation_msgs/msg/ExecutePathResult.msg, /home/makarand/Documents/Navigation_ws/devel/share/fuse_navigation_msgs/msg/ExecutePathResult.msg)
Linked: (/home/makarand/Documents/Navigation_ws/devel/.private/fuse_navigation_msgs/share/fuse_navigation_msgs/msg/ExecuteTaskActionFeedback.msg, /home/makarand/Documents/Navigation_ws/devel/share/fuse_navigation_msgs/msg/ExecuteTaskActionFeedback.msg)
Linked: (/home/makarand/Documents/Navigation_ws/devel/.private/fuse_navigation_msgs/share/fuse_navigation_msgs/msg/ExecutePathActionGoal.msg, /home/makarand/Documents/Navigation_ws/devel/share/fuse_navigation_msgs/msg/ExecutePathActionGoal.msg)
Linked: (/home/makarand/Documents/Navigation_ws/devel/.private/fuse_navigation_msgs/share/fuse_navigation_msgs/msg/ExecuteTaskResult.msg, /home/makarand/Documents/Navigation_ws/devel/share/fuse_navigation_msgs/msg/ExecuteTaskResult.msg)
Linked: (/home/makarand/Documents/Navigation_ws/devel/.private/fuse_navigation_msgs/share/fuse_navigation_msgs/msg/ExecuteTaskFeedback.msg, /home/makarand/Documents/Navigation_ws/devel/share/fuse_navigation_msgs/msg/ExecuteTaskFeedback.msg)
Linked: (/home/makarand/Documents/Navigation_ws/devel/.private/fuse_navigation_msgs/share/fuse_navigation_msgs/msg/ExecutePathAction.msg, /home/makarand/Documents/Navigation_ws/devel/share/fuse_navigation_msgs/msg/ExecutePathAction.msg)
Linked: (/home/makarand/Documents/Navigation_ws/devel/.private/fuse_navigation_msgs/share/fuse_navigation_msgs/cmake/fuse_navigation_msgsConfig-version.cmake, /home/makarand/Documents/Navigation_ws/devel/share/fuse_navigation_msgs/cmake/fuse_navigation_msgsConfig-version.cmake)
Linked: (/home/makarand/Documents/Navigation_ws/devel/.private/fuse_navigation_msgs/share/fuse_navigation_msgs/cmake/fuse_navigation_msgs-msg-extras.cmake, /home/makarand/Documents/Navigation_ws/devel/share/fuse_navigation_msgs/cmake/fuse_navigation_msgs-msg-extras.cmake)
Linked: (/home/makarand/Documents/Navigation_ws/devel/.private/fuse_navigation_msgs/share/fuse_navigation_msgs/cmake/fuse_navigation_msgsConfig.cmake, /home/makarand/Documents/Navigation_ws/devel/share/fuse_navigation_msgs/cmake/fuse_navigation_msgsConfig.cmake)
Linked: (/home/makarand/Documents/Navigation_ws/devel/.private/fuse_navigation_msgs/share/fuse_navigation_msgs/cmake/fuse_navigation_msgs-msg-paths.cmake, /home/makarand/Documents/Navigation_ws/devel/share/fuse_navigation_msgs/cmake/fuse_navigation_msgs-msg-paths.cmake)
Linked: (/home/makarand/Documents/Navigation_ws/devel/.private/fuse_navigation_msgs/share/roseus/ros/fuse_navigation_msgs/manifest.l, /home/makarand/Documents/Navigation_ws/devel/share/roseus/ros/fuse_navigation_msgs/manifest.l)
Linked: (/home/makarand/Documents/Navigation_ws/devel/.private/fuse_navigation_msgs/share/roseus/ros/fuse_navigation_msgs/msg/ExecutePathGoal.l, /home/makarand/Documents/Navigation_ws/devel/share/roseus/ros/fuse_navigation_msgs/msg/ExecutePathGoal.l)
Linked: (/home/makarand/Documents/Navigation_ws/devel/.private/fuse_navigation_msgs/share/roseus/ros/fuse_navigation_msgs/msg/ExecutePathActionFeedback.l, /home/makarand/Documents/Navigation_ws/devel/share/roseus/ros/fuse_navigation_msgs/msg/ExecutePathActionFeedback.l)
Linked: (/home/makarand/Documents/Navigation_ws/devel/.private/fuse_navigation_msgs/share/roseus/ros/fuse_navigation_msgs/msg/ExecutePathResult.l, /home/makarand/Documents/Navigation_ws/devel/share/roseus/ros/fuse_navigation_msgs/msg/ExecutePathResult.l)
Linked: (/home/makarand/Documents/Navigation_ws/devel/.private/fuse_navigation_msgs/share/roseus/ros/fuse_navigation_msgs/msg/ExecutePathActionResult.l, /home/makarand/Documents/Navigation_ws/devel/share/roseus/ros/fuse_navigation_msgs/msg/ExecutePathActionResult.l)
Linked: (/home/makarand/Documents/Navigation_ws/devel/.private/fuse_navigation_msgs/share/roseus/ros/fuse_navigation_msgs/msg/ExecuteTaskGoal.l, /home/makarand/Documents/Navigation_ws/devel/share/roseus/ros/fuse_navigation_msgs/msg/ExecuteTaskGoal.l)
Linked: (/home/makarand/Documents/Navigation_ws/devel/.private/fuse_navigation_msgs/share/roseus/ros/fuse_navigation_msgs/msg/ExecuteTaskResult.l, /home/makarand/Documents/Navigation_ws/devel/share/roseus/ros/fuse_navigation_msgs/msg/ExecuteTaskResult.l)
Linked: (/home/makarand/Documents/Navigation_ws/devel/.private/fuse_navigation_msgs/share/roseus/ros/fuse_navigation_msgs/msg/ExecutePathAction.l, /home/makarand/Documents/Navigation_ws/devel/share/roseus/ros/fuse_navigation_msgs/msg/ExecutePathAction.l)
Linked: (/home/makarand/Documents/Navigation_ws/devel/.private/fuse_navigation_msgs/share/roseus/ros/fuse_navigation_msgs/msg/ExecutePathFeedback.l, /home/makarand/Documents/Navigation_ws/devel/share/roseus/ros/fuse_navigation_msgs/msg/ExecutePathFeedback.l)
Linked: (/home/makarand/Documents/Navigation_ws/devel/.private/fuse_navigation_msgs/share/roseus/ros/fuse_navigation_msgs/msg/ExecuteTaskAction.l, /home/makarand/Documents/Navigation_ws/devel/share/roseus/ros/fuse_navigation_msgs/msg/ExecuteTaskAction.l)
Linked: (/home/makarand/Documents/Navigation_ws/devel/.private/fuse_navigation_msgs/share/roseus/ros/fuse_navigation_msgs/msg/ExecuteTaskActionFeedback.l, /home/makarand/Documents/Navigation_ws/devel/share/roseus/ros/fuse_navigation_msgs/msg/ExecuteTaskActionFeedback.l)
Linked: (/home/makarand/Documents/Navigation_ws/devel/.private/fuse_navigation_msgs/share/roseus/ros/fuse_navigation_msgs/msg/TaskAction.l, /home/makarand/Documents/Navigation_ws/devel/share/roseus/ros/fuse_navigation_msgs/msg/TaskAction.l)
Linked: (/home/makarand/Documents/Navigation_ws/devel/.private/fuse_navigation_msgs/share/roseus/ros/fuse_navigation_msgs/msg/ExecuteTaskActionResult.l, /home/makarand/Documents/Navigation_ws/devel/share/roseus/ros/fuse_navigation_msgs/msg/ExecuteTaskActionResult.l)
Linked: (/home/makarand/Documents/Navigation_ws/devel/.private/fuse_navigation_msgs/share/roseus/ros/fuse_navigation_msgs/msg/ExecuteTaskFeedback.l, /home/makarand/Documents/Navigation_ws/devel/share/roseus/ros/fuse_navigation_msgs/msg/ExecuteTaskFeedback.l)
Linked: (/home/makarand/Documents/Navigation_ws/devel/.private/fuse_navigation_msgs/share/roseus/ros/fuse_navigation_msgs/msg/ExecuteTaskActionGoal.l, /home/makarand/Documents/Navigation_ws/devel/share/roseus/ros/fuse_navigation_msgs/msg/ExecuteTaskActionGoal.l)
Linked: (/home/makarand/Documents/Navigation_ws/devel/.private/fuse_navigation_msgs/share/roseus/ros/fuse_navigation_msgs/msg/ExecutePathActionGoal.l, /home/makarand/Documents/Navigation_ws/devel/share/roseus/ros/fuse_navigation_msgs/msg/ExecutePathActionGoal.l)
Linked: (/home/makarand/Documents/Navigation_ws/devel/.private/fuse_navigation_msgs/share/gennodejs/ros/fuse_navigation_msgs/_index.js, /home/makarand/Documents/Navigation_ws/devel/share/gennodejs/ros/fuse_navigation_msgs/_index.js)
Linked: (/home/makarand/Documents/Navigation_ws/devel/.private/fuse_navigation_msgs/share/gennodejs/ros/fuse_navigation_msgs/msg/_index.js, /home/makarand/Documents/Navigation_ws/devel/share/gennodejs/ros/fuse_navigation_msgs/msg/_index.js)
Linked: (/home/makarand/Documents/Navigation_ws/devel/.private/fuse_navigation_msgs/share/gennodejs/ros/fuse_navigation_msgs/msg/ExecutePathActionGoal.js, /home/makarand/Documents/Navigation_ws/devel/share/gennodejs/ros/fuse_navigation_msgs/msg/ExecutePathActionGoal.js)
Linked: (/home/makarand/Documents/Navigation_ws/devel/.private/fuse_navigation_msgs/share/gennodejs/ros/fuse_navigation_msgs/msg/ExecuteTaskActionGoal.js, /home/makarand/Documents/Navigation_ws/devel/share/gennodejs/ros/fuse_navigation_msgs/msg/ExecuteTaskActionGoal.js)
Linked: (/home/makarand/Documents/Navigation_ws/devel/.private/fuse_navigation_msgs/share/gennodejs/ros/fuse_navigation_msgs/msg/ExecutePathActionFeedback.js, /home/makarand/Documents/Navigation_ws/devel/share/gennodejs/ros/fuse_navigation_msgs/msg/ExecutePathActionFeedback.js)
Linked: (/home/makarand/Documents/Navigation_ws/devel/.private/fuse_navigation_msgs/share/gennodejs/ros/fuse_navigation_msgs/msg/ExecuteTaskGoal.js, /home/makarand/Documents/Navigation_ws/devel/share/gennodejs/ros/fuse_navigation_msgs/msg/ExecuteTaskGoal.js)
Linked: (/home/makarand/Documents/Navigation_ws/devel/.private/fuse_navigation_msgs/share/gennodejs/ros/fuse_navigation_msgs/msg/ExecutePathResult.js, /home/makarand/Documents/Navigation_ws/devel/share/gennodejs/ros/fuse_navigation_msgs/msg/ExecutePathResult.js)
Linked: (/home/makarand/Documents/Navigation_ws/devel/.private/fuse_navigation_msgs/share/gennodejs/ros/fuse_navigation_msgs/msg/ExecuteTaskResult.js, /home/makarand/Documents/Navigation_ws/devel/share/gennodejs/ros/fuse_navigation_msgs/msg/ExecuteTaskResult.js)
Linked: (/home/makarand/Documents/Navigation_ws/devel/.private/fuse_navigation_msgs/share/gennodejs/ros/fuse_navigation_msgs/msg/ExecuteTaskActionFeedback.js, /home/makarand/Documents/Navigation_ws/devel/share/gennodejs/ros/fuse_navigation_msgs/msg/ExecuteTaskActionFeedback.js)
Linked: (/home/makarand/Documents/Navigation_ws/devel/.private/fuse_navigation_msgs/share/gennodejs/ros/fuse_navigation_msgs/msg/ExecutePathFeedback.js, /home/makarand/Documents/Navigation_ws/devel/share/gennodejs/ros/fuse_navigation_msgs/msg/ExecutePathFeedback.js)
Linked: (/home/makarand/Documents/Navigation_ws/devel/.private/fuse_navigation_msgs/share/gennodejs/ros/fuse_navigation_msgs/msg/ExecuteTaskActionResult.js, /home/makarand/Documents/Navigation_ws/devel/share/gennodejs/ros/fuse_navigation_msgs/msg/ExecuteTaskActionResult.js)
Linked: (/home/makarand/Documents/Navigation_ws/devel/.private/fuse_navigation_msgs/share/gennodejs/ros/fuse_navigation_msgs/msg/TaskAction.js, /home/makarand/Documents/Navigation_ws/devel/share/gennodejs/ros/fuse_navigation_msgs/msg/TaskAction.js)
Linked: (/home/makarand/Documents/Navigation_ws/devel/.private/fuse_navigation_msgs/share/gennodejs/ros/fuse_navigation_msgs/msg/ExecutePathGoal.js, /home/makarand/Documents/Navigation_ws/devel/share/gennodejs/ros/fuse_navigation_msgs/msg/ExecutePathGoal.js)
Linked: (/home/makarand/Documents/Navigation_ws/devel/.private/fuse_navigation_msgs/share/gennodejs/ros/fuse_navigation_msgs/msg/ExecutePathAction.js, /home/makarand/Documents/Navigation_ws/devel/share/gennodejs/ros/fuse_navigation_msgs/msg/ExecutePathAction.js)
Linked: (/home/makarand/Documents/Navigation_ws/devel/.private/fuse_navigation_msgs/share/gennodejs/ros/fuse_navigation_msgs/msg/ExecuteTaskAction.js, /home/makarand/Documents/Navigation_ws/devel/share/gennodejs/ros/fuse_navigation_msgs/msg/ExecuteTaskAction.js)
Linked: (/home/makarand/Documents/Navigation_ws/devel/.private/fuse_navigation_msgs/share/gennodejs/ros/fuse_navigation_msgs/msg/ExecutePathActionResult.js, /home/makarand/Documents/Navigation_ws/devel/share/gennodejs/ros/fuse_navigation_msgs/msg/ExecutePathActionResult.js)
Linked: (/home/makarand/Documents/Navigation_ws/devel/.private/fuse_navigation_msgs/share/gennodejs/ros/fuse_navigation_msgs/msg/ExecuteTaskFeedback.js, /home/makarand/Documents/Navigation_ws/devel/share/gennodejs/ros/fuse_navigation_msgs/msg/ExecuteTaskFeedback.js)
