Determining if the pthread_create exist failed with the following output:
Change Dir: /home/makarand/Documents/Navigation_ws/build/fuse_pathfollowing/CMakeFiles/CMakeTmp

Run Build Command:"/usr/bin/make" "cmTC_5af01/fast"
/usr/bin/make -f CMakeFiles/cmTC_5af01.dir/build.make CMakeFiles/cmTC_5af01.dir/build
make[1]: Entering directory '/home/makarand/Documents/Navigation_ws/build/fuse_pathfollowing/CMakeFiles/CMakeTmp'
Building C object CMakeFiles/cmTC_5af01.dir/CheckSymbolExists.c.o
/usr/bin/cc    -o CMakeFiles/cmTC_5af01.dir/CheckSymbolExists.c.o   -c /home/makarand/Documents/Navigation_ws/build/fuse_pathfollowing/CMakeFiles/CMakeTmp/CheckSymbolExists.c
Linking C executable cmTC_5af01
/usr/bin/cmake -E cmake_link_script CMakeFiles/cmTC_5af01.dir/link.txt --verbose=1
/usr/bin/cc      -rdynamic CMakeFiles/cmTC_5af01.dir/CheckSymbolExists.c.o  -o cmTC_5af01 
CMakeFiles/cmTC_5af01.dir/CheckSymbolExists.c.o: In function `main':
CheckSymbolExists.c:(.text+0x1b): undefined reference to `pthread_create'
collect2: error: ld returned 1 exit status
CMakeFiles/cmTC_5af01.dir/build.make:97: recipe for target 'cmTC_5af01' failed
make[1]: *** [cmTC_5af01] Error 1
make[1]: Leaving directory '/home/makarand/Documents/Navigation_ws/build/fuse_pathfollowing/CMakeFiles/CMakeTmp'
Makefile:126: recipe for target 'cmTC_5af01/fast' failed
make: *** [cmTC_5af01/fast] Error 2

File /home/makarand/Documents/Navigation_ws/build/fuse_pathfollowing/CMakeFiles/CMakeTmp/CheckSymbolExists.c:
/* */
#include <pthread.h>

int main(int argc, char** argv)
{
  (void)argv;
#ifndef pthread_create
  return ((int*)(&pthread_create))[argc];
#else
  (void)argc;
  return 0;
#endif
}

Determining if the function pthread_create exists in the pthreads failed with the following output:
Change Dir: /home/makarand/Documents/Navigation_ws/build/fuse_pathfollowing/CMakeFiles/CMakeTmp

Run Build Command:"/usr/bin/make" "cmTC_95fe2/fast"
/usr/bin/make -f CMakeFiles/cmTC_95fe2.dir/build.make CMakeFiles/cmTC_95fe2.dir/build
make[1]: Entering directory '/home/makarand/Documents/Navigation_ws/build/fuse_pathfollowing/CMakeFiles/CMakeTmp'
Building C object CMakeFiles/cmTC_95fe2.dir/CheckFunctionExists.c.o
/usr/bin/cc   -DCHECK_FUNCTION_EXISTS=pthread_create   -o CMakeFiles/cmTC_95fe2.dir/CheckFunctionExists.c.o   -c /usr/share/cmake-3.10/Modules/CheckFunctionExists.c
Linking C executable cmTC_95fe2
/usr/bin/cmake -E cmake_link_script CMakeFiles/cmTC_95fe2.dir/link.txt --verbose=1
/usr/bin/cc  -DCHECK_FUNCTION_EXISTS=pthread_create    -rdynamic CMakeFiles/cmTC_95fe2.dir/CheckFunctionExists.c.o  -o cmTC_95fe2 -lpthreads 
/usr/bin/ld: cannot find -lpthreads
collect2: error: ld returned 1 exit status
CMakeFiles/cmTC_95fe2.dir/build.make:97: recipe for target 'cmTC_95fe2' failed
make[1]: *** [cmTC_95fe2] Error 1
make[1]: Leaving directory '/home/makarand/Documents/Navigation_ws/build/fuse_pathfollowing/CMakeFiles/CMakeTmp'
Makefile:126: recipe for target 'cmTC_95fe2/fast' failed
make: *** [cmTC_95fe2/fast] Error 2


