Linked: (/home/makarand/Documents/Navigation_ws/devel/.private/fuse_pathfollowing_msgs/lib/pkgconfig/fuse_pathfollowing_msgs.pc, /home/makarand/Documents/Navigation_ws/devel/lib/pkgconfig/fuse_pathfollowing_msgs.pc)
Linked: (/home/makarand/Documents/Navigation_ws/devel/.private/fuse_pathfollowing_msgs/lib/python2.7/dist-packages/fuse_pathfollowing_msgs/__init__.py, /home/makarand/Documents/Navigation_ws/devel/lib/python2.7/dist-packages/fuse_pathfollowing_msgs/__init__.py)
Linked: (/home/makarand/Documents/Navigation_ws/devel/.private/fuse_pathfollowing_msgs/lib/python2.7/dist-packages/fuse_pathfollowing_msgs/msg/_UpdatePathGoal.py, /home/makarand/Documents/Navigation_ws/devel/lib/python2.7/dist-packages/fuse_pathfollowing_msgs/msg/_UpdatePathGoal.py)
Linked: (/home/makarand/Documents/Navigation_ws/devel/.private/fuse_pathfollowing_msgs/lib/python2.7/dist-packages/fuse_pathfollowing_msgs/msg/_Segment.py, /home/makarand/Documents/Navigation_ws/devel/lib/python2.7/dist-packages/fuse_pathfollowing_msgs/msg/_Segment.py)
Linked: (/home/makarand/Documents/Navigation_ws/devel/.private/fuse_pathfollowing_msgs/lib/python2.7/dist-packages/fuse_pathfollowing_msgs/msg/_UpdatePathFeedback.py, /home/makarand/Documents/Navigation_ws/devel/lib/python2.7/dist-packages/fuse_pathfollowing_msgs/msg/_UpdatePathFeedback.py)
Linked: (/home/makarand/Documents/Navigation_ws/devel/.private/fuse_pathfollowing_msgs/lib/python2.7/dist-packages/fuse_pathfollowing_msgs/msg/_UpdatePathActionFeedback.py, /home/makarand/Documents/Navigation_ws/devel/lib/python2.7/dist-packages/fuse_pathfollowing_msgs/msg/_UpdatePathActionFeedback.py)
Linked: (/home/makarand/Documents/Navigation_ws/devel/.private/fuse_pathfollowing_msgs/lib/python2.7/dist-packages/fuse_pathfollowing_msgs/msg/_DebugMetrics.py, /home/makarand/Documents/Navigation_ws/devel/lib/python2.7/dist-packages/fuse_pathfollowing_msgs/msg/_DebugMetrics.py)
Linked: (/home/makarand/Documents/Navigation_ws/devel/.private/fuse_pathfollowing_msgs/lib/python2.7/dist-packages/fuse_pathfollowing_msgs/msg/_UpdatePathActionGoal.py, /home/makarand/Documents/Navigation_ws/devel/lib/python2.7/dist-packages/fuse_pathfollowing_msgs/msg/_UpdatePathActionGoal.py)
Linked: (/home/makarand/Documents/Navigation_ws/devel/.private/fuse_pathfollowing_msgs/lib/python2.7/dist-packages/fuse_pathfollowing_msgs/msg/_Path.py, /home/makarand/Documents/Navigation_ws/devel/lib/python2.7/dist-packages/fuse_pathfollowing_msgs/msg/_Path.py)
Linked: (/home/makarand/Documents/Navigation_ws/devel/.private/fuse_pathfollowing_msgs/lib/python2.7/dist-packages/fuse_pathfollowing_msgs/msg/_UpdatePathAction.py, /home/makarand/Documents/Navigation_ws/devel/lib/python2.7/dist-packages/fuse_pathfollowing_msgs/msg/_UpdatePathAction.py)
Linked: (/home/makarand/Documents/Navigation_ws/devel/.private/fuse_pathfollowing_msgs/lib/python2.7/dist-packages/fuse_pathfollowing_msgs/msg/_UpdatePathActionResult.py, /home/makarand/Documents/Navigation_ws/devel/lib/python2.7/dist-packages/fuse_pathfollowing_msgs/msg/_UpdatePathActionResult.py)
Linked: (/home/makarand/Documents/Navigation_ws/devel/.private/fuse_pathfollowing_msgs/lib/python2.7/dist-packages/fuse_pathfollowing_msgs/msg/_UpdatePathResult.py, /home/makarand/Documents/Navigation_ws/devel/lib/python2.7/dist-packages/fuse_pathfollowing_msgs/msg/_UpdatePathResult.py)
Linked: (/home/makarand/Documents/Navigation_ws/devel/.private/fuse_pathfollowing_msgs/lib/python2.7/dist-packages/fuse_pathfollowing_msgs/msg/_PIDMetrics.py, /home/makarand/Documents/Navigation_ws/devel/lib/python2.7/dist-packages/fuse_pathfollowing_msgs/msg/_PIDMetrics.py)
Linked: (/home/makarand/Documents/Navigation_ws/devel/.private/fuse_pathfollowing_msgs/lib/python2.7/dist-packages/fuse_pathfollowing_msgs/msg/__init__.py, /home/makarand/Documents/Navigation_ws/devel/lib/python2.7/dist-packages/fuse_pathfollowing_msgs/msg/__init__.py)
Linked: (/home/makarand/Documents/Navigation_ws/devel/.private/fuse_pathfollowing_msgs/include/fuse_pathfollowing_msgs/Path.h, /home/makarand/Documents/Navigation_ws/devel/include/fuse_pathfollowing_msgs/Path.h)
Linked: (/home/makarand/Documents/Navigation_ws/devel/.private/fuse_pathfollowing_msgs/include/fuse_pathfollowing_msgs/PIDMetrics.h, /home/makarand/Documents/Navigation_ws/devel/include/fuse_pathfollowing_msgs/PIDMetrics.h)
Linked: (/home/makarand/Documents/Navigation_ws/devel/.private/fuse_pathfollowing_msgs/include/fuse_pathfollowing_msgs/DebugMetrics.h, /home/makarand/Documents/Navigation_ws/devel/include/fuse_pathfollowing_msgs/DebugMetrics.h)
Linked: (/home/makarand/Documents/Navigation_ws/devel/.private/fuse_pathfollowing_msgs/include/fuse_pathfollowing_msgs/UpdatePathActionGoal.h, /home/makarand/Documents/Navigation_ws/devel/include/fuse_pathfollowing_msgs/UpdatePathActionGoal.h)
Linked: (/home/makarand/Documents/Navigation_ws/devel/.private/fuse_pathfollowing_msgs/include/fuse_pathfollowing_msgs/UpdatePathAction.h, /home/makarand/Documents/Navigation_ws/devel/include/fuse_pathfollowing_msgs/UpdatePathAction.h)
Linked: (/home/makarand/Documents/Navigation_ws/devel/.private/fuse_pathfollowing_msgs/include/fuse_pathfollowing_msgs/Segment.h, /home/makarand/Documents/Navigation_ws/devel/include/fuse_pathfollowing_msgs/Segment.h)
Linked: (/home/makarand/Documents/Navigation_ws/devel/.private/fuse_pathfollowing_msgs/include/fuse_pathfollowing_msgs/UpdatePathFeedback.h, /home/makarand/Documents/Navigation_ws/devel/include/fuse_pathfollowing_msgs/UpdatePathFeedback.h)
Linked: (/home/makarand/Documents/Navigation_ws/devel/.private/fuse_pathfollowing_msgs/include/fuse_pathfollowing_msgs/UpdatePathResult.h, /home/makarand/Documents/Navigation_ws/devel/include/fuse_pathfollowing_msgs/UpdatePathResult.h)
Linked: (/home/makarand/Documents/Navigation_ws/devel/.private/fuse_pathfollowing_msgs/include/fuse_pathfollowing_msgs/UpdatePathGoal.h, /home/makarand/Documents/Navigation_ws/devel/include/fuse_pathfollowing_msgs/UpdatePathGoal.h)
Linked: (/home/makarand/Documents/Navigation_ws/devel/.private/fuse_pathfollowing_msgs/include/fuse_pathfollowing_msgs/UpdatePathActionResult.h, /home/makarand/Documents/Navigation_ws/devel/include/fuse_pathfollowing_msgs/UpdatePathActionResult.h)
Linked: (/home/makarand/Documents/Navigation_ws/devel/.private/fuse_pathfollowing_msgs/include/fuse_pathfollowing_msgs/UpdatePathActionFeedback.h, /home/makarand/Documents/Navigation_ws/devel/include/fuse_pathfollowing_msgs/UpdatePathActionFeedback.h)
Linked: (/home/makarand/Documents/Navigation_ws/devel/.private/fuse_pathfollowing_msgs/share/common-lisp/ros/fuse_pathfollowing_msgs/msg/_package_UpdatePathActionFeedback.lisp, /home/makarand/Documents/Navigation_ws/devel/share/common-lisp/ros/fuse_pathfollowing_msgs/msg/_package_UpdatePathActionFeedback.lisp)
Linked: (/home/makarand/Documents/Navigation_ws/devel/.private/fuse_pathfollowing_msgs/share/common-lisp/ros/fuse_pathfollowing_msgs/msg/_package_UpdatePathAction.lisp, /home/makarand/Documents/Navigation_ws/devel/share/common-lisp/ros/fuse_pathfollowing_msgs/msg/_package_UpdatePathAction.lisp)
Linked: (/home/makarand/Documents/Navigation_ws/devel/.private/fuse_pathfollowing_msgs/share/common-lisp/ros/fuse_pathfollowing_msgs/msg/UpdatePathAction.lisp, /home/makarand/Documents/Navigation_ws/devel/share/common-lisp/ros/fuse_pathfollowing_msgs/msg/UpdatePathAction.lisp)
Linked: (/home/makarand/Documents/Navigation_ws/devel/.private/fuse_pathfollowing_msgs/share/common-lisp/ros/fuse_pathfollowing_msgs/msg/UpdatePathFeedback.lisp, /home/makarand/Documents/Navigation_ws/devel/share/common-lisp/ros/fuse_pathfollowing_msgs/msg/UpdatePathFeedback.lisp)
Linked: (/home/makarand/Documents/Navigation_ws/devel/.private/fuse_pathfollowing_msgs/share/common-lisp/ros/fuse_pathfollowing_msgs/msg/_package_Path.lisp, /home/makarand/Documents/Navigation_ws/devel/share/common-lisp/ros/fuse_pathfollowing_msgs/msg/_package_Path.lisp)
Linked: (/home/makarand/Documents/Navigation_ws/devel/.private/fuse_pathfollowing_msgs/share/common-lisp/ros/fuse_pathfollowing_msgs/msg/_package_UpdatePathFeedback.lisp, /home/makarand/Documents/Navigation_ws/devel/share/common-lisp/ros/fuse_pathfollowing_msgs/msg/_package_UpdatePathFeedback.lisp)
Linked: (/home/makarand/Documents/Navigation_ws/devel/.private/fuse_pathfollowing_msgs/share/common-lisp/ros/fuse_pathfollowing_msgs/msg/UpdatePathActionFeedback.lisp, /home/makarand/Documents/Navigation_ws/devel/share/common-lisp/ros/fuse_pathfollowing_msgs/msg/UpdatePathActionFeedback.lisp)
Linked: (/home/makarand/Documents/Navigation_ws/devel/.private/fuse_pathfollowing_msgs/share/common-lisp/ros/fuse_pathfollowing_msgs/msg/PIDMetrics.lisp, /home/makarand/Documents/Navigation_ws/devel/share/common-lisp/ros/fuse_pathfollowing_msgs/msg/PIDMetrics.lisp)
Linked: (/home/makarand/Documents/Navigation_ws/devel/.private/fuse_pathfollowing_msgs/share/common-lisp/ros/fuse_pathfollowing_msgs/msg/_package_UpdatePathActionResult.lisp, /home/makarand/Documents/Navigation_ws/devel/share/common-lisp/ros/fuse_pathfollowing_msgs/msg/_package_UpdatePathActionResult.lisp)
Linked: (/home/makarand/Documents/Navigation_ws/devel/.private/fuse_pathfollowing_msgs/share/common-lisp/ros/fuse_pathfollowing_msgs/msg/UpdatePathActionResult.lisp, /home/makarand/Documents/Navigation_ws/devel/share/common-lisp/ros/fuse_pathfollowing_msgs/msg/UpdatePathActionResult.lisp)
Linked: (/home/makarand/Documents/Navigation_ws/devel/.private/fuse_pathfollowing_msgs/share/common-lisp/ros/fuse_pathfollowing_msgs/msg/_package_Segment.lisp, /home/makarand/Documents/Navigation_ws/devel/share/common-lisp/ros/fuse_pathfollowing_msgs/msg/_package_Segment.lisp)
Linked: (/home/makarand/Documents/Navigation_ws/devel/.private/fuse_pathfollowing_msgs/share/common-lisp/ros/fuse_pathfollowing_msgs/msg/_package.lisp, /home/makarand/Documents/Navigation_ws/devel/share/common-lisp/ros/fuse_pathfollowing_msgs/msg/_package.lisp)
Linked: (/home/makarand/Documents/Navigation_ws/devel/.private/fuse_pathfollowing_msgs/share/common-lisp/ros/fuse_pathfollowing_msgs/msg/UpdatePathActionGoal.lisp, /home/makarand/Documents/Navigation_ws/devel/share/common-lisp/ros/fuse_pathfollowing_msgs/msg/UpdatePathActionGoal.lisp)
Linked: (/home/makarand/Documents/Navigation_ws/devel/.private/fuse_pathfollowing_msgs/share/common-lisp/ros/fuse_pathfollowing_msgs/msg/_package_UpdatePathActionGoal.lisp, /home/makarand/Documents/Navigation_ws/devel/share/common-lisp/ros/fuse_pathfollowing_msgs/msg/_package_UpdatePathActionGoal.lisp)
Linked: (/home/makarand/Documents/Navigation_ws/devel/.private/fuse_pathfollowing_msgs/share/common-lisp/ros/fuse_pathfollowing_msgs/msg/_package_PIDMetrics.lisp, /home/makarand/Documents/Navigation_ws/devel/share/common-lisp/ros/fuse_pathfollowing_msgs/msg/_package_PIDMetrics.lisp)
Linked: (/home/makarand/Documents/Navigation_ws/devel/.private/fuse_pathfollowing_msgs/share/common-lisp/ros/fuse_pathfollowing_msgs/msg/fuse_pathfollowing_msgs-msg.asd, /home/makarand/Documents/Navigation_ws/devel/share/common-lisp/ros/fuse_pathfollowing_msgs/msg/fuse_pathfollowing_msgs-msg.asd)
Linked: (/home/makarand/Documents/Navigation_ws/devel/.private/fuse_pathfollowing_msgs/share/common-lisp/ros/fuse_pathfollowing_msgs/msg/UpdatePathGoal.lisp, /home/makarand/Documents/Navigation_ws/devel/share/common-lisp/ros/fuse_pathfollowing_msgs/msg/UpdatePathGoal.lisp)
Linked: (/home/makarand/Documents/Navigation_ws/devel/.private/fuse_pathfollowing_msgs/share/common-lisp/ros/fuse_pathfollowing_msgs/msg/_package_DebugMetrics.lisp, /home/makarand/Documents/Navigation_ws/devel/share/common-lisp/ros/fuse_pathfollowing_msgs/msg/_package_DebugMetrics.lisp)
Linked: (/home/makarand/Documents/Navigation_ws/devel/.private/fuse_pathfollowing_msgs/share/common-lisp/ros/fuse_pathfollowing_msgs/msg/_package_UpdatePathGoal.lisp, /home/makarand/Documents/Navigation_ws/devel/share/common-lisp/ros/fuse_pathfollowing_msgs/msg/_package_UpdatePathGoal.lisp)
Linked: (/home/makarand/Documents/Navigation_ws/devel/.private/fuse_pathfollowing_msgs/share/common-lisp/ros/fuse_pathfollowing_msgs/msg/UpdatePathResult.lisp, /home/makarand/Documents/Navigation_ws/devel/share/common-lisp/ros/fuse_pathfollowing_msgs/msg/UpdatePathResult.lisp)
Linked: (/home/makarand/Documents/Navigation_ws/devel/.private/fuse_pathfollowing_msgs/share/common-lisp/ros/fuse_pathfollowing_msgs/msg/DebugMetrics.lisp, /home/makarand/Documents/Navigation_ws/devel/share/common-lisp/ros/fuse_pathfollowing_msgs/msg/DebugMetrics.lisp)
Linked: (/home/makarand/Documents/Navigation_ws/devel/.private/fuse_pathfollowing_msgs/share/common-lisp/ros/fuse_pathfollowing_msgs/msg/Segment.lisp, /home/makarand/Documents/Navigation_ws/devel/share/common-lisp/ros/fuse_pathfollowing_msgs/msg/Segment.lisp)
Linked: (/home/makarand/Documents/Navigation_ws/devel/.private/fuse_pathfollowing_msgs/share/common-lisp/ros/fuse_pathfollowing_msgs/msg/Path.lisp, /home/makarand/Documents/Navigation_ws/devel/share/common-lisp/ros/fuse_pathfollowing_msgs/msg/Path.lisp)
Linked: (/home/makarand/Documents/Navigation_ws/devel/.private/fuse_pathfollowing_msgs/share/common-lisp/ros/fuse_pathfollowing_msgs/msg/_package_UpdatePathResult.lisp, /home/makarand/Documents/Navigation_ws/devel/share/common-lisp/ros/fuse_pathfollowing_msgs/msg/_package_UpdatePathResult.lisp)
Linked: (/home/makarand/Documents/Navigation_ws/devel/.private/fuse_pathfollowing_msgs/share/roseus/ros/fuse_pathfollowing_msgs/manifest.l, /home/makarand/Documents/Navigation_ws/devel/share/roseus/ros/fuse_pathfollowing_msgs/manifest.l)
Linked: (/home/makarand/Documents/Navigation_ws/devel/.private/fuse_pathfollowing_msgs/share/roseus/ros/fuse_pathfollowing_msgs/msg/DebugMetrics.l, /home/makarand/Documents/Navigation_ws/devel/share/roseus/ros/fuse_pathfollowing_msgs/msg/DebugMetrics.l)
Linked: (/home/makarand/Documents/Navigation_ws/devel/.private/fuse_pathfollowing_msgs/share/roseus/ros/fuse_pathfollowing_msgs/msg/PIDMetrics.l, /home/makarand/Documents/Navigation_ws/devel/share/roseus/ros/fuse_pathfollowing_msgs/msg/PIDMetrics.l)
Linked: (/home/makarand/Documents/Navigation_ws/devel/.private/fuse_pathfollowing_msgs/share/roseus/ros/fuse_pathfollowing_msgs/msg/Path.l, /home/makarand/Documents/Navigation_ws/devel/share/roseus/ros/fuse_pathfollowing_msgs/msg/Path.l)
Linked: (/home/makarand/Documents/Navigation_ws/devel/.private/fuse_pathfollowing_msgs/share/roseus/ros/fuse_pathfollowing_msgs/msg/UpdatePathFeedback.l, /home/makarand/Documents/Navigation_ws/devel/share/roseus/ros/fuse_pathfollowing_msgs/msg/UpdatePathFeedback.l)
Linked: (/home/makarand/Documents/Navigation_ws/devel/.private/fuse_pathfollowing_msgs/share/roseus/ros/fuse_pathfollowing_msgs/msg/Segment.l, /home/makarand/Documents/Navigation_ws/devel/share/roseus/ros/fuse_pathfollowing_msgs/msg/Segment.l)
Linked: (/home/makarand/Documents/Navigation_ws/devel/.private/fuse_pathfollowing_msgs/share/roseus/ros/fuse_pathfollowing_msgs/msg/UpdatePathActionResult.l, /home/makarand/Documents/Navigation_ws/devel/share/roseus/ros/fuse_pathfollowing_msgs/msg/UpdatePathActionResult.l)
Linked: (/home/makarand/Documents/Navigation_ws/devel/.private/fuse_pathfollowing_msgs/share/roseus/ros/fuse_pathfollowing_msgs/msg/UpdatePathAction.l, /home/makarand/Documents/Navigation_ws/devel/share/roseus/ros/fuse_pathfollowing_msgs/msg/UpdatePathAction.l)
Linked: (/home/makarand/Documents/Navigation_ws/devel/.private/fuse_pathfollowing_msgs/share/roseus/ros/fuse_pathfollowing_msgs/msg/UpdatePathActionFeedback.l, /home/makarand/Documents/Navigation_ws/devel/share/roseus/ros/fuse_pathfollowing_msgs/msg/UpdatePathActionFeedback.l)
Linked: (/home/makarand/Documents/Navigation_ws/devel/.private/fuse_pathfollowing_msgs/share/roseus/ros/fuse_pathfollowing_msgs/msg/UpdatePathGoal.l, /home/makarand/Documents/Navigation_ws/devel/share/roseus/ros/fuse_pathfollowing_msgs/msg/UpdatePathGoal.l)
Linked: (/home/makarand/Documents/Navigation_ws/devel/.private/fuse_pathfollowing_msgs/share/roseus/ros/fuse_pathfollowing_msgs/msg/UpdatePathActionGoal.l, /home/makarand/Documents/Navigation_ws/devel/share/roseus/ros/fuse_pathfollowing_msgs/msg/UpdatePathActionGoal.l)
Linked: (/home/makarand/Documents/Navigation_ws/devel/.private/fuse_pathfollowing_msgs/share/roseus/ros/fuse_pathfollowing_msgs/msg/UpdatePathResult.l, /home/makarand/Documents/Navigation_ws/devel/share/roseus/ros/fuse_pathfollowing_msgs/msg/UpdatePathResult.l)
Linked: (/home/makarand/Documents/Navigation_ws/devel/.private/fuse_pathfollowing_msgs/share/fuse_pathfollowing_msgs/msg/UpdatePathFeedback.msg, /home/makarand/Documents/Navigation_ws/devel/share/fuse_pathfollowing_msgs/msg/UpdatePathFeedback.msg)
Linked: (/home/makarand/Documents/Navigation_ws/devel/.private/fuse_pathfollowing_msgs/share/fuse_pathfollowing_msgs/msg/UpdatePathResult.msg, /home/makarand/Documents/Navigation_ws/devel/share/fuse_pathfollowing_msgs/msg/UpdatePathResult.msg)
Linked: (/home/makarand/Documents/Navigation_ws/devel/.private/fuse_pathfollowing_msgs/share/fuse_pathfollowing_msgs/msg/UpdatePathActionGoal.msg, /home/makarand/Documents/Navigation_ws/devel/share/fuse_pathfollowing_msgs/msg/UpdatePathActionGoal.msg)
Linked: (/home/makarand/Documents/Navigation_ws/devel/.private/fuse_pathfollowing_msgs/share/fuse_pathfollowing_msgs/msg/UpdatePathAction.msg, /home/makarand/Documents/Navigation_ws/devel/share/fuse_pathfollowing_msgs/msg/UpdatePathAction.msg)
Linked: (/home/makarand/Documents/Navigation_ws/devel/.private/fuse_pathfollowing_msgs/share/fuse_pathfollowing_msgs/msg/UpdatePathActionResult.msg, /home/makarand/Documents/Navigation_ws/devel/share/fuse_pathfollowing_msgs/msg/UpdatePathActionResult.msg)
Linked: (/home/makarand/Documents/Navigation_ws/devel/.private/fuse_pathfollowing_msgs/share/fuse_pathfollowing_msgs/msg/UpdatePathGoal.msg, /home/makarand/Documents/Navigation_ws/devel/share/fuse_pathfollowing_msgs/msg/UpdatePathGoal.msg)
Linked: (/home/makarand/Documents/Navigation_ws/devel/.private/fuse_pathfollowing_msgs/share/fuse_pathfollowing_msgs/msg/UpdatePathActionFeedback.msg, /home/makarand/Documents/Navigation_ws/devel/share/fuse_pathfollowing_msgs/msg/UpdatePathActionFeedback.msg)
Linked: (/home/makarand/Documents/Navigation_ws/devel/.private/fuse_pathfollowing_msgs/share/fuse_pathfollowing_msgs/cmake/fuse_pathfollowing_msgs-msg-paths.cmake, /home/makarand/Documents/Navigation_ws/devel/share/fuse_pathfollowing_msgs/cmake/fuse_pathfollowing_msgs-msg-paths.cmake)
Linked: (/home/makarand/Documents/Navigation_ws/devel/.private/fuse_pathfollowing_msgs/share/fuse_pathfollowing_msgs/cmake/fuse_pathfollowing_msgsConfig-version.cmake, /home/makarand/Documents/Navigation_ws/devel/share/fuse_pathfollowing_msgs/cmake/fuse_pathfollowing_msgsConfig-version.cmake)
Linked: (/home/makarand/Documents/Navigation_ws/devel/.private/fuse_pathfollowing_msgs/share/fuse_pathfollowing_msgs/cmake/fuse_pathfollowing_msgs-msg-extras.cmake, /home/makarand/Documents/Navigation_ws/devel/share/fuse_pathfollowing_msgs/cmake/fuse_pathfollowing_msgs-msg-extras.cmake)
Linked: (/home/makarand/Documents/Navigation_ws/devel/.private/fuse_pathfollowing_msgs/share/fuse_pathfollowing_msgs/cmake/fuse_pathfollowing_msgsConfig.cmake, /home/makarand/Documents/Navigation_ws/devel/share/fuse_pathfollowing_msgs/cmake/fuse_pathfollowing_msgsConfig.cmake)
Linked: (/home/makarand/Documents/Navigation_ws/devel/.private/fuse_pathfollowing_msgs/share/gennodejs/ros/fuse_pathfollowing_msgs/_index.js, /home/makarand/Documents/Navigation_ws/devel/share/gennodejs/ros/fuse_pathfollowing_msgs/_index.js)
Linked: (/home/makarand/Documents/Navigation_ws/devel/.private/fuse_pathfollowing_msgs/share/gennodejs/ros/fuse_pathfollowing_msgs/msg/_index.js, /home/makarand/Documents/Navigation_ws/devel/share/gennodejs/ros/fuse_pathfollowing_msgs/msg/_index.js)
Linked: (/home/makarand/Documents/Navigation_ws/devel/.private/fuse_pathfollowing_msgs/share/gennodejs/ros/fuse_pathfollowing_msgs/msg/UpdatePathFeedback.js, /home/makarand/Documents/Navigation_ws/devel/share/gennodejs/ros/fuse_pathfollowing_msgs/msg/UpdatePathFeedback.js)
Linked: (/home/makarand/Documents/Navigation_ws/devel/.private/fuse_pathfollowing_msgs/share/gennodejs/ros/fuse_pathfollowing_msgs/msg/UpdatePathActionFeedback.js, /home/makarand/Documents/Navigation_ws/devel/share/gennodejs/ros/fuse_pathfollowing_msgs/msg/UpdatePathActionFeedback.js)
Linked: (/home/makarand/Documents/Navigation_ws/devel/.private/fuse_pathfollowing_msgs/share/gennodejs/ros/fuse_pathfollowing_msgs/msg/DebugMetrics.js, /home/makarand/Documents/Navigation_ws/devel/share/gennodejs/ros/fuse_pathfollowing_msgs/msg/DebugMetrics.js)
Linked: (/home/makarand/Documents/Navigation_ws/devel/.private/fuse_pathfollowing_msgs/share/gennodejs/ros/fuse_pathfollowing_msgs/msg/UpdatePathActionGoal.js, /home/makarand/Documents/Navigation_ws/devel/share/gennodejs/ros/fuse_pathfollowing_msgs/msg/UpdatePathActionGoal.js)
Linked: (/home/makarand/Documents/Navigation_ws/devel/.private/fuse_pathfollowing_msgs/share/gennodejs/ros/fuse_pathfollowing_msgs/msg/Path.js, /home/makarand/Documents/Navigation_ws/devel/share/gennodejs/ros/fuse_pathfollowing_msgs/msg/Path.js)
Linked: (/home/makarand/Documents/Navigation_ws/devel/.private/fuse_pathfollowing_msgs/share/gennodejs/ros/fuse_pathfollowing_msgs/msg/UpdatePathActionResult.js, /home/makarand/Documents/Navigation_ws/devel/share/gennodejs/ros/fuse_pathfollowing_msgs/msg/UpdatePathActionResult.js)
Linked: (/home/makarand/Documents/Navigation_ws/devel/.private/fuse_pathfollowing_msgs/share/gennodejs/ros/fuse_pathfollowing_msgs/msg/Segment.js, /home/makarand/Documents/Navigation_ws/devel/share/gennodejs/ros/fuse_pathfollowing_msgs/msg/Segment.js)
Linked: (/home/makarand/Documents/Navigation_ws/devel/.private/fuse_pathfollowing_msgs/share/gennodejs/ros/fuse_pathfollowing_msgs/msg/UpdatePathGoal.js, /home/makarand/Documents/Navigation_ws/devel/share/gennodejs/ros/fuse_pathfollowing_msgs/msg/UpdatePathGoal.js)
Linked: (/home/makarand/Documents/Navigation_ws/devel/.private/fuse_pathfollowing_msgs/share/gennodejs/ros/fuse_pathfollowing_msgs/msg/UpdatePathResult.js, /home/makarand/Documents/Navigation_ws/devel/share/gennodejs/ros/fuse_pathfollowing_msgs/msg/UpdatePathResult.js)
Linked: (/home/makarand/Documents/Navigation_ws/devel/.private/fuse_pathfollowing_msgs/share/gennodejs/ros/fuse_pathfollowing_msgs/msg/UpdatePathAction.js, /home/makarand/Documents/Navigation_ws/devel/share/gennodejs/ros/fuse_pathfollowing_msgs/msg/UpdatePathAction.js)
Linked: (/home/makarand/Documents/Navigation_ws/devel/.private/fuse_pathfollowing_msgs/share/gennodejs/ros/fuse_pathfollowing_msgs/msg/PIDMetrics.js, /home/makarand/Documents/Navigation_ws/devel/share/gennodejs/ros/fuse_pathfollowing_msgs/msg/PIDMetrics.js)
