[  0%] Built target rt_carriage_controller_msgs_generate_messages_eus
[  0%] Built target sensor_msgs_generate_messages_nodejs
[  0%] Built target rt_mission_msgs_generate_messages_nodejs
[  0%] Built target rt_mission_msgs_generate_messages_py
[  0%] Built target trajectory_msgs_generate_messages_nodejs
[  0%] Built target rt_mission_msgs_generate_messages_cpp
[  0%] Built target rt_carriage_controller_msgs_generate_messages_cpp
[  0%] Built target rt_carriage_controller_msgs_generate_messages_py
[  0%] Built target sensor_msgs_generate_messages_eus
[  0%] Built target geometry_msgs_generate_messages_lisp
[  0%] Built target std_msgs_generate_messages_nodejs
[  0%] Built target roscpp_generate_messages_cpp
[  0%] Built target geometry_msgs_generate_messages_py
[  0%] Built target sensor_msgs_generate_messages_cpp
[ 40%] Built target gazebo_ros_utils
[ 40%] Built target actionlib_generate_messages_cpp
[ 40%] Built target tf_generate_messages_nodejs
[ 40%] Built target sensor_msgs_generate_messages_py
[ 40%] Built target geometry_msgs_generate_messages_nodejs
[ 40%] Built target actionlib_msgs_generate_messages_nodejs
[ 40%] Built target std_msgs_generate_messages_cpp
[ 40%] Built target tf_generate_messages_lisp
[ 40%] Built target nav_msgs_generate_messages_nodejs
[ 40%] Built target std_srvs_generate_messages_eus
[ 40%] Built target roscpp_generate_messages_lisp
[ 40%] Built target gazebo_msgs_generate_messages_lisp
[ 40%] Built target rt_mission_msgs_generate_messages_lisp
[ 40%] Built target roscpp_generate_messages_nodejs
[ 40%] Built target geometry_msgs_generate_messages_eus
[ 40%] Built target std_msgs_generate_messages_lisp
[ 40%] Built target std_msgs_generate_messages_py
[ 40%] Built target roscpp_generate_messages_py
[ 40%] Built target trajectory_msgs_generate_messages_eus
[ 40%] Built target rosgraph_msgs_generate_messages_cpp
[ 40%] Built target gazebo_ros_gencfg
[ 40%] Built target dynamic_reconfigure_generate_messages_cpp
[ 40%] Built target tf_generate_messages_py
[ 40%] Built target gazebo_msgs_generate_messages_nodejs
[ 40%] Built target rosgraph_msgs_generate_messages_lisp
[ 40%] Built target trajectory_msgs_generate_messages_py
[ 40%] Built target std_msgs_generate_messages_eus
[ 40%] Built target gazebo_msgs_generate_messages_py
[ 40%] Built target rosgraph_msgs_generate_messages_eus
[ 40%] Built target rosgraph_msgs_generate_messages_nodejs
[ 40%] Built target actionlib_generate_messages_eus
[ 40%] Built target geometry_msgs_generate_messages_cpp
[ 40%] Built target actionlib_generate_messages_lisp
[ 40%] Built target std_srvs_generate_messages_nodejs
[ 40%] Built target tf_generate_messages_cpp
[ 40%] Built target actionlib_generate_messages_nodejs
[ 40%] Built target actionlib_msgs_generate_messages_cpp
[ 40%] Built target tf_generate_messages_eus
[ 40%] Built target std_srvs_generate_messages_cpp
[ 40%] Built target rosgraph_msgs_generate_messages_py
[ 40%] Built target roscpp_generate_messages_eus
[ 40%] Built target actionlib_msgs_generate_messages_eus
[ 40%] Built target actionlib_msgs_generate_messages_lisp
[ 40%] Built target actionlib_msgs_generate_messages_py
[ 40%] Built target tf2_msgs_generate_messages_py
[ 40%] Built target tf2_msgs_generate_messages_cpp
[ 40%] Built target actionlib_generate_messages_py
[ 40%] Built target tf2_msgs_generate_messages_nodejs
[ 40%] Built target sensor_msgs_generate_messages_lisp
[ 40%] Built target rt_carriage_controller_msgs_generate_messages_nodejs
[ 40%] Built target nav_msgs_generate_messages_cpp
[ 40%] Built target gazebo_msgs_generate_messages_eus
[ 40%] Built target tf2_msgs_generate_messages_eus
[ 40%] Built target nav_msgs_generate_messages_eus
[ 40%] Built target nav_msgs_generate_messages_lisp
[ 40%] Built target std_srvs_generate_messages_py
[ 40%] Built target std_srvs_generate_messages_lisp
[ 40%] Built target rt_mission_msgs_generate_messages_eus
[ 40%] Built target gazebo_msgs_generate_messages_cpp
[ 40%] Built target dynamic_reconfigure_generate_messages_eus
[ 40%] Built target rt_carriage_controller_msgs_generate_messages_lisp
[ 40%] Built target dynamic_reconfigure_generate_messages_lisp
[ 40%] Built target dynamic_reconfigure_generate_messages_nodejs
[ 40%] Built target dynamic_reconfigure_generate_messages_py
[ 40%] Built target tf2_msgs_generate_messages_lisp
[ 40%] Built target nav_msgs_generate_messages_py
[ 40%] Built target dynamic_reconfigure_gencfg
[ 40%] Built target trajectory_msgs_generate_messages_cpp
[ 40%] Built target trajectory_msgs_generate_messages_lisp
[ 40%] Built target rt7520_gazebo_xacro_generated_to_devel_space_
[100%] Built target gazebo_ros_rt7520_vector_math
