Determining if the pthread_create exist failed with the following output:
Change Dir: /home/makarand/Documents/Navigation_ws/build/ar_marker_to_file/CMakeFiles/CMakeTmp

Run Build Command:"/usr/bin/make" "cmTC_6d3e2/fast"
/usr/bin/make -f CMakeFiles/cmTC_6d3e2.dir/build.make CMakeFiles/cmTC_6d3e2.dir/build
make[1]: Entering directory '/home/makarand/Documents/Navigation_ws/build/ar_marker_to_file/CMakeFiles/CMakeTmp'
Building C object CMakeFiles/cmTC_6d3e2.dir/CheckSymbolExists.c.o
/usr/bin/cc    -o CMakeFiles/cmTC_6d3e2.dir/CheckSymbolExists.c.o   -c /home/makarand/Documents/Navigation_ws/build/ar_marker_to_file/CMakeFiles/CMakeTmp/CheckSymbolExists.c
Linking C executable cmTC_6d3e2
/usr/bin/cmake -E cmake_link_script CMakeFiles/cmTC_6d3e2.dir/link.txt --verbose=1
/usr/bin/cc      -rdynamic CMakeFiles/cmTC_6d3e2.dir/CheckSymbolExists.c.o  -o cmTC_6d3e2 
CMakeFiles/cmTC_6d3e2.dir/CheckSymbolExists.c.o: In function `main':
CheckSymbolExists.c:(.text+0x1b): undefined reference to `pthread_create'
collect2: error: ld returned 1 exit status
CMakeFiles/cmTC_6d3e2.dir/build.make:97: recipe for target 'cmTC_6d3e2' failed
make[1]: *** [cmTC_6d3e2] Error 1
make[1]: Leaving directory '/home/makarand/Documents/Navigation_ws/build/ar_marker_to_file/CMakeFiles/CMakeTmp'
Makefile:126: recipe for target 'cmTC_6d3e2/fast' failed
make: *** [cmTC_6d3e2/fast] Error 2

File /home/makarand/Documents/Navigation_ws/build/ar_marker_to_file/CMakeFiles/CMakeTmp/CheckSymbolExists.c:
/* */
#include <pthread.h>

int main(int argc, char** argv)
{
  (void)argv;
#ifndef pthread_create
  return ((int*)(&pthread_create))[argc];
#else
  (void)argc;
  return 0;
#endif
}

Determining if the function pthread_create exists in the pthreads failed with the following output:
Change Dir: /home/makarand/Documents/Navigation_ws/build/ar_marker_to_file/CMakeFiles/CMakeTmp

Run Build Command:"/usr/bin/make" "cmTC_47a55/fast"
/usr/bin/make -f CMakeFiles/cmTC_47a55.dir/build.make CMakeFiles/cmTC_47a55.dir/build
make[1]: Entering directory '/home/makarand/Documents/Navigation_ws/build/ar_marker_to_file/CMakeFiles/CMakeTmp'
Building C object CMakeFiles/cmTC_47a55.dir/CheckFunctionExists.c.o
/usr/bin/cc   -DCHECK_FUNCTION_EXISTS=pthread_create   -o CMakeFiles/cmTC_47a55.dir/CheckFunctionExists.c.o   -c /usr/share/cmake-3.10/Modules/CheckFunctionExists.c
Linking C executable cmTC_47a55
/usr/bin/cmake -E cmake_link_script CMakeFiles/cmTC_47a55.dir/link.txt --verbose=1
/usr/bin/cc  -DCHECK_FUNCTION_EXISTS=pthread_create    -rdynamic CMakeFiles/cmTC_47a55.dir/CheckFunctionExists.c.o  -o cmTC_47a55 -lpthreads 
/usr/bin/ld: cannot find -lpthreads
collect2: error: ld returned 1 exit status
CMakeFiles/cmTC_47a55.dir/build.make:97: recipe for target 'cmTC_47a55' failed
make[1]: *** [cmTC_47a55] Error 1
make[1]: Leaving directory '/home/makarand/Documents/Navigation_ws/build/ar_marker_to_file/CMakeFiles/CMakeTmp'
Makefile:126: recipe for target 'cmTC_47a55/fast' failed
make: *** [cmTC_47a55/fast] Error 2


