[  0%] Built target _accerion_driver_msgs_generate_messages_check_deps_GetMapFeedback
[  0%] Built target _accerion_driver_msgs_generate_messages_check_deps_SearchLoopClosuresActionGoal
[  0%] Built target _accerion_driver_msgs_generate_messages_check_deps_UpdateSensorActionFeedback
[  0%] Built target _accerion_driver_msgs_generate_messages_check_deps_SendG2oAction
[  0%] Built target _accerion_driver_msgs_generate_messages_check_deps_GetMapActionFeedback
[  0%] Built target _accerion_driver_msgs_generate_messages_check_deps_SearchLoopClosuresAction
[  0%] Built target _accerion_driver_msgs_generate_messages_check_deps_UpdateSensorAction
[  0%] Built target _accerion_driver_msgs_generate_messages_check_deps_SendG2oActionFeedback
[  0%] Built target _accerion_driver_msgs_generate_messages_check_deps_SearchLoopClosuresGoal
[  0%] Built target _accerion_driver_msgs_generate_messages_check_deps_SendMapGoal
[  0%] Built target _accerion_driver_msgs_generate_messages_check_deps_GetRecordingsActionFeedback
[  0%] Built target _accerion_driver_msgs_generate_messages_check_deps_ImportG2oActionGoal
[  0%] Built target _accerion_driver_msgs_generate_messages_check_deps_EmptyCommand
[  0%] Built target _accerion_driver_msgs_generate_messages_check_deps_SubsetMapActionResult
[  0%] Built target _accerion_driver_msgs_generate_messages_check_deps_RetrieveLogsAction
[  0%] Built target _accerion_driver_msgs_generate_messages_check_deps_SendMapActionFeedback
[  0%] Built target _accerion_driver_msgs_generate_messages_check_deps_RetrieveLogsActionResult
[  0%] Built target _accerion_driver_msgs_generate_messages_check_deps_SubsetMapGoal
[  0%] Built target _accerion_driver_msgs_generate_messages_check_deps_SubsetMapResult
[  0%] Built target _accerion_driver_msgs_generate_messages_check_deps_SearchLoopClosuresActionFeedback
[  0%] Built target _accerion_driver_msgs_generate_messages_check_deps_RetrieveLogsFeedback
[  0%] Built target _accerion_driver_msgs_generate_messages_check_deps_GetG2oActionGoal
[  0%] Built target _accerion_driver_msgs_generate_messages_check_deps_Pose
[  0%] Built target _accerion_driver_msgs_generate_messages_check_deps_RetrieveLogsActionFeedback
[  0%] Built target _accerion_driver_msgs_generate_messages_check_deps_GetMapResult
[  0%] Built target _accerion_driver_msgs_generate_messages_check_deps_SendG2oFeedback
[  0%] Built target _accerion_driver_msgs_generate_messages_check_deps_ModeCommand
[  0%] Built target _accerion_driver_msgs_generate_messages_check_deps_GetG2oActionFeedback
[  0%] Built target _accerion_driver_msgs_generate_messages_check_deps_DateTime
[  0%] Built target _accerion_driver_msgs_generate_messages_check_deps_SubsetMapActionFeedback
[  0%] Built target _accerion_driver_msgs_generate_messages_check_deps_GetMapActionResult
[  0%] Built target geometry_msgs_generate_messages_eus
[  0%] Built target std_msgs_generate_messages_eus
[  0%] Built target _accerion_driver_msgs_generate_messages_check_deps_SendG2oActionResult
[  0%] Built target _accerion_driver_msgs_generate_messages_check_deps_SetBufferedRecoveryBufferLength
[  0%] Built target _accerion_driver_msgs_generate_messages_check_deps_GetRecordingsResult
[  0%] Built target actionlib_msgs_generate_messages_eus
[  0%] Built target _accerion_driver_msgs_generate_messages_check_deps_SendMapResult
[  0%] Built target _accerion_driver_msgs_generate_messages_check_deps_SubsetMapActionGoal
[  0%] Built target _accerion_driver_msgs_generate_messages_check_deps_RamRomStatsSRV
[  0%] Built target _accerion_driver_msgs_generate_messages_check_deps_GetRecordingsActionGoal
[  0%] Built target _accerion_driver_msgs_generate_messages_check_deps_GetG2oFeedback
[  0%] Built target _accerion_driver_msgs_generate_messages_check_deps_SendG2oActionGoal
[  0%] Built target _accerion_driver_msgs_generate_messages_check_deps_DirSizePart
[  0%] Built target _accerion_driver_msgs_generate_messages_check_deps_UpdateSensorResult
[  0%] Built target _accerion_driver_msgs_generate_messages_check_deps_ImportG2oActionFeedback
[  0%] Built target _accerion_driver_msgs_generate_messages_check_deps_UpdateSensorFeedback
[  0%] Built target _accerion_driver_msgs_generate_messages_check_deps_GetG2oResult
[  0%] Built target _accerion_driver_msgs_generate_messages_check_deps_UpdateSensorActionGoal
[  0%] Built target _accerion_driver_msgs_generate_messages_check_deps_SetArea
[  0%] Built target _accerion_driver_msgs_generate_messages_check_deps_GetRecordingsGoal
[  0%] Built target _accerion_driver_msgs_generate_messages_check_deps_SendG2oGoal
[  0%] Built target _accerion_driver_msgs_generate_messages_check_deps_SubsetMapAction
[  0%] Built target _accerion_driver_msgs_generate_messages_check_deps_MapTransfer
[  0%] Built target _accerion_driver_msgs_generate_messages_check_deps_GetRecordingsAction
[  0%] Built target _accerion_driver_msgs_generate_messages_check_deps_RetrieveLogsGoal
[  0%] Built target _accerion_driver_msgs_generate_messages_check_deps_DriftCorrectionDetails
[  0%] Built target _accerion_driver_msgs_generate_messages_check_deps_SearchLoopClosuresFeedback
[  0%] Built target _accerion_driver_msgs_generate_messages_check_deps_Logs
[  0%] Built target _accerion_driver_msgs_generate_messages_check_deps_SendMapActionResult
[  0%] Built target _accerion_driver_msgs_generate_messages_check_deps_ImportG2oResult
[  0%] Built target _accerion_driver_msgs_generate_messages_check_deps_GetMapAction
[  0%] Built target _accerion_driver_msgs_generate_messages_check_deps_ImportG2oAction
[  0%] Built target _accerion_driver_msgs_generate_messages_check_deps_ParentChildFrames
[  0%] Built target _accerion_driver_msgs_generate_messages_check_deps_UpdateSensorActionResult
[  0%] Built target _accerion_driver_msgs_generate_messages_check_deps_ImportG2oFeedback
[  0%] Built target _accerion_driver_msgs_generate_messages_check_deps_UpdateSensorGoal
[  0%] Built target _accerion_driver_msgs_generate_messages_check_deps_GetG2oGoal
[  0%] Built target _accerion_driver_msgs_generate_messages_check_deps_SendMapAction
[  0%] Built target _accerion_driver_msgs_generate_messages_check_deps_ModeClusterCommand
[  0%] Built target _accerion_driver_msgs_generate_messages_check_deps_SensorDiagnostics
[  0%] Built target _accerion_driver_msgs_generate_messages_check_deps_SetIP
[  0%] Built target _accerion_driver_msgs_generate_messages_check_deps_FileTransfer
[  0%] Built target _accerion_driver_msgs_generate_messages_check_deps_UDPSettings
[  0%] Built target _accerion_driver_msgs_generate_messages_check_deps_SearchLoopClosuresResult
[  0%] Built target _accerion_driver_msgs_generate_messages_check_deps_GetG2oAction
[  0%] Built target _accerion_driver_msgs_generate_messages_check_deps_GetMapGoal
[  0%] Built target _accerion_driver_msgs_generate_messages_check_deps_SecondaryLF
[  0%] Built target _accerion_driver_msgs_generate_messages_check_deps_RamRomStats
[  0%] Built target _accerion_driver_msgs_generate_messages_check_deps_SendMapActionGoal
[  0%] Built target _accerion_driver_msgs_generate_messages_check_deps_GetG2oActionResult
[  0%] Built target _accerion_driver_msgs_generate_messages_check_deps_ImportG2oActionResult
[  0%] Built target _accerion_driver_msgs_generate_messages_check_deps_Cluster
[  0%] Built target _accerion_driver_msgs_generate_messages_check_deps_GetAreas
[  0%] Built target _accerion_driver_msgs_generate_messages_check_deps_RemoveArea
[  0%] Built target _accerion_driver_msgs_generate_messages_check_deps_SearchLoopClosuresActionResult
[  0%] Built target _accerion_driver_msgs_generate_messages_check_deps_GetRecordingsActionResult
[  0%] Built target _accerion_driver_msgs_generate_messages_check_deps_GetRecordingsFeedback
[  0%] Built target _accerion_driver_msgs_generate_messages_check_deps_ImportG2oGoal
[  0%] Built target _accerion_driver_msgs_generate_messages_check_deps_RetrieveLogsActionGoal
[  0%] Built target _accerion_driver_msgs_generate_messages_check_deps_Recordings
[  0%] Built target geometry_msgs_generate_messages_cpp
[  0%] Built target _accerion_driver_msgs_generate_messages_check_deps_GetMapActionGoal
[  0%] Built target _accerion_driver_msgs_generate_messages_check_deps_SendMapFeedback
[  0%] Built target actionlib_msgs_generate_messages_cpp
[  0%] Built target _accerion_driver_msgs_generate_messages_check_deps_RequestCommand
[  0%] Built target std_msgs_generate_messages_py
[  0%] Built target std_msgs_generate_messages_cpp
[  0%] Built target _accerion_driver_msgs_generate_messages_check_deps_SendG2oResult
[  0%] Built target _accerion_driver_msgs_generate_messages_check_deps_SubsetMapFeedback
[  0%] Built target _accerion_driver_msgs_generate_messages_check_deps_StartBufferedRecoveryMode
[  0%] Built target _accerion_driver_msgs_generate_messages_check_deps_RetrieveLogsResult
[  0%] Built target actionlib_msgs_generate_messages_lisp
[  0%] Built target actionlib_msgs_generate_messages_py
[  0%] Built target geometry_msgs_generate_messages_py
[  0%] Built target std_msgs_generate_messages_lisp
[  0%] Built target geometry_msgs_generate_messages_nodejs
[  0%] Built target actionlib_msgs_generate_messages_nodejs
[  0%] Built target geometry_msgs_generate_messages_lisp
[  0%] Built target std_msgs_generate_messages_nodejs
[ 20%] Built target accerion_driver_msgs_generate_messages_eus
[ 40%] Built target accerion_driver_msgs_generate_messages_cpp
[ 60%] Built target accerion_driver_msgs_generate_messages_py
[100%] Built target accerion_driver_msgs_generate_messages_lisp
[100%] Built target accerion_driver_msgs_generate_messages_nodejs
[100%] Built target accerion_driver_msgs_generate_messages
