Symlinking /home/makarand/Documents/shania_triton_ws/devel/lib/pkgconfig/accerion_driver_msgs.pc
Symlinking /home/makarand/Documents/shania_triton_ws/devel/lib/python2.7/dist-packages/accerion_driver_msgs/__init__.py
Symlinking /home/makarand/Documents/shania_triton_ws/devel/lib/python2.7/dist-packages/accerion_driver_msgs/srv/_Logs.py
Symlinking /home/makarand/Documents/shania_triton_ws/devel/lib/python2.7/dist-packages/accerion_driver_msgs/srv/_Recordings.py
Symlinking /home/makarand/Documents/shania_triton_ws/devel/lib/python2.7/dist-packages/accerion_driver_msgs/srv/_SecondaryLF.py
Symlinking /home/makarand/Documents/shania_triton_ws/devel/lib/python2.7/dist-packages/accerion_driver_msgs/srv/_DateTime.py
Symlinking /home/makarand/Documents/shania_triton_ws/devel/lib/python2.7/dist-packages/accerion_driver_msgs/srv/_RemoveArea.py
Symlinking /home/makarand/Documents/shania_triton_ws/devel/lib/python2.7/dist-packages/accerion_driver_msgs/srv/_ParentChildFrames.py
Symlinking /home/makarand/Documents/shania_triton_ws/devel/lib/python2.7/dist-packages/accerion_driver_msgs/srv/_SetIP.py
Symlinking /home/makarand/Documents/shania_triton_ws/devel/lib/python2.7/dist-packages/accerion_driver_msgs/srv/_SetBufferedRecoveryBufferLength.py
Symlinking /home/makarand/Documents/shania_triton_ws/devel/lib/python2.7/dist-packages/accerion_driver_msgs/srv/_StartBufferedRecoveryMode.py
Symlinking /home/makarand/Documents/shania_triton_ws/devel/lib/python2.7/dist-packages/accerion_driver_msgs/srv/_SetArea.py
Symlinking /home/makarand/Documents/shania_triton_ws/devel/lib/python2.7/dist-packages/accerion_driver_msgs/srv/_ModeClusterCommand.py
Symlinking /home/makarand/Documents/shania_triton_ws/devel/lib/python2.7/dist-packages/accerion_driver_msgs/srv/_UDPSettings.py
Symlinking /home/makarand/Documents/shania_triton_ws/devel/lib/python2.7/dist-packages/accerion_driver_msgs/srv/_Cluster.py
Symlinking /home/makarand/Documents/shania_triton_ws/devel/lib/python2.7/dist-packages/accerion_driver_msgs/srv/_GetAreas.py
Symlinking /home/makarand/Documents/shania_triton_ws/devel/lib/python2.7/dist-packages/accerion_driver_msgs/srv/_FileTransfer.py
Symlinking /home/makarand/Documents/shania_triton_ws/devel/lib/python2.7/dist-packages/accerion_driver_msgs/srv/_MapTransfer.py
Symlinking /home/makarand/Documents/shania_triton_ws/devel/lib/python2.7/dist-packages/accerion_driver_msgs/srv/_ModeCommand.py
Symlinking /home/makarand/Documents/shania_triton_ws/devel/lib/python2.7/dist-packages/accerion_driver_msgs/srv/_RequestCommand.py
Symlinking /home/makarand/Documents/shania_triton_ws/devel/lib/python2.7/dist-packages/accerion_driver_msgs/srv/_RamRomStatsSRV.py
Symlinking /home/makarand/Documents/shania_triton_ws/devel/lib/python2.7/dist-packages/accerion_driver_msgs/srv/_EmptyCommand.py
Symlinking /home/makarand/Documents/shania_triton_ws/devel/lib/python2.7/dist-packages/accerion_driver_msgs/srv/_Pose.py
Symlinking /home/makarand/Documents/shania_triton_ws/devel/lib/python2.7/dist-packages/accerion_driver_msgs/srv/__init__.py
Symlinking /home/makarand/Documents/shania_triton_ws/devel/lib/python2.7/dist-packages/accerion_driver_msgs/msg/_SearchLoopClosuresFeedback.py
Symlinking /home/makarand/Documents/shania_triton_ws/devel/lib/python2.7/dist-packages/accerion_driver_msgs/msg/_GetMapGoal.py
Symlinking /home/makarand/Documents/shania_triton_ws/devel/lib/python2.7/dist-packages/accerion_driver_msgs/msg/_SendMapActionFeedback.py
Symlinking /home/makarand/Documents/shania_triton_ws/devel/lib/python2.7/dist-packages/accerion_driver_msgs/msg/_SubsetMapActionResult.py
Symlinking /home/makarand/Documents/shania_triton_ws/devel/lib/python2.7/dist-packages/accerion_driver_msgs/msg/_SensorDiagnostics.py
Symlinking /home/makarand/Documents/shania_triton_ws/devel/lib/python2.7/dist-packages/accerion_driver_msgs/msg/_GetG2oAction.py
Symlinking /home/makarand/Documents/shania_triton_ws/devel/lib/python2.7/dist-packages/accerion_driver_msgs/msg/_GetRecordingsActionGoal.py
Symlinking /home/makarand/Documents/shania_triton_ws/devel/lib/python2.7/dist-packages/accerion_driver_msgs/msg/_GetMapAction.py
Symlinking /home/makarand/Documents/shania_triton_ws/devel/lib/python2.7/dist-packages/accerion_driver_msgs/msg/_DirSizePart.py
Symlinking /home/makarand/Documents/shania_triton_ws/devel/lib/python2.7/dist-packages/accerion_driver_msgs/msg/_GetMapActionFeedback.py
Symlinking /home/makarand/Documents/shania_triton_ws/devel/lib/python2.7/dist-packages/accerion_driver_msgs/msg/_GetMapResult.py
Symlinking /home/makarand/Documents/shania_triton_ws/devel/lib/python2.7/dist-packages/accerion_driver_msgs/msg/_UpdateSensorGoal.py
Symlinking /home/makarand/Documents/shania_triton_ws/devel/lib/python2.7/dist-packages/accerion_driver_msgs/msg/_RetrieveLogsAction.py
Symlinking /home/makarand/Documents/shania_triton_ws/devel/lib/python2.7/dist-packages/accerion_driver_msgs/msg/_SendG2oFeedback.py
Symlinking /home/makarand/Documents/shania_triton_ws/devel/lib/python2.7/dist-packages/accerion_driver_msgs/msg/_GetG2oActionGoal.py
Symlinking /home/makarand/Documents/shania_triton_ws/devel/lib/python2.7/dist-packages/accerion_driver_msgs/msg/_GetG2oResult.py
Symlinking /home/makarand/Documents/shania_triton_ws/devel/lib/python2.7/dist-packages/accerion_driver_msgs/msg/_SubsetMapActionFeedback.py
Symlinking /home/makarand/Documents/shania_triton_ws/devel/lib/python2.7/dist-packages/accerion_driver_msgs/msg/_SearchLoopClosuresGoal.py
Symlinking /home/makarand/Documents/shania_triton_ws/devel/lib/python2.7/dist-packages/accerion_driver_msgs/msg/_SendMapActionGoal.py
Symlinking /home/makarand/Documents/shania_triton_ws/devel/lib/python2.7/dist-packages/accerion_driver_msgs/msg/_GetMapActionResult.py
Symlinking /home/makarand/Documents/shania_triton_ws/devel/lib/python2.7/dist-packages/accerion_driver_msgs/msg/_RetrieveLogsActionResult.py
Symlinking /home/makarand/Documents/shania_triton_ws/devel/lib/python2.7/dist-packages/accerion_driver_msgs/msg/_ImportG2oActionGoal.py
Symlinking /home/makarand/Documents/shania_triton_ws/devel/lib/python2.7/dist-packages/accerion_driver_msgs/msg/_SearchLoopClosuresActionResult.py
Symlinking /home/makarand/Documents/shania_triton_ws/devel/lib/python2.7/dist-packages/accerion_driver_msgs/msg/_GetG2oActionFeedback.py
Symlinking /home/makarand/Documents/shania_triton_ws/devel/lib/python2.7/dist-packages/accerion_driver_msgs/msg/_SendMapFeedback.py
Symlinking /home/makarand/Documents/shania_triton_ws/devel/lib/python2.7/dist-packages/accerion_driver_msgs/msg/_RetrieveLogsActionFeedback.py
Symlinking /home/makarand/Documents/shania_triton_ws/devel/lib/python2.7/dist-packages/accerion_driver_msgs/msg/_GetG2oFeedback.py
Symlinking /home/makarand/Documents/shania_triton_ws/devel/lib/python2.7/dist-packages/accerion_driver_msgs/msg/_RetrieveLogsActionGoal.py
Symlinking /home/makarand/Documents/shania_triton_ws/devel/lib/python2.7/dist-packages/accerion_driver_msgs/msg/_ImportG2oActionResult.py
Symlinking /home/makarand/Documents/shania_triton_ws/devel/lib/python2.7/dist-packages/accerion_driver_msgs/msg/_UpdateSensorFeedback.py
Symlinking /home/makarand/Documents/shania_triton_ws/devel/lib/python2.7/dist-packages/accerion_driver_msgs/msg/_SendMapGoal.py
Symlinking /home/makarand/Documents/shania_triton_ws/devel/lib/python2.7/dist-packages/accerion_driver_msgs/msg/_UpdateSensorActionResult.py
Symlinking /home/makarand/Documents/shania_triton_ws/devel/lib/python2.7/dist-packages/accerion_driver_msgs/msg/_ImportG2oAction.py
Symlinking /home/makarand/Documents/shania_triton_ws/devel/lib/python2.7/dist-packages/accerion_driver_msgs/msg/_GetRecordingsAction.py
Symlinking /home/makarand/Documents/shania_triton_ws/devel/lib/python2.7/dist-packages/accerion_driver_msgs/msg/_RetrieveLogsResult.py
Symlinking /home/makarand/Documents/shania_triton_ws/devel/lib/python2.7/dist-packages/accerion_driver_msgs/msg/_SubsetMapAction.py
Symlinking /home/makarand/Documents/shania_triton_ws/devel/lib/python2.7/dist-packages/accerion_driver_msgs/msg/_SearchLoopClosuresActionGoal.py
Symlinking /home/makarand/Documents/shania_triton_ws/devel/lib/python2.7/dist-packages/accerion_driver_msgs/msg/_UpdateSensorActionGoal.py
Symlinking /home/makarand/Documents/shania_triton_ws/devel/lib/python2.7/dist-packages/accerion_driver_msgs/msg/_ImportG2oFeedback.py
Symlinking /home/makarand/Documents/shania_triton_ws/devel/lib/python2.7/dist-packages/accerion_driver_msgs/msg/_SendG2oActionGoal.py
Symlinking /home/makarand/Documents/shania_triton_ws/devel/lib/python2.7/dist-packages/accerion_driver_msgs/msg/_UpdateSensorResult.py
Symlinking /home/makarand/Documents/shania_triton_ws/devel/lib/python2.7/dist-packages/accerion_driver_msgs/msg/_GetRecordingsActionResult.py
Symlinking /home/makarand/Documents/shania_triton_ws/devel/lib/python2.7/dist-packages/accerion_driver_msgs/msg/_SearchLoopClosuresAction.py
Symlinking /home/makarand/Documents/shania_triton_ws/devel/lib/python2.7/dist-packages/accerion_driver_msgs/msg/_SubsetMapResult.py
Symlinking /home/makarand/Documents/shania_triton_ws/devel/lib/python2.7/dist-packages/accerion_driver_msgs/msg/_SendG2oGoal.py
Symlinking /home/makarand/Documents/shania_triton_ws/devel/lib/python2.7/dist-packages/accerion_driver_msgs/msg/_RetrieveLogsFeedback.py
Symlinking /home/makarand/Documents/shania_triton_ws/devel/lib/python2.7/dist-packages/accerion_driver_msgs/msg/_UpdateSensorActionFeedback.py
Symlinking /home/makarand/Documents/shania_triton_ws/devel/lib/python2.7/dist-packages/accerion_driver_msgs/msg/_SendG2oAction.py
Symlinking /home/makarand/Documents/shania_triton_ws/devel/lib/python2.7/dist-packages/accerion_driver_msgs/msg/_GetMapActionGoal.py
Symlinking /home/makarand/Documents/shania_triton_ws/devel/lib/python2.7/dist-packages/accerion_driver_msgs/msg/_SearchLoopClosuresActionFeedback.py
Symlinking /home/makarand/Documents/shania_triton_ws/devel/lib/python2.7/dist-packages/accerion_driver_msgs/msg/_SubsetMapActionGoal.py
Symlinking /home/makarand/Documents/shania_triton_ws/devel/lib/python2.7/dist-packages/accerion_driver_msgs/msg/_ImportG2oActionFeedback.py
Symlinking /home/makarand/Documents/shania_triton_ws/devel/lib/python2.7/dist-packages/accerion_driver_msgs/msg/_SendMapResult.py
Symlinking /home/makarand/Documents/shania_triton_ws/devel/lib/python2.7/dist-packages/accerion_driver_msgs/msg/_GetRecordingsActionFeedback.py
Symlinking /home/makarand/Documents/shania_triton_ws/devel/lib/python2.7/dist-packages/accerion_driver_msgs/msg/_SendG2oActionResult.py
Symlinking /home/makarand/Documents/shania_triton_ws/devel/lib/python2.7/dist-packages/accerion_driver_msgs/msg/_GetRecordingsResult.py
Symlinking /home/makarand/Documents/shania_triton_ws/devel/lib/python2.7/dist-packages/accerion_driver_msgs/msg/_GetRecordingsFeedback.py
Symlinking /home/makarand/Documents/shania_triton_ws/devel/lib/python2.7/dist-packages/accerion_driver_msgs/msg/_SubsetMapFeedback.py
Symlinking /home/makarand/Documents/shania_triton_ws/devel/lib/python2.7/dist-packages/accerion_driver_msgs/msg/_ImportG2oGoal.py
Symlinking /home/makarand/Documents/shania_triton_ws/devel/lib/python2.7/dist-packages/accerion_driver_msgs/msg/_RetrieveLogsGoal.py
Symlinking /home/makarand/Documents/shania_triton_ws/devel/lib/python2.7/dist-packages/accerion_driver_msgs/msg/_ImportG2oResult.py
Symlinking /home/makarand/Documents/shania_triton_ws/devel/lib/python2.7/dist-packages/accerion_driver_msgs/msg/_UpdateSensorAction.py
Symlinking /home/makarand/Documents/shania_triton_ws/devel/lib/python2.7/dist-packages/accerion_driver_msgs/msg/_SearchLoopClosuresResult.py
Symlinking /home/makarand/Documents/shania_triton_ws/devel/lib/python2.7/dist-packages/accerion_driver_msgs/msg/_SendMapAction.py
Symlinking /home/makarand/Documents/shania_triton_ws/devel/lib/python2.7/dist-packages/accerion_driver_msgs/msg/_DriftCorrectionDetails.py
Symlinking /home/makarand/Documents/shania_triton_ws/devel/lib/python2.7/dist-packages/accerion_driver_msgs/msg/_GetG2oGoal.py
Symlinking /home/makarand/Documents/shania_triton_ws/devel/lib/python2.7/dist-packages/accerion_driver_msgs/msg/_GetG2oActionResult.py
Symlinking /home/makarand/Documents/shania_triton_ws/devel/lib/python2.7/dist-packages/accerion_driver_msgs/msg/_SendG2oActionFeedback.py
Symlinking /home/makarand/Documents/shania_triton_ws/devel/lib/python2.7/dist-packages/accerion_driver_msgs/msg/_RamRomStats.py
Symlinking /home/makarand/Documents/shania_triton_ws/devel/lib/python2.7/dist-packages/accerion_driver_msgs/msg/_SubsetMapGoal.py
Symlinking /home/makarand/Documents/shania_triton_ws/devel/lib/python2.7/dist-packages/accerion_driver_msgs/msg/_GetMapFeedback.py
Symlinking /home/makarand/Documents/shania_triton_ws/devel/lib/python2.7/dist-packages/accerion_driver_msgs/msg/_GetRecordingsGoal.py
Symlinking /home/makarand/Documents/shania_triton_ws/devel/lib/python2.7/dist-packages/accerion_driver_msgs/msg/_SendMapActionResult.py
Symlinking /home/makarand/Documents/shania_triton_ws/devel/lib/python2.7/dist-packages/accerion_driver_msgs/msg/_SendG2oResult.py
Symlinking /home/makarand/Documents/shania_triton_ws/devel/lib/python2.7/dist-packages/accerion_driver_msgs/msg/__init__.py
Symlinking /home/makarand/Documents/shania_triton_ws/devel/include/accerion_driver_msgs/SendMapActionResult.h
Symlinking /home/makarand/Documents/shania_triton_ws/devel/include/accerion_driver_msgs/UDPSettingsRequest.h
Symlinking /home/makarand/Documents/shania_triton_ws/devel/include/accerion_driver_msgs/SubsetMapActionGoal.h
Symlinking /home/makarand/Documents/shania_triton_ws/devel/include/accerion_driver_msgs/Cluster.h
Symlinking /home/makarand/Documents/shania_triton_ws/devel/include/accerion_driver_msgs/SendMapGoal.h
Symlinking /home/makarand/Documents/shania_triton_ws/devel/include/accerion_driver_msgs/SendG2oActionFeedback.h
Symlinking /home/makarand/Documents/shania_triton_ws/devel/include/accerion_driver_msgs/SetAreaRequest.h
Symlinking /home/makarand/Documents/shania_triton_ws/devel/include/accerion_driver_msgs/StartBufferedRecoveryModeRequest.h
Symlinking /home/makarand/Documents/shania_triton_ws/devel/include/accerion_driver_msgs/UpdateSensorActionGoal.h
Symlinking /home/makarand/Documents/shania_triton_ws/devel/include/accerion_driver_msgs/ModeCommandRequest.h
Symlinking /home/makarand/Documents/shania_triton_ws/devel/include/accerion_driver_msgs/SetBufferedRecoveryBufferLengthRequest.h
Symlinking /home/makarand/Documents/shania_triton_ws/devel/include/accerion_driver_msgs/RetrieveLogsResult.h
Symlinking /home/makarand/Documents/shania_triton_ws/devel/include/accerion_driver_msgs/Recordings.h
Symlinking /home/makarand/Documents/shania_triton_ws/devel/include/accerion_driver_msgs/StartBufferedRecoveryModeResponse.h
Symlinking /home/makarand/Documents/shania_triton_ws/devel/include/accerion_driver_msgs/SendMapAction.h
Symlinking /home/makarand/Documents/shania_triton_ws/devel/include/accerion_driver_msgs/SubsetMapAction.h
Symlinking /home/makarand/Documents/shania_triton_ws/devel/include/accerion_driver_msgs/SecondaryLF.h
Symlinking /home/makarand/Documents/shania_triton_ws/devel/include/accerion_driver_msgs/SensorDiagnostics.h
Symlinking /home/makarand/Documents/shania_triton_ws/devel/include/accerion_driver_msgs/FileTransferResponse.h
Symlinking /home/makarand/Documents/shania_triton_ws/devel/include/accerion_driver_msgs/SendG2oAction.h
Symlinking /home/makarand/Documents/shania_triton_ws/devel/include/accerion_driver_msgs/LogsRequest.h
Symlinking /home/makarand/Documents/shania_triton_ws/devel/include/accerion_driver_msgs/SearchLoopClosuresGoal.h
Symlinking /home/makarand/Documents/shania_triton_ws/devel/include/accerion_driver_msgs/EmptyCommand.h
Symlinking /home/makarand/Documents/shania_triton_ws/devel/include/accerion_driver_msgs/ImportG2oAction.h
Symlinking /home/makarand/Documents/shania_triton_ws/devel/include/accerion_driver_msgs/GetG2oActionFeedback.h
Symlinking /home/makarand/Documents/shania_triton_ws/devel/include/accerion_driver_msgs/UpdateSensorAction.h
Symlinking /home/makarand/Documents/shania_triton_ws/devel/include/accerion_driver_msgs/RecordingsResponse.h
Symlinking /home/makarand/Documents/shania_triton_ws/devel/include/accerion_driver_msgs/GetMapAction.h
Symlinking /home/makarand/Documents/shania_triton_ws/devel/include/accerion_driver_msgs/ParentChildFramesResponse.h
Symlinking /home/makarand/Documents/shania_triton_ws/devel/include/accerion_driver_msgs/UpdateSensorActionResult.h
Symlinking /home/makarand/Documents/shania_triton_ws/devel/include/accerion_driver_msgs/ImportG2oGoal.h
Symlinking /home/makarand/Documents/shania_triton_ws/devel/include/accerion_driver_msgs/ModeClusterCommandResponse.h
Symlinking /home/makarand/Documents/shania_triton_ws/devel/include/accerion_driver_msgs/MapTransferResponse.h
Symlinking /home/makarand/Documents/shania_triton_ws/devel/include/accerion_driver_msgs/SetArea.h
Symlinking /home/makarand/Documents/shania_triton_ws/devel/include/accerion_driver_msgs/SearchLoopClosuresActionFeedback.h
Symlinking /home/makarand/Documents/shania_triton_ws/devel/include/accerion_driver_msgs/RamRomStatsSRVRequest.h
Symlinking /home/makarand/Documents/shania_triton_ws/devel/include/accerion_driver_msgs/FileTransfer.h
Symlinking /home/makarand/Documents/shania_triton_ws/devel/include/accerion_driver_msgs/SendMapResult.h
Symlinking /home/makarand/Documents/shania_triton_ws/devel/include/accerion_driver_msgs/UpdateSensorResult.h
Symlinking /home/makarand/Documents/shania_triton_ws/devel/include/accerion_driver_msgs/SubsetMapActionResult.h
Symlinking /home/makarand/Documents/shania_triton_ws/devel/include/accerion_driver_msgs/GetMapFeedback.h
Symlinking /home/makarand/Documents/shania_triton_ws/devel/include/accerion_driver_msgs/ImportG2oActionFeedback.h
Symlinking /home/makarand/Documents/shania_triton_ws/devel/include/accerion_driver_msgs/LogsResponse.h
Symlinking /home/makarand/Documents/shania_triton_ws/devel/include/accerion_driver_msgs/RamRomStatsSRV.h
Symlinking /home/makarand/Documents/shania_triton_ws/devel/include/accerion_driver_msgs/ImportG2oActionResult.h
Symlinking /home/makarand/Documents/shania_triton_ws/devel/include/accerion_driver_msgs/ClusterResponse.h
Symlinking /home/makarand/Documents/shania_triton_ws/devel/include/accerion_driver_msgs/PoseResponse.h
Symlinking /home/makarand/Documents/shania_triton_ws/devel/include/accerion_driver_msgs/ClusterRequest.h
Symlinking /home/makarand/Documents/shania_triton_ws/devel/include/accerion_driver_msgs/SetIPRequest.h
Symlinking /home/makarand/Documents/shania_triton_ws/devel/include/accerion_driver_msgs/ModeClusterCommandRequest.h
Symlinking /home/makarand/Documents/shania_triton_ws/devel/include/accerion_driver_msgs/GetRecordingsGoal.h
Symlinking /home/makarand/Documents/shania_triton_ws/devel/include/accerion_driver_msgs/ImportG2oFeedback.h
Symlinking /home/makarand/Documents/shania_triton_ws/devel/include/accerion_driver_msgs/RequestCommandRequest.h
Symlinking /home/makarand/Documents/shania_triton_ws/devel/include/accerion_driver_msgs/GetMapResult.h
Symlinking /home/makarand/Documents/shania_triton_ws/devel/include/accerion_driver_msgs/DateTimeResponse.h
Symlinking /home/makarand/Documents/shania_triton_ws/devel/include/accerion_driver_msgs/GetMapActionGoal.h
Symlinking /home/makarand/Documents/shania_triton_ws/devel/include/accerion_driver_msgs/GetAreasResponse.h
Symlinking /home/makarand/Documents/shania_triton_ws/devel/include/accerion_driver_msgs/SetBufferedRecoveryBufferLength.h
Symlinking /home/makarand/Documents/shania_triton_ws/devel/include/accerion_driver_msgs/EmptyCommandRequest.h
Symlinking /home/makarand/Documents/shania_triton_ws/devel/include/accerion_driver_msgs/RequestCommandResponse.h
Symlinking /home/makarand/Documents/shania_triton_ws/devel/include/accerion_driver_msgs/MapTransfer.h
Symlinking /home/makarand/Documents/shania_triton_ws/devel/include/accerion_driver_msgs/UpdateSensorActionFeedback.h
Symlinking /home/makarand/Documents/shania_triton_ws/devel/include/accerion_driver_msgs/ModeClusterCommand.h
Symlinking /home/makarand/Documents/shania_triton_ws/devel/include/accerion_driver_msgs/GetRecordingsActionResult.h
Symlinking /home/makarand/Documents/shania_triton_ws/devel/include/accerion_driver_msgs/GetG2oFeedback.h
Symlinking /home/makarand/Documents/shania_triton_ws/devel/include/accerion_driver_msgs/RetrieveLogsAction.h
Symlinking /home/makarand/Documents/shania_triton_ws/devel/include/accerion_driver_msgs/UDPSettingsResponse.h
Symlinking /home/makarand/Documents/shania_triton_ws/devel/include/accerion_driver_msgs/ImportG2oActionGoal.h
Symlinking /home/makarand/Documents/shania_triton_ws/devel/include/accerion_driver_msgs/SecondaryLFResponse.h
Symlinking /home/makarand/Documents/shania_triton_ws/devel/include/accerion_driver_msgs/GetRecordingsActionGoal.h
Symlinking /home/makarand/Documents/shania_triton_ws/devel/include/accerion_driver_msgs/GetMapGoal.h
Symlinking /home/makarand/Documents/shania_triton_ws/devel/include/accerion_driver_msgs/RamRomStats.h
Symlinking /home/makarand/Documents/shania_triton_ws/devel/include/accerion_driver_msgs/GetG2oGoal.h
Symlinking /home/makarand/Documents/shania_triton_ws/devel/include/accerion_driver_msgs/RetrieveLogsActionResult.h
Symlinking /home/makarand/Documents/shania_triton_ws/devel/include/accerion_driver_msgs/RemoveArea.h
Symlinking /home/makarand/Documents/shania_triton_ws/devel/include/accerion_driver_msgs/SearchLoopClosuresFeedback.h
Symlinking /home/makarand/Documents/shania_triton_ws/devel/include/accerion_driver_msgs/RamRomStatsSRVResponse.h
Symlinking /home/makarand/Documents/shania_triton_ws/devel/include/accerion_driver_msgs/GetMapActionFeedback.h
Symlinking /home/makarand/Documents/shania_triton_ws/devel/include/accerion_driver_msgs/GetG2oActionGoal.h
Symlinking /home/makarand/Documents/shania_triton_ws/devel/include/accerion_driver_msgs/MapTransferRequest.h
Symlinking /home/makarand/Documents/shania_triton_ws/devel/include/accerion_driver_msgs/SendG2oGoal.h
Symlinking /home/makarand/Documents/shania_triton_ws/devel/include/accerion_driver_msgs/GetMapActionResult.h
Symlinking /home/makarand/Documents/shania_triton_ws/devel/include/accerion_driver_msgs/SubsetMapGoal.h
Symlinking /home/makarand/Documents/shania_triton_ws/devel/include/accerion_driver_msgs/GetRecordingsResult.h
Symlinking /home/makarand/Documents/shania_triton_ws/devel/include/accerion_driver_msgs/RequestCommand.h
Symlinking /home/makarand/Documents/shania_triton_ws/devel/include/accerion_driver_msgs/GetRecordingsAction.h
Symlinking /home/makarand/Documents/shania_triton_ws/devel/include/accerion_driver_msgs/RetrieveLogsActionGoal.h
Symlinking /home/makarand/Documents/shania_triton_ws/devel/include/accerion_driver_msgs/SecondaryLFRequest.h
Symlinking /home/makarand/Documents/shania_triton_ws/devel/include/accerion_driver_msgs/UpdateSensorGoal.h
Symlinking /home/makarand/Documents/shania_triton_ws/devel/include/accerion_driver_msgs/SetIP.h
Symlinking /home/makarand/Documents/shania_triton_ws/devel/include/accerion_driver_msgs/SendG2oFeedback.h
Symlinking /home/makarand/Documents/shania_triton_ws/devel/include/accerion_driver_msgs/SendMapFeedback.h
Symlinking /home/makarand/Documents/shania_triton_ws/devel/include/accerion_driver_msgs/ModeCommandResponse.h
Symlinking /home/makarand/Documents/shania_triton_ws/devel/include/accerion_driver_msgs/SendG2oActionGoal.h
Symlinking /home/makarand/Documents/shania_triton_ws/devel/include/accerion_driver_msgs/FileTransferRequest.h
Symlinking /home/makarand/Documents/shania_triton_ws/devel/include/accerion_driver_msgs/RetrieveLogsActionFeedback.h
Symlinking /home/makarand/Documents/shania_triton_ws/devel/include/accerion_driver_msgs/SubsetMapFeedback.h
Symlinking /home/makarand/Documents/shania_triton_ws/devel/include/accerion_driver_msgs/GetG2oAction.h
Symlinking /home/makarand/Documents/shania_triton_ws/devel/include/accerion_driver_msgs/RetrieveLogsFeedback.h
Symlinking /home/makarand/Documents/shania_triton_ws/devel/include/accerion_driver_msgs/SetIPResponse.h
Symlinking /home/makarand/Documents/shania_triton_ws/devel/include/accerion_driver_msgs/RemoveAreaRequest.h
Symlinking /home/makarand/Documents/shania_triton_ws/devel/include/accerion_driver_msgs/GetG2oResult.h
Symlinking /home/makarand/Documents/shania_triton_ws/devel/include/accerion_driver_msgs/SetBufferedRecoveryBufferLengthResponse.h
Symlinking /home/makarand/Documents/shania_triton_ws/devel/include/accerion_driver_msgs/SendG2oResult.h
Symlinking /home/makarand/Documents/shania_triton_ws/devel/include/accerion_driver_msgs/Pose.h
Symlinking /home/makarand/Documents/shania_triton_ws/devel/include/accerion_driver_msgs/Logs.h
Symlinking /home/makarand/Documents/shania_triton_ws/devel/include/accerion_driver_msgs/PoseRequest.h
Symlinking /home/makarand/Documents/shania_triton_ws/devel/include/accerion_driver_msgs/GetRecordingsActionFeedback.h
Symlinking /home/makarand/Documents/shania_triton_ws/devel/include/accerion_driver_msgs/SendMapActionGoal.h
Symlinking /home/makarand/Documents/shania_triton_ws/devel/include/accerion_driver_msgs/DateTimeRequest.h
Symlinking /home/makarand/Documents/shania_triton_ws/devel/include/accerion_driver_msgs/GetAreas.h
Symlinking /home/makarand/Documents/shania_triton_ws/devel/include/accerion_driver_msgs/SubsetMapActionFeedback.h
Symlinking /home/makarand/Documents/shania_triton_ws/devel/include/accerion_driver_msgs/SearchLoopClosuresAction.h
Symlinking /home/makarand/Documents/shania_triton_ws/devel/include/accerion_driver_msgs/SearchLoopClosuresActionGoal.h
Symlinking /home/makarand/Documents/shania_triton_ws/devel/include/accerion_driver_msgs/ImportG2oResult.h
Symlinking /home/makarand/Documents/shania_triton_ws/devel/include/accerion_driver_msgs/UDPSettings.h
Symlinking /home/makarand/Documents/shania_triton_ws/devel/include/accerion_driver_msgs/UpdateSensorFeedback.h
Symlinking /home/makarand/Documents/shania_triton_ws/devel/include/accerion_driver_msgs/RecordingsRequest.h
Symlinking /home/makarand/Documents/shania_triton_ws/devel/include/accerion_driver_msgs/GetAreasRequest.h
Symlinking /home/makarand/Documents/shania_triton_ws/devel/include/accerion_driver_msgs/StartBufferedRecoveryMode.h
Symlinking /home/makarand/Documents/shania_triton_ws/devel/include/accerion_driver_msgs/SearchLoopClosuresActionResult.h
Symlinking /home/makarand/Documents/shania_triton_ws/devel/include/accerion_driver_msgs/SendMapActionFeedback.h
Symlinking /home/makarand/Documents/shania_triton_ws/devel/include/accerion_driver_msgs/SearchLoopClosuresResult.h
Symlinking /home/makarand/Documents/shania_triton_ws/devel/include/accerion_driver_msgs/RetrieveLogsGoal.h
Symlinking /home/makarand/Documents/shania_triton_ws/devel/include/accerion_driver_msgs/GetRecordingsFeedback.h
Symlinking /home/makarand/Documents/shania_triton_ws/devel/include/accerion_driver_msgs/EmptyCommandResponse.h
Symlinking /home/makarand/Documents/shania_triton_ws/devel/include/accerion_driver_msgs/SetAreaResponse.h
Symlinking /home/makarand/Documents/shania_triton_ws/devel/include/accerion_driver_msgs/ParentChildFrames.h
Symlinking /home/makarand/Documents/shania_triton_ws/devel/include/accerion_driver_msgs/SendG2oActionResult.h
Symlinking /home/makarand/Documents/shania_triton_ws/devel/include/accerion_driver_msgs/GetG2oActionResult.h
Symlinking /home/makarand/Documents/shania_triton_ws/devel/include/accerion_driver_msgs/ModeCommand.h
Symlinking /home/makarand/Documents/shania_triton_ws/devel/include/accerion_driver_msgs/DirSizePart.h
Symlinking /home/makarand/Documents/shania_triton_ws/devel/include/accerion_driver_msgs/ParentChildFramesRequest.h
Symlinking /home/makarand/Documents/shania_triton_ws/devel/include/accerion_driver_msgs/DriftCorrectionDetails.h
Symlinking /home/makarand/Documents/shania_triton_ws/devel/include/accerion_driver_msgs/RemoveAreaResponse.h
Symlinking /home/makarand/Documents/shania_triton_ws/devel/include/accerion_driver_msgs/SubsetMapResult.h
Symlinking /home/makarand/Documents/shania_triton_ws/devel/include/accerion_driver_msgs/DateTime.h
Symlinking /home/makarand/Documents/shania_triton_ws/devel/share/common-lisp/ros/accerion_driver_msgs/srv/FileTransfer.lisp
Symlinking /home/makarand/Documents/shania_triton_ws/devel/share/common-lisp/ros/accerion_driver_msgs/srv/Logs.lisp
Symlinking /home/makarand/Documents/shania_triton_ws/devel/share/common-lisp/ros/accerion_driver_msgs/srv/_package_ModeCommand.lisp
Symlinking /home/makarand/Documents/shania_triton_ws/devel/share/common-lisp/ros/accerion_driver_msgs/srv/_package_SetIP.lisp
Symlinking /home/makarand/Documents/shania_triton_ws/devel/share/common-lisp/ros/accerion_driver_msgs/srv/_package_Pose.lisp
Symlinking /home/makarand/Documents/shania_triton_ws/devel/share/common-lisp/ros/accerion_driver_msgs/srv/_package_SecondaryLF.lisp
Symlinking /home/makarand/Documents/shania_triton_ws/devel/share/common-lisp/ros/accerion_driver_msgs/srv/accerion_driver_msgs-srv.asd
Symlinking /home/makarand/Documents/shania_triton_ws/devel/share/common-lisp/ros/accerion_driver_msgs/srv/_package_StartBufferedRecoveryMode.lisp
Symlinking /home/makarand/Documents/shania_triton_ws/devel/share/common-lisp/ros/accerion_driver_msgs/srv/SetIP.lisp
Symlinking /home/makarand/Documents/shania_triton_ws/devel/share/common-lisp/ros/accerion_driver_msgs/srv/ModeCommand.lisp
Symlinking /home/makarand/Documents/shania_triton_ws/devel/share/common-lisp/ros/accerion_driver_msgs/srv/_package_RequestCommand.lisp
Symlinking /home/makarand/Documents/shania_triton_ws/devel/share/common-lisp/ros/accerion_driver_msgs/srv/_package_SetBufferedRecoveryBufferLength.lisp
Symlinking /home/makarand/Documents/shania_triton_ws/devel/share/common-lisp/ros/accerion_driver_msgs/srv/RequestCommand.lisp
Symlinking /home/makarand/Documents/shania_triton_ws/devel/share/common-lisp/ros/accerion_driver_msgs/srv/ParentChildFrames.lisp
Symlinking /home/makarand/Documents/shania_triton_ws/devel/share/common-lisp/ros/accerion_driver_msgs/srv/GetAreas.lisp
Symlinking /home/makarand/Documents/shania_triton_ws/devel/share/common-lisp/ros/accerion_driver_msgs/srv/_package_ParentChildFrames.lisp
Symlinking /home/makarand/Documents/shania_triton_ws/devel/share/common-lisp/ros/accerion_driver_msgs/srv/_package_SetArea.lisp
Symlinking /home/makarand/Documents/shania_triton_ws/devel/share/common-lisp/ros/accerion_driver_msgs/srv/_package_ModeClusterCommand.lisp
Symlinking /home/makarand/Documents/shania_triton_ws/devel/share/common-lisp/ros/accerion_driver_msgs/srv/_package_MapTransfer.lisp
Symlinking /home/makarand/Documents/shania_triton_ws/devel/share/common-lisp/ros/accerion_driver_msgs/srv/_package_UDPSettings.lisp
Symlinking /home/makarand/Documents/shania_triton_ws/devel/share/common-lisp/ros/accerion_driver_msgs/srv/_package_RamRomStatsSRV.lisp
Symlinking /home/makarand/Documents/shania_triton_ws/devel/share/common-lisp/ros/accerion_driver_msgs/srv/RemoveArea.lisp
Symlinking /home/makarand/Documents/shania_triton_ws/devel/share/common-lisp/ros/accerion_driver_msgs/srv/ModeClusterCommand.lisp
Symlinking /home/makarand/Documents/shania_triton_ws/devel/share/common-lisp/ros/accerion_driver_msgs/srv/_package_Recordings.lisp
Symlinking /home/makarand/Documents/shania_triton_ws/devel/share/common-lisp/ros/accerion_driver_msgs/srv/_package.lisp
Symlinking /home/makarand/Documents/shania_triton_ws/devel/share/common-lisp/ros/accerion_driver_msgs/srv/SetBufferedRecoveryBufferLength.lisp
Symlinking /home/makarand/Documents/shania_triton_ws/devel/share/common-lisp/ros/accerion_driver_msgs/srv/RamRomStatsSRV.lisp
Symlinking /home/makarand/Documents/shania_triton_ws/devel/share/common-lisp/ros/accerion_driver_msgs/srv/Cluster.lisp
Symlinking /home/makarand/Documents/shania_triton_ws/devel/share/common-lisp/ros/accerion_driver_msgs/srv/UDPSettings.lisp
Symlinking /home/makarand/Documents/shania_triton_ws/devel/share/common-lisp/ros/accerion_driver_msgs/srv/StartBufferedRecoveryMode.lisp
Symlinking /home/makarand/Documents/shania_triton_ws/devel/share/common-lisp/ros/accerion_driver_msgs/srv/MapTransfer.lisp
Symlinking /home/makarand/Documents/shania_triton_ws/devel/share/common-lisp/ros/accerion_driver_msgs/srv/SetArea.lisp
Symlinking /home/makarand/Documents/shania_triton_ws/devel/share/common-lisp/ros/accerion_driver_msgs/srv/_package_GetAreas.lisp
Symlinking /home/makarand/Documents/shania_triton_ws/devel/share/common-lisp/ros/accerion_driver_msgs/srv/Recordings.lisp
Symlinking /home/makarand/Documents/shania_triton_ws/devel/share/common-lisp/ros/accerion_driver_msgs/srv/Pose.lisp
Symlinking /home/makarand/Documents/shania_triton_ws/devel/share/common-lisp/ros/accerion_driver_msgs/srv/_package_Cluster.lisp
Symlinking /home/makarand/Documents/shania_triton_ws/devel/share/common-lisp/ros/accerion_driver_msgs/srv/_package_RemoveArea.lisp
Symlinking /home/makarand/Documents/shania_triton_ws/devel/share/common-lisp/ros/accerion_driver_msgs/srv/_package_EmptyCommand.lisp
Symlinking /home/makarand/Documents/shania_triton_ws/devel/share/common-lisp/ros/accerion_driver_msgs/srv/SecondaryLF.lisp
Symlinking /home/makarand/Documents/shania_triton_ws/devel/share/common-lisp/ros/accerion_driver_msgs/srv/_package_Logs.lisp
Symlinking /home/makarand/Documents/shania_triton_ws/devel/share/common-lisp/ros/accerion_driver_msgs/srv/_package_DateTime.lisp
Symlinking /home/makarand/Documents/shania_triton_ws/devel/share/common-lisp/ros/accerion_driver_msgs/srv/DateTime.lisp
Symlinking /home/makarand/Documents/shania_triton_ws/devel/share/common-lisp/ros/accerion_driver_msgs/srv/EmptyCommand.lisp
Symlinking /home/makarand/Documents/shania_triton_ws/devel/share/common-lisp/ros/accerion_driver_msgs/srv/_package_FileTransfer.lisp
Symlinking /home/makarand/Documents/shania_triton_ws/devel/share/common-lisp/ros/accerion_driver_msgs/msg/ImportG2oActionResult.lisp
Symlinking /home/makarand/Documents/shania_triton_ws/devel/share/common-lisp/ros/accerion_driver_msgs/msg/_package_SendG2oAction.lisp
Symlinking /home/makarand/Documents/shania_triton_ws/devel/share/common-lisp/ros/accerion_driver_msgs/msg/SearchLoopClosuresAction.lisp
Symlinking /home/makarand/Documents/shania_triton_ws/devel/share/common-lisp/ros/accerion_driver_msgs/msg/_package_GetRecordingsAction.lisp
Symlinking /home/makarand/Documents/shania_triton_ws/devel/share/common-lisp/ros/accerion_driver_msgs/msg/_package_DirSizePart.lisp
Symlinking /home/makarand/Documents/shania_triton_ws/devel/share/common-lisp/ros/accerion_driver_msgs/msg/_package_SearchLoopClosuresActionGoal.lisp
Symlinking /home/makarand/Documents/shania_triton_ws/devel/share/common-lisp/ros/accerion_driver_msgs/msg/GetRecordingsActionGoal.lisp
Symlinking /home/makarand/Documents/shania_triton_ws/devel/share/common-lisp/ros/accerion_driver_msgs/msg/GetMapActionGoal.lisp
Symlinking /home/makarand/Documents/shania_triton_ws/devel/share/common-lisp/ros/accerion_driver_msgs/msg/_package_RetrieveLogsActionFeedback.lisp
Symlinking /home/makarand/Documents/shania_triton_ws/devel/share/common-lisp/ros/accerion_driver_msgs/msg/_package_GetG2oGoal.lisp
Symlinking /home/makarand/Documents/shania_triton_ws/devel/share/common-lisp/ros/accerion_driver_msgs/msg/ImportG2oFeedback.lisp
Symlinking /home/makarand/Documents/shania_triton_ws/devel/share/common-lisp/ros/accerion_driver_msgs/msg/_package_UpdateSensorActionResult.lisp
Symlinking /home/makarand/Documents/shania_triton_ws/devel/share/common-lisp/ros/accerion_driver_msgs/msg/SubsetMapGoal.lisp
Symlinking /home/makarand/Documents/shania_triton_ws/devel/share/common-lisp/ros/accerion_driver_msgs/msg/ImportG2oActionGoal.lisp
Symlinking /home/makarand/Documents/shania_triton_ws/devel/share/common-lisp/ros/accerion_driver_msgs/msg/SendG2oActionResult.lisp
Symlinking /home/makarand/Documents/shania_triton_ws/devel/share/common-lisp/ros/accerion_driver_msgs/msg/DriftCorrectionDetails.lisp
Symlinking /home/makarand/Documents/shania_triton_ws/devel/share/common-lisp/ros/accerion_driver_msgs/msg/_package_SubsetMapActionFeedback.lisp
Symlinking /home/makarand/Documents/shania_triton_ws/devel/share/common-lisp/ros/accerion_driver_msgs/msg/_package_SearchLoopClosuresGoal.lisp
Symlinking /home/makarand/Documents/shania_triton_ws/devel/share/common-lisp/ros/accerion_driver_msgs/msg/_package_ImportG2oResult.lisp
Symlinking /home/makarand/Documents/shania_triton_ws/devel/share/common-lisp/ros/accerion_driver_msgs/msg/_package_GetRecordingsResult.lisp
Symlinking /home/makarand/Documents/shania_triton_ws/devel/share/common-lisp/ros/accerion_driver_msgs/msg/UpdateSensorActionGoal.lisp
Symlinking /home/makarand/Documents/shania_triton_ws/devel/share/common-lisp/ros/accerion_driver_msgs/msg/_package_GetG2oActionFeedback.lisp
Symlinking /home/makarand/Documents/shania_triton_ws/devel/share/common-lisp/ros/accerion_driver_msgs/msg/SendMapActionFeedback.lisp
Symlinking /home/makarand/Documents/shania_triton_ws/devel/share/common-lisp/ros/accerion_driver_msgs/msg/_package_SendG2oFeedback.lisp
Symlinking /home/makarand/Documents/shania_triton_ws/devel/share/common-lisp/ros/accerion_driver_msgs/msg/ImportG2oAction.lisp
Symlinking /home/makarand/Documents/shania_triton_ws/devel/share/common-lisp/ros/accerion_driver_msgs/msg/SendG2oActionFeedback.lisp
Symlinking /home/makarand/Documents/shania_triton_ws/devel/share/common-lisp/ros/accerion_driver_msgs/msg/_package_UpdateSensorActionGoal.lisp
Symlinking /home/makarand/Documents/shania_triton_ws/devel/share/common-lisp/ros/accerion_driver_msgs/msg/GetG2oActionGoal.lisp
Symlinking /home/makarand/Documents/shania_triton_ws/devel/share/common-lisp/ros/accerion_driver_msgs/msg/_package_SubsetMapFeedback.lisp
Symlinking /home/makarand/Documents/shania_triton_ws/devel/share/common-lisp/ros/accerion_driver_msgs/msg/_package_GetMapAction.lisp
Symlinking /home/makarand/Documents/shania_triton_ws/devel/share/common-lisp/ros/accerion_driver_msgs/msg/GetG2oAction.lisp
Symlinking /home/makarand/Documents/shania_triton_ws/devel/share/common-lisp/ros/accerion_driver_msgs/msg/SubsetMapAction.lisp
Symlinking /home/makarand/Documents/shania_triton_ws/devel/share/common-lisp/ros/accerion_driver_msgs/msg/_package_DriftCorrectionDetails.lisp
Symlinking /home/makarand/Documents/shania_triton_ws/devel/share/common-lisp/ros/accerion_driver_msgs/msg/GetRecordingsActionResult.lisp
Symlinking /home/makarand/Documents/shania_triton_ws/devel/share/common-lisp/ros/accerion_driver_msgs/msg/RetrieveLogsResult.lisp
Symlinking /home/makarand/Documents/shania_triton_ws/devel/share/common-lisp/ros/accerion_driver_msgs/msg/SendMapGoal.lisp
Symlinking /home/makarand/Documents/shania_triton_ws/devel/share/common-lisp/ros/accerion_driver_msgs/msg/_package_GetG2oActionResult.lisp
Symlinking /home/makarand/Documents/shania_triton_ws/devel/share/common-lisp/ros/accerion_driver_msgs/msg/GetMapAction.lisp
Symlinking /home/makarand/Documents/shania_triton_ws/devel/share/common-lisp/ros/accerion_driver_msgs/msg/_package_SearchLoopClosuresAction.lisp
Symlinking /home/makarand/Documents/shania_triton_ws/devel/share/common-lisp/ros/accerion_driver_msgs/msg/RetrieveLogsAction.lisp
Symlinking /home/makarand/Documents/shania_triton_ws/devel/share/common-lisp/ros/accerion_driver_msgs/msg/ImportG2oResult.lisp
Symlinking /home/makarand/Documents/shania_triton_ws/devel/share/common-lisp/ros/accerion_driver_msgs/msg/SendMapActionResult.lisp
Symlinking /home/makarand/Documents/shania_triton_ws/devel/share/common-lisp/ros/accerion_driver_msgs/msg/SendG2oAction.lisp
Symlinking /home/makarand/Documents/shania_triton_ws/devel/share/common-lisp/ros/accerion_driver_msgs/msg/_package_SendMapResult.lisp
Symlinking /home/makarand/Documents/shania_triton_ws/devel/share/common-lisp/ros/accerion_driver_msgs/msg/_package_SendMapActionFeedback.lisp
Symlinking /home/makarand/Documents/shania_triton_ws/devel/share/common-lisp/ros/accerion_driver_msgs/msg/UpdateSensorActionResult.lisp
Symlinking /home/makarand/Documents/shania_triton_ws/devel/share/common-lisp/ros/accerion_driver_msgs/msg/_package_GetMapActionResult.lisp
Symlinking /home/makarand/Documents/shania_triton_ws/devel/share/common-lisp/ros/accerion_driver_msgs/msg/_package_GetMapActionGoal.lisp
Symlinking /home/makarand/Documents/shania_triton_ws/devel/share/common-lisp/ros/accerion_driver_msgs/msg/SearchLoopClosuresFeedback.lisp
Symlinking /home/makarand/Documents/shania_triton_ws/devel/share/common-lisp/ros/accerion_driver_msgs/msg/_package_RetrieveLogsActionGoal.lisp
Symlinking /home/makarand/Documents/shania_triton_ws/devel/share/common-lisp/ros/accerion_driver_msgs/msg/GetG2oActionFeedback.lisp
Symlinking /home/makarand/Documents/shania_triton_ws/devel/share/common-lisp/ros/accerion_driver_msgs/msg/_package_RamRomStats.lisp
Symlinking /home/makarand/Documents/shania_triton_ws/devel/share/common-lisp/ros/accerion_driver_msgs/msg/GetMapResult.lisp
Symlinking /home/makarand/Documents/shania_triton_ws/devel/share/common-lisp/ros/accerion_driver_msgs/msg/_package_GetMapGoal.lisp
Symlinking /home/makarand/Documents/shania_triton_ws/devel/share/common-lisp/ros/accerion_driver_msgs/msg/_package_SendMapActionResult.lisp
Symlinking /home/makarand/Documents/shania_triton_ws/devel/share/common-lisp/ros/accerion_driver_msgs/msg/SensorDiagnostics.lisp
Symlinking /home/makarand/Documents/shania_triton_ws/devel/share/common-lisp/ros/accerion_driver_msgs/msg/SendMapFeedback.lisp
Symlinking /home/makarand/Documents/shania_triton_ws/devel/share/common-lisp/ros/accerion_driver_msgs/msg/_package_UpdateSensorGoal.lisp
Symlinking /home/makarand/Documents/shania_triton_ws/devel/share/common-lisp/ros/accerion_driver_msgs/msg/GetMapGoal.lisp
Symlinking /home/makarand/Documents/shania_triton_ws/devel/share/common-lisp/ros/accerion_driver_msgs/msg/_package_SendG2oActionGoal.lisp
Symlinking /home/makarand/Documents/shania_triton_ws/devel/share/common-lisp/ros/accerion_driver_msgs/msg/_package_GetMapActionFeedback.lisp
Symlinking /home/makarand/Documents/shania_triton_ws/devel/share/common-lisp/ros/accerion_driver_msgs/msg/SubsetMapFeedback.lisp
Symlinking /home/makarand/Documents/shania_triton_ws/devel/share/common-lisp/ros/accerion_driver_msgs/msg/SendG2oGoal.lisp
Symlinking /home/makarand/Documents/shania_triton_ws/devel/share/common-lisp/ros/accerion_driver_msgs/msg/_package_SendG2oActionFeedback.lisp
Symlinking /home/makarand/Documents/shania_triton_ws/devel/share/common-lisp/ros/accerion_driver_msgs/msg/GetRecordingsResult.lisp
Symlinking /home/makarand/Documents/shania_triton_ws/devel/share/common-lisp/ros/accerion_driver_msgs/msg/GetG2oResult.lisp
Symlinking /home/makarand/Documents/shania_triton_ws/devel/share/common-lisp/ros/accerion_driver_msgs/msg/_package_GetMapFeedback.lisp
Symlinking /home/makarand/Documents/shania_triton_ws/devel/share/common-lisp/ros/accerion_driver_msgs/msg/_package_ImportG2oActionGoal.lisp
Symlinking /home/makarand/Documents/shania_triton_ws/devel/share/common-lisp/ros/accerion_driver_msgs/msg/_package_GetRecordingsActionGoal.lisp
Symlinking /home/makarand/Documents/shania_triton_ws/devel/share/common-lisp/ros/accerion_driver_msgs/msg/GetG2oFeedback.lisp
Symlinking /home/makarand/Documents/shania_triton_ws/devel/share/common-lisp/ros/accerion_driver_msgs/msg/SearchLoopClosuresResult.lisp
Symlinking /home/makarand/Documents/shania_triton_ws/devel/share/common-lisp/ros/accerion_driver_msgs/msg/_package_SendMapAction.lisp
Symlinking /home/makarand/Documents/shania_triton_ws/devel/share/common-lisp/ros/accerion_driver_msgs/msg/accerion_driver_msgs-msg.asd
Symlinking /home/makarand/Documents/shania_triton_ws/devel/share/common-lisp/ros/accerion_driver_msgs/msg/RamRomStats.lisp
Symlinking /home/makarand/Documents/shania_triton_ws/devel/share/common-lisp/ros/accerion_driver_msgs/msg/_package.lisp
Symlinking /home/makarand/Documents/shania_triton_ws/devel/share/common-lisp/ros/accerion_driver_msgs/msg/RetrieveLogsGoal.lisp
Symlinking /home/makarand/Documents/shania_triton_ws/devel/share/common-lisp/ros/accerion_driver_msgs/msg/ImportG2oActionFeedback.lisp
Symlinking /home/makarand/Documents/shania_triton_ws/devel/share/common-lisp/ros/accerion_driver_msgs/msg/_package_RetrieveLogsResult.lisp
Symlinking /home/makarand/Documents/shania_triton_ws/devel/share/common-lisp/ros/accerion_driver_msgs/msg/_package_GetG2oResult.lisp
Symlinking /home/makarand/Documents/shania_triton_ws/devel/share/common-lisp/ros/accerion_driver_msgs/msg/_package_ImportG2oGoal.lisp
Symlinking /home/makarand/Documents/shania_triton_ws/devel/share/common-lisp/ros/accerion_driver_msgs/msg/SendMapResult.lisp
Symlinking /home/makarand/Documents/shania_triton_ws/devel/share/common-lisp/ros/accerion_driver_msgs/msg/_package_RetrieveLogsAction.lisp
Symlinking /home/makarand/Documents/shania_triton_ws/devel/share/common-lisp/ros/accerion_driver_msgs/msg/_package_SearchLoopClosuresActionFeedback.lisp
Symlinking /home/makarand/Documents/shania_triton_ws/devel/share/common-lisp/ros/accerion_driver_msgs/msg/_package_UpdateSensorResult.lisp
Symlinking /home/makarand/Documents/shania_triton_ws/devel/share/common-lisp/ros/accerion_driver_msgs/msg/SendG2oActionGoal.lisp
Symlinking /home/makarand/Documents/shania_triton_ws/devel/share/common-lisp/ros/accerion_driver_msgs/msg/GetRecordingsFeedback.lisp
Symlinking /home/makarand/Documents/shania_triton_ws/devel/share/common-lisp/ros/accerion_driver_msgs/msg/_package_ImportG2oFeedback.lisp
Symlinking /home/makarand/Documents/shania_triton_ws/devel/share/common-lisp/ros/accerion_driver_msgs/msg/_package_UpdateSensorAction.lisp
Symlinking /home/makarand/Documents/shania_triton_ws/devel/share/common-lisp/ros/accerion_driver_msgs/msg/GetRecordingsActionFeedback.lisp
Symlinking /home/makarand/Documents/shania_triton_ws/devel/share/common-lisp/ros/accerion_driver_msgs/msg/UpdateSensorGoal.lisp
Symlinking /home/makarand/Documents/shania_triton_ws/devel/share/common-lisp/ros/accerion_driver_msgs/msg/GetG2oActionResult.lisp
Symlinking /home/makarand/Documents/shania_triton_ws/devel/share/common-lisp/ros/accerion_driver_msgs/msg/_package_GetRecordingsGoal.lisp
Symlinking /home/makarand/Documents/shania_triton_ws/devel/share/common-lisp/ros/accerion_driver_msgs/msg/GetRecordingsGoal.lisp
Symlinking /home/makarand/Documents/shania_triton_ws/devel/share/common-lisp/ros/accerion_driver_msgs/msg/_package_SendMapGoal.lisp
Symlinking /home/makarand/Documents/shania_triton_ws/devel/share/common-lisp/ros/accerion_driver_msgs/msg/ImportG2oGoal.lisp
Symlinking /home/makarand/Documents/shania_triton_ws/devel/share/common-lisp/ros/accerion_driver_msgs/msg/DirSizePart.lisp
Symlinking /home/makarand/Documents/shania_triton_ws/devel/share/common-lisp/ros/accerion_driver_msgs/msg/_package_UpdateSensorActionFeedback.lisp
Symlinking /home/makarand/Documents/shania_triton_ws/devel/share/common-lisp/ros/accerion_driver_msgs/msg/SendMapActionGoal.lisp
Symlinking /home/makarand/Documents/shania_triton_ws/devel/share/common-lisp/ros/accerion_driver_msgs/msg/RetrieveLogsActionResult.lisp
Symlinking /home/makarand/Documents/shania_triton_ws/devel/share/common-lisp/ros/accerion_driver_msgs/msg/SubsetMapActionResult.lisp
Symlinking /home/makarand/Documents/shania_triton_ws/devel/share/common-lisp/ros/accerion_driver_msgs/msg/_package_SubsetMapActionResult.lisp
Symlinking /home/makarand/Documents/shania_triton_ws/devel/share/common-lisp/ros/accerion_driver_msgs/msg/_package_ImportG2oActionFeedback.lisp
Symlinking /home/makarand/Documents/shania_triton_ws/devel/share/common-lisp/ros/accerion_driver_msgs/msg/RetrieveLogsActionFeedback.lisp
Symlinking /home/makarand/Documents/shania_triton_ws/devel/share/common-lisp/ros/accerion_driver_msgs/msg/_package_SubsetMapAction.lisp
Symlinking /home/makarand/Documents/shania_triton_ws/devel/share/common-lisp/ros/accerion_driver_msgs/msg/_package_SubsetMapGoal.lisp
Symlinking /home/makarand/Documents/shania_triton_ws/devel/share/common-lisp/ros/accerion_driver_msgs/msg/_package_RetrieveLogsActionResult.lisp
Symlinking /home/makarand/Documents/shania_triton_ws/devel/share/common-lisp/ros/accerion_driver_msgs/msg/_package_SendG2oResult.lisp
Symlinking /home/makarand/Documents/shania_triton_ws/devel/share/common-lisp/ros/accerion_driver_msgs/msg/SearchLoopClosuresGoal.lisp
Symlinking /home/makarand/Documents/shania_triton_ws/devel/share/common-lisp/ros/accerion_driver_msgs/msg/_package_ImportG2oActionResult.lisp
Symlinking /home/makarand/Documents/shania_triton_ws/devel/share/common-lisp/ros/accerion_driver_msgs/msg/_package_SendMapActionGoal.lisp
Symlinking /home/makarand/Documents/shania_triton_ws/devel/share/common-lisp/ros/accerion_driver_msgs/msg/SendMapAction.lisp
Symlinking /home/makarand/Documents/shania_triton_ws/devel/share/common-lisp/ros/accerion_driver_msgs/msg/_package_GetRecordingsFeedback.lisp
Symlinking /home/makarand/Documents/shania_triton_ws/devel/share/common-lisp/ros/accerion_driver_msgs/msg/GetRecordingsAction.lisp
Symlinking /home/makarand/Documents/shania_triton_ws/devel/share/common-lisp/ros/accerion_driver_msgs/msg/UpdateSensorActionFeedback.lisp
Symlinking /home/makarand/Documents/shania_triton_ws/devel/share/common-lisp/ros/accerion_driver_msgs/msg/_package_SearchLoopClosuresFeedback.lisp
Symlinking /home/makarand/Documents/shania_triton_ws/devel/share/common-lisp/ros/accerion_driver_msgs/msg/GetMapActionFeedback.lisp
Symlinking /home/makarand/Documents/shania_triton_ws/devel/share/common-lisp/ros/accerion_driver_msgs/msg/SubsetMapActionFeedback.lisp
Symlinking /home/makarand/Documents/shania_triton_ws/devel/share/common-lisp/ros/accerion_driver_msgs/msg/SearchLoopClosuresActionResult.lisp
Symlinking /home/makarand/Documents/shania_triton_ws/devel/share/common-lisp/ros/accerion_driver_msgs/msg/_package_ImportG2oAction.lisp
Symlinking /home/makarand/Documents/shania_triton_ws/devel/share/common-lisp/ros/accerion_driver_msgs/msg/_package_RetrieveLogsGoal.lisp
Symlinking /home/makarand/Documents/shania_triton_ws/devel/share/common-lisp/ros/accerion_driver_msgs/msg/_package_GetG2oFeedback.lisp
Symlinking /home/makarand/Documents/shania_triton_ws/devel/share/common-lisp/ros/accerion_driver_msgs/msg/_package_SendG2oActionResult.lisp
Symlinking /home/makarand/Documents/shania_triton_ws/devel/share/common-lisp/ros/accerion_driver_msgs/msg/_package_UpdateSensorFeedback.lisp
Symlinking /home/makarand/Documents/shania_triton_ws/devel/share/common-lisp/ros/accerion_driver_msgs/msg/_package_SendG2oGoal.lisp
Symlinking /home/makarand/Documents/shania_triton_ws/devel/share/common-lisp/ros/accerion_driver_msgs/msg/_package_SendMapFeedback.lisp
Symlinking /home/makarand/Documents/shania_triton_ws/devel/share/common-lisp/ros/accerion_driver_msgs/msg/UpdateSensorAction.lisp
Symlinking /home/makarand/Documents/shania_triton_ws/devel/share/common-lisp/ros/accerion_driver_msgs/msg/UpdateSensorResult.lisp
Symlinking /home/makarand/Documents/shania_triton_ws/devel/share/common-lisp/ros/accerion_driver_msgs/msg/_package_GetRecordingsActionResult.lisp
Symlinking /home/makarand/Documents/shania_triton_ws/devel/share/common-lisp/ros/accerion_driver_msgs/msg/RetrieveLogsActionGoal.lisp
Symlinking /home/makarand/Documents/shania_triton_ws/devel/share/common-lisp/ros/accerion_driver_msgs/msg/SubsetMapResult.lisp
Symlinking /home/makarand/Documents/shania_triton_ws/devel/share/common-lisp/ros/accerion_driver_msgs/msg/_package_RetrieveLogsFeedback.lisp
Symlinking /home/makarand/Documents/shania_triton_ws/devel/share/common-lisp/ros/accerion_driver_msgs/msg/_package_GetMapResult.lisp
Symlinking /home/makarand/Documents/shania_triton_ws/devel/share/common-lisp/ros/accerion_driver_msgs/msg/_package_GetG2oAction.lisp
Symlinking /home/makarand/Documents/shania_triton_ws/devel/share/common-lisp/ros/accerion_driver_msgs/msg/_package_SearchLoopClosuresResult.lisp
Symlinking /home/makarand/Documents/shania_triton_ws/devel/share/common-lisp/ros/accerion_driver_msgs/msg/_package_SearchLoopClosuresActionResult.lisp
Symlinking /home/makarand/Documents/shania_triton_ws/devel/share/common-lisp/ros/accerion_driver_msgs/msg/_package_SubsetMapActionGoal.lisp
Symlinking /home/makarand/Documents/shania_triton_ws/devel/share/common-lisp/ros/accerion_driver_msgs/msg/GetG2oGoal.lisp
Symlinking /home/makarand/Documents/shania_triton_ws/devel/share/common-lisp/ros/accerion_driver_msgs/msg/RetrieveLogsFeedback.lisp
Symlinking /home/makarand/Documents/shania_triton_ws/devel/share/common-lisp/ros/accerion_driver_msgs/msg/SearchLoopClosuresActionFeedback.lisp
Symlinking /home/makarand/Documents/shania_triton_ws/devel/share/common-lisp/ros/accerion_driver_msgs/msg/SubsetMapActionGoal.lisp
Symlinking /home/makarand/Documents/shania_triton_ws/devel/share/common-lisp/ros/accerion_driver_msgs/msg/GetMapFeedback.lisp
Symlinking /home/makarand/Documents/shania_triton_ws/devel/share/common-lisp/ros/accerion_driver_msgs/msg/_package_SubsetMapResult.lisp
Symlinking /home/makarand/Documents/shania_triton_ws/devel/share/common-lisp/ros/accerion_driver_msgs/msg/SearchLoopClosuresActionGoal.lisp
Symlinking /home/makarand/Documents/shania_triton_ws/devel/share/common-lisp/ros/accerion_driver_msgs/msg/_package_GetG2oActionGoal.lisp
Symlinking /home/makarand/Documents/shania_triton_ws/devel/share/common-lisp/ros/accerion_driver_msgs/msg/_package_SensorDiagnostics.lisp
Symlinking /home/makarand/Documents/shania_triton_ws/devel/share/common-lisp/ros/accerion_driver_msgs/msg/SendG2oResult.lisp
Symlinking /home/makarand/Documents/shania_triton_ws/devel/share/common-lisp/ros/accerion_driver_msgs/msg/SendG2oFeedback.lisp
Symlinking /home/makarand/Documents/shania_triton_ws/devel/share/common-lisp/ros/accerion_driver_msgs/msg/_package_GetRecordingsActionFeedback.lisp
Symlinking /home/makarand/Documents/shania_triton_ws/devel/share/common-lisp/ros/accerion_driver_msgs/msg/GetMapActionResult.lisp
Symlinking /home/makarand/Documents/shania_triton_ws/devel/share/common-lisp/ros/accerion_driver_msgs/msg/UpdateSensorFeedback.lisp
Symlinking /home/makarand/Documents/shania_triton_ws/devel/share/accerion_driver_msgs/msg/ImportG2oActionResult.msg
Symlinking /home/makarand/Documents/shania_triton_ws/devel/share/accerion_driver_msgs/msg/UpdateSensorGoal.msg
Symlinking /home/makarand/Documents/shania_triton_ws/devel/share/accerion_driver_msgs/msg/GetRecordingsActionFeedback.msg
Symlinking /home/makarand/Documents/shania_triton_ws/devel/share/accerion_driver_msgs/msg/RetrieveLogsActionResult.msg
Symlinking /home/makarand/Documents/shania_triton_ws/devel/share/accerion_driver_msgs/msg/UpdateSensorActionFeedback.msg
Symlinking /home/makarand/Documents/shania_triton_ws/devel/share/accerion_driver_msgs/msg/SendG2oResult.msg
Symlinking /home/makarand/Documents/shania_triton_ws/devel/share/accerion_driver_msgs/msg/GetG2oFeedback.msg
Symlinking /home/makarand/Documents/shania_triton_ws/devel/share/accerion_driver_msgs/msg/SendMapAction.msg
Symlinking /home/makarand/Documents/shania_triton_ws/devel/share/accerion_driver_msgs/msg/RetrieveLogsGoal.msg
Symlinking /home/makarand/Documents/shania_triton_ws/devel/share/accerion_driver_msgs/msg/SubsetMapFeedback.msg
Symlinking /home/makarand/Documents/shania_triton_ws/devel/share/accerion_driver_msgs/msg/GetG2oAction.msg
Symlinking /home/makarand/Documents/shania_triton_ws/devel/share/accerion_driver_msgs/msg/SubsetMapActionFeedback.msg
Symlinking /home/makarand/Documents/shania_triton_ws/devel/share/accerion_driver_msgs/msg/SubsetMapActionResult.msg
Symlinking /home/makarand/Documents/shania_triton_ws/devel/share/accerion_driver_msgs/msg/SendG2oActionGoal.msg
Symlinking /home/makarand/Documents/shania_triton_ws/devel/share/accerion_driver_msgs/msg/UpdateSensorAction.msg
Symlinking /home/makarand/Documents/shania_triton_ws/devel/share/accerion_driver_msgs/msg/GetG2oResult.msg
Symlinking /home/makarand/Documents/shania_triton_ws/devel/share/accerion_driver_msgs/msg/SendMapActionResult.msg
Symlinking /home/makarand/Documents/shania_triton_ws/devel/share/accerion_driver_msgs/msg/GetMapGoal.msg
Symlinking /home/makarand/Documents/shania_triton_ws/devel/share/accerion_driver_msgs/msg/ImportG2oFeedback.msg
Symlinking /home/makarand/Documents/shania_triton_ws/devel/share/accerion_driver_msgs/msg/SearchLoopClosuresResult.msg
Symlinking /home/makarand/Documents/shania_triton_ws/devel/share/accerion_driver_msgs/msg/SearchLoopClosuresActionFeedback.msg
Symlinking /home/makarand/Documents/shania_triton_ws/devel/share/accerion_driver_msgs/msg/GetMapActionFeedback.msg
Symlinking /home/makarand/Documents/shania_triton_ws/devel/share/accerion_driver_msgs/msg/SubsetMapActionGoal.msg
Symlinking /home/makarand/Documents/shania_triton_ws/devel/share/accerion_driver_msgs/msg/GetMapActionResult.msg
Symlinking /home/makarand/Documents/shania_triton_ws/devel/share/accerion_driver_msgs/msg/GetG2oGoal.msg
Symlinking /home/makarand/Documents/shania_triton_ws/devel/share/accerion_driver_msgs/msg/GetRecordingsActionGoal.msg
Symlinking /home/makarand/Documents/shania_triton_ws/devel/share/accerion_driver_msgs/msg/SendMapActionFeedback.msg
Symlinking /home/makarand/Documents/shania_triton_ws/devel/share/accerion_driver_msgs/msg/RetrieveLogsResult.msg
Symlinking /home/makarand/Documents/shania_triton_ws/devel/share/accerion_driver_msgs/msg/GetRecordingsResult.msg
Symlinking /home/makarand/Documents/shania_triton_ws/devel/share/accerion_driver_msgs/msg/ImportG2oAction.msg
Symlinking /home/makarand/Documents/shania_triton_ws/devel/share/accerion_driver_msgs/msg/SendMapActionGoal.msg
Symlinking /home/makarand/Documents/shania_triton_ws/devel/share/accerion_driver_msgs/msg/GetMapResult.msg
Symlinking /home/makarand/Documents/shania_triton_ws/devel/share/accerion_driver_msgs/msg/GetG2oActionGoal.msg
Symlinking /home/makarand/Documents/shania_triton_ws/devel/share/accerion_driver_msgs/msg/GetRecordingsFeedback.msg
Symlinking /home/makarand/Documents/shania_triton_ws/devel/share/accerion_driver_msgs/msg/SearchLoopClosuresAction.msg
Symlinking /home/makarand/Documents/shania_triton_ws/devel/share/accerion_driver_msgs/msg/UpdateSensorActionResult.msg
Symlinking /home/makarand/Documents/shania_triton_ws/devel/share/accerion_driver_msgs/msg/GetG2oActionFeedback.msg
Symlinking /home/makarand/Documents/shania_triton_ws/devel/share/accerion_driver_msgs/msg/SearchLoopClosuresActionGoal.msg
Symlinking /home/makarand/Documents/shania_triton_ws/devel/share/accerion_driver_msgs/msg/RetrieveLogsAction.msg
Symlinking /home/makarand/Documents/shania_triton_ws/devel/share/accerion_driver_msgs/msg/GetRecordingsAction.msg
Symlinking /home/makarand/Documents/shania_triton_ws/devel/share/accerion_driver_msgs/msg/SendMapGoal.msg
Symlinking /home/makarand/Documents/shania_triton_ws/devel/share/accerion_driver_msgs/msg/ImportG2oActionFeedback.msg
Symlinking /home/makarand/Documents/shania_triton_ws/devel/share/accerion_driver_msgs/msg/ImportG2oActionGoal.msg
Symlinking /home/makarand/Documents/shania_triton_ws/devel/share/accerion_driver_msgs/msg/GetRecordingsActionResult.msg
Symlinking /home/makarand/Documents/shania_triton_ws/devel/share/accerion_driver_msgs/msg/SendG2oAction.msg
Symlinking /home/makarand/Documents/shania_triton_ws/devel/share/accerion_driver_msgs/msg/SubsetMapGoal.msg
Symlinking /home/makarand/Documents/shania_triton_ws/devel/share/accerion_driver_msgs/msg/GetMapAction.msg
Symlinking /home/makarand/Documents/shania_triton_ws/devel/share/accerion_driver_msgs/msg/SendMapResult.msg
Symlinking /home/makarand/Documents/shania_triton_ws/devel/share/accerion_driver_msgs/msg/RetrieveLogsFeedback.msg
Symlinking /home/makarand/Documents/shania_triton_ws/devel/share/accerion_driver_msgs/msg/UpdateSensorActionGoal.msg
Symlinking /home/makarand/Documents/shania_triton_ws/devel/share/accerion_driver_msgs/msg/SubsetMapResult.msg
Symlinking /home/makarand/Documents/shania_triton_ws/devel/share/accerion_driver_msgs/msg/ImportG2oGoal.msg
Symlinking /home/makarand/Documents/shania_triton_ws/devel/share/accerion_driver_msgs/msg/RetrieveLogsActionGoal.msg
Symlinking /home/makarand/Documents/shania_triton_ws/devel/share/accerion_driver_msgs/msg/RetrieveLogsActionFeedback.msg
Symlinking /home/makarand/Documents/shania_triton_ws/devel/share/accerion_driver_msgs/msg/ImportG2oResult.msg
Symlinking /home/makarand/Documents/shania_triton_ws/devel/share/accerion_driver_msgs/msg/UpdateSensorResult.msg
Symlinking /home/makarand/Documents/shania_triton_ws/devel/share/accerion_driver_msgs/msg/SendG2oGoal.msg
Symlinking /home/makarand/Documents/shania_triton_ws/devel/share/accerion_driver_msgs/msg/GetG2oActionResult.msg
Symlinking /home/makarand/Documents/shania_triton_ws/devel/share/accerion_driver_msgs/msg/SearchLoopClosuresActionResult.msg
Symlinking /home/makarand/Documents/shania_triton_ws/devel/share/accerion_driver_msgs/msg/SendG2oActionResult.msg
Symlinking /home/makarand/Documents/shania_triton_ws/devel/share/accerion_driver_msgs/msg/SubsetMapAction.msg
Symlinking /home/makarand/Documents/shania_triton_ws/devel/share/accerion_driver_msgs/msg/SearchLoopClosuresGoal.msg
Symlinking /home/makarand/Documents/shania_triton_ws/devel/share/accerion_driver_msgs/msg/GetMapFeedback.msg
Symlinking /home/makarand/Documents/shania_triton_ws/devel/share/accerion_driver_msgs/msg/GetMapActionGoal.msg
Symlinking /home/makarand/Documents/shania_triton_ws/devel/share/accerion_driver_msgs/msg/SearchLoopClosuresFeedback.msg
Symlinking /home/makarand/Documents/shania_triton_ws/devel/share/accerion_driver_msgs/msg/SendMapFeedback.msg
Symlinking /home/makarand/Documents/shania_triton_ws/devel/share/accerion_driver_msgs/msg/SendG2oFeedback.msg
Symlinking /home/makarand/Documents/shania_triton_ws/devel/share/accerion_driver_msgs/msg/GetRecordingsGoal.msg
Symlinking /home/makarand/Documents/shania_triton_ws/devel/share/accerion_driver_msgs/msg/UpdateSensorFeedback.msg
Symlinking /home/makarand/Documents/shania_triton_ws/devel/share/accerion_driver_msgs/msg/SendG2oActionFeedback.msg
Symlinking /home/makarand/Documents/shania_triton_ws/devel/share/accerion_driver_msgs/cmake/accerion_driver_msgs-msg-extras.cmake
Symlinking /home/makarand/Documents/shania_triton_ws/devel/share/accerion_driver_msgs/cmake/accerion_driver_msgsConfig.cmake
Symlinking /home/makarand/Documents/shania_triton_ws/devel/share/accerion_driver_msgs/cmake/accerion_driver_msgs-msg-paths.cmake
Symlinking /home/makarand/Documents/shania_triton_ws/devel/share/accerion_driver_msgs/cmake/accerion_driver_msgsConfig-version.cmake
Symlinking /home/makarand/Documents/shania_triton_ws/devel/share/roseus/ros/accerion_driver_msgs/manifest.l
Symlinking /home/makarand/Documents/shania_triton_ws/devel/share/roseus/ros/accerion_driver_msgs/srv/SecondaryLF.l
Symlinking /home/makarand/Documents/shania_triton_ws/devel/share/roseus/ros/accerion_driver_msgs/srv/GetAreas.l
Symlinking /home/makarand/Documents/shania_triton_ws/devel/share/roseus/ros/accerion_driver_msgs/srv/SetBufferedRecoveryBufferLength.l
Symlinking /home/makarand/Documents/shania_triton_ws/devel/share/roseus/ros/accerion_driver_msgs/srv/ParentChildFrames.l
Symlinking /home/makarand/Documents/shania_triton_ws/devel/share/roseus/ros/accerion_driver_msgs/srv/Logs.l
Symlinking /home/makarand/Documents/shania_triton_ws/devel/share/roseus/ros/accerion_driver_msgs/srv/DateTime.l
Symlinking /home/makarand/Documents/shania_triton_ws/devel/share/roseus/ros/accerion_driver_msgs/srv/StartBufferedRecoveryMode.l
Symlinking /home/makarand/Documents/shania_triton_ws/devel/share/roseus/ros/accerion_driver_msgs/srv/RemoveArea.l
Symlinking /home/makarand/Documents/shania_triton_ws/devel/share/roseus/ros/accerion_driver_msgs/srv/ModeClusterCommand.l
Symlinking /home/makarand/Documents/shania_triton_ws/devel/share/roseus/ros/accerion_driver_msgs/srv/Pose.l
Symlinking /home/makarand/Documents/shania_triton_ws/devel/share/roseus/ros/accerion_driver_msgs/srv/Recordings.l
Symlinking /home/makarand/Documents/shania_triton_ws/devel/share/roseus/ros/accerion_driver_msgs/srv/FileTransfer.l
Symlinking /home/makarand/Documents/shania_triton_ws/devel/share/roseus/ros/accerion_driver_msgs/srv/ModeCommand.l
Symlinking /home/makarand/Documents/shania_triton_ws/devel/share/roseus/ros/accerion_driver_msgs/srv/RequestCommand.l
Symlinking /home/makarand/Documents/shania_triton_ws/devel/share/roseus/ros/accerion_driver_msgs/srv/RamRomStatsSRV.l
Symlinking /home/makarand/Documents/shania_triton_ws/devel/share/roseus/ros/accerion_driver_msgs/srv/Cluster.l
Symlinking /home/makarand/Documents/shania_triton_ws/devel/share/roseus/ros/accerion_driver_msgs/srv/UDPSettings.l
Symlinking /home/makarand/Documents/shania_triton_ws/devel/share/roseus/ros/accerion_driver_msgs/srv/EmptyCommand.l
Symlinking /home/makarand/Documents/shania_triton_ws/devel/share/roseus/ros/accerion_driver_msgs/srv/SetArea.l
Symlinking /home/makarand/Documents/shania_triton_ws/devel/share/roseus/ros/accerion_driver_msgs/srv/SetIP.l
Symlinking /home/makarand/Documents/shania_triton_ws/devel/share/roseus/ros/accerion_driver_msgs/srv/MapTransfer.l
Symlinking /home/makarand/Documents/shania_triton_ws/devel/share/roseus/ros/accerion_driver_msgs/msg/GetRecordingsResult.l
Symlinking /home/makarand/Documents/shania_triton_ws/devel/share/roseus/ros/accerion_driver_msgs/msg/UpdateSensorGoal.l
Symlinking /home/makarand/Documents/shania_triton_ws/devel/share/roseus/ros/accerion_driver_msgs/msg/SendMapActionResult.l
Symlinking /home/makarand/Documents/shania_triton_ws/devel/share/roseus/ros/accerion_driver_msgs/msg/SendMapResult.l
Symlinking /home/makarand/Documents/shania_triton_ws/devel/share/roseus/ros/accerion_driver_msgs/msg/RetrieveLogsActionGoal.l
Symlinking /home/makarand/Documents/shania_triton_ws/devel/share/roseus/ros/accerion_driver_msgs/msg/RetrieveLogsGoal.l
Symlinking /home/makarand/Documents/shania_triton_ws/devel/share/roseus/ros/accerion_driver_msgs/msg/GetRecordingsActionFeedback.l
Symlinking /home/makarand/Documents/shania_triton_ws/devel/share/roseus/ros/accerion_driver_msgs/msg/SendG2oActionResult.l
Symlinking /home/makarand/Documents/shania_triton_ws/devel/share/roseus/ros/accerion_driver_msgs/msg/SearchLoopClosuresActionResult.l
Symlinking /home/makarand/Documents/shania_triton_ws/devel/share/roseus/ros/accerion_driver_msgs/msg/SensorDiagnostics.l
Symlinking /home/makarand/Documents/shania_triton_ws/devel/share/roseus/ros/accerion_driver_msgs/msg/RetrieveLogsActionFeedback.l
Symlinking /home/makarand/Documents/shania_triton_ws/devel/share/roseus/ros/accerion_driver_msgs/msg/GetRecordingsActionResult.l
Symlinking /home/makarand/Documents/shania_triton_ws/devel/share/roseus/ros/accerion_driver_msgs/msg/RetrieveLogsAction.l
Symlinking /home/makarand/Documents/shania_triton_ws/devel/share/roseus/ros/accerion_driver_msgs/msg/ImportG2oResult.l
Symlinking /home/makarand/Documents/shania_triton_ws/devel/share/roseus/ros/accerion_driver_msgs/msg/GetG2oFeedback.l
Symlinking /home/makarand/Documents/shania_triton_ws/devel/share/roseus/ros/accerion_driver_msgs/msg/SubsetMapFeedback.l
Symlinking /home/makarand/Documents/shania_triton_ws/devel/share/roseus/ros/accerion_driver_msgs/msg/GetRecordingsAction.l
Symlinking /home/makarand/Documents/shania_triton_ws/devel/share/roseus/ros/accerion_driver_msgs/msg/ImportG2oGoal.l
Symlinking /home/makarand/Documents/shania_triton_ws/devel/share/roseus/ros/accerion_driver_msgs/msg/GetMapAction.l
Symlinking /home/makarand/Documents/shania_triton_ws/devel/share/roseus/ros/accerion_driver_msgs/msg/SendG2oGoal.l
Symlinking /home/makarand/Documents/shania_triton_ws/devel/share/roseus/ros/accerion_driver_msgs/msg/UpdateSensorAction.l
Symlinking /home/makarand/Documents/shania_triton_ws/devel/share/roseus/ros/accerion_driver_msgs/msg/RetrieveLogsResult.l
Symlinking /home/makarand/Documents/shania_triton_ws/devel/share/roseus/ros/accerion_driver_msgs/msg/SendMapActionGoal.l
Symlinking /home/makarand/Documents/shania_triton_ws/devel/share/roseus/ros/accerion_driver_msgs/msg/SearchLoopClosuresGoal.l
Symlinking /home/makarand/Documents/shania_triton_ws/devel/share/roseus/ros/accerion_driver_msgs/msg/GetG2oResult.l
Symlinking /home/makarand/Documents/shania_triton_ws/devel/share/roseus/ros/accerion_driver_msgs/msg/GetRecordingsGoal.l
Symlinking /home/makarand/Documents/shania_triton_ws/devel/share/roseus/ros/accerion_driver_msgs/msg/UpdateSensorActionFeedback.l
Symlinking /home/makarand/Documents/shania_triton_ws/devel/share/roseus/ros/accerion_driver_msgs/msg/ImportG2oAction.l
Symlinking /home/makarand/Documents/shania_triton_ws/devel/share/roseus/ros/accerion_driver_msgs/msg/GetMapGoal.l
Symlinking /home/makarand/Documents/shania_triton_ws/devel/share/roseus/ros/accerion_driver_msgs/msg/SendG2oFeedback.l
Symlinking /home/makarand/Documents/shania_triton_ws/devel/share/roseus/ros/accerion_driver_msgs/msg/SendMapGoal.l
Symlinking /home/makarand/Documents/shania_triton_ws/devel/share/roseus/ros/accerion_driver_msgs/msg/SearchLoopClosuresActionGoal.l
Symlinking /home/makarand/Documents/shania_triton_ws/devel/share/roseus/ros/accerion_driver_msgs/msg/GetG2oAction.l
Symlinking /home/makarand/Documents/shania_triton_ws/devel/share/roseus/ros/accerion_driver_msgs/msg/SendG2oAction.l
Symlinking /home/makarand/Documents/shania_triton_ws/devel/share/roseus/ros/accerion_driver_msgs/msg/GetG2oActionResult.l
Symlinking /home/makarand/Documents/shania_triton_ws/devel/share/roseus/ros/accerion_driver_msgs/msg/SubsetMapActionResult.l
Symlinking /home/makarand/Documents/shania_triton_ws/devel/share/roseus/ros/accerion_driver_msgs/msg/ImportG2oActionGoal.l
Symlinking /home/makarand/Documents/shania_triton_ws/devel/share/roseus/ros/accerion_driver_msgs/msg/GetMapFeedback.l
Symlinking /home/makarand/Documents/shania_triton_ws/devel/share/roseus/ros/accerion_driver_msgs/msg/DirSizePart.l
Symlinking /home/makarand/Documents/shania_triton_ws/devel/share/roseus/ros/accerion_driver_msgs/msg/SubsetMapActionFeedback.l
Symlinking /home/makarand/Documents/shania_triton_ws/devel/share/roseus/ros/accerion_driver_msgs/msg/SendMapAction.l
Symlinking /home/makarand/Documents/shania_triton_ws/devel/share/roseus/ros/accerion_driver_msgs/msg/GetRecordingsActionGoal.l
Symlinking /home/makarand/Documents/shania_triton_ws/devel/share/roseus/ros/accerion_driver_msgs/msg/GetG2oGoal.l
Symlinking /home/makarand/Documents/shania_triton_ws/devel/share/roseus/ros/accerion_driver_msgs/msg/UpdateSensorResult.l
Symlinking /home/makarand/Documents/shania_triton_ws/devel/share/roseus/ros/accerion_driver_msgs/msg/SendG2oActionGoal.l
Symlinking /home/makarand/Documents/shania_triton_ws/devel/share/roseus/ros/accerion_driver_msgs/msg/SearchLoopClosuresActionFeedback.l
Symlinking /home/makarand/Documents/shania_triton_ws/devel/share/roseus/ros/accerion_driver_msgs/msg/SearchLoopClosuresFeedback.l
Symlinking /home/makarand/Documents/shania_triton_ws/devel/share/roseus/ros/accerion_driver_msgs/msg/UpdateSensorActionResult.l
Symlinking /home/makarand/Documents/shania_triton_ws/devel/share/roseus/ros/accerion_driver_msgs/msg/DriftCorrectionDetails.l
Symlinking /home/makarand/Documents/shania_triton_ws/devel/share/roseus/ros/accerion_driver_msgs/msg/GetG2oActionGoal.l
Symlinking /home/makarand/Documents/shania_triton_ws/devel/share/roseus/ros/accerion_driver_msgs/msg/ImportG2oActionResult.l
Symlinking /home/makarand/Documents/shania_triton_ws/devel/share/roseus/ros/accerion_driver_msgs/msg/SubsetMapGoal.l
Symlinking /home/makarand/Documents/shania_triton_ws/devel/share/roseus/ros/accerion_driver_msgs/msg/GetMapActionGoal.l
Symlinking /home/makarand/Documents/shania_triton_ws/devel/share/roseus/ros/accerion_driver_msgs/msg/RetrieveLogsFeedback.l
Symlinking /home/makarand/Documents/shania_triton_ws/devel/share/roseus/ros/accerion_driver_msgs/msg/UpdateSensorFeedback.l
Symlinking /home/makarand/Documents/shania_triton_ws/devel/share/roseus/ros/accerion_driver_msgs/msg/SendMapFeedback.l
Symlinking /home/makarand/Documents/shania_triton_ws/devel/share/roseus/ros/accerion_driver_msgs/msg/GetG2oActionFeedback.l
Symlinking /home/makarand/Documents/shania_triton_ws/devel/share/roseus/ros/accerion_driver_msgs/msg/SendG2oActionFeedback.l
Symlinking /home/makarand/Documents/shania_triton_ws/devel/share/roseus/ros/accerion_driver_msgs/msg/ImportG2oActionFeedback.l
Symlinking /home/makarand/Documents/shania_triton_ws/devel/share/roseus/ros/accerion_driver_msgs/msg/GetMapActionResult.l
Symlinking /home/makarand/Documents/shania_triton_ws/devel/share/roseus/ros/accerion_driver_msgs/msg/GetRecordingsFeedback.l
Symlinking /home/makarand/Documents/shania_triton_ws/devel/share/roseus/ros/accerion_driver_msgs/msg/UpdateSensorActionGoal.l
Symlinking /home/makarand/Documents/shania_triton_ws/devel/share/roseus/ros/accerion_driver_msgs/msg/RamRomStats.l
Symlinking /home/makarand/Documents/shania_triton_ws/devel/share/roseus/ros/accerion_driver_msgs/msg/SubsetMapResult.l
Symlinking /home/makarand/Documents/shania_triton_ws/devel/share/roseus/ros/accerion_driver_msgs/msg/RetrieveLogsActionResult.l
Symlinking /home/makarand/Documents/shania_triton_ws/devel/share/roseus/ros/accerion_driver_msgs/msg/GetMapActionFeedback.l
Symlinking /home/makarand/Documents/shania_triton_ws/devel/share/roseus/ros/accerion_driver_msgs/msg/SendG2oResult.l
Symlinking /home/makarand/Documents/shania_triton_ws/devel/share/roseus/ros/accerion_driver_msgs/msg/GetMapResult.l
Symlinking /home/makarand/Documents/shania_triton_ws/devel/share/roseus/ros/accerion_driver_msgs/msg/SearchLoopClosuresAction.l
Symlinking /home/makarand/Documents/shania_triton_ws/devel/share/roseus/ros/accerion_driver_msgs/msg/ImportG2oFeedback.l
Symlinking /home/makarand/Documents/shania_triton_ws/devel/share/roseus/ros/accerion_driver_msgs/msg/SendMapActionFeedback.l
Symlinking /home/makarand/Documents/shania_triton_ws/devel/share/roseus/ros/accerion_driver_msgs/msg/SearchLoopClosuresResult.l
Symlinking /home/makarand/Documents/shania_triton_ws/devel/share/roseus/ros/accerion_driver_msgs/msg/SubsetMapActionGoal.l
Symlinking /home/makarand/Documents/shania_triton_ws/devel/share/roseus/ros/accerion_driver_msgs/msg/SubsetMapAction.l
Symlinking /home/makarand/Documents/shania_triton_ws/devel/share/gennodejs/ros/accerion_driver_msgs/_index.js
Symlinking /home/makarand/Documents/shania_triton_ws/devel/share/gennodejs/ros/accerion_driver_msgs/srv/_index.js
Symlinking /home/makarand/Documents/shania_triton_ws/devel/share/gennodejs/ros/accerion_driver_msgs/srv/ModeClusterCommand.js
Symlinking /home/makarand/Documents/shania_triton_ws/devel/share/gennodejs/ros/accerion_driver_msgs/srv/SetArea.js
Symlinking /home/makarand/Documents/shania_triton_ws/devel/share/gennodejs/ros/accerion_driver_msgs/srv/SecondaryLF.js
Symlinking /home/makarand/Documents/shania_triton_ws/devel/share/gennodejs/ros/accerion_driver_msgs/srv/UDPSettings.js
Symlinking /home/makarand/Documents/shania_triton_ws/devel/share/gennodejs/ros/accerion_driver_msgs/srv/Cluster.js
Symlinking /home/makarand/Documents/shania_triton_ws/devel/share/gennodejs/ros/accerion_driver_msgs/srv/RequestCommand.js
Symlinking /home/makarand/Documents/shania_triton_ws/devel/share/gennodejs/ros/accerion_driver_msgs/srv/EmptyCommand.js
Symlinking /home/makarand/Documents/shania_triton_ws/devel/share/gennodejs/ros/accerion_driver_msgs/srv/ModeCommand.js
Symlinking /home/makarand/Documents/shania_triton_ws/devel/share/gennodejs/ros/accerion_driver_msgs/srv/GetAreas.js
Symlinking /home/makarand/Documents/shania_triton_ws/devel/share/gennodejs/ros/accerion_driver_msgs/srv/MapTransfer.js
Symlinking /home/makarand/Documents/shania_triton_ws/devel/share/gennodejs/ros/accerion_driver_msgs/srv/Recordings.js
Symlinking /home/makarand/Documents/shania_triton_ws/devel/share/gennodejs/ros/accerion_driver_msgs/srv/DateTime.js
Symlinking /home/makarand/Documents/shania_triton_ws/devel/share/gennodejs/ros/accerion_driver_msgs/srv/SetIP.js
Symlinking /home/makarand/Documents/shania_triton_ws/devel/share/gennodejs/ros/accerion_driver_msgs/srv/RamRomStatsSRV.js
Symlinking /home/makarand/Documents/shania_triton_ws/devel/share/gennodejs/ros/accerion_driver_msgs/srv/Logs.js
Symlinking /home/makarand/Documents/shania_triton_ws/devel/share/gennodejs/ros/accerion_driver_msgs/srv/Pose.js
Symlinking /home/makarand/Documents/shania_triton_ws/devel/share/gennodejs/ros/accerion_driver_msgs/srv/FileTransfer.js
Symlinking /home/makarand/Documents/shania_triton_ws/devel/share/gennodejs/ros/accerion_driver_msgs/srv/SetBufferedRecoveryBufferLength.js
Symlinking /home/makarand/Documents/shania_triton_ws/devel/share/gennodejs/ros/accerion_driver_msgs/srv/RemoveArea.js
Symlinking /home/makarand/Documents/shania_triton_ws/devel/share/gennodejs/ros/accerion_driver_msgs/srv/StartBufferedRecoveryMode.js
Symlinking /home/makarand/Documents/shania_triton_ws/devel/share/gennodejs/ros/accerion_driver_msgs/srv/ParentChildFrames.js
Symlinking /home/makarand/Documents/shania_triton_ws/devel/share/gennodejs/ros/accerion_driver_msgs/msg/SearchLoopClosuresAction.js
Symlinking /home/makarand/Documents/shania_triton_ws/devel/share/gennodejs/ros/accerion_driver_msgs/msg/DirSizePart.js
Symlinking /home/makarand/Documents/shania_triton_ws/devel/share/gennodejs/ros/accerion_driver_msgs/msg/RetrieveLogsActionFeedback.js
Symlinking /home/makarand/Documents/shania_triton_ws/devel/share/gennodejs/ros/accerion_driver_msgs/msg/_index.js
Symlinking /home/makarand/Documents/shania_triton_ws/devel/share/gennodejs/ros/accerion_driver_msgs/msg/DriftCorrectionDetails.js
Symlinking /home/makarand/Documents/shania_triton_ws/devel/share/gennodejs/ros/accerion_driver_msgs/msg/RetrieveLogsGoal.js
Symlinking /home/makarand/Documents/shania_triton_ws/devel/share/gennodejs/ros/accerion_driver_msgs/msg/GetMapResult.js
Symlinking /home/makarand/Documents/shania_triton_ws/devel/share/gennodejs/ros/accerion_driver_msgs/msg/ImportG2oFeedback.js
Symlinking /home/makarand/Documents/shania_triton_ws/devel/share/gennodejs/ros/accerion_driver_msgs/msg/SubsetMapActionGoal.js
Symlinking /home/makarand/Documents/shania_triton_ws/devel/share/gennodejs/ros/accerion_driver_msgs/msg/GetG2oActionGoal.js
Symlinking /home/makarand/Documents/shania_triton_ws/devel/share/gennodejs/ros/accerion_driver_msgs/msg/UpdateSensorAction.js
Symlinking /home/makarand/Documents/shania_triton_ws/devel/share/gennodejs/ros/accerion_driver_msgs/msg/GetG2oAction.js
Symlinking /home/makarand/Documents/shania_triton_ws/devel/share/gennodejs/ros/accerion_driver_msgs/msg/RetrieveLogsActionGoal.js
Symlinking /home/makarand/Documents/shania_triton_ws/devel/share/gennodejs/ros/accerion_driver_msgs/msg/SubsetMapActionFeedback.js
Symlinking /home/makarand/Documents/shania_triton_ws/devel/share/gennodejs/ros/accerion_driver_msgs/msg/ImportG2oActionGoal.js
Symlinking /home/makarand/Documents/shania_triton_ws/devel/share/gennodejs/ros/accerion_driver_msgs/msg/SendG2oGoal.js
Symlinking /home/makarand/Documents/shania_triton_ws/devel/share/gennodejs/ros/accerion_driver_msgs/msg/GetRecordingsResult.js
Symlinking /home/makarand/Documents/shania_triton_ws/devel/share/gennodejs/ros/accerion_driver_msgs/msg/RetrieveLogsFeedback.js
Symlinking /home/makarand/Documents/shania_triton_ws/devel/share/gennodejs/ros/accerion_driver_msgs/msg/GetMapActionGoal.js
Symlinking /home/makarand/Documents/shania_triton_ws/devel/share/gennodejs/ros/accerion_driver_msgs/msg/GetRecordingsAction.js
Symlinking /home/makarand/Documents/shania_triton_ws/devel/share/gennodejs/ros/accerion_driver_msgs/msg/GetRecordingsActionResult.js
Symlinking /home/makarand/Documents/shania_triton_ws/devel/share/gennodejs/ros/accerion_driver_msgs/msg/SendMapFeedback.js
Symlinking /home/makarand/Documents/shania_triton_ws/devel/share/gennodejs/ros/accerion_driver_msgs/msg/SensorDiagnostics.js
Symlinking /home/makarand/Documents/shania_triton_ws/devel/share/gennodejs/ros/accerion_driver_msgs/msg/UpdateSensorResult.js
Symlinking /home/makarand/Documents/shania_triton_ws/devel/share/gennodejs/ros/accerion_driver_msgs/msg/SendMapActionGoal.js
Symlinking /home/makarand/Documents/shania_triton_ws/devel/share/gennodejs/ros/accerion_driver_msgs/msg/ImportG2oActionResult.js
Symlinking /home/makarand/Documents/shania_triton_ws/devel/share/gennodejs/ros/accerion_driver_msgs/msg/GetMapActionResult.js
Symlinking /home/makarand/Documents/shania_triton_ws/devel/share/gennodejs/ros/accerion_driver_msgs/msg/UpdateSensorGoal.js
Symlinking /home/makarand/Documents/shania_triton_ws/devel/share/gennodejs/ros/accerion_driver_msgs/msg/SubsetMapAction.js
Symlinking /home/makarand/Documents/shania_triton_ws/devel/share/gennodejs/ros/accerion_driver_msgs/msg/SearchLoopClosuresActionFeedback.js
Symlinking /home/makarand/Documents/shania_triton_ws/devel/share/gennodejs/ros/accerion_driver_msgs/msg/ImportG2oAction.js
Symlinking /home/makarand/Documents/shania_triton_ws/devel/share/gennodejs/ros/accerion_driver_msgs/msg/GetMapActionFeedback.js
Symlinking /home/makarand/Documents/shania_triton_ws/devel/share/gennodejs/ros/accerion_driver_msgs/msg/ImportG2oResult.js
Symlinking /home/makarand/Documents/shania_triton_ws/devel/share/gennodejs/ros/accerion_driver_msgs/msg/GetG2oActionFeedback.js
Symlinking /home/makarand/Documents/shania_triton_ws/devel/share/gennodejs/ros/accerion_driver_msgs/msg/SendG2oActionFeedback.js
Symlinking /home/makarand/Documents/shania_triton_ws/devel/share/gennodejs/ros/accerion_driver_msgs/msg/GetMapAction.js
Symlinking /home/makarand/Documents/shania_triton_ws/devel/share/gennodejs/ros/accerion_driver_msgs/msg/GetRecordingsGoal.js
Symlinking /home/makarand/Documents/shania_triton_ws/devel/share/gennodejs/ros/accerion_driver_msgs/msg/GetG2oResult.js
Symlinking /home/makarand/Documents/shania_triton_ws/devel/share/gennodejs/ros/accerion_driver_msgs/msg/GetG2oGoal.js
Symlinking /home/makarand/Documents/shania_triton_ws/devel/share/gennodejs/ros/accerion_driver_msgs/msg/GetMapGoal.js
Symlinking /home/makarand/Documents/shania_triton_ws/devel/share/gennodejs/ros/accerion_driver_msgs/msg/SendMapActionFeedback.js
Symlinking /home/makarand/Documents/shania_triton_ws/devel/share/gennodejs/ros/accerion_driver_msgs/msg/UpdateSensorActionResult.js
Symlinking /home/makarand/Documents/shania_triton_ws/devel/share/gennodejs/ros/accerion_driver_msgs/msg/ImportG2oActionFeedback.js
Symlinking /home/makarand/Documents/shania_triton_ws/devel/share/gennodejs/ros/accerion_driver_msgs/msg/GetG2oFeedback.js
Symlinking /home/makarand/Documents/shania_triton_ws/devel/share/gennodejs/ros/accerion_driver_msgs/msg/ImportG2oGoal.js
Symlinking /home/makarand/Documents/shania_triton_ws/devel/share/gennodejs/ros/accerion_driver_msgs/msg/SendMapResult.js
Symlinking /home/makarand/Documents/shania_triton_ws/devel/share/gennodejs/ros/accerion_driver_msgs/msg/SendG2oActionResult.js
Symlinking /home/makarand/Documents/shania_triton_ws/devel/share/gennodejs/ros/accerion_driver_msgs/msg/GetRecordingsActionGoal.js
Symlinking /home/makarand/Documents/shania_triton_ws/devel/share/gennodejs/ros/accerion_driver_msgs/msg/SubsetMapActionResult.js
Symlinking /home/makarand/Documents/shania_triton_ws/devel/share/gennodejs/ros/accerion_driver_msgs/msg/SearchLoopClosuresGoal.js
Symlinking /home/makarand/Documents/shania_triton_ws/devel/share/gennodejs/ros/accerion_driver_msgs/msg/SendG2oActionGoal.js
Symlinking /home/makarand/Documents/shania_triton_ws/devel/share/gennodejs/ros/accerion_driver_msgs/msg/SendMapActionResult.js
Symlinking /home/makarand/Documents/shania_triton_ws/devel/share/gennodejs/ros/accerion_driver_msgs/msg/UpdateSensorActionFeedback.js
Symlinking /home/makarand/Documents/shania_triton_ws/devel/share/gennodejs/ros/accerion_driver_msgs/msg/RetrieveLogsActionResult.js
Symlinking /home/makarand/Documents/shania_triton_ws/devel/share/gennodejs/ros/accerion_driver_msgs/msg/GetMapFeedback.js
Symlinking /home/makarand/Documents/shania_triton_ws/devel/share/gennodejs/ros/accerion_driver_msgs/msg/SubsetMapFeedback.js
Symlinking /home/makarand/Documents/shania_triton_ws/devel/share/gennodejs/ros/accerion_driver_msgs/msg/SearchLoopClosuresResult.js
Symlinking /home/makarand/Documents/shania_triton_ws/devel/share/gennodejs/ros/accerion_driver_msgs/msg/SearchLoopClosuresActionResult.js
Symlinking /home/makarand/Documents/shania_triton_ws/devel/share/gennodejs/ros/accerion_driver_msgs/msg/SearchLoopClosuresFeedback.js
Symlinking /home/makarand/Documents/shania_triton_ws/devel/share/gennodejs/ros/accerion_driver_msgs/msg/SendMapGoal.js
Symlinking /home/makarand/Documents/shania_triton_ws/devel/share/gennodejs/ros/accerion_driver_msgs/msg/SendG2oFeedback.js
Symlinking /home/makarand/Documents/shania_triton_ws/devel/share/gennodejs/ros/accerion_driver_msgs/msg/SendG2oResult.js
Symlinking /home/makarand/Documents/shania_triton_ws/devel/share/gennodejs/ros/accerion_driver_msgs/msg/RetrieveLogsAction.js
Symlinking /home/makarand/Documents/shania_triton_ws/devel/share/gennodejs/ros/accerion_driver_msgs/msg/UpdateSensorFeedback.js
Symlinking /home/makarand/Documents/shania_triton_ws/devel/share/gennodejs/ros/accerion_driver_msgs/msg/GetRecordingsActionFeedback.js
Symlinking /home/makarand/Documents/shania_triton_ws/devel/share/gennodejs/ros/accerion_driver_msgs/msg/SubsetMapGoal.js
Symlinking /home/makarand/Documents/shania_triton_ws/devel/share/gennodejs/ros/accerion_driver_msgs/msg/SubsetMapResult.js
Symlinking /home/makarand/Documents/shania_triton_ws/devel/share/gennodejs/ros/accerion_driver_msgs/msg/RamRomStats.js
Symlinking /home/makarand/Documents/shania_triton_ws/devel/share/gennodejs/ros/accerion_driver_msgs/msg/SendMapAction.js
Symlinking /home/makarand/Documents/shania_triton_ws/devel/share/gennodejs/ros/accerion_driver_msgs/msg/GetG2oActionResult.js
Symlinking /home/makarand/Documents/shania_triton_ws/devel/share/gennodejs/ros/accerion_driver_msgs/msg/SearchLoopClosuresActionGoal.js
Symlinking /home/makarand/Documents/shania_triton_ws/devel/share/gennodejs/ros/accerion_driver_msgs/msg/SendG2oAction.js
Symlinking /home/makarand/Documents/shania_triton_ws/devel/share/gennodejs/ros/accerion_driver_msgs/msg/UpdateSensorActionGoal.js
Symlinking /home/makarand/Documents/shania_triton_ws/devel/share/gennodejs/ros/accerion_driver_msgs/msg/GetRecordingsFeedback.js
Symlinking /home/makarand/Documents/shania_triton_ws/devel/share/gennodejs/ros/accerion_driver_msgs/msg/RetrieveLogsResult.js
