[35m[1mScanning dependencies of target _accerion_driver_msgs_generate_messages_check_deps_GetMapFeedback[0m
[  0%] Built target _accerion_driver_msgs_generate_messages_check_deps_GetMapFeedback
[35m[1mScanning dependencies of target _accerion_driver_msgs_generate_messages_check_deps_SearchLoopClosuresActionGoal[0m
[  0%] Built target _accerion_driver_msgs_generate_messages_check_deps_SearchLoopClosuresActionGoal
[35m[1mScanning dependencies of target _accerion_driver_msgs_generate_messages_check_deps_UpdateSensorActionFeedback[0m
[  0%] Built target _accerion_driver_msgs_generate_messages_check_deps_UpdateSensorActionFeedback
[35m[1mScanning dependencies of target _accerion_driver_msgs_generate_messages_check_deps_SendG2oAction[0m
[  0%] Built target _accerion_driver_msgs_generate_messages_check_deps_SendG2oAction
[35m[1mScanning dependencies of target _accerion_driver_msgs_generate_messages_check_deps_GetMapActionFeedback[0m
[  0%] Built target _accerion_driver_msgs_generate_messages_check_deps_GetMapActionFeedback
[35m[1mScanning dependencies of target _accerion_driver_msgs_generate_messages_check_deps_SearchLoopClosuresAction[0m
[  0%] Built target _accerion_driver_msgs_generate_messages_check_deps_SearchLoopClosuresAction
[35m[1mScanning dependencies of target _accerion_driver_msgs_generate_messages_check_deps_SendG2oActionFeedback[0m
[  0%] Built target _accerion_driver_msgs_generate_messages_check_deps_SendG2oActionFeedback
[35m[1mScanning dependencies of target _accerion_driver_msgs_generate_messages_check_deps_UpdateSensorAction[0m
[  0%] Built target _accerion_driver_msgs_generate_messages_check_deps_UpdateSensorAction
[35m[1mScanning dependencies of target _accerion_driver_msgs_generate_messages_check_deps_SearchLoopClosuresGoal[0m
[  0%] Built target _accerion_driver_msgs_generate_messages_check_deps_SearchLoopClosuresGoal
[35m[1mScanning dependencies of target _accerion_driver_msgs_generate_messages_check_deps_SendMapGoal[0m
[  0%] Built target _accerion_driver_msgs_generate_messages_check_deps_SendMapGoal
[35m[1mScanning dependencies of target _accerion_driver_msgs_generate_messages_check_deps_ImportG2oActionGoal[0m
[  0%] Built target _accerion_driver_msgs_generate_messages_check_deps_ImportG2oActionGoal
[35m[1mScanning dependencies of target _accerion_driver_msgs_generate_messages_check_deps_GetRecordingsActionFeedback[0m
[  0%] Built target _accerion_driver_msgs_generate_messages_check_deps_GetRecordingsActionFeedback
[35m[1mScanning dependencies of target _accerion_driver_msgs_generate_messages_check_deps_EmptyCommand[0m
[  0%] Built target _accerion_driver_msgs_generate_messages_check_deps_EmptyCommand
[35m[1mScanning dependencies of target _accerion_driver_msgs_generate_messages_check_deps_SubsetMapActionResult[0m
[  0%] Built target _accerion_driver_msgs_generate_messages_check_deps_SubsetMapActionResult
[35m[1mScanning dependencies of target _accerion_driver_msgs_generate_messages_check_deps_RetrieveLogsAction[0m
[  0%] Built target _accerion_driver_msgs_generate_messages_check_deps_RetrieveLogsAction
[35m[1mScanning dependencies of target _accerion_driver_msgs_generate_messages_check_deps_SendMapActionFeedback[0m
[  0%] Built target _accerion_driver_msgs_generate_messages_check_deps_SendMapActionFeedback
[35m[1mScanning dependencies of target _accerion_driver_msgs_generate_messages_check_deps_SubsetMapGoal[0m
[  0%] Built target _accerion_driver_msgs_generate_messages_check_deps_SubsetMapGoal
[35m[1mScanning dependencies of target _accerion_driver_msgs_generate_messages_check_deps_RetrieveLogsActionResult[0m
[35m[1mScanning dependencies of target _accerion_driver_msgs_generate_messages_check_deps_SearchLoopClosuresActionFeedback[0m
[  0%] Built target _accerion_driver_msgs_generate_messages_check_deps_RetrieveLogsActionResult
[  0%] Built target _accerion_driver_msgs_generate_messages_check_deps_SearchLoopClosuresActionFeedback
[35m[1mScanning dependencies of target _accerion_driver_msgs_generate_messages_check_deps_GetG2oActionGoal[0m
[  0%] Built target _accerion_driver_msgs_generate_messages_check_deps_GetG2oActionGoal
[35m[1mScanning dependencies of target _accerion_driver_msgs_generate_messages_check_deps_RetrieveLogsFeedback[0m
[  0%] Built target _accerion_driver_msgs_generate_messages_check_deps_RetrieveLogsFeedback
[35m[1mScanning dependencies of target _accerion_driver_msgs_generate_messages_check_deps_SubsetMapResult[0m
[35m[1mScanning dependencies of target _accerion_driver_msgs_generate_messages_check_deps_RetrieveLogsActionFeedback[0m
[35m[1mScanning dependencies of target _accerion_driver_msgs_generate_messages_check_deps_Pose[0m
[  0%] Built target _accerion_driver_msgs_generate_messages_check_deps_SubsetMapResult
[35m[1mScanning dependencies of target _accerion_driver_msgs_generate_messages_check_deps_GetMapResult[0m
[  0%] Built target _accerion_driver_msgs_generate_messages_check_deps_RetrieveLogsActionFeedback
[  0%] Built target _accerion_driver_msgs_generate_messages_check_deps_Pose
[35m[1mScanning dependencies of target _accerion_driver_msgs_generate_messages_check_deps_SendG2oFeedback[0m
[  0%] Built target _accerion_driver_msgs_generate_messages_check_deps_GetMapResult
[35m[1mScanning dependencies of target _accerion_driver_msgs_generate_messages_check_deps_ModeCommand[0m
[  0%] Built target _accerion_driver_msgs_generate_messages_check_deps_SendG2oFeedback
[  0%] Built target _accerion_driver_msgs_generate_messages_check_deps_ModeCommand
[35m[1mScanning dependencies of target _accerion_driver_msgs_generate_messages_check_deps_GetG2oActionFeedback[0m
[35m[1mScanning dependencies of target _accerion_driver_msgs_generate_messages_check_deps_SubsetMapActionFeedback[0m
[  0%] Built target _accerion_driver_msgs_generate_messages_check_deps_GetG2oActionFeedback
[  0%] Built target _accerion_driver_msgs_generate_messages_check_deps_SubsetMapActionFeedback
[35m[1mScanning dependencies of target _accerion_driver_msgs_generate_messages_check_deps_DateTime[0m
[  0%] Built target _accerion_driver_msgs_generate_messages_check_deps_DateTime
[35m[1mScanning dependencies of target _accerion_driver_msgs_generate_messages_check_deps_GetMapActionResult[0m
[35m[1mScanning dependencies of target _accerion_driver_msgs_generate_messages_check_deps_SendG2oActionResult[0m
[  0%] Built target _accerion_driver_msgs_generate_messages_check_deps_SendG2oActionResult
[  0%] Built target _accerion_driver_msgs_generate_messages_check_deps_GetMapActionResult
[35m[1mScanning dependencies of target _accerion_driver_msgs_generate_messages_check_deps_SetBufferedRecoveryBufferLength[0m
[  0%] Built target _accerion_driver_msgs_generate_messages_check_deps_SetBufferedRecoveryBufferLength
[35m[1mScanning dependencies of target _accerion_driver_msgs_generate_messages_check_deps_GetRecordingsResult[0m
[  0%] Built target _accerion_driver_msgs_generate_messages_check_deps_GetRecordingsResult
[35m[1mScanning dependencies of target _accerion_driver_msgs_generate_messages_check_deps_SendMapResult[0m
[  0%] Built target _accerion_driver_msgs_generate_messages_check_deps_SendMapResult
[35m[1mScanning dependencies of target std_msgs_generate_messages_eus[0m
[  0%] Built target std_msgs_generate_messages_eus
[35m[1mScanning dependencies of target geometry_msgs_generate_messages_eus[0m
[  0%] Built target geometry_msgs_generate_messages_eus
[35m[1mScanning dependencies of target _accerion_driver_msgs_generate_messages_check_deps_SubsetMapActionGoal[0m
[  0%] Built target _accerion_driver_msgs_generate_messages_check_deps_SubsetMapActionGoal
[35m[1mScanning dependencies of target _accerion_driver_msgs_generate_messages_check_deps_RamRomStatsSRV[0m
[  0%] Built target _accerion_driver_msgs_generate_messages_check_deps_RamRomStatsSRV
[35m[1mScanning dependencies of target _accerion_driver_msgs_generate_messages_check_deps_GetRecordingsActionGoal[0m
[  0%] Built target _accerion_driver_msgs_generate_messages_check_deps_GetRecordingsActionGoal
[35m[1mScanning dependencies of target actionlib_msgs_generate_messages_eus[0m
[  0%] Built target actionlib_msgs_generate_messages_eus
[35m[1mScanning dependencies of target _accerion_driver_msgs_generate_messages_check_deps_DirSizePart[0m
[  0%] Built target _accerion_driver_msgs_generate_messages_check_deps_DirSizePart
[35m[1mScanning dependencies of target _accerion_driver_msgs_generate_messages_check_deps_GetG2oFeedback[0m
[  0%] Built target _accerion_driver_msgs_generate_messages_check_deps_GetG2oFeedback
[35m[1mScanning dependencies of target _accerion_driver_msgs_generate_messages_check_deps_SendG2oActionGoal[0m
[  0%] Built target _accerion_driver_msgs_generate_messages_check_deps_SendG2oActionGoal
[35m[1mScanning dependencies of target _accerion_driver_msgs_generate_messages_check_deps_UpdateSensorResult[0m
[  0%] Built target _accerion_driver_msgs_generate_messages_check_deps_UpdateSensorResult
[35m[1mScanning dependencies of target _accerion_driver_msgs_generate_messages_check_deps_GetG2oResult[0m
[  0%] Built target _accerion_driver_msgs_generate_messages_check_deps_GetG2oResult
[35m[1mScanning dependencies of target _accerion_driver_msgs_generate_messages_check_deps_ImportG2oActionFeedback[0m
[35m[1mScanning dependencies of target _accerion_driver_msgs_generate_messages_check_deps_UpdateSensorFeedback[0m
[  0%] Built target _accerion_driver_msgs_generate_messages_check_deps_ImportG2oActionFeedback
[  0%] Built target _accerion_driver_msgs_generate_messages_check_deps_UpdateSensorFeedback
[35m[1mScanning dependencies of target _accerion_driver_msgs_generate_messages_check_deps_SetArea[0m
[35m[1mScanning dependencies of target _accerion_driver_msgs_generate_messages_check_deps_UpdateSensorActionGoal[0m
[  0%] Built target _accerion_driver_msgs_generate_messages_check_deps_UpdateSensorActionGoal
[  0%] Built target _accerion_driver_msgs_generate_messages_check_deps_SetArea
[35m[1mScanning dependencies of target _accerion_driver_msgs_generate_messages_check_deps_GetRecordingsGoal[0m
[  0%] Built target _accerion_driver_msgs_generate_messages_check_deps_GetRecordingsGoal
[35m[1mScanning dependencies of target _accerion_driver_msgs_generate_messages_check_deps_SubsetMapAction[0m
[35m[1mScanning dependencies of target _accerion_driver_msgs_generate_messages_check_deps_SendG2oGoal[0m
[35m[1mScanning dependencies of target _accerion_driver_msgs_generate_messages_check_deps_MapTransfer[0m
[35m[1mScanning dependencies of target _accerion_driver_msgs_generate_messages_check_deps_GetRecordingsAction[0m
[  0%] Built target _accerion_driver_msgs_generate_messages_check_deps_SubsetMapAction
[  0%] Built target _accerion_driver_msgs_generate_messages_check_deps_SendG2oGoal
[35m[1mScanning dependencies of target _accerion_driver_msgs_generate_messages_check_deps_SearchLoopClosuresFeedback[0m
[  0%] Built target _accerion_driver_msgs_generate_messages_check_deps_MapTransfer
[  0%] Built target _accerion_driver_msgs_generate_messages_check_deps_GetRecordingsAction
[35m[1mScanning dependencies of target _accerion_driver_msgs_generate_messages_check_deps_DriftCorrectionDetails[0m
[35m[1mScanning dependencies of target _accerion_driver_msgs_generate_messages_check_deps_RetrieveLogsGoal[0m
[  0%] Built target _accerion_driver_msgs_generate_messages_check_deps_SearchLoopClosuresFeedback
[  0%] Built target _accerion_driver_msgs_generate_messages_check_deps_DriftCorrectionDetails
[  0%] Built target _accerion_driver_msgs_generate_messages_check_deps_RetrieveLogsGoal
[35m[1mScanning dependencies of target _accerion_driver_msgs_generate_messages_check_deps_Logs[0m
[35m[1mScanning dependencies of target _accerion_driver_msgs_generate_messages_check_deps_SendMapActionResult[0m
[35m[1mScanning dependencies of target _accerion_driver_msgs_generate_messages_check_deps_ImportG2oResult[0m
[  0%] Built target _accerion_driver_msgs_generate_messages_check_deps_Logs
[  0%] Built target _accerion_driver_msgs_generate_messages_check_deps_SendMapActionResult
[35m[1mScanning dependencies of target _accerion_driver_msgs_generate_messages_check_deps_GetMapAction[0m
[  0%] Built target _accerion_driver_msgs_generate_messages_check_deps_ImportG2oResult
[35m[1mScanning dependencies of target _accerion_driver_msgs_generate_messages_check_deps_UpdateSensorActionResult[0m
[35m[1mScanning dependencies of target _accerion_driver_msgs_generate_messages_check_deps_ImportG2oAction[0m
[  0%] Built target _accerion_driver_msgs_generate_messages_check_deps_GetMapAction
[35m[1mScanning dependencies of target _accerion_driver_msgs_generate_messages_check_deps_ParentChildFrames[0m
[  0%] Built target _accerion_driver_msgs_generate_messages_check_deps_UpdateSensorActionResult
[  0%] Built target _accerion_driver_msgs_generate_messages_check_deps_ImportG2oAction
[  0%] Built target _accerion_driver_msgs_generate_messages_check_deps_ParentChildFrames
[35m[1mScanning dependencies of target _accerion_driver_msgs_generate_messages_check_deps_ImportG2oFeedback[0m
[  0%] Built target _accerion_driver_msgs_generate_messages_check_deps_ImportG2oFeedback
[35m[1mScanning dependencies of target _accerion_driver_msgs_generate_messages_check_deps_GetG2oGoal[0m
[35m[1mScanning dependencies of target _accerion_driver_msgs_generate_messages_check_deps_UpdateSensorGoal[0m
[35m[1mScanning dependencies of target _accerion_driver_msgs_generate_messages_check_deps_SendMapAction[0m
[35m[1mScanning dependencies of target _accerion_driver_msgs_generate_messages_check_deps_ModeClusterCommand[0m
[  0%] Built target _accerion_driver_msgs_generate_messages_check_deps_GetG2oGoal
[  0%] Built target _accerion_driver_msgs_generate_messages_check_deps_UpdateSensorGoal
[35m[1mScanning dependencies of target _accerion_driver_msgs_generate_messages_check_deps_SetIP[0m
[35m[1mScanning dependencies of target _accerion_driver_msgs_generate_messages_check_deps_SensorDiagnostics[0m
[  0%] Built target _accerion_driver_msgs_generate_messages_check_deps_SendMapAction
[35m[1mScanning dependencies of target _accerion_driver_msgs_generate_messages_check_deps_FileTransfer[0m
[35m[1mScanning dependencies of target _accerion_driver_msgs_generate_messages_check_deps_SearchLoopClosuresResult[0m
[35m[1mScanning dependencies of target _accerion_driver_msgs_generate_messages_check_deps_UDPSettings[0m
[  0%] Built target _accerion_driver_msgs_generate_messages_check_deps_ModeClusterCommand
[  0%] Built target _accerion_driver_msgs_generate_messages_check_deps_SetIP
[  0%] Built target _accerion_driver_msgs_generate_messages_check_deps_SensorDiagnostics
[35m[1mScanning dependencies of target _accerion_driver_msgs_generate_messages_check_deps_GetG2oAction[0m
[  0%] Built target _accerion_driver_msgs_generate_messages_check_deps_FileTransfer
[  0%] Built target _accerion_driver_msgs_generate_messages_check_deps_UDPSettings
[  0%] Built target _accerion_driver_msgs_generate_messages_check_deps_SearchLoopClosuresResult
[35m[1mScanning dependencies of target _accerion_driver_msgs_generate_messages_check_deps_GetMapGoal[0m
[35m[1mScanning dependencies of target _accerion_driver_msgs_generate_messages_check_deps_SendMapActionGoal[0m
[35m[1mScanning dependencies of target _accerion_driver_msgs_generate_messages_check_deps_SecondaryLF[0m
[  0%] Built target _accerion_driver_msgs_generate_messages_check_deps_GetG2oAction
[35m[1mScanning dependencies of target _accerion_driver_msgs_generate_messages_check_deps_RamRomStats[0m
[35m[1mScanning dependencies of target _accerion_driver_msgs_generate_messages_check_deps_GetG2oActionResult[0m
[35m[1mScanning dependencies of target _accerion_driver_msgs_generate_messages_check_deps_ImportG2oActionResult[0m
[35m[1mScanning dependencies of target _accerion_driver_msgs_generate_messages_check_deps_Cluster[0m
[35m[1mScanning dependencies of target _accerion_driver_msgs_generate_messages_check_deps_GetAreas[0m
[  0%] Built target _accerion_driver_msgs_generate_messages_check_deps_SecondaryLF
[  0%] Built target _accerion_driver_msgs_generate_messages_check_deps_SendMapActionGoal
[  0%] Built target _accerion_driver_msgs_generate_messages_check_deps_RamRomStats
[  0%] Built target _accerion_driver_msgs_generate_messages_check_deps_GetG2oActionResult
[  0%] Built target _accerion_driver_msgs_generate_messages_check_deps_GetMapGoal
[35m[1mScanning dependencies of target _accerion_driver_msgs_generate_messages_check_deps_SearchLoopClosuresActionResult[0m
[35m[1mScanning dependencies of target _accerion_driver_msgs_generate_messages_check_deps_RemoveArea[0m
[35m[1mScanning dependencies of target _accerion_driver_msgs_generate_messages_check_deps_GetRecordingsFeedback[0m
[35m[1mScanning dependencies of target _accerion_driver_msgs_generate_messages_check_deps_GetRecordingsActionResult[0m
[  0%] Built target _accerion_driver_msgs_generate_messages_check_deps_Cluster
[  0%] Built target _accerion_driver_msgs_generate_messages_check_deps_GetAreas
[  0%] Built target _accerion_driver_msgs_generate_messages_check_deps_ImportG2oActionResult
[35m[1mScanning dependencies of target _accerion_driver_msgs_generate_messages_check_deps_RetrieveLogsActionGoal[0m
[35m[1mScanning dependencies of target _accerion_driver_msgs_generate_messages_check_deps_Recordings[0m
[35m[1mScanning dependencies of target _accerion_driver_msgs_generate_messages_check_deps_ImportG2oGoal[0m
[35m[1mScanning dependencies of target _accerion_driver_msgs_generate_messages_check_deps_GetMapActionGoal[0m
[35m[1mScanning dependencies of target _accerion_driver_msgs_generate_messages_check_deps_SendMapFeedback[0m
[  0%] Built target _accerion_driver_msgs_generate_messages_check_deps_GetRecordingsActionResult
[  0%] Built target _accerion_driver_msgs_generate_messages_check_deps_SearchLoopClosuresActionResult
[  0%] Built target _accerion_driver_msgs_generate_messages_check_deps_RemoveArea
[  0%] Built target _accerion_driver_msgs_generate_messages_check_deps_RetrieveLogsActionGoal
[35m[1mScanning dependencies of target _accerion_driver_msgs_generate_messages_check_deps_SendG2oResult[0m
[  0%] Built target _accerion_driver_msgs_generate_messages_check_deps_GetRecordingsFeedback
[35m[1mScanning dependencies of target _accerion_driver_msgs_generate_messages_check_deps_RequestCommand[0m
[35m[1mScanning dependencies of target _accerion_driver_msgs_generate_messages_check_deps_RetrieveLogsResult[0m
[35m[1mScanning dependencies of target _accerion_driver_msgs_generate_messages_check_deps_StartBufferedRecoveryMode[0m
[  0%] Built target _accerion_driver_msgs_generate_messages_check_deps_Recordings
[  0%] Built target _accerion_driver_msgs_generate_messages_check_deps_GetMapActionGoal
[35m[1mScanning dependencies of target _accerion_driver_msgs_generate_messages_check_deps_SubsetMapFeedback[0m
[35m[1mScanning dependencies of target geometry_msgs_generate_messages_cpp[0m
[  0%] Built target _accerion_driver_msgs_generate_messages_check_deps_ImportG2oGoal
[35m[1mScanning dependencies of target actionlib_msgs_generate_messages_cpp[0m
[35m[1mScanning dependencies of target std_msgs_generate_messages_cpp[0m
[35m[1mScanning dependencies of target std_msgs_generate_messages_py[0m
[  0%] Built target geometry_msgs_generate_messages_cpp
[  0%] Built target _accerion_driver_msgs_generate_messages_check_deps_SendMapFeedback
[  0%] Built target actionlib_msgs_generate_messages_cpp
[  0%] Built target std_msgs_generate_messages_cpp
[  0%] Built target _accerion_driver_msgs_generate_messages_check_deps_RequestCommand
[  0%] Built target _accerion_driver_msgs_generate_messages_check_deps_SendG2oResult
[  0%] Built target std_msgs_generate_messages_py
[35m[1mScanning dependencies of target geometry_msgs_generate_messages_py[0m
[35m[1mScanning dependencies of target actionlib_msgs_generate_messages_lisp[0m
[  0%] Built target _accerion_driver_msgs_generate_messages_check_deps_SubsetMapFeedback
[35m[1mScanning dependencies of target actionlib_msgs_generate_messages_py[0m
[  0%] Built target _accerion_driver_msgs_generate_messages_check_deps_RetrieveLogsResult
[  0%] Built target _accerion_driver_msgs_generate_messages_check_deps_StartBufferedRecoveryMode
[35m[1mScanning dependencies of target geometry_msgs_generate_messages_lisp[0m
[  0%] Built target geometry_msgs_generate_messages_py
[35m[1mScanning dependencies of target actionlib_msgs_generate_messages_nodejs[0m
[35m[1mScanning dependencies of target std_msgs_generate_messages_lisp[0m
[  0%] Built target actionlib_msgs_generate_messages_py
[35m[1mScanning dependencies of target std_msgs_generate_messages_nodejs[0m
[  0%] Built target actionlib_msgs_generate_messages_lisp
[35m[1mScanning dependencies of target geometry_msgs_generate_messages_nodejs[0m
[35m[1mScanning dependencies of target accerion_driver_msgs_generate_messages_eus[0m
[  0%] Built target geometry_msgs_generate_messages_lisp
[35m[1mScanning dependencies of target accerion_driver_msgs_generate_messages_cpp[0m
[  0%] Built target actionlib_msgs_generate_messages_nodejs
[  0%] Built target std_msgs_generate_messages_lisp
[  0%] Built target std_msgs_generate_messages_nodejs
[  0%] Built target geometry_msgs_generate_messages_nodejs
[35m[1mScanning dependencies of target accerion_driver_msgs_generate_messages_py[0m
[  0%] [34m[1mGenerating EusLisp code from accerion_driver_msgs/UpdateSensorActionFeedback.msg[0m
[  0%] [34m[1mGenerating EusLisp code from accerion_driver_msgs/SearchLoopClosuresResult.msg[0m
[  0%] [34m[1mGenerating EusLisp code from accerion_driver_msgs/RetrieveLogsFeedback.msg[0m
[  1%] [34m[1mGenerating EusLisp code from accerion_driver_msgs/GetMapGoal.msg[0m
[  1%] [34m[1mGenerating EusLisp code from accerion_driver_msgs/SensorDiagnostics.msg[0m
[  1%] [34m[1mGenerating EusLisp code from accerion_driver_msgs/GetG2oAction.msg[0m
[  1%] [34m[1mGenerating EusLisp code from accerion_driver_msgs/RetrieveLogsAction.msg[0m
[35m[1mScanning dependencies of target accerion_driver_msgs_generate_messages_lisp[0m
[  1%] [34m[1mGenerating C++ code from accerion_driver_msgs/RetrieveLogsFeedback.msg[0m
[  2%] [34m[1mGenerating Python from MSG accerion_driver_msgs/RetrieveLogsFeedback[0m
[  2%] [34m[1mGenerating Lisp code from accerion_driver_msgs/RetrieveLogsFeedback.msg[0m
[  2%] [34m[1mGenerating Python from MSG accerion_driver_msgs/UpdateSensorActionFeedback[0m
[  2%] [34m[1mGenerating Python from MSG accerion_driver_msgs/GetMapGoal[0m
[  2%] [34m[1mGenerating C++ code from accerion_driver_msgs/UpdateSensorActionFeedback.msg[0m
[  2%] [34m[1mGenerating C++ code from accerion_driver_msgs/SensorDiagnostics.msg[0m
[  3%] [34m[1mGenerating EusLisp code from accerion_driver_msgs/SendG2oActionFeedback.msg[0m
[  3%] [34m[1mGenerating EusLisp code from accerion_driver_msgs/GetRecordingsActionFeedback.msg[0m
[  3%] [34m[1mGenerating C++ code from accerion_driver_msgs/GetMapGoal.msg[0m
[  3%] [34m[1mGenerating Lisp code from accerion_driver_msgs/UpdateSensorActionFeedback.msg[0m
[  3%] [34m[1mGenerating Lisp code from accerion_driver_msgs/GetMapGoal.msg[0m
[  3%] [34m[1mGenerating EusLisp code from accerion_driver_msgs/SearchLoopClosuresActionFeedback.msg[0m
[  4%] [34m[1mGenerating C++ code from accerion_driver_msgs/SearchLoopClosuresResult.msg[0m
[  4%] [34m[1mGenerating Python from MSG accerion_driver_msgs/SensorDiagnostics[0m
[  4%] [34m[1mGenerating Lisp code from accerion_driver_msgs/SensorDiagnostics.msg[0m
[  4%] [34m[1mGenerating C++ code from accerion_driver_msgs/GetG2oAction.msg[0m
[  4%] [34m[1mGenerating Python from MSG accerion_driver_msgs/SearchLoopClosuresResult[0m
[  4%] [34m[1mGenerating C++ code from accerion_driver_msgs/RetrieveLogsAction.msg[0m
[  5%] [34m[1mGenerating Lisp code from accerion_driver_msgs/SearchLoopClosuresResult.msg[0m
[  5%] [34m[1mGenerating EusLisp code from accerion_driver_msgs/SendMapActionFeedback.msg[0m
[  5%] [34m[1mGenerating Lisp code from accerion_driver_msgs/RetrieveLogsAction.msg[0m
[  5%] [34m[1mGenerating Lisp code from accerion_driver_msgs/GetG2oAction.msg[0m
[  5%] [34m[1mGenerating EusLisp code from accerion_driver_msgs/GetMapActionResult.msg[0m
[  5%] [34m[1mGenerating C++ code from accerion_driver_msgs/SendG2oActionFeedback.msg[0m
[  5%] [34m[1mGenerating Lisp code from accerion_driver_msgs/SendG2oActionFeedback.msg[0m
[  6%] [34m[1mGenerating Python from MSG accerion_driver_msgs/GetG2oAction[0m
[  6%] [34m[1mGenerating C++ code from accerion_driver_msgs/GetRecordingsActionFeedback.msg[0m
[  7%] [34m[1mGenerating EusLisp code from accerion_driver_msgs/GetMapResult.msg[0m
[  8%] [34m[1mGenerating C++ code from accerion_driver_msgs/SearchLoopClosuresActionFeedback.msg[0m
[  8%] [34m[1mGenerating Python from MSG accerion_driver_msgs/RetrieveLogsAction[0m
[  8%] [34m[1mGenerating Lisp code from accerion_driver_msgs/GetRecordingsActionFeedback.msg[0m
[35m[1mScanning dependencies of target accerion_driver_msgs_generate_messages_nodejs[0m
[  8%] [34m[1mGenerating C++ code from accerion_driver_msgs/SendMapActionFeedback.msg[0m
[  8%] [34m[1mGenerating EusLisp code from accerion_driver_msgs/GetRecordingsGoal.msg[0m
[  8%] [34m[1mGenerating Javascript code from accerion_driver_msgs/RetrieveLogsFeedback.msg[0m
[  8%] [34m[1mGenerating C++ code from accerion_driver_msgs/GetMapActionResult.msg[0m
[  8%] [34m[1mGenerating Javascript code from accerion_driver_msgs/UpdateSensorActionFeedback.msg[0m
[  8%] [34m[1mGenerating EusLisp code from accerion_driver_msgs/SubsetMapResult.msg[0m
[  9%] [34m[1mGenerating Lisp code from accerion_driver_msgs/SearchLoopClosuresActionFeedback.msg[0m
[  9%] [34m[1mGenerating EusLisp code from accerion_driver_msgs/GetMapActionFeedback.msg[0m
[  9%] [34m[1mGenerating Lisp code from accerion_driver_msgs/SendMapActionFeedback.msg[0m
[ 10%] [34m[1mGenerating Javascript code from accerion_driver_msgs/GetMapGoal.msg[0m
[ 10%] [34m[1mGenerating Python from MSG accerion_driver_msgs/SendG2oActionFeedback[0m
[ 10%] [34m[1mGenerating Lisp code from accerion_driver_msgs/GetMapActionResult.msg[0m
[ 10%] [34m[1mGenerating EusLisp code from accerion_driver_msgs/DriftCorrectionDetails.msg[0m
[ 10%] [34m[1mGenerating Lisp code from accerion_driver_msgs/GetMapResult.msg[0m
[ 10%] [34m[1mGenerating C++ code from accerion_driver_msgs/GetRecordingsGoal.msg[0m
[ 10%] [34m[1mGenerating C++ code from accerion_driver_msgs/GetMapResult.msg[0m
[ 10%] [34m[1mGenerating Javascript code from accerion_driver_msgs/SensorDiagnostics.msg[0m
[ 11%] [34m[1mGenerating C++ code from accerion_driver_msgs/SubsetMapResult.msg[0m
[ 11%] [34m[1mGenerating C++ code from accerion_driver_msgs/GetMapActionFeedback.msg[0m
[ 11%] [34m[1mGenerating Lisp code from accerion_driver_msgs/GetRecordingsGoal.msg[0m
[ 11%] [34m[1mGenerating C++ code from accerion_driver_msgs/DriftCorrectionDetails.msg[0m
[ 12%] [34m[1mGenerating EusLisp code from accerion_driver_msgs/SendG2oAction.msg[0m
[ 12%] [34m[1mGenerating EusLisp code from accerion_driver_msgs/GetRecordingsFeedback.msg[0m
[ 12%] [34m[1mGenerating Javascript code from accerion_driver_msgs/SearchLoopClosuresResult.msg[0m
[ 13%] [34m[1mGenerating Lisp code from accerion_driver_msgs/SubsetMapResult.msg[0m
[ 13%] [34m[1mGenerating Lisp code from accerion_driver_msgs/GetMapActionFeedback.msg[0m
[ 13%] [34m[1mGenerating Python from MSG accerion_driver_msgs/GetRecordingsActionFeedback[0m
[ 13%] [34m[1mGenerating Javascript code from accerion_driver_msgs/GetG2oAction.msg[0m
[ 13%] [34m[1mGenerating Javascript code from accerion_driver_msgs/RetrieveLogsAction.msg[0m
[ 13%] [34m[1mGenerating EusLisp code from accerion_driver_msgs/SearchLoopClosuresGoal.msg[0m
[ 13%] [34m[1mGenerating Python from MSG accerion_driver_msgs/SearchLoopClosuresActionFeedback[0m
[ 13%] [34m[1mGenerating C++ code from accerion_driver_msgs/SendG2oAction.msg[0m
[ 13%] [34m[1mGenerating EusLisp code from accerion_driver_msgs/UpdateSensorActionResult.msg[0m
[ 13%] [34m[1mGenerating EusLisp code from accerion_driver_msgs/GetG2oFeedback.msg[0m
[ 13%] [34m[1mGenerating Lisp code from accerion_driver_msgs/DriftCorrectionDetails.msg[0m
[ 13%] [34m[1mGenerating Lisp code from accerion_driver_msgs/SendG2oAction.msg[0m
[ 14%] [34m[1mGenerating Javascript code from accerion_driver_msgs/SendG2oActionFeedback.msg[0m
[ 15%] [34m[1mGenerating Python from MSG accerion_driver_msgs/SendMapActionFeedback[0m
[ 16%] [34m[1mGenerating EusLisp code from accerion_driver_msgs/SubsetMapAction.msg[0m
[ 16%] [34m[1mGenerating Lisp code from accerion_driver_msgs/GetRecordingsFeedback.msg[0m
[ 16%] [34m[1mGenerating EusLisp code from accerion_driver_msgs/RetrieveLogsResult.msg[0m
[ 16%] [34m[1mGenerating EusLisp code from accerion_driver_msgs/SendMapGoal.msg[0m
[ 17%] [34m[1mGenerating Lisp code from accerion_driver_msgs/SearchLoopClosuresGoal.msg[0m
[ 17%] [34m[1mGenerating Javascript code from accerion_driver_msgs/GetRecordingsActionFeedback.msg[0m
[ 17%] [34m[1mGenerating Javascript code from accerion_driver_msgs/SearchLoopClosuresActionFeedback.msg[0m
[ 17%] [34m[1mGenerating Lisp code from accerion_driver_msgs/UpdateSensorActionResult.msg[0m
[ 17%] [34m[1mGenerating C++ code from accerion_driver_msgs/GetRecordingsFeedback.msg[0m
[ 17%] [34m[1mGenerating Lisp code from accerion_driver_msgs/GetG2oFeedback.msg[0m
[ 18%] [34m[1mGenerating C++ code from accerion_driver_msgs/SearchLoopClosuresGoal.msg[0m
[ 18%] [34m[1mGenerating C++ code from accerion_driver_msgs/UpdateSensorActionResult.msg[0m
[ 18%] [34m[1mGenerating C++ code from accerion_driver_msgs/GetG2oFeedback.msg[0m
[ 18%] [34m[1mGenerating C++ code from accerion_driver_msgs/SubsetMapAction.msg[0m
[ 18%] [34m[1mGenerating Javascript code from accerion_driver_msgs/SendMapActionFeedback.msg[0m
[ 18%] [34m[1mGenerating Lisp code from accerion_driver_msgs/SubsetMapAction.msg[0m
[ 18%] [34m[1mGenerating Lisp code from accerion_driver_msgs/SendMapGoal.msg[0m
[ 18%] [34m[1mGenerating EusLisp code from accerion_driver_msgs/GetMapActionGoal.msg[0m
[ 18%] [34m[1mGenerating Python from MSG accerion_driver_msgs/GetMapActionResult[0m
[ 18%] [34m[1mGenerating EusLisp code from accerion_driver_msgs/UpdateSensorAction.msg[0m
[ 18%] [34m[1mGenerating Python from MSG accerion_driver_msgs/GetMapResult[0m
[ 18%] [34m[1mGenerating Javascript code from accerion_driver_msgs/GetMapActionResult.msg[0m
[ 19%] [34m[1mGenerating Lisp code from accerion_driver_msgs/RetrieveLogsResult.msg[0m
[ 19%] [34m[1mGenerating Lisp code from accerion_driver_msgs/GetMapActionGoal.msg[0m
[ 20%] [34m[1mGenerating Javascript code from accerion_driver_msgs/GetMapResult.msg[0m
[ 20%] [34m[1mGenerating Lisp code from accerion_driver_msgs/UpdateSensorAction.msg[0m
[ 20%] [34m[1mGenerating C++ code from accerion_driver_msgs/SendMapGoal.msg[0m
[ 21%] [34m[1mGenerating C++ code from accerion_driver_msgs/RetrieveLogsResult.msg[0m
[ 22%] [34m[1mGenerating EusLisp code from accerion_driver_msgs/SendMapFeedback.msg[0m
[ 22%] [34m[1mGenerating C++ code from accerion_driver_msgs/GetMapActionGoal.msg[0m
[ 22%] [34m[1mGenerating Lisp code from accerion_driver_msgs/SendMapFeedback.msg[0m
[ 22%] [34m[1mGenerating Lisp code from accerion_driver_msgs/ImportG2oResult.msg[0m
[ 22%] [34m[1mGenerating C++ code from accerion_driver_msgs/UpdateSensorAction.msg[0m
[ 22%] [34m[1mGenerating Javascript code from accerion_driver_msgs/GetRecordingsGoal.msg[0m
[ 22%] [34m[1mGenerating Javascript code from accerion_driver_msgs/SubsetMapResult.msg[0m
[ 22%] [34m[1mGenerating Javascript code from accerion_driver_msgs/GetMapActionFeedback.msg[0m
[ 22%] [34m[1mGenerating Python from MSG accerion_driver_msgs/GetRecordingsGoal[0m
[ 23%] [34m[1mGenerating Lisp code from accerion_driver_msgs/UpdateSensorResult.msg[0m
[ 23%] [34m[1mGenerating EusLisp code from accerion_driver_msgs/UpdateSensorResult.msg[0m
[ 23%] [34m[1mGenerating EusLisp code from accerion_driver_msgs/ImportG2oResult.msg[0m
[ 23%] [34m[1mGenerating Python from MSG accerion_driver_msgs/SubsetMapResult[0m
[ 23%] [34m[1mGenerating Javascript code from accerion_driver_msgs/DriftCorrectionDetails.msg[0m
[ 23%] [34m[1mGenerating Lisp code from accerion_driver_msgs/ImportG2oGoal.msg[0m
[ 23%] [34m[1mGenerating Lisp code from accerion_driver_msgs/SendG2oActionGoal.msg[0m
[ 24%] [34m[1mGenerating Javascript code from accerion_driver_msgs/SendG2oAction.msg[0m
[ 24%] [34m[1mGenerating EusLisp code from accerion_driver_msgs/ImportG2oGoal.msg[0m
[ 24%] [34m[1mGenerating Javascript code from accerion_driver_msgs/GetRecordingsFeedback.msg[0m
[ 24%] [34m[1mGenerating Javascript code from accerion_driver_msgs/SearchLoopClosuresGoal.msg[0m
[ 24%] [34m[1mGenerating Javascript code from accerion_driver_msgs/GetG2oFeedback.msg[0m
[ 24%] [34m[1mGenerating Javascript code from accerion_driver_msgs/UpdateSensorActionResult.msg[0m
[ 24%] [34m[1mGenerating C++ code from accerion_driver_msgs/SendMapFeedback.msg[0m
[ 24%] [34m[1mGenerating Lisp code from accerion_driver_msgs/GetMapAction.msg[0m
[ 26%] [34m[1mGenerating Javascript code from accerion_driver_msgs/SubsetMapAction.msg[0m
[ 26%] [34m[1mGenerating Lisp code from accerion_driver_msgs/GetRecordingsActionResult.msg[0m
[ 27%] [34m[1mGenerating Javascript code from accerion_driver_msgs/SendMapGoal.msg[0m
[ 27%] [34m[1mGenerating Lisp code from accerion_driver_msgs/SearchLoopClosuresActionResult.msg[0m
[ 27%] [34m[1mGenerating Python from MSG accerion_driver_msgs/GetMapActionFeedback[0m
[ 27%] [34m[1mGenerating Python from MSG accerion_driver_msgs/DriftCorrectionDetails[0m
[ 27%] [34m[1mGenerating C++ code from accerion_driver_msgs/ImportG2oResult.msg[0m
[ 28%] [34m[1mGenerating C++ code from accerion_driver_msgs/UpdateSensorResult.msg[0m
[ 28%] [34m[1mGenerating EusLisp code from accerion_driver_msgs/SendG2oActionGoal.msg[0m
[ 29%] [34m[1mGenerating EusLisp code from accerion_driver_msgs/GetMapAction.msg[0m
[ 29%] [34m[1mGenerating C++ code from accerion_driver_msgs/ImportG2oGoal.msg[0m
[ 29%] [34m[1mGenerating Javascript code from accerion_driver_msgs/RetrieveLogsResult.msg[0m
[ 29%] [34m[1mGenerating Lisp code from accerion_driver_msgs/SendMapAction.msg[0m
[ 29%] [34m[1mGenerating Javascript code from accerion_driver_msgs/GetMapActionGoal.msg[0m
[ 29%] [34m[1mGenerating Lisp code from accerion_driver_msgs/SendMapActionResult.msg[0m
[ 29%] [34m[1mGenerating EusLisp code from accerion_driver_msgs/SearchLoopClosuresActionResult.msg[0m
[ 29%] [34m[1mGenerating EusLisp code from accerion_driver_msgs/GetRecordingsActionResult.msg[0m
[ 29%] [34m[1mGenerating C++ code from accerion_driver_msgs/SendG2oActionGoal.msg[0m
[ 29%] [34m[1mGenerating Lisp code from accerion_driver_msgs/SearchLoopClosuresActionGoal.msg[0m
[ 31%] [34m[1mGenerating Lisp code from accerion_driver_msgs/SubsetMapActionGoal.msg[0m
[ 31%] [34m[1mGenerating Javascript code from accerion_driver_msgs/UpdateSensorAction.msg[0m
[ 31%] [34m[1mGenerating Lisp code from accerion_driver_msgs/RetrieveLogsActionFeedback.msg[0m
[ 31%] [34m[1mGenerating Python from MSG accerion_driver_msgs/SendG2oAction[0m
[ 31%] [34m[1mGenerating C++ code from accerion_driver_msgs/GetMapAction.msg[0m
[ 31%] [34m[1mGenerating Lisp code from accerion_driver_msgs/SendG2oActionResult.msg[0m
[ 31%] [34m[1mGenerating Lisp code from accerion_driver_msgs/RetrieveLogsActionGoal.msg[0m
[ 31%] [34m[1mGenerating Javascript code from accerion_driver_msgs/ImportG2oResult.msg[0m
[ 31%] [34m[1mGenerating EusLisp code from accerion_driver_msgs/SendMapAction.msg[0m
[ 31%] [34m[1mGenerating Javascript code from accerion_driver_msgs/SendMapFeedback.msg[0m
[ 31%] [34m[1mGenerating Lisp code from accerion_driver_msgs/SearchLoopClosuresFeedback.msg[0m
[ 31%] [34m[1mGenerating C++ code from accerion_driver_msgs/GetRecordingsActionResult.msg[0m
[ 32%] [34m[1mGenerating C++ code from accerion_driver_msgs/SearchLoopClosuresActionResult.msg[0m
[ 32%] [34m[1mGenerating C++ code from accerion_driver_msgs/SendMapAction.msg[0m
[ 32%] [34m[1mGenerating C++ code from accerion_driver_msgs/SendMapActionResult.msg[0m
[ 32%] [34m[1mGenerating Javascript code from accerion_driver_msgs/UpdateSensorResult.msg[0m
[ 34%] [34m[1mGenerating Lisp code from accerion_driver_msgs/SendG2oFeedback.msg[0m
[ 34%] [34m[1mGenerating EusLisp code from accerion_driver_msgs/SendMapActionResult.msg[0m
[ 35%] [34m[1mGenerating EusLisp code from accerion_driver_msgs/SearchLoopClosuresActionGoal.msg[0m
[ 35%] [34m[1mGenerating Python from MSG accerion_driver_msgs/GetRecordingsFeedback[0m
[ 35%] [34m[1mGenerating Javascript code from accerion_driver_msgs/ImportG2oGoal.msg[0m
[ 35%] [34m[1mGenerating Lisp code from accerion_driver_msgs/ImportG2oActionResult.msg[0m
[ 36%] [34m[1mGenerating Javascript code from accerion_driver_msgs/SendG2oActionGoal.msg[0m
[ 36%] [34m[1mGenerating Lisp code from accerion_driver_msgs/GetMapFeedback.msg[0m
[ 36%] [34m[1mGenerating Javascript code from accerion_driver_msgs/GetRecordingsActionResult.msg[0m
[ 36%] [34m[1mGenerating Javascript code from accerion_driver_msgs/GetMapAction.msg[0m
[ 36%] [34m[1mGenerating EusLisp code from accerion_driver_msgs/SubsetMapActionGoal.msg[0m
[ 36%] [34m[1mGenerating EusLisp code from accerion_driver_msgs/RetrieveLogsActionFeedback.msg[0m
[ 36%] [34m[1mGenerating Lisp code from accerion_driver_msgs/GetG2oResult.msg[0m
[ 36%] [34m[1mGenerating EusLisp code from accerion_driver_msgs/RetrieveLogsActionGoal.msg[0m
[ 36%] [34m[1mGenerating Javascript code from accerion_driver_msgs/SearchLoopClosuresActionResult.msg[0m
[ 37%] [34m[1mGenerating EusLisp code from accerion_driver_msgs/SendG2oActionResult.msg[0m
[ 37%] [34m[1mGenerating Javascript code from accerion_driver_msgs/SendMapAction.msg[0m
[ 37%] [34m[1mGenerating C++ code from accerion_driver_msgs/SearchLoopClosuresActionGoal.msg[0m
[ 38%] [34m[1mGenerating Javascript code from accerion_driver_msgs/SendMapActionResult.msg[0m
[ 38%] [34m[1mGenerating EusLisp code from accerion_driver_msgs/SearchLoopClosuresFeedback.msg[0m
[ 38%] [34m[1mGenerating EusLisp code from accerion_driver_msgs/SendG2oFeedback.msg[0m
[ 38%] [34m[1mGenerating Lisp code from accerion_driver_msgs/ImportG2oAction.msg[0m
[ 38%] [34m[1mGenerating EusLisp code from accerion_driver_msgs/ImportG2oActionResult.msg[0m
[ 38%] [34m[1mGenerating Javascript code from accerion_driver_msgs/SearchLoopClosuresActionGoal.msg[0m
[ 39%] [34m[1mGenerating Python from MSG accerion_driver_msgs/SearchLoopClosuresGoal[0m
[ 40%] [34m[1mGenerating Lisp code from accerion_driver_msgs/GetG2oActionFeedback.msg[0m
[ 40%] [34m[1mGenerating EusLisp code from accerion_driver_msgs/GetMapFeedback.msg[0m
[ 41%] [34m[1mGenerating EusLisp code from accerion_driver_msgs/GetG2oResult.msg[0m
[ 41%] [34m[1mGenerating Lisp code from accerion_driver_msgs/SubsetMapFeedback.msg[0m
[ 41%] [34m[1mGenerating Javascript code from accerion_driver_msgs/SubsetMapActionGoal.msg[0m
[ 41%] [34m[1mGenerating EusLisp code from accerion_driver_msgs/ImportG2oAction.msg[0m
[ 41%] [34m[1mGenerating Javascript code from accerion_driver_msgs/RetrieveLogsActionFeedback.msg[0m
[ 41%] [34m[1mGenerating Lisp code from accerion_driver_msgs/RetrieveLogsGoal.msg[0m
[ 41%] [34m[1mGenerating Javascript code from accerion_driver_msgs/RetrieveLogsActionGoal.msg[0m
[ 41%] [34m[1mGenerating Python from MSG accerion_driver_msgs/UpdateSensorActionResult[0m
[ 41%] [34m[1mGenerating EusLisp code from accerion_driver_msgs/GetG2oActionFeedback.msg[0m
[ 41%] [34m[1mGenerating Lisp code from accerion_driver_msgs/ImportG2oActionFeedback.msg[0m
[ 41%] [34m[1mGenerating Lisp code from accerion_driver_msgs/SubsetMapGoal.msg[0m
[ 41%] [34m[1mGenerating Lisp code from accerion_driver_msgs/RamRomStats.msg[0m
[ 41%] [34m[1mGenerating Lisp code from accerion_driver_msgs/SendG2oResult.msg[0m
[ 42%] [34m[1mGenerating Lisp code from accerion_driver_msgs/SendMapActionGoal.msg[0m
[ 43%] [34m[1mGenerating Javascript code from accerion_driver_msgs/SendG2oActionResult.msg[0m
[ 43%] [34m[1mGenerating C++ code from accerion_driver_msgs/SubsetMapActionGoal.msg[0m
[ 43%] [34m[1mGenerating Lisp code from accerion_driver_msgs/UpdateSensorGoal.msg[0m
[ 43%] [34m[1mGenerating EusLisp code from accerion_driver_msgs/SubsetMapFeedback.msg[0m
[ 43%] [34m[1mGenerating Lisp code from accerion_driver_msgs/RetrieveLogsActionResult.msg[0m
[ 43%] [34m[1mGenerating EusLisp code from accerion_driver_msgs/RetrieveLogsGoal.msg[0m
[ 44%] [34m[1mGenerating Lisp code from accerion_driver_msgs/GetRecordingsResult.msg[0m
[ 44%] [34m[1mGenerating EusLisp code from accerion_driver_msgs/SendMapActionGoal.msg[0m
[ 44%] [34m[1mGenerating EusLisp code from accerion_driver_msgs/RamRomStats.msg[0m
[ 44%] [34m[1mGenerating Lisp code from accerion_driver_msgs/ImportG2oFeedback.msg[0m
[ 45%] [34m[1mGenerating EusLisp code from accerion_driver_msgs/ImportG2oActionFeedback.msg[0m
[ 45%] [34m[1mGenerating Lisp code from accerion_driver_msgs/SubsetMapActionFeedback.msg[0m
[ 45%] [34m[1mGenerating EusLisp code from accerion_driver_msgs/SubsetMapGoal.msg[0m
[ 45%] [34m[1mGenerating Javascript code from accerion_driver_msgs/SearchLoopClosuresFeedback.msg[0m
[ 45%] [34m[1mGenerating Python from MSG accerion_driver_msgs/GetG2oFeedback[0m
[ 45%] [34m[1mGenerating Python from MSG accerion_driver_msgs/SubsetMapAction[0m
[ 45%] [34m[1mGenerating Python from MSG accerion_driver_msgs/SendMapGoal[0m
[ 45%] [34m[1mGenerating Lisp code from accerion_driver_msgs/GetG2oActionResult.msg[0m
[ 46%] [34m[1mGenerating Python from MSG accerion_driver_msgs/RetrieveLogsResult[0m
[ 46%] [34m[1mGenerating Lisp code from accerion_driver_msgs/DirSizePart.msg[0m
[ 46%] [34m[1mGenerating Javascript code from accerion_driver_msgs/SendG2oFeedback.msg[0m
[ 46%] [34m[1mGenerating EusLisp code from accerion_driver_msgs/SendG2oResult.msg[0m
[ 46%] [34m[1mGenerating Javascript code from accerion_driver_msgs/ImportG2oActionResult.msg[0m
[ 47%] [34m[1mGenerating C++ code from accerion_driver_msgs/RetrieveLogsActionFeedback.msg[0m
[ 48%] [34m[1mGenerating EusLisp code from accerion_driver_msgs/UpdateSensorGoal.msg[0m
[ 48%] [34m[1mGenerating Javascript code from accerion_driver_msgs/GetMapFeedback.msg[0m
[ 49%] [34m[1mGenerating Lisp code from accerion_driver_msgs/UpdateSensorActionGoal.msg[0m
[ 50%] [34m[1mGenerating Javascript code from accerion_driver_msgs/GetG2oResult.msg[0m
[ 50%] [34m[1mGenerating C++ code from accerion_driver_msgs/RetrieveLogsActionGoal.msg[0m
[ 50%] [34m[1mGenerating EusLisp code from accerion_driver_msgs/RetrieveLogsActionResult.msg[0m
[ 50%] [34m[1mGenerating Javascript code from accerion_driver_msgs/ImportG2oAction.msg[0m
[ 50%] [34m[1mGenerating EusLisp code from accerion_driver_msgs/GetRecordingsResult.msg[0m
[ 50%] [34m[1mGenerating EusLisp code from accerion_driver_msgs/ImportG2oFeedback.msg[0m
[ 50%] [34m[1mGenerating Javascript code from accerion_driver_msgs/GetG2oActionFeedback.msg[0m
[ 50%] [34m[1mGenerating EusLisp code from accerion_driver_msgs/SubsetMapActionFeedback.msg[0m
[ 50%] [34m[1mGenerating Lisp code from accerion_driver_msgs/SendMapResult.msg[0m
[ 50%] [34m[1mGenerating Lisp code from accerion_driver_msgs/GetG2oGoal.msg[0m
[ 50%] [34m[1mGenerating Python from MSG accerion_driver_msgs/GetMapActionGoal[0m
[ 50%] [34m[1mGenerating Lisp code from accerion_driver_msgs/SearchLoopClosuresAction.msg[0m
[ 50%] [34m[1mGenerating Lisp code from accerion_driver_msgs/UpdateSensorFeedback.msg[0m
[ 50%] [34m[1mGenerating Python from MSG accerion_driver_msgs/UpdateSensorAction[0m
[ 51%] [34m[1mGenerating Lisp code from accerion_driver_msgs/GetRecordingsAction.msg[0m
[ 51%] [34m[1mGenerating Javascript code from accerion_driver_msgs/SubsetMapFeedback.msg[0m
[ 52%] [34m[1mGenerating EusLisp code from accerion_driver_msgs/GetG2oActionResult.msg[0m
[ 52%] [34m[1mGenerating Javascript code from accerion_driver_msgs/RetrieveLogsGoal.msg[0m
[ 52%] [34m[1mGenerating C++ code from accerion_driver_msgs/SendG2oActionResult.msg[0m
[ 52%] [34m[1mGenerating Lisp code from accerion_driver_msgs/SendG2oGoal.msg[0m
[ 52%] [34m[1mGenerating Lisp code from accerion_driver_msgs/GetG2oActionGoal.msg[0m
[ 53%] [34m[1mGenerating Javascript code from accerion_driver_msgs/ImportG2oActionFeedback.msg[0m
[ 53%] [34m[1mGenerating Javascript code from accerion_driver_msgs/RamRomStats.msg[0m
[ 53%] [34m[1mGenerating Javascript code from accerion_driver_msgs/SendMapActionGoal.msg[0m
[ 53%] [34m[1mGenerating Javascript code from accerion_driver_msgs/SubsetMapGoal.msg[0m
[ 53%] [34m[1mGenerating C++ code from accerion_driver_msgs/SearchLoopClosuresFeedback.msg[0m
[ 53%] [34m[1mGenerating Lisp code from accerion_driver_msgs/ImportG2oActionGoal.msg[0m
[ 53%] [34m[1mGenerating Lisp code from accerion_driver_msgs/GetRecordingsActionGoal.msg[0m
[ 53%] [34m[1mGenerating Python from MSG accerion_driver_msgs/SendMapFeedback[0m
[ 53%] [34m[1mGenerating Javascript code from accerion_driver_msgs/SendG2oResult.msg[0m
[ 54%] [34m[1mGenerating Javascript code from accerion_driver_msgs/UpdateSensorGoal.msg[0m
[ 54%] [34m[1mGenerating Javascript code from accerion_driver_msgs/RetrieveLogsActionResult.msg[0m
[ 54%] [34m[1mGenerating EusLisp code from accerion_driver_msgs/DirSizePart.msg[0m
[ 55%] [34m[1mGenerating Python from MSG accerion_driver_msgs/UpdateSensorResult[0m
[ 55%] [34m[1mGenerating Python from MSG accerion_driver_msgs/ImportG2oResult[0m
[ 56%] [34m[1mGenerating Lisp code from accerion_driver_msgs/SubsetMapActionResult.msg[0m
[ 56%] [34m[1mGenerating Python from MSG accerion_driver_msgs/ImportG2oGoal[0m
[ 56%] [34m[1mGenerating C++ code from accerion_driver_msgs/SendG2oFeedback.msg[0m
[ 56%] [34m[1mGenerating EusLisp code from accerion_driver_msgs/UpdateSensorActionGoal.msg[0m
[ 56%] [34m[1mGenerating Javascript code from accerion_driver_msgs/GetRecordingsResult.msg[0m
[ 56%] [34m[1mGenerating EusLisp code from accerion_driver_msgs/GetG2oGoal.msg[0m
[ 56%] [34m[1mGenerating Lisp code from accerion_driver_msgs/EmptyCommand.srv[0m
[ 56%] [34m[1mGenerating Javascript code from accerion_driver_msgs/ImportG2oFeedback.msg[0m
[ 57%] [34m[1mGenerating C++ code from accerion_driver_msgs/ImportG2oActionResult.msg[0m
[ 57%] [34m[1mGenerating Javascript code from accerion_driver_msgs/SubsetMapActionFeedback.msg[0m
[ 57%] [34m[1mGenerating EusLisp code from accerion_driver_msgs/SendMapResult.msg[0m
[ 57%] [34m[1mGenerating Python from MSG accerion_driver_msgs/SendG2oActionGoal[0m
[ 57%] [34m[1mGenerating Lisp code from accerion_driver_msgs/ParentChildFrames.srv[0m
[ 58%] [34m[1mGenerating Javascript code from accerion_driver_msgs/GetG2oActionResult.msg[0m
[ 58%] [34m[1mGenerating Javascript code from accerion_driver_msgs/DirSizePart.msg[0m
[ 58%] [34m[1mGenerating Python from MSG accerion_driver_msgs/GetMapAction[0m
[ 58%] [34m[1mGenerating C++ code from accerion_driver_msgs/GetMapFeedback.msg[0m
[ 58%] [34m[1mGenerating Python from MSG accerion_driver_msgs/GetRecordingsActionResult[0m
[ 58%] [34m[1mGenerating Javascript code from accerion_driver_msgs/GetG2oGoal.msg[0m
[ 58%] [34m[1mGenerating Javascript code from accerion_driver_msgs/UpdateSensorActionGoal.msg[0m
[ 58%] [34m[1mGenerating Lisp code from accerion_driver_msgs/RemoveArea.srv[0m
[ 59%] [34m[1mGenerating Lisp code from accerion_driver_msgs/Recordings.srv[0m
[ 59%] [34m[1mGenerating Javascript code from accerion_driver_msgs/SendMapResult.msg[0m
[ 60%] [34m[1mGenerating Javascript code from accerion_driver_msgs/UpdateSensorFeedback.msg[0m
[ 61%] [34m[1mGenerating Lisp code from accerion_driver_msgs/SetBufferedRecoveryBufferLength.srv[0m
[ 61%] [34m[1mGenerating Python from MSG accerion_driver_msgs/SearchLoopClosuresActionResult[0m
[ 62%] [34m[1mGenerating EusLisp code from accerion_driver_msgs/UpdateSensorFeedback.msg[0m
[ 62%] [34m[1mGenerating Javascript code from accerion_driver_msgs/SearchLoopClosuresAction.msg[0m
[ 62%] [34m[1mGenerating Javascript code from accerion_driver_msgs/GetRecordingsAction.msg[0m
[ 62%] [34m[1mGenerating Javascript code from accerion_driver_msgs/SendG2oGoal.msg[0m
[ 63%] [34m[1mGenerating Javascript code from accerion_driver_msgs/GetG2oActionGoal.msg[0m
[ 63%] [34m[1mGenerating C++ code from accerion_driver_msgs/GetG2oResult.msg[0m
[ 63%] [34m[1mGenerating Javascript code from accerion_driver_msgs/ImportG2oActionGoal.msg[0m
[ 63%] [34m[1mGenerating Lisp code from accerion_driver_msgs/SetIP.srv[0m
[ 63%] [34m[1mGenerating C++ code from accerion_driver_msgs/SubsetMapFeedback.msg[0m
[ 63%] [34m[1mGenerating Python from MSG accerion_driver_msgs/SendMapAction[0m
[ 63%] [34m[1mGenerating Python from MSG accerion_driver_msgs/SendMapActionResult[0m
[ 64%] [34m[1mGenerating C++ code from accerion_driver_msgs/GetG2oActionFeedback.msg[0m
[ 64%] [34m[1mGenerating C++ code from accerion_driver_msgs/ImportG2oAction.msg[0m
[ 64%] [34m[1mGenerating Lisp code from accerion_driver_msgs/Logs.srv[0m
[ 64%] [34m[1mGenerating C++ code from accerion_driver_msgs/RetrieveLogsGoal.msg[0m
[ 64%] [34m[1mGenerating EusLisp code from accerion_driver_msgs/SearchLoopClosuresAction.msg[0m
[ 64%] [34m[1mGenerating Javascript code from accerion_driver_msgs/GetRecordingsActionGoal.msg[0m
[ 64%] [34m[1mGenerating Python from MSG accerion_driver_msgs/SearchLoopClosuresActionGoal[0m
[ 64%] [34m[1mGenerating EusLisp code from accerion_driver_msgs/GetRecordingsAction.msg[0m
[ 64%] [34m[1mGenerating Lisp code from accerion_driver_msgs/GetAreas.srv[0m
[ 64%] [34m[1mGenerating Javascript code from accerion_driver_msgs/SubsetMapActionResult.msg[0m
[ 64%] [34m[1mGenerating C++ code from accerion_driver_msgs/ImportG2oActionFeedback.msg[0m
[ 64%] [34m[1mGenerating Javascript code from accerion_driver_msgs/EmptyCommand.srv[0m
[ 65%] [34m[1mGenerating Lisp code from accerion_driver_msgs/Cluster.srv[0m
[ 65%] [34m[1mGenerating Python from MSG accerion_driver_msgs/SubsetMapActionGoal[0m
[ 67%] [34m[1mGenerating C++ code from accerion_driver_msgs/RamRomStats.msg[0m
[ 67%] [34m[1mGenerating C++ code from accerion_driver_msgs/SendMapActionGoal.msg[0m
[ 68%] [34m[1mGenerating Python from MSG accerion_driver_msgs/RetrieveLogsActionFeedback[0m
[ 68%] [34m[1mGenerating EusLisp code from accerion_driver_msgs/GetG2oActionGoal.msg[0m
[ 68%] [34m[1mGenerating EusLisp code from accerion_driver_msgs/SendG2oGoal.msg[0m
[ 69%] [34m[1mGenerating Javascript code from accerion_driver_msgs/ParentChildFrames.srv[0m
[ 69%] [34m[1mGenerating C++ code from accerion_driver_msgs/SubsetMapGoal.msg[0m
[ 69%] [34m[1mGenerating Lisp code from accerion_driver_msgs/SetArea.srv[0m
[ 69%] [34m[1mGenerating C++ code from accerion_driver_msgs/SendG2oResult.msg[0m
[ 69%] [34m[1mGenerating Python from MSG accerion_driver_msgs/RetrieveLogsActionGoal[0m
[ 69%] [34m[1mGenerating Lisp code from accerion_driver_msgs/RamRomStatsSRV.srv[0m
[ 69%] [34m[1mGenerating Javascript code from accerion_driver_msgs/RemoveArea.srv[0m
[ 69%] [34m[1mGenerating C++ code from accerion_driver_msgs/UpdateSensorGoal.msg[0m
[ 70%] [34m[1mGenerating EusLisp code from accerion_driver_msgs/ImportG2oActionGoal.msg[0m
[ 70%] [34m[1mGenerating EusLisp code from accerion_driver_msgs/GetRecordingsActionGoal.msg[0m
[ 70%] [34m[1mGenerating Lisp code from accerion_driver_msgs/UDPSettings.srv[0m
[ 70%] [34m[1mGenerating Python from MSG accerion_driver_msgs/SendG2oActionResult[0m
[ 70%] [34m[1mGenerating Lisp code from accerion_driver_msgs/MapTransfer.srv[0m
[ 70%] [34m[1mGenerating Javascript code from accerion_driver_msgs/Recordings.srv[0m
[ 71%] [34m[1mGenerating Lisp code from accerion_driver_msgs/DateTime.srv[0m
[ 71%] [34m[1mGenerating EusLisp code from accerion_driver_msgs/SubsetMapActionResult.msg[0m
[ 71%] [34m[1mGenerating EusLisp code from accerion_driver_msgs/EmptyCommand.srv[0m
[ 71%] [34m[1mGenerating Javascript code from accerion_driver_msgs/SetBufferedRecoveryBufferLength.srv[0m
[ 71%] [34m[1mGenerating C++ code from accerion_driver_msgs/RetrieveLogsActionResult.msg[0m
[ 71%] [34m[1mGenerating Python from MSG accerion_driver_msgs/SearchLoopClosuresFeedback[0m
[ 72%] [34m[1mGenerating C++ code from accerion_driver_msgs/GetRecordingsResult.msg[0m
[ 72%] [34m[1mGenerating Lisp code from accerion_driver_msgs/Pose.srv[0m
[ 72%] [34m[1mGenerating Python from MSG accerion_driver_msgs/SendG2oFeedback[0m
[ 73%] [34m[1mGenerating Python from MSG accerion_driver_msgs/ImportG2oActionResult[0m
[ 73%] [34m[1mGenerating Lisp code from accerion_driver_msgs/RequestCommand.srv[0m
[ 73%] [34m[1mGenerating Javascript code from accerion_driver_msgs/SetIP.srv[0m
[ 73%] [34m[1mGenerating C++ code from accerion_driver_msgs/ImportG2oFeedback.msg[0m
[ 73%] [34m[1mGenerating Python from MSG accerion_driver_msgs/GetMapFeedback[0m
[ 73%] [34m[1mGenerating EusLisp code from accerion_driver_msgs/ParentChildFrames.srv[0m
[ 73%] [34m[1mGenerating C++ code from accerion_driver_msgs/SubsetMapActionFeedback.msg[0m
[ 73%] [34m[1mGenerating Lisp code from accerion_driver_msgs/ModeCommand.srv[0m
[ 73%] [34m[1mGenerating Python from MSG accerion_driver_msgs/GetG2oResult[0m
[ 74%] [34m[1mGenerating Python from MSG accerion_driver_msgs/ImportG2oAction[0m
[ 74%] [34m[1mGenerating Javascript code from accerion_driver_msgs/Logs.srv[0m
[ 74%] [34m[1mGenerating C++ code from accerion_driver_msgs/DirSizePart.msg[0m
[ 75%] [34m[1mGenerating Javascript code from accerion_driver_msgs/GetAreas.srv[0m
[ 75%] [34m[1mGenerating Lisp code from accerion_driver_msgs/StartBufferedRecoveryMode.srv[0m
[ 75%] [34m[1mGenerating EusLisp code from accerion_driver_msgs/RemoveArea.srv[0m
[ 75%] [34m[1mGenerating C++ code from accerion_driver_msgs/GetG2oActionResult.msg[0m
[ 76%] [34m[1mGenerating C++ code from accerion_driver_msgs/GetG2oGoal.msg[0m
[ 76%] [34m[1mGenerating C++ code from accerion_driver_msgs/UpdateSensorActionGoal.msg[0m
[ 76%] [34m[1mGenerating C++ code from accerion_driver_msgs/SendMapResult.msg[0m
[ 76%] [34m[1mGenerating Python from MSG accerion_driver_msgs/GetG2oActionFeedback[0m
[ 77%] [34m[1mGenerating Lisp code from accerion_driver_msgs/FileTransfer.srv[0m
[ 77%] [34m[1mGenerating Javascript code from accerion_driver_msgs/Cluster.srv[0m
[ 77%] [34m[1mGenerating EusLisp code from accerion_driver_msgs/Recordings.srv[0m
[ 77%] [34m[1mGenerating C++ code from accerion_driver_msgs/UpdateSensorFeedback.msg[0m
[ 78%] [34m[1mGenerating Python from MSG accerion_driver_msgs/SubsetMapFeedback[0m
[ 78%] [34m[1mGenerating Python from MSG accerion_driver_msgs/RetrieveLogsGoal[0m
[ 78%] [34m[1mGenerating Lisp code from accerion_driver_msgs/SecondaryLF.srv[0m
[ 78%] [34m[1mGenerating Javascript code from accerion_driver_msgs/SetArea.srv[0m
[ 78%] [34m[1mGenerating EusLisp code from accerion_driver_msgs/SetBufferedRecoveryBufferLength.srv[0m
[ 78%] [34m[1mGenerating Javascript code from accerion_driver_msgs/RamRomStatsSRV.srv[0m
[ 78%] [34m[1mGenerating Python from MSG accerion_driver_msgs/ImportG2oActionFeedback[0m
[ 78%] [34m[1mGenerating C++ code from accerion_driver_msgs/SearchLoopClosuresAction.msg[0m
[ 79%] [34m[1mGenerating C++ code from accerion_driver_msgs/GetRecordingsAction.msg[0m
[ 79%] [34m[1mGenerating Python from MSG accerion_driver_msgs/RamRomStats[0m
[ 79%] [34m[1mGenerating Lisp code from accerion_driver_msgs/ModeClusterCommand.srv[0m
[ 79%] [34m[1mGenerating C++ code from accerion_driver_msgs/SendG2oGoal.msg[0m
[ 79%] [34m[1mGenerating C++ code from accerion_driver_msgs/GetG2oActionGoal.msg[0m
[ 80%] [34m[1mGenerating Javascript code from accerion_driver_msgs/UDPSettings.srv[0m
[ 80%] [34m[1mGenerating Javascript code from accerion_driver_msgs/MapTransfer.srv[0m
[ 80%] [34m[1mGenerating EusLisp code from accerion_driver_msgs/SetIP.srv[0m
[ 80%] [34m[1mGenerating C++ code from accerion_driver_msgs/ImportG2oActionGoal.msg[0m
[ 80%] [34m[1mGenerating EusLisp code from accerion_driver_msgs/Logs.srv[0m
[ 80%] [34m[1mGenerating C++ code from accerion_driver_msgs/GetRecordingsActionGoal.msg[0m
[ 80%] Built target accerion_driver_msgs_generate_messages_lisp
[ 80%] [34m[1mGenerating Javascript code from accerion_driver_msgs/DateTime.srv[0m
[ 80%] [34m[1mGenerating Javascript code from accerion_driver_msgs/Pose.srv[0m
[ 80%] [34m[1mGenerating Javascript code from accerion_driver_msgs/RequestCommand.srv[0m
[ 81%] [34m[1mGenerating EusLisp code from accerion_driver_msgs/GetAreas.srv[0m
[ 82%] [34m[1mGenerating C++ code from accerion_driver_msgs/SubsetMapActionResult.msg[0m
[ 82%] [34m[1mGenerating Javascript code from accerion_driver_msgs/StartBufferedRecoveryMode.srv[0m
[ 82%] [34m[1mGenerating Javascript code from accerion_driver_msgs/FileTransfer.srv[0m
[ 83%] [34m[1mGenerating Javascript code from accerion_driver_msgs/ModeCommand.srv[0m
[ 83%] [34m[1mGenerating C++ code from accerion_driver_msgs/ParentChildFrames.srv[0m
[ 83%] [34m[1mGenerating C++ code from accerion_driver_msgs/EmptyCommand.srv[0m
[ 83%] [34m[1mGenerating Javascript code from accerion_driver_msgs/SecondaryLF.srv[0m
[ 83%] [34m[1mGenerating Python from MSG accerion_driver_msgs/SendMapActionGoal[0m
[ 84%] [34m[1mGenerating Python from MSG accerion_driver_msgs/SendG2oResult[0m
[ 84%] [34m[1mGenerating Python from MSG accerion_driver_msgs/SubsetMapGoal[0m
[ 84%] [34m[1mGenerating Python from MSG accerion_driver_msgs/UpdateSensorGoal[0m
[ 84%] [34m[1mGenerating Python from MSG accerion_driver_msgs/RetrieveLogsActionResult[0m
[ 84%] [34m[1mGenerating EusLisp code from accerion_driver_msgs/Cluster.srv[0m
[ 84%] [34m[1mGenerating Python from MSG accerion_driver_msgs/GetRecordingsResult[0m
[ 84%] [34m[1mGenerating Javascript code from accerion_driver_msgs/ModeClusterCommand.srv[0m
[ 84%] [34m[1mGenerating C++ code from accerion_driver_msgs/RemoveArea.srv[0m
[ 84%] Built target accerion_driver_msgs_generate_messages_nodejs
[ 84%] [34m[1mGenerating EusLisp code from accerion_driver_msgs/SetArea.srv[0m
[ 84%] [34m[1mGenerating C++ code from accerion_driver_msgs/Recordings.srv[0m
[ 85%] [34m[1mGenerating C++ code from accerion_driver_msgs/SetBufferedRecoveryBufferLength.srv[0m
[ 86%] [34m[1mGenerating Python from MSG accerion_driver_msgs/ImportG2oFeedback[0m
[ 86%] [34m[1mGenerating Python from MSG accerion_driver_msgs/GetG2oActionResult[0m
[ 86%] [34m[1mGenerating EusLisp code from accerion_driver_msgs/RamRomStatsSRV.srv[0m
[ 86%] [34m[1mGenerating Python from MSG accerion_driver_msgs/SubsetMapActionFeedback[0m
[ 87%] [34m[1mGenerating EusLisp code from accerion_driver_msgs/UDPSettings.srv[0m
[ 87%] [34m[1mGenerating Python from MSG accerion_driver_msgs/DirSizePart[0m
[ 88%] [34m[1mGenerating Python from MSG accerion_driver_msgs/UpdateSensorActionGoal[0m
[ 88%] [34m[1mGenerating EusLisp code from accerion_driver_msgs/MapTransfer.srv[0m
[ 88%] [34m[1mGenerating C++ code from accerion_driver_msgs/SetIP.srv[0m
[ 88%] [34m[1mGenerating C++ code from accerion_driver_msgs/Logs.srv[0m
[ 88%] [34m[1mGenerating EusLisp code from accerion_driver_msgs/DateTime.srv[0m
[ 88%] [34m[1mGenerating EusLisp code from accerion_driver_msgs/Pose.srv[0m
[ 88%] [34m[1mGenerating Python from MSG accerion_driver_msgs/GetG2oGoal[0m
[ 88%] [34m[1mGenerating C++ code from accerion_driver_msgs/GetAreas.srv[0m
[ 88%] [34m[1mGenerating Python from MSG accerion_driver_msgs/SendMapResult[0m
[ 88%] [34m[1mGenerating EusLisp code from accerion_driver_msgs/RequestCommand.srv[0m
[ 88%] [34m[1mGenerating C++ code from accerion_driver_msgs/Cluster.srv[0m
[ 89%] [34m[1mGenerating EusLisp code from accerion_driver_msgs/ModeCommand.srv[0m
[ 89%] [34m[1mGenerating EusLisp code from accerion_driver_msgs/StartBufferedRecoveryMode.srv[0m
[ 89%] [34m[1mGenerating Python from MSG accerion_driver_msgs/UpdateSensorFeedback[0m
[ 89%] [34m[1mGenerating Python from MSG accerion_driver_msgs/SearchLoopClosuresAction[0m
[ 89%] [34m[1mGenerating EusLisp code from accerion_driver_msgs/FileTransfer.srv[0m
[ 89%] [34m[1mGenerating EusLisp code from accerion_driver_msgs/SecondaryLF.srv[0m
[ 90%] [34m[1mGenerating Python from MSG accerion_driver_msgs/GetRecordingsAction[0m
[ 90%] [34m[1mGenerating EusLisp code from accerion_driver_msgs/ModeClusterCommand.srv[0m
[ 90%] [34m[1mGenerating Python from MSG accerion_driver_msgs/SendG2oGoal[0m
[ 91%] [34m[1mGenerating EusLisp manifest code for accerion_driver_msgs[0m
[ 91%] [34m[1mGenerating Python from MSG accerion_driver_msgs/ImportG2oActionGoal[0m
[ 91%] [34m[1mGenerating Python from MSG accerion_driver_msgs/GetG2oActionGoal[0m
[ 92%] [34m[1mGenerating C++ code from accerion_driver_msgs/SetArea.srv[0m
[ 92%] [34m[1mGenerating Python from MSG accerion_driver_msgs/GetRecordingsActionGoal[0m
[ 92%] [34m[1mGenerating C++ code from accerion_driver_msgs/RamRomStatsSRV.srv[0m
[ 93%] [34m[1mGenerating Python from MSG accerion_driver_msgs/SubsetMapActionResult[0m
[ 93%] [34m[1mGenerating Python code from SRV accerion_driver_msgs/EmptyCommand[0m
[ 93%] [34m[1mGenerating C++ code from accerion_driver_msgs/MapTransfer.srv[0m
[ 93%] [34m[1mGenerating C++ code from accerion_driver_msgs/UDPSettings.srv[0m
[ 93%] [34m[1mGenerating C++ code from accerion_driver_msgs/DateTime.srv[0m
[ 94%] [34m[1mGenerating C++ code from accerion_driver_msgs/Pose.srv[0m
[ 94%] [34m[1mGenerating Python code from SRV accerion_driver_msgs/ParentChildFrames[0m
[ 94%] [34m[1mGenerating C++ code from accerion_driver_msgs/RequestCommand.srv[0m
[ 94%] [34m[1mGenerating C++ code from accerion_driver_msgs/ModeCommand.srv[0m
[ 94%] [34m[1mGenerating C++ code from accerion_driver_msgs/StartBufferedRecoveryMode.srv[0m
[ 95%] [34m[1mGenerating C++ code from accerion_driver_msgs/FileTransfer.srv[0m
[ 95%] [34m[1mGenerating Python code from SRV accerion_driver_msgs/RemoveArea[0m
[ 95%] [34m[1mGenerating C++ code from accerion_driver_msgs/SecondaryLF.srv[0m
[ 95%] [34m[1mGenerating Python code from SRV accerion_driver_msgs/Recordings[0m
[ 95%] [34m[1mGenerating C++ code from accerion_driver_msgs/ModeClusterCommand.srv[0m
[ 96%] [34m[1mGenerating Python code from SRV accerion_driver_msgs/SetBufferedRecoveryBufferLength[0m
[ 96%] [34m[1mGenerating Python code from SRV accerion_driver_msgs/GetAreas[0m
[ 96%] [34m[1mGenerating Python code from SRV accerion_driver_msgs/SetIP[0m
[ 96%] [34m[1mGenerating Python code from SRV accerion_driver_msgs/Logs[0m
[ 96%] [34m[1mGenerating Python code from SRV accerion_driver_msgs/Cluster[0m
[ 97%] [34m[1mGenerating Python code from SRV accerion_driver_msgs/SetArea[0m
[ 97%] [34m[1mGenerating Python code from SRV accerion_driver_msgs/RamRomStatsSRV[0m
[ 97%] [34m[1mGenerating Python code from SRV accerion_driver_msgs/DateTime[0m
[ 97%] [34m[1mGenerating Python code from SRV accerion_driver_msgs/MapTransfer[0m
[ 97%] [34m[1mGenerating Python code from SRV accerion_driver_msgs/UDPSettings[0m
[ 97%] [34m[1mGenerating Python code from SRV accerion_driver_msgs/RequestCommand[0m
[ 98%] [34m[1mGenerating Python code from SRV accerion_driver_msgs/Pose[0m
[ 98%] [34m[1mGenerating Python code from SRV accerion_driver_msgs/StartBufferedRecoveryMode[0m
[ 98%] Built target accerion_driver_msgs_generate_messages_cpp
[ 98%] [34m[1mGenerating Python code from SRV accerion_driver_msgs/FileTransfer[0m
[ 98%] [34m[1mGenerating Python code from SRV accerion_driver_msgs/ModeCommand[0m
[100%] [34m[1mGenerating Python code from SRV accerion_driver_msgs/SecondaryLF[0m
[100%] Built target accerion_driver_msgs_generate_messages_eus
[100%] [34m[1mGenerating Python code from SRV accerion_driver_msgs/ModeClusterCommand[0m
[100%] [34m[1mGenerating Python srv __init__.py for accerion_driver_msgs[0m
[100%] [34m[1mGenerating Python msg __init__.py for accerion_driver_msgs[0m
[100%] Built target accerion_driver_msgs_generate_messages_py
[35m[1mScanning dependencies of target accerion_driver_msgs_generate_messages[0m
[100%] Built target accerion_driver_msgs_generate_messages
