[ 20%] Built target tf_tools_gencfg
[ 20%] Built target sensor_msgs_generate_messages_nodejs
[ 60%] Built target tf_tools
[ 60%] Built target tf2_msgs_generate_messages_nodejs
[ 60%] Built target tf2_msgs_generate_messages_py
[ 60%] Built target tf2_msgs_generate_messages_lisp
[ 60%] Built target tf2_msgs_generate_messages_eus
[ 60%] Built target tf2_msgs_generate_messages_cpp
[ 60%] Built target actionlib_msgs_generate_messages_py
[ 60%] Built target actionlib_msgs_generate_messages_lisp
[ 60%] Built target dynamic_reconfigure_generate_messages_py
[ 60%] Built target dynamic_reconfigure_gencfg
[ 60%] Built target dynamic_reconfigure_generate_messages_lisp
[ 60%] Built target dynamic_reconfigure_generate_messages_nodejs
[ 60%] Built target dynamic_reconfigure_generate_messages_eus
[ 60%] Built target actionlib_msgs_generate_messages_eus
[ 60%] Built target actionlib_msgs_generate_messages_cpp
[ 60%] Built target actionlib_generate_messages_py
[ 60%] Built target actionlib_generate_messages_nodejs
[ 60%] Built target actionlib_generate_messages_lisp
[ 60%] Built target actionlib_generate_messages_eus
[ 60%] Built target rosgraph_msgs_generate_messages_py
[ 60%] Built target rosgraph_msgs_generate_messages_nodejs
[ 60%] Built target std_msgs_generate_messages_eus
[ 60%] Built target rosgraph_msgs_generate_messages_lisp
[ 60%] Built target rosgraph_msgs_generate_messages_eus
[ 60%] Built target tf_generate_messages_eus
[ 60%] Built target dynamic_reconfigure_generate_messages_cpp
[ 60%] Built target roscpp_generate_messages_py
[ 60%] Built target rosgraph_msgs_generate_messages_cpp
[ 60%] Built target std_msgs_generate_messages_py
[ 60%] Built target geometry_msgs_generate_messages_eus
[ 60%] Built target roscpp_generate_messages_nodejs
[ 60%] Built target roscpp_generate_messages_eus
[ 60%] Built target roscpp_generate_messages_lisp
[ 60%] Built target tf_generate_messages_lisp
[ 60%] Built target actionlib_msgs_generate_messages_nodejs
[ 60%] Built target std_msgs_generate_messages_cpp
[ 60%] Built target geometry_msgs_generate_messages_nodejs
[ 60%] Built target tf_generate_messages_py
[ 60%] Built target sensor_msgs_generate_messages_py
[ 60%] Built target tf_generate_messages_nodejs
[ 60%] Built target tf_generate_messages_cpp
[ 60%] Built target std_msgs_generate_messages_lisp
[ 60%] Built target sensor_msgs_generate_messages_cpp
[ 60%] Built target sensor_msgs_generate_messages_eus
[ 60%] Built target geometry_msgs_generate_messages_cpp
[ 60%] Built target std_msgs_generate_messages_nodejs
[ 60%] Built target geometry_msgs_generate_messages_lisp
[ 60%] Built target geometry_msgs_generate_messages_py
[ 60%] Built target sensor_msgs_generate_messages_lisp
[ 60%] Built target actionlib_generate_messages_cpp
[ 60%] Built target roscpp_generate_messages_cpp
[100%] Built target dynamic_tf_pub
