Determining if the pthread_create exist failed with the following output:
Change Dir: /home/makarand/Documents/shania_triton_ws/build/catkin_tools_prebuild/CMakeFiles/CMakeTmp

Run Build Command:"/usr/bin/make" "cmTC_1e83a/fast"
/usr/bin/make -f CMakeFiles/cmTC_1e83a.dir/build.make CMakeFiles/cmTC_1e83a.dir/build
make[1]: Entering directory '/home/makarand/Documents/shania_triton_ws/build/catkin_tools_prebuild/CMakeFiles/CMakeTmp'
Building C object CMakeFiles/cmTC_1e83a.dir/CheckSymbolExists.c.o
/usr/bin/cc    -o CMakeFiles/cmTC_1e83a.dir/CheckSymbolExists.c.o   -c /home/makarand/Documents/shania_triton_ws/build/catkin_tools_prebuild/CMakeFiles/CMakeTmp/CheckSymbolExists.c
Linking C executable cmTC_1e83a
/usr/bin/cmake -E cmake_link_script CMakeFiles/cmTC_1e83a.dir/link.txt --verbose=1
/usr/bin/cc      -rdynamic CMakeFiles/cmTC_1e83a.dir/CheckSymbolExists.c.o  -o cmTC_1e83a 
CMakeFiles/cmTC_1e83a.dir/CheckSymbolExists.c.o: In function `main':
CheckSymbolExists.c:(.text+0x1b): undefined reference to `pthread_create'
collect2: error: ld returned 1 exit status
CMakeFiles/cmTC_1e83a.dir/build.make:97: recipe for target 'cmTC_1e83a' failed
make[1]: *** [cmTC_1e83a] Error 1
make[1]: Leaving directory '/home/makarand/Documents/shania_triton_ws/build/catkin_tools_prebuild/CMakeFiles/CMakeTmp'
Makefile:126: recipe for target 'cmTC_1e83a/fast' failed
make: *** [cmTC_1e83a/fast] Error 2

File /home/makarand/Documents/shania_triton_ws/build/catkin_tools_prebuild/CMakeFiles/CMakeTmp/CheckSymbolExists.c:
/* */
#include <pthread.h>

int main(int argc, char** argv)
{
  (void)argv;
#ifndef pthread_create
  return ((int*)(&pthread_create))[argc];
#else
  (void)argc;
  return 0;
#endif
}

Determining if the function pthread_create exists in the pthreads failed with the following output:
Change Dir: /home/makarand/Documents/shania_triton_ws/build/catkin_tools_prebuild/CMakeFiles/CMakeTmp

Run Build Command:"/usr/bin/make" "cmTC_4ae0c/fast"
/usr/bin/make -f CMakeFiles/cmTC_4ae0c.dir/build.make CMakeFiles/cmTC_4ae0c.dir/build
make[1]: Entering directory '/home/makarand/Documents/shania_triton_ws/build/catkin_tools_prebuild/CMakeFiles/CMakeTmp'
Building C object CMakeFiles/cmTC_4ae0c.dir/CheckFunctionExists.c.o
/usr/bin/cc   -DCHECK_FUNCTION_EXISTS=pthread_create   -o CMakeFiles/cmTC_4ae0c.dir/CheckFunctionExists.c.o   -c /usr/share/cmake-3.10/Modules/CheckFunctionExists.c
Linking C executable cmTC_4ae0c
/usr/bin/cmake -E cmake_link_script CMakeFiles/cmTC_4ae0c.dir/link.txt --verbose=1
/usr/bin/cc  -DCHECK_FUNCTION_EXISTS=pthread_create    -rdynamic CMakeFiles/cmTC_4ae0c.dir/CheckFunctionExists.c.o  -o cmTC_4ae0c -lpthreads 
/usr/bin/ld: cannot find -lpthreads
collect2: error: ld returned 1 exit status
CMakeFiles/cmTC_4ae0c.dir/build.make:97: recipe for target 'cmTC_4ae0c' failed
make[1]: *** [cmTC_4ae0c] Error 1
make[1]: Leaving directory '/home/makarand/Documents/shania_triton_ws/build/catkin_tools_prebuild/CMakeFiles/CMakeTmp'
Makefile:126: recipe for target 'cmTC_4ae0c/fast' failed
make: *** [cmTC_4ae0c/fast] Error 2


