[ 40%] Built target sine_publisher
[ 40%] Built target dynamic_reconfigure_generate_messages_cpp
[ 40%] Built target dynamic_reconfigure_gencfg
[ 40%] Built target dynamic_reconfigure_generate_messages_py
[ 40%] Built target dynamic_reconfigure_generate_messages_nodejs
[ 40%] Built target dynamic_reconfigure_generate_messages_lisp
[ 40%] Built target dynamic_reconfigure_generate_messages_eus
[ 40%] Built target std_msgs_generate_messages_py
[ 40%] Built target nav_msgs_generate_messages_py
[ 40%] Built target std_msgs_generate_messages_nodejs
[ 40%] Built target std_msgs_generate_messages_lisp
[ 40%] Built target geometry_msgs_generate_messages_py
[ 40%] Built target roscpp_generate_messages_cpp
[ 40%] Built target std_msgs_generate_messages_eus
[ 40%] Built target rosgraph_msgs_generate_messages_nodejs
[ 40%] Built target rosgraph_msgs_generate_messages_py
[ 40%] Built target roscpp_generate_messages_py
[ 40%] Built target actionlib_msgs_generate_messages_nodejs
[ 40%] Built target std_msgs_generate_messages_cpp
[ 40%] Built target nav_msgs_generate_messages_nodejs
[ 40%] Built target roscpp_generate_messages_lisp
[ 40%] Built target nav_msgs_generate_messages_lisp
[ 40%] Built target geometry_msgs_generate_messages_nodejs
[ 40%] Built target nav_msgs_generate_messages_cpp
[ 40%] Built target geometry_msgs_generate_messages_lisp
[ 40%] Built target geometry_msgs_generate_messages_cpp
[ 40%] Built target nav_msgs_generate_messages_eus
[ 60%] Built target publishers_gencfg
[ 60%] Built target actionlib_msgs_generate_messages_cpp
[ 60%] Built target rosgraph_msgs_generate_messages_eus
[ 60%] Built target actionlib_msgs_generate_messages_lisp
[ 60%] Built target actionlib_msgs_generate_messages_eus
[ 60%] Built target actionlib_msgs_generate_messages_py
[ 60%] Built target roscpp_generate_messages_nodejs
[ 60%] Built target geometry_msgs_generate_messages_eus
[ 60%] Built target rosgraph_msgs_generate_messages_lisp
[ 60%] Built target roscpp_generate_messages_eus
[ 60%] Built target rosgraph_msgs_generate_messages_cpp
[100%] Built target twist_publisher
