Determining if the pthread_create exist failed with the following output:
Change Dir: /home/makarand/Documents/Navigation_ws/build/rt_mission_msgs/CMakeFiles/CMakeTmp

Run Build Command:"/usr/bin/make" "cmTC_27eda/fast"
/usr/bin/make -f CMakeFiles/cmTC_27eda.dir/build.make CMakeFiles/cmTC_27eda.dir/build
make[1]: Entering directory '/home/makarand/Documents/Navigation_ws/build/rt_mission_msgs/CMakeFiles/CMakeTmp'
Building C object CMakeFiles/cmTC_27eda.dir/CheckSymbolExists.c.o
/usr/bin/cc    -o CMakeFiles/cmTC_27eda.dir/CheckSymbolExists.c.o   -c /home/makarand/Documents/Navigation_ws/build/rt_mission_msgs/CMakeFiles/CMakeTmp/CheckSymbolExists.c
Linking C executable cmTC_27eda
/usr/bin/cmake -E cmake_link_script CMakeFiles/cmTC_27eda.dir/link.txt --verbose=1
/usr/bin/cc      -rdynamic CMakeFiles/cmTC_27eda.dir/CheckSymbolExists.c.o  -o cmTC_27eda 
CMakeFiles/cmTC_27eda.dir/CheckSymbolExists.c.o: In function `main':
CheckSymbolExists.c:(.text+0x1b): undefined reference to `pthread_create'
collect2: error: ld returned 1 exit status
CMakeFiles/cmTC_27eda.dir/build.make:97: recipe for target 'cmTC_27eda' failed
make[1]: *** [cmTC_27eda] Error 1
make[1]: Leaving directory '/home/makarand/Documents/Navigation_ws/build/rt_mission_msgs/CMakeFiles/CMakeTmp'
Makefile:126: recipe for target 'cmTC_27eda/fast' failed
make: *** [cmTC_27eda/fast] Error 2

File /home/makarand/Documents/Navigation_ws/build/rt_mission_msgs/CMakeFiles/CMakeTmp/CheckSymbolExists.c:
/* */
#include <pthread.h>

int main(int argc, char** argv)
{
  (void)argv;
#ifndef pthread_create
  return ((int*)(&pthread_create))[argc];
#else
  (void)argc;
  return 0;
#endif
}

Determining if the function pthread_create exists in the pthreads failed with the following output:
Change Dir: /home/makarand/Documents/Navigation_ws/build/rt_mission_msgs/CMakeFiles/CMakeTmp

Run Build Command:"/usr/bin/make" "cmTC_3c6af/fast"
/usr/bin/make -f CMakeFiles/cmTC_3c6af.dir/build.make CMakeFiles/cmTC_3c6af.dir/build
make[1]: Entering directory '/home/makarand/Documents/Navigation_ws/build/rt_mission_msgs/CMakeFiles/CMakeTmp'
Building C object CMakeFiles/cmTC_3c6af.dir/CheckFunctionExists.c.o
/usr/bin/cc   -DCHECK_FUNCTION_EXISTS=pthread_create   -o CMakeFiles/cmTC_3c6af.dir/CheckFunctionExists.c.o   -c /usr/share/cmake-3.10/Modules/CheckFunctionExists.c
Linking C executable cmTC_3c6af
/usr/bin/cmake -E cmake_link_script CMakeFiles/cmTC_3c6af.dir/link.txt --verbose=1
/usr/bin/cc  -DCHECK_FUNCTION_EXISTS=pthread_create    -rdynamic CMakeFiles/cmTC_3c6af.dir/CheckFunctionExists.c.o  -o cmTC_3c6af -lpthreads 
/usr/bin/ld: cannot find -lpthreads
collect2: error: ld returned 1 exit status
CMakeFiles/cmTC_3c6af.dir/build.make:97: recipe for target 'cmTC_3c6af' failed
make[1]: *** [cmTC_3c6af] Error 1
make[1]: Leaving directory '/home/makarand/Documents/Navigation_ws/build/rt_mission_msgs/CMakeFiles/CMakeTmp'
Makefile:126: recipe for target 'cmTC_3c6af/fast' failed
make: *** [cmTC_3c6af/fast] Error 2


