[35m[1mScanning dependencies of target tf2_msgs_generate_messages_cpp[0m
[35m[1mScanning dependencies of target roscpp_generate_messages_py[0m
[35m[1mScanning dependencies of target roscpp_generate_messages_lisp[0m
[  0%] Built target roscpp_generate_messages_py
[  0%] Built target tf2_msgs_generate_messages_cpp
[  0%] Built target roscpp_generate_messages_lisp
[35m[1mScanning dependencies of target actionlib_generate_messages_eus[0m
[35m[1mScanning dependencies of target geometry_msgs_generate_messages_eus[0m
[35m[1mScanning dependencies of target rosgraph_msgs_generate_messages_lisp[0m
[  0%] Built target geometry_msgs_generate_messages_eus
[  0%] Built target actionlib_generate_messages_eus
[  0%] Built target rosgraph_msgs_generate_messages_lisp
[35m[1mScanning dependencies of target nav_msgs_generate_messages_py[0m
[35m[1mScanning dependencies of target tf2_msgs_generate_messages_lisp[0m
[35m[1mScanning dependencies of target actionlib_generate_messages_py[0m
[  0%] Built target tf2_msgs_generate_messages_lisp
[  0%] Built target nav_msgs_generate_messages_py
[  0%] Built target actionlib_generate_messages_py
[35m[1mScanning dependencies of target tf2_msgs_generate_messages_py[0m
[35m[1mScanning dependencies of target fuse_navigation_msgs_generate_messages_nodejs[0m
[  0%] Built target tf2_msgs_generate_messages_py
[35m[1mScanning dependencies of target tf2_msgs_generate_messages_nodejs[0m
[  0%] Built target fuse_navigation_msgs_generate_messages_nodejs
[35m[1mScanning dependencies of target roscpp_generate_messages_cpp[0m
[  0%] Built target tf2_msgs_generate_messages_nodejs
[35m[1mScanning dependencies of target sensor_msgs_generate_messages_nodejs[0m
[35m[1mScanning dependencies of target actionlib_generate_messages_cpp[0m
[  0%] Built target roscpp_generate_messages_cpp
[  0%] Built target actionlib_generate_messages_cpp
[  0%] Built target sensor_msgs_generate_messages_nodejs
[35m[1mScanning dependencies of target rosgraph_msgs_generate_messages_cpp[0m
[35m[1mScanning dependencies of target _catkin_empty_exported_target[0m
[  0%] Built target rosgraph_msgs_generate_messages_cpp
[  0%] Built target _catkin_empty_exported_target
[35m[1mScanning dependencies of target roscpp_generate_messages_nodejs[0m
[35m[1mScanning dependencies of target sensor_msgs_generate_messages_eus[0m
[  0%] Built target sensor_msgs_generate_messages_eus
[  0%] Built target roscpp_generate_messages_nodejs
[35m[1mScanning dependencies of target std_msgs_generate_messages_lisp[0m
[35m[1mScanning dependencies of target std_msgs_generate_messages_py[0m
[  0%] Built target std_msgs_generate_messages_lisp
[  0%] Built target std_msgs_generate_messages_py
[35m[1mScanning dependencies of target actionlib_msgs_generate_messages_lisp[0m
[  0%] Built target actionlib_msgs_generate_messages_lisp
[35m[1mScanning dependencies of target fuse_pathfollowing_msgs_generate_messages_lisp[0m
[  0%] Built target fuse_pathfollowing_msgs_generate_messages_lisp
[35m[1mScanning dependencies of target std_msgs_generate_messages_cpp[0m
[  0%] Built target std_msgs_generate_messages_cpp
[35m[1mScanning dependencies of target actionlib_msgs_generate_messages_nodejs[0m
[35m[1mScanning dependencies of target nav_msgs_generate_messages_nodejs[0m
[  0%] Built target actionlib_msgs_generate_messages_nodejs
[  0%] Built target nav_msgs_generate_messages_nodejs
[35m[1mScanning dependencies of target fuse_navigation_msgs_generate_messages_eus[0m
[35m[1mScanning dependencies of target geometry_msgs_generate_messages_nodejs[0m
[  0%] Built target geometry_msgs_generate_messages_nodejs
[  0%] Built target fuse_navigation_msgs_generate_messages_eus
[35m[1mScanning dependencies of target actionlib_msgs_generate_messages_py[0m
[  0%] Built target actionlib_msgs_generate_messages_py
[35m[1mScanning dependencies of target rosgraph_msgs_generate_messages_eus[0m
[35m[1mScanning dependencies of target roscpp_generate_messages_eus[0m
[  0%] Built target rosgraph_msgs_generate_messages_eus
[  0%] Built target roscpp_generate_messages_eus
[35m[1mScanning dependencies of target actionlib_msgs_generate_messages_eus[0m
[  0%] Built target actionlib_msgs_generate_messages_eus
[35m[1mScanning dependencies of target rosgraph_msgs_generate_messages_py[0m
[35m[1mScanning dependencies of target rosgraph_msgs_generate_messages_nodejs[0m
[  0%] Built target rosgraph_msgs_generate_messages_py
[  0%] Built target rosgraph_msgs_generate_messages_nodejs
[35m[1mScanning dependencies of target fuse_navigation_msgs_generate_messages_lisp[0m
[35m[1mScanning dependencies of target fuse_pathfollowing_msgs_generate_messages_cpp[0m
[  0%] Built target fuse_navigation_msgs_generate_messages_lisp
[  0%] Built target fuse_pathfollowing_msgs_generate_messages_cpp
[35m[1mScanning dependencies of target tf2_msgs_generate_messages_eus[0m
[35m[1mScanning dependencies of target nav_msgs_generate_messages_eus[0m
[  0%] Built target tf2_msgs_generate_messages_eus
[  0%] Built target nav_msgs_generate_messages_eus
[35m[1mScanning dependencies of target fuse_pathfollowing_msgs_generate_messages_eus[0m
[35m[1mScanning dependencies of target fuse_navigation_msgs_generate_messages_cpp[0m
[35m[1mScanning dependencies of target fuse_pathfollowing_msgs_generate_messages_nodejs[0m
[  0%] Built target fuse_pathfollowing_msgs_generate_messages_eus
[  0%] Built target fuse_navigation_msgs_generate_messages_cpp
[  0%] Built target fuse_pathfollowing_msgs_generate_messages_nodejs
[35m[1mScanning dependencies of target std_msgs_generate_messages_nodejs[0m
[  0%] Built target std_msgs_generate_messages_nodejs
[35m[1mScanning dependencies of target fuse_pathfollowing_msgs_generate_messages_py[0m
[  0%] Built target fuse_pathfollowing_msgs_generate_messages_py
[35m[1mScanning dependencies of target geometry_msgs_generate_messages_cpp[0m
[35m[1mScanning dependencies of target actionlib_generate_messages_lisp[0m
[  0%] Built target geometry_msgs_generate_messages_cpp
[  0%] Built target actionlib_generate_messages_lisp
[35m[1mScanning dependencies of target geometry_msgs_generate_messages_lisp[0m
[35m[1mScanning dependencies of target geometry_msgs_generate_messages_py[0m
[  0%] Built target geometry_msgs_generate_messages_lisp
[  0%] Built target geometry_msgs_generate_messages_py
[35m[1mScanning dependencies of target sensor_msgs_generate_messages_lisp[0m
[35m[1mScanning dependencies of target nav_msgs_generate_messages_cpp[0m
[  0%] Built target nav_msgs_generate_messages_cpp
[  0%] Built target sensor_msgs_generate_messages_lisp
[35m[1mScanning dependencies of target std_msgs_generate_messages_eus[0m
[35m[1mScanning dependencies of target nav_msgs_generate_messages_lisp[0m
[  0%] Built target std_msgs_generate_messages_eus
[  0%] Built target nav_msgs_generate_messages_lisp
[35m[1mScanning dependencies of target actionlib_generate_messages_nodejs[0m
[35m[1mScanning dependencies of target tf_generate_messages_cpp[0m
[  0%] Built target actionlib_generate_messages_nodejs
[  0%] Built target tf_generate_messages_cpp
[35m[1mScanning dependencies of target actionlib_msgs_generate_messages_cpp[0m
[  0%] Built target actionlib_msgs_generate_messages_cpp
[35m[1mScanning dependencies of target fuse_navigation_msgs_generate_messages_py[0m
[35m[1mScanning dependencies of target tf_generate_messages_eus[0m
[35m[1mScanning dependencies of target tf_generate_messages_lisp[0m
[  0%] Built target fuse_navigation_msgs_generate_messages_py
[  0%] Built target tf_generate_messages_eus
[  0%] Built target tf_generate_messages_lisp
[35m[1mScanning dependencies of target tf_generate_messages_nodejs[0m
[35m[1mScanning dependencies of target tf_generate_messages_py[0m
[  0%] Built target tf_generate_messages_nodejs
[  0%] Built target tf_generate_messages_py
[35m[1mScanning dependencies of target sensor_msgs_generate_messages_py[0m
[35m[1mScanning dependencies of target sensor_msgs_generate_messages_cpp[0m
[  0%] Built target sensor_msgs_generate_messages_cpp
[  0%] Built target sensor_msgs_generate_messages_py
[35m[1mScanning dependencies of target follow_path_bt_action_node[0m
[35m[1mScanning dependencies of target node_map_node[0m
[  1%] [32mBuilding CXX object CMakeFiles/follow_path_bt_action_node.dir/bt_plugins/action/follow_path_action_node.cpp.o[0m
[  3%] [32mBuilding CXX object CMakeFiles/node_map_node.dir/node/node_map_node.cpp.o[0m
[  5%] [32mBuilding CXX object CMakeFiles/node_map_node.dir/src/execute_path_action_server.cpp.o[0m
[35m[1mScanning dependencies of target behavior_manager[0m
[35m[1mScanning dependencies of target honk_bt_action_node[0m
[  7%] [32mBuilding CXX object CMakeFiles/honk_bt_action_node.dir/bt_plugins/action/honk_action_node.cpp.o[0m
[35m[1mScanning dependencies of target is_resource_available_bt_condition_nodes[0m
[  8%] [32mBuilding CXX object CMakeFiles/behavior_manager.dir/node/behavior_manager_node.cpp.o[0m
[ 10%] [32mBuilding CXX object CMakeFiles/behavior_manager.dir/src/execute_path_action_server.cpp.o[0m
[ 12%] [32mBuilding CXX object CMakeFiles/is_resource_available_bt_condition_nodes.dir/bt_plugins/condition/is_resource_available_condition_nodes.cpp.o[0m
[ 14%] [32mBuilding CXX object CMakeFiles/behavior_manager.dir/src/node_map.cpp.o[0m
[ 16%] [32mBuilding CXX object CMakeFiles/behavior_manager.dir/src/action_plan.cpp.o[0m
[ 17%] [32mBuilding CXX object CMakeFiles/behavior_manager.dir/src/agent_behavior_manager.cpp.o[0m
[ 19%] [32mBuilding CXX object CMakeFiles/behavior_manager.dir/src/agent_state.cpp.o[0m
[ 21%] [32mBuilding CXX object CMakeFiles/behavior_manager.dir/src/resource_manager.cpp.o[0m
[01m[K/home/makarand/Documents/shania_triton_ws/src/fuse_navigation/fuse_navigation/src/node_map.cpp:64:15:[m[K [01;35m[Kwarning: [m[K‘[01m[Kstd::ostream& fuse_navigation::operator<<(std::ostream&, const fuse_navigation::MapLocation&)[m[K’ has not been declared within fuse_navigation
 std::ostream &[01;35m[Kfuse_navigation[m[K::operator<<(std::ostream &os, const fuse_navigation::MapLocation &location) {
               [01;35m[K^~~~~~~~~~~~~~~[m[K
In file included from [01m[K/home/makarand/Documents/shania_triton_ws/src/fuse_navigation/fuse_navigation/src/node_map.cpp:14:0[m[K:
[01m[K/home/makarand/Documents/shania_triton_ws/src/fuse_navigation/fuse_navigation/include/fuse_navigation/node_map.h:67:24:[m[K [01;36m[Knote: [m[Konly here as a friend
   friend std::ostream &[01;36m[Koperator[m[K<<(std::ostream &os, const MapLocation &location);
                        [01;36m[K^~~~~~~~[m[K
[ 23%] [32m[1mLinking CXX shared library /home/makarand/Documents/shania_triton_ws/devel/.private/fuse_navigation/lib/libfollow_path_bt_action_node.so[0m
[ 23%] Built target follow_path_bt_action_node
[ 25%] [32mBuilding CXX object CMakeFiles/behavior_manager.dir/src/ros_navigation_interface.cpp.o[0m
[ 26%] [32mBuilding CXX object CMakeFiles/node_map_node.dir/src/node_map.cpp.o[0m
[ 28%] [32mBuilding CXX object CMakeFiles/node_map_node.dir/src/action_plan.cpp.o[0m
[ 30%] [32m[1mLinking CXX shared library /home/makarand/Documents/shania_triton_ws/devel/.private/fuse_navigation/lib/libhonk_bt_action_node.so[0m
[ 32%] [32mBuilding CXX object CMakeFiles/behavior_manager.dir/src/actions/agent_action.cpp.o[0m
[ 32%] Built target honk_bt_action_node
[ 33%] [32m[1mLinking CXX shared library /home/makarand/Documents/shania_triton_ws/devel/.private/fuse_navigation/lib/libis_resource_available_bt_condition_nodes.so[0m
[ 35%] [32mBuilding CXX object CMakeFiles/behavior_manager.dir/src/actions/move_agent_action.cpp.o[0m
[ 35%] Built target is_resource_available_bt_condition_nodes
[35m[1mScanning dependencies of target is_previous_action_complete_bt_condition_node[0m
[ 37%] [32mBuilding CXX object CMakeFiles/is_previous_action_complete_bt_condition_node.dir/bt_plugins/condition/previous_action_complete_condition_node.cpp.o[0m
[ 39%] [32mBuilding CXX object CMakeFiles/behavior_manager.dir/src/behavior_tree/action_plan_condition_node.cpp.o[0m
[01m[K/home/makarand/Documents/shania_triton_ws/src/fuse_navigation/fuse_navigation/src/node_map.cpp:64:15:[m[K [01;35m[Kwarning: [m[K‘[01m[Kstd::ostream& fuse_navigation::operator<<(std::ostream&, const fuse_navigation::MapLocation&)[m[K’ has not been declared within fuse_navigation
 std::ostream &[01;35m[Kfuse_navigation[m[K::operator<<(std::ostream &os, const fuse_navigation::MapLocation &location) {
               [01;35m[K^~~~~~~~~~~~~~~[m[K
In file included from [01m[K/home/makarand/Documents/shania_triton_ws/src/fuse_navigation/fuse_navigation/src/node_map.cpp:14:0[m[K:
[01m[K/home/makarand/Documents/shania_triton_ws/src/fuse_navigation/fuse_navigation/include/fuse_navigation/node_map.h:67:24:[m[K [01;36m[Knote: [m[Konly here as a friend
   friend std::ostream &[01;36m[Koperator[m[K<<(std::ostream &os, const MapLocation &location);
                        [01;36m[K^~~~~~~~[m[K
[ 41%] [32mBuilding CXX object CMakeFiles/behavior_manager.dir/src/behavior_tree/behavior_tree_generator.cpp.o[0m
[ 42%] [32mBuilding CXX object CMakeFiles/behavior_manager.dir/src/behavior_tree/resource_condition_node.cpp.o[0m
[ 44%] [32mBuilding CXX object CMakeFiles/behavior_manager.dir/src/behavior_tree/navigation_action_node.cpp.o[0m
[ 46%] [32mBuilding CXX object CMakeFiles/behavior_manager.dir/src/external_command_interface.cpp.o[0m
[35m[1mScanning dependencies of target is_first_action_of_same_type_bt_condition_node[0m
[ 48%] [32mBuilding CXX object CMakeFiles/is_first_action_of_same_type_bt_condition_node.dir/bt_plugins/condition/is_first_action_of_same_type_condition_node.cpp.o[0m
[ 50%] [32mBuilding CXX object CMakeFiles/node_map_node.dir/src/agent_behavior_manager.cpp.o[0m
[ 51%] [32mBuilding CXX object CMakeFiles/behavior_manager.dir/src/ros_command_interface.cpp.o[0m
[ 53%] [32m[1mLinking CXX shared library /home/makarand/Documents/shania_triton_ws/devel/.private/fuse_navigation/lib/libis_previous_action_complete_bt_condition_node.so[0m
[ 55%] [32mBuilding CXX object CMakeFiles/behavior_manager.dir/src/vehicle_interface.cpp.o[0m
[ 55%] Built target is_previous_action_complete_bt_condition_node
[35m[1mScanning dependencies of target is_in_zone_bt_condition_node[0m
[ 57%] [32mBuilding CXX object CMakeFiles/is_in_zone_bt_condition_node.dir/bt_plugins/condition/is_in_zone_condition_node.cpp.o[0m
[ 58%] [32mBuilding CXX object CMakeFiles/behavior_manager.dir/src/rover_vehicle_interface.cpp.o[0m
[35m[1mScanning dependencies of target fibonacci_bt_action_node[0m
[ 60%] [32mBuilding CXX object CMakeFiles/behavior_manager.dir/src/behavior_tree/vehicle_action_node.cpp.o[0m
[ 62%] [32mBuilding CXX object CMakeFiles/fibonacci_bt_action_node.dir/bt_plugins/action/fibonacci_ros_action_node.cpp.o[0m
[ 64%] [32mBuilding CXX object CMakeFiles/behavior_manager.dir/src/behavior_tree/node_map_condition_node.cpp.o[0m
[ 66%] [32mBuilding CXX object CMakeFiles/node_map_node.dir/src/agent_state.cpp.o[0m
[ 67%] [32mBuilding CXX object CMakeFiles/node_map_node.dir/src/ros_navigation_interface.cpp.o[0m
[ 69%] [32mBuilding CXX object CMakeFiles/node_map_node.dir/src/resource_manager.cpp.o[0m
[ 71%] [32mBuilding CXX object CMakeFiles/node_map_node.dir/src/actions/agent_action.cpp.o[0m
[ 73%] [32mBuilding CXX object CMakeFiles/node_map_node.dir/src/actions/move_agent_action.cpp.o[0m
[ 75%] [32m[1mLinking CXX shared library /home/makarand/Documents/shania_triton_ws/devel/.private/fuse_navigation/lib/libis_first_action_of_same_type_bt_condition_node.so[0m
[ 75%] Built target is_first_action_of_same_type_bt_condition_node
[ 76%] [32mBuilding CXX object CMakeFiles/node_map_node.dir/src/behavior_tree/action_plan_condition_node.cpp.o[0m
[ 78%] [32m[1mLinking CXX shared library /home/makarand/Documents/shania_triton_ws/devel/.private/fuse_navigation/lib/libis_in_zone_bt_condition_node.so[0m
[ 78%] Built target is_in_zone_bt_condition_node
[ 80%] [32mBuilding CXX object CMakeFiles/node_map_node.dir/src/behavior_tree/behavior_tree_generator.cpp.o[0m
[ 82%] [32mBuilding CXX object CMakeFiles/node_map_node.dir/src/behavior_tree/resource_condition_node.cpp.o[0m
[ 83%] [32mBuilding CXX object CMakeFiles/node_map_node.dir/src/behavior_tree/navigation_action_node.cpp.o[0m
[ 85%] [32mBuilding CXX object CMakeFiles/node_map_node.dir/src/external_command_interface.cpp.o[0m
[ 87%] [32mBuilding CXX object CMakeFiles/node_map_node.dir/src/ros_command_interface.cpp.o[0m
[ 89%] [32mBuilding CXX object CMakeFiles/node_map_node.dir/src/vehicle_interface.cpp.o[0m
[ 91%] [32mBuilding CXX object CMakeFiles/node_map_node.dir/src/rover_vehicle_interface.cpp.o[0m
[ 92%] [32m[1mLinking CXX executable /home/makarand/Documents/shania_triton_ws/devel/.private/fuse_navigation/lib/fuse_navigation/behavior_manager[0m
[ 94%] [32mBuilding CXX object CMakeFiles/node_map_node.dir/src/behavior_tree/vehicle_action_node.cpp.o[0m
[ 96%] [32mBuilding CXX object CMakeFiles/node_map_node.dir/src/behavior_tree/node_map_condition_node.cpp.o[0m
[ 96%] Built target behavior_manager
[ 98%] [32m[1mLinking CXX shared library /home/makarand/Documents/shania_triton_ws/devel/.private/fuse_navigation/lib/libfibonacci_bt_action_node.so[0m
[ 98%] Built target fibonacci_bt_action_node
[100%] [32m[1mLinking CXX executable /home/makarand/Documents/shania_triton_ws/devel/.private/fuse_navigation/lib/fuse_navigation/node_map_node[0m
[100%] Built target node_map_node
