Symlinking /home/makarand/Documents/shania_triton_ws/devel/lib/pkgconfig/fuse_navigation_msgs.pc
Symlinking /home/makarand/Documents/shania_triton_ws/devel/lib/python2.7/dist-packages/fuse_navigation_msgs/__init__.py
Symlinking /home/makarand/Documents/shania_triton_ws/devel/lib/python2.7/dist-packages/fuse_navigation_msgs/msg/_ExecuteTaskFeedback.py
Symlinking /home/makarand/Documents/shania_triton_ws/devel/lib/python2.7/dist-packages/fuse_navigation_msgs/msg/_ExecuteTaskAction.py
Symlinking /home/makarand/Documents/shania_triton_ws/devel/lib/python2.7/dist-packages/fuse_navigation_msgs/msg/_ExecutePathGoal.py
Symlinking /home/makarand/Documents/shania_triton_ws/devel/lib/python2.7/dist-packages/fuse_navigation_msgs/msg/_ExecuteTaskActionFeedback.py
Symlinking /home/makarand/Documents/shania_triton_ws/devel/lib/python2.7/dist-packages/fuse_navigation_msgs/msg/_ExecutePathActionResult.py
Symlinking /home/makarand/Documents/shania_triton_ws/devel/lib/python2.7/dist-packages/fuse_navigation_msgs/msg/_TaskAction.py
Symlinking /home/makarand/Documents/shania_triton_ws/devel/lib/python2.7/dist-packages/fuse_navigation_msgs/msg/_ExecutePathFeedback.py
Symlinking /home/makarand/Documents/shania_triton_ws/devel/lib/python2.7/dist-packages/fuse_navigation_msgs/msg/_ExecuteTaskActionGoal.py
Symlinking /home/makarand/Documents/shania_triton_ws/devel/lib/python2.7/dist-packages/fuse_navigation_msgs/msg/_ExecutePathActionGoal.py
Symlinking /home/makarand/Documents/shania_triton_ws/devel/lib/python2.7/dist-packages/fuse_navigation_msgs/msg/_ExecuteTaskActionResult.py
Symlinking /home/makarand/Documents/shania_triton_ws/devel/lib/python2.7/dist-packages/fuse_navigation_msgs/msg/_ExecutePathResult.py
Symlinking /home/makarand/Documents/shania_triton_ws/devel/lib/python2.7/dist-packages/fuse_navigation_msgs/msg/_ExecutePathActionFeedback.py
Symlinking /home/makarand/Documents/shania_triton_ws/devel/lib/python2.7/dist-packages/fuse_navigation_msgs/msg/_ExecutePathAction.py
Symlinking /home/makarand/Documents/shania_triton_ws/devel/lib/python2.7/dist-packages/fuse_navigation_msgs/msg/_ExecuteTaskGoal.py
Symlinking /home/makarand/Documents/shania_triton_ws/devel/lib/python2.7/dist-packages/fuse_navigation_msgs/msg/_ExecuteTaskResult.py
Symlinking /home/makarand/Documents/shania_triton_ws/devel/lib/python2.7/dist-packages/fuse_navigation_msgs/msg/__init__.py
Symlinking /home/makarand/Documents/shania_triton_ws/devel/include/fuse_navigation_msgs/ExecutePathFeedback.h
Symlinking /home/makarand/Documents/shania_triton_ws/devel/include/fuse_navigation_msgs/ExecuteTaskFeedback.h
Symlinking /home/makarand/Documents/shania_triton_ws/devel/include/fuse_navigation_msgs/ExecutePathActionFeedback.h
Symlinking /home/makarand/Documents/shania_triton_ws/devel/include/fuse_navigation_msgs/ExecutePathAction.h
Symlinking /home/makarand/Documents/shania_triton_ws/devel/include/fuse_navigation_msgs/ExecuteTaskGoal.h
Symlinking /home/makarand/Documents/shania_triton_ws/devel/include/fuse_navigation_msgs/ExecuteTaskActionResult.h
Symlinking /home/makarand/Documents/shania_triton_ws/devel/include/fuse_navigation_msgs/ExecutePathActionResult.h
Symlinking /home/makarand/Documents/shania_triton_ws/devel/include/fuse_navigation_msgs/ExecuteTaskAction.h
Symlinking /home/makarand/Documents/shania_triton_ws/devel/include/fuse_navigation_msgs/ExecuteTaskActionGoal.h
Symlinking /home/makarand/Documents/shania_triton_ws/devel/include/fuse_navigation_msgs/ExecuteTaskActionFeedback.h
Symlinking /home/makarand/Documents/shania_triton_ws/devel/include/fuse_navigation_msgs/ExecuteTaskResult.h
Symlinking /home/makarand/Documents/shania_triton_ws/devel/include/fuse_navigation_msgs/ExecutePathResult.h
Symlinking /home/makarand/Documents/shania_triton_ws/devel/include/fuse_navigation_msgs/TaskAction.h
Symlinking /home/makarand/Documents/shania_triton_ws/devel/include/fuse_navigation_msgs/ExecutePathGoal.h
Symlinking /home/makarand/Documents/shania_triton_ws/devel/include/fuse_navigation_msgs/ExecutePathActionGoal.h
Symlinking /home/makarand/Documents/shania_triton_ws/devel/share/common-lisp/ros/fuse_navigation_msgs/msg/ExecutePathActionGoal.lisp
Symlinking /home/makarand/Documents/shania_triton_ws/devel/share/common-lisp/ros/fuse_navigation_msgs/msg/ExecutePathFeedback.lisp
Symlinking /home/makarand/Documents/shania_triton_ws/devel/share/common-lisp/ros/fuse_navigation_msgs/msg/TaskAction.lisp
Symlinking /home/makarand/Documents/shania_triton_ws/devel/share/common-lisp/ros/fuse_navigation_msgs/msg/ExecutePathGoal.lisp
Symlinking /home/makarand/Documents/shania_triton_ws/devel/share/common-lisp/ros/fuse_navigation_msgs/msg/_package_TaskAction.lisp
Symlinking /home/makarand/Documents/shania_triton_ws/devel/share/common-lisp/ros/fuse_navigation_msgs/msg/_package_ExecutePathGoal.lisp
Symlinking /home/makarand/Documents/shania_triton_ws/devel/share/common-lisp/ros/fuse_navigation_msgs/msg/ExecutePathActionFeedback.lisp
Symlinking /home/makarand/Documents/shania_triton_ws/devel/share/common-lisp/ros/fuse_navigation_msgs/msg/ExecuteTaskResult.lisp
Symlinking /home/makarand/Documents/shania_triton_ws/devel/share/common-lisp/ros/fuse_navigation_msgs/msg/ExecuteTaskAction.lisp
Symlinking /home/makarand/Documents/shania_triton_ws/devel/share/common-lisp/ros/fuse_navigation_msgs/msg/ExecuteTaskGoal.lisp
Symlinking /home/makarand/Documents/shania_triton_ws/devel/share/common-lisp/ros/fuse_navigation_msgs/msg/_package_ExecuteTaskResult.lisp
Symlinking /home/makarand/Documents/shania_triton_ws/devel/share/common-lisp/ros/fuse_navigation_msgs/msg/ExecutePathResult.lisp
Symlinking /home/makarand/Documents/shania_triton_ws/devel/share/common-lisp/ros/fuse_navigation_msgs/msg/_package_ExecuteTaskGoal.lisp
Symlinking /home/makarand/Documents/shania_triton_ws/devel/share/common-lisp/ros/fuse_navigation_msgs/msg/ExecuteTaskActionGoal.lisp
Symlinking /home/makarand/Documents/shania_triton_ws/devel/share/common-lisp/ros/fuse_navigation_msgs/msg/_package_ExecutePathAction.lisp
Symlinking /home/makarand/Documents/shania_triton_ws/devel/share/common-lisp/ros/fuse_navigation_msgs/msg/_package.lisp
Symlinking /home/makarand/Documents/shania_triton_ws/devel/share/common-lisp/ros/fuse_navigation_msgs/msg/_package_ExecutePathActionResult.lisp
Symlinking /home/makarand/Documents/shania_triton_ws/devel/share/common-lisp/ros/fuse_navigation_msgs/msg/ExecutePathAction.lisp
Symlinking /home/makarand/Documents/shania_triton_ws/devel/share/common-lisp/ros/fuse_navigation_msgs/msg/_package_ExecuteTaskAction.lisp
Symlinking /home/makarand/Documents/shania_triton_ws/devel/share/common-lisp/ros/fuse_navigation_msgs/msg/_package_ExecutePathFeedback.lisp
Symlinking /home/makarand/Documents/shania_triton_ws/devel/share/common-lisp/ros/fuse_navigation_msgs/msg/ExecutePathActionResult.lisp
Symlinking /home/makarand/Documents/shania_triton_ws/devel/share/common-lisp/ros/fuse_navigation_msgs/msg/_package_ExecuteTaskActionFeedback.lisp
Symlinking /home/makarand/Documents/shania_triton_ws/devel/share/common-lisp/ros/fuse_navigation_msgs/msg/fuse_navigation_msgs-msg.asd
Symlinking /home/makarand/Documents/shania_triton_ws/devel/share/common-lisp/ros/fuse_navigation_msgs/msg/ExecuteTaskActionFeedback.lisp
Symlinking /home/makarand/Documents/shania_triton_ws/devel/share/common-lisp/ros/fuse_navigation_msgs/msg/_package_ExecutePathResult.lisp
Symlinking /home/makarand/Documents/shania_triton_ws/devel/share/common-lisp/ros/fuse_navigation_msgs/msg/ExecuteTaskActionResult.lisp
Symlinking /home/makarand/Documents/shania_triton_ws/devel/share/common-lisp/ros/fuse_navigation_msgs/msg/_package_ExecuteTaskActionGoal.lisp
Symlinking /home/makarand/Documents/shania_triton_ws/devel/share/common-lisp/ros/fuse_navigation_msgs/msg/ExecuteTaskFeedback.lisp
Symlinking /home/makarand/Documents/shania_triton_ws/devel/share/common-lisp/ros/fuse_navigation_msgs/msg/_package_ExecutePathActionGoal.lisp
Symlinking /home/makarand/Documents/shania_triton_ws/devel/share/common-lisp/ros/fuse_navigation_msgs/msg/_package_ExecuteTaskFeedback.lisp
Symlinking /home/makarand/Documents/shania_triton_ws/devel/share/common-lisp/ros/fuse_navigation_msgs/msg/_package_ExecuteTaskActionResult.lisp
Symlinking /home/makarand/Documents/shania_triton_ws/devel/share/common-lisp/ros/fuse_navigation_msgs/msg/_package_ExecutePathActionFeedback.lisp
Symlinking /home/makarand/Documents/shania_triton_ws/devel/share/fuse_navigation_msgs/msg/ExecutePathFeedback.msg
Symlinking /home/makarand/Documents/shania_triton_ws/devel/share/fuse_navigation_msgs/msg/ExecuteTaskAction.msg
Symlinking /home/makarand/Documents/shania_triton_ws/devel/share/fuse_navigation_msgs/msg/ExecuteTaskActionGoal.msg
Symlinking /home/makarand/Documents/shania_triton_ws/devel/share/fuse_navigation_msgs/msg/ExecuteTaskActionResult.msg
Symlinking /home/makarand/Documents/shania_triton_ws/devel/share/fuse_navigation_msgs/msg/ExecutePathActionResult.msg
Symlinking /home/makarand/Documents/shania_triton_ws/devel/share/fuse_navigation_msgs/msg/ExecutePathGoal.msg
Symlinking /home/makarand/Documents/shania_triton_ws/devel/share/fuse_navigation_msgs/msg/ExecutePathActionFeedback.msg
Symlinking /home/makarand/Documents/shania_triton_ws/devel/share/fuse_navigation_msgs/msg/ExecuteTaskGoal.msg
Symlinking /home/makarand/Documents/shania_triton_ws/devel/share/fuse_navigation_msgs/msg/ExecutePathResult.msg
Symlinking /home/makarand/Documents/shania_triton_ws/devel/share/fuse_navigation_msgs/msg/ExecuteTaskActionFeedback.msg
Symlinking /home/makarand/Documents/shania_triton_ws/devel/share/fuse_navigation_msgs/msg/ExecutePathActionGoal.msg
Symlinking /home/makarand/Documents/shania_triton_ws/devel/share/fuse_navigation_msgs/msg/ExecuteTaskResult.msg
Symlinking /home/makarand/Documents/shania_triton_ws/devel/share/fuse_navigation_msgs/msg/ExecuteTaskFeedback.msg
Symlinking /home/makarand/Documents/shania_triton_ws/devel/share/fuse_navigation_msgs/msg/ExecutePathAction.msg
Symlinking /home/makarand/Documents/shania_triton_ws/devel/share/fuse_navigation_msgs/cmake/fuse_navigation_msgsConfig-version.cmake
Symlinking /home/makarand/Documents/shania_triton_ws/devel/share/fuse_navigation_msgs/cmake/fuse_navigation_msgs-msg-extras.cmake
Symlinking /home/makarand/Documents/shania_triton_ws/devel/share/fuse_navigation_msgs/cmake/fuse_navigation_msgsConfig.cmake
Symlinking /home/makarand/Documents/shania_triton_ws/devel/share/fuse_navigation_msgs/cmake/fuse_navigation_msgs-msg-paths.cmake
Symlinking /home/makarand/Documents/shania_triton_ws/devel/share/roseus/ros/fuse_navigation_msgs/manifest.l
Symlinking /home/makarand/Documents/shania_triton_ws/devel/share/roseus/ros/fuse_navigation_msgs/msg/ExecutePathGoal.l
Symlinking /home/makarand/Documents/shania_triton_ws/devel/share/roseus/ros/fuse_navigation_msgs/msg/ExecutePathActionFeedback.l
Symlinking /home/makarand/Documents/shania_triton_ws/devel/share/roseus/ros/fuse_navigation_msgs/msg/ExecutePathResult.l
Symlinking /home/makarand/Documents/shania_triton_ws/devel/share/roseus/ros/fuse_navigation_msgs/msg/ExecutePathActionResult.l
Symlinking /home/makarand/Documents/shania_triton_ws/devel/share/roseus/ros/fuse_navigation_msgs/msg/ExecuteTaskGoal.l
Symlinking /home/makarand/Documents/shania_triton_ws/devel/share/roseus/ros/fuse_navigation_msgs/msg/ExecuteTaskResult.l
Symlinking /home/makarand/Documents/shania_triton_ws/devel/share/roseus/ros/fuse_navigation_msgs/msg/ExecutePathAction.l
Symlinking /home/makarand/Documents/shania_triton_ws/devel/share/roseus/ros/fuse_navigation_msgs/msg/ExecutePathFeedback.l
Symlinking /home/makarand/Documents/shania_triton_ws/devel/share/roseus/ros/fuse_navigation_msgs/msg/ExecuteTaskAction.l
Symlinking /home/makarand/Documents/shania_triton_ws/devel/share/roseus/ros/fuse_navigation_msgs/msg/ExecuteTaskActionFeedback.l
Symlinking /home/makarand/Documents/shania_triton_ws/devel/share/roseus/ros/fuse_navigation_msgs/msg/TaskAction.l
Symlinking /home/makarand/Documents/shania_triton_ws/devel/share/roseus/ros/fuse_navigation_msgs/msg/ExecuteTaskActionResult.l
Symlinking /home/makarand/Documents/shania_triton_ws/devel/share/roseus/ros/fuse_navigation_msgs/msg/ExecuteTaskFeedback.l
Symlinking /home/makarand/Documents/shania_triton_ws/devel/share/roseus/ros/fuse_navigation_msgs/msg/ExecuteTaskActionGoal.l
Symlinking /home/makarand/Documents/shania_triton_ws/devel/share/roseus/ros/fuse_navigation_msgs/msg/ExecutePathActionGoal.l
Symlinking /home/makarand/Documents/shania_triton_ws/devel/share/gennodejs/ros/fuse_navigation_msgs/_index.js
Symlinking /home/makarand/Documents/shania_triton_ws/devel/share/gennodejs/ros/fuse_navigation_msgs/msg/_index.js
Symlinking /home/makarand/Documents/shania_triton_ws/devel/share/gennodejs/ros/fuse_navigation_msgs/msg/ExecutePathActionGoal.js
Symlinking /home/makarand/Documents/shania_triton_ws/devel/share/gennodejs/ros/fuse_navigation_msgs/msg/ExecuteTaskActionGoal.js
Symlinking /home/makarand/Documents/shania_triton_ws/devel/share/gennodejs/ros/fuse_navigation_msgs/msg/ExecutePathActionFeedback.js
Symlinking /home/makarand/Documents/shania_triton_ws/devel/share/gennodejs/ros/fuse_navigation_msgs/msg/ExecuteTaskGoal.js
Symlinking /home/makarand/Documents/shania_triton_ws/devel/share/gennodejs/ros/fuse_navigation_msgs/msg/ExecutePathResult.js
Symlinking /home/makarand/Documents/shania_triton_ws/devel/share/gennodejs/ros/fuse_navigation_msgs/msg/ExecuteTaskResult.js
Symlinking /home/makarand/Documents/shania_triton_ws/devel/share/gennodejs/ros/fuse_navigation_msgs/msg/ExecuteTaskActionFeedback.js
Symlinking /home/makarand/Documents/shania_triton_ws/devel/share/gennodejs/ros/fuse_navigation_msgs/msg/ExecutePathFeedback.js
Symlinking /home/makarand/Documents/shania_triton_ws/devel/share/gennodejs/ros/fuse_navigation_msgs/msg/ExecuteTaskActionResult.js
Symlinking /home/makarand/Documents/shania_triton_ws/devel/share/gennodejs/ros/fuse_navigation_msgs/msg/TaskAction.js
Symlinking /home/makarand/Documents/shania_triton_ws/devel/share/gennodejs/ros/fuse_navigation_msgs/msg/ExecutePathGoal.js
Symlinking /home/makarand/Documents/shania_triton_ws/devel/share/gennodejs/ros/fuse_navigation_msgs/msg/ExecutePathAction.js
Symlinking /home/makarand/Documents/shania_triton_ws/devel/share/gennodejs/ros/fuse_navigation_msgs/msg/ExecuteTaskAction.js
Symlinking /home/makarand/Documents/shania_triton_ws/devel/share/gennodejs/ros/fuse_navigation_msgs/msg/ExecutePathActionResult.js
Symlinking /home/makarand/Documents/shania_triton_ws/devel/share/gennodejs/ros/fuse_navigation_msgs/msg/ExecuteTaskFeedback.js
