[35m[1mScanning dependencies of target _fuse_navigation_msgs_generate_messages_check_deps_ExecutePathResult[0m
[  0%] Built target _fuse_navigation_msgs_generate_messages_check_deps_ExecutePathResult
[35m[1mScanning dependencies of target _fuse_navigation_msgs_generate_messages_check_deps_ExecuteTaskResult[0m
[  0%] Built target _fuse_navigation_msgs_generate_messages_check_deps_ExecuteTaskResult
[35m[1mScanning dependencies of target _fuse_navigation_msgs_generate_messages_check_deps_ExecutePathActionFeedback[0m
[  0%] Built target _fuse_navigation_msgs_generate_messages_check_deps_ExecutePathActionFeedback
[35m[1mScanning dependencies of target _fuse_navigation_msgs_generate_messages_check_deps_ExecutePathActionResult[0m
[  0%] Built target _fuse_navigation_msgs_generate_messages_check_deps_ExecutePathActionResult
[35m[1mScanning dependencies of target _fuse_navigation_msgs_generate_messages_check_deps_ExecuteTaskActionGoal[0m
[  0%] Built target _fuse_navigation_msgs_generate_messages_check_deps_ExecuteTaskActionGoal
[35m[1mScanning dependencies of target actionlib_msgs_generate_messages_cpp[0m
[  0%] Built target actionlib_msgs_generate_messages_cpp
[35m[1mScanning dependencies of target _fuse_navigation_msgs_generate_messages_check_deps_ExecutePathFeedback[0m
[  0%] Built target _fuse_navigation_msgs_generate_messages_check_deps_ExecutePathFeedback
[35m[1mScanning dependencies of target _fuse_navigation_msgs_generate_messages_check_deps_ExecuteTaskAction[0m
[  0%] Built target _fuse_navigation_msgs_generate_messages_check_deps_ExecuteTaskAction
[35m[1mScanning dependencies of target std_msgs_generate_messages_cpp[0m
[  0%] Built target std_msgs_generate_messages_cpp
[35m[1mScanning dependencies of target _fuse_navigation_msgs_generate_messages_check_deps_ExecutePathActionGoal[0m
[  0%] Built target _fuse_navigation_msgs_generate_messages_check_deps_ExecutePathActionGoal
[35m[1mScanning dependencies of target _fuse_navigation_msgs_generate_messages_check_deps_ExecuteTaskGoal[0m
[  0%] Built target _fuse_navigation_msgs_generate_messages_check_deps_ExecuteTaskGoal
[35m[1mScanning dependencies of target _fuse_navigation_msgs_generate_messages_check_deps_ExecuteTaskActionFeedback[0m
[  0%] Built target _fuse_navigation_msgs_generate_messages_check_deps_ExecuteTaskActionFeedback
[35m[1mScanning dependencies of target _fuse_navigation_msgs_generate_messages_check_deps_ExecuteTaskFeedback[0m
[  0%] Built target _fuse_navigation_msgs_generate_messages_check_deps_ExecuteTaskFeedback
[35m[1mScanning dependencies of target _fuse_navigation_msgs_generate_messages_check_deps_TaskAction[0m
[  0%] Built target _fuse_navigation_msgs_generate_messages_check_deps_TaskAction
[35m[1mScanning dependencies of target _fuse_navigation_msgs_generate_messages_check_deps_ExecutePathGoal[0m
[  0%] Built target _fuse_navigation_msgs_generate_messages_check_deps_ExecutePathGoal
[35m[1mScanning dependencies of target _fuse_navigation_msgs_generate_messages_check_deps_ExecuteTaskActionResult[0m
[  0%] Built target _fuse_navigation_msgs_generate_messages_check_deps_ExecuteTaskActionResult
[35m[1mScanning dependencies of target _fuse_navigation_msgs_generate_messages_check_deps_ExecutePathAction[0m
[  0%] Built target _fuse_navigation_msgs_generate_messages_check_deps_ExecutePathAction
[35m[1mScanning dependencies of target std_msgs_generate_messages_lisp[0m
[  0%] Built target std_msgs_generate_messages_lisp
[35m[1mScanning dependencies of target actionlib_msgs_generate_messages_lisp[0m
[  0%] Built target actionlib_msgs_generate_messages_lisp
[35m[1mScanning dependencies of target std_msgs_generate_messages_py[0m
[  0%] Built target std_msgs_generate_messages_py
[35m[1mScanning dependencies of target actionlib_msgs_generate_messages_py[0m
[  0%] Built target actionlib_msgs_generate_messages_py
[35m[1mScanning dependencies of target std_msgs_generate_messages_eus[0m
[  0%] Built target std_msgs_generate_messages_eus
[35m[1mScanning dependencies of target actionlib_msgs_generate_messages_eus[0m
[  0%] Built target actionlib_msgs_generate_messages_eus
[35m[1mScanning dependencies of target actionlib_msgs_generate_messages_nodejs[0m
[35m[1mScanning dependencies of target std_msgs_generate_messages_nodejs[0m
[  0%] Built target actionlib_msgs_generate_messages_nodejs
[  0%] Built target std_msgs_generate_messages_nodejs
[35m[1mScanning dependencies of target fuse_navigation_msgs_generate_messages_cpp[0m
[  1%] [34m[1mGenerating C++ code from fuse_navigation_msgs/ExecuteTaskActionGoal.msg[0m
[  2%] [34m[1mGenerating C++ code from fuse_navigation_msgs/ExecuteTaskActionFeedback.msg[0m
[  3%] [34m[1mGenerating C++ code from fuse_navigation_msgs/ExecutePathActionFeedback.msg[0m
[  5%] [34m[1mGenerating C++ code from fuse_navigation_msgs/ExecutePathFeedback.msg[0m
[  6%] [34m[1mGenerating C++ code from fuse_navigation_msgs/ExecuteTaskFeedback.msg[0m
[35m[1mScanning dependencies of target fuse_navigation_msgs_generate_messages_lisp[0m
[  7%] [34m[1mGenerating Lisp code from fuse_navigation_msgs/ExecuteTaskActionGoal.msg[0m
[  9%] [34m[1mGenerating C++ code from fuse_navigation_msgs/ExecuteTaskGoal.msg[0m
[35m[1mScanning dependencies of target fuse_navigation_msgs_generate_messages_py[0m
[ 10%] [34m[1mGenerating Lisp code from fuse_navigation_msgs/ExecuteTaskActionFeedback.msg[0m
[ 11%] [34m[1mGenerating Python from MSG fuse_navigation_msgs/ExecuteTaskActionGoal[0m
[ 12%] [34m[1mGenerating Lisp code from fuse_navigation_msgs/ExecutePathActionFeedback.msg[0m
[ 14%] [34m[1mGenerating Lisp code from fuse_navigation_msgs/ExecutePathFeedback.msg[0m
[ 15%] [34m[1mGenerating C++ code from fuse_navigation_msgs/ExecutePathActionResult.msg[0m
[ 16%] [34m[1mGenerating Python from MSG fuse_navigation_msgs/ExecuteTaskActionFeedback[0m
[ 18%] [34m[1mGenerating C++ code from fuse_navigation_msgs/ExecutePathGoal.msg[0m
[ 19%] [34m[1mGenerating Lisp code from fuse_navigation_msgs/ExecuteTaskFeedback.msg[0m
[ 20%] [34m[1mGenerating Lisp code from fuse_navigation_msgs/ExecuteTaskGoal.msg[0m
[ 22%] [34m[1mGenerating Lisp code from fuse_navigation_msgs/ExecutePathActionResult.msg[0m
[35m[1mScanning dependencies of target fuse_navigation_msgs_generate_messages_eus[0m
[ 23%] [34m[1mGenerating Python from MSG fuse_navigation_msgs/ExecutePathActionFeedback[0m
[ 24%] [34m[1mGenerating EusLisp code from fuse_navigation_msgs/ExecuteTaskActionGoal.msg[0m
[ 25%] [34m[1mGenerating C++ code from fuse_navigation_msgs/ExecuteTaskAction.msg[0m
[ 27%] [34m[1mGenerating Lisp code from fuse_navigation_msgs/ExecutePathGoal.msg[0m
[ 28%] [34m[1mGenerating Lisp code from fuse_navigation_msgs/ExecuteTaskAction.msg[0m
[ 29%] [34m[1mGenerating EusLisp code from fuse_navigation_msgs/ExecuteTaskActionFeedback.msg[0m
[ 31%] [34m[1mGenerating EusLisp code from fuse_navigation_msgs/ExecutePathActionFeedback.msg[0m
[ 33%] [34m[1mGenerating Python from MSG fuse_navigation_msgs/ExecutePathFeedback[0m
[ 33%] [34m[1mGenerating Lisp code from fuse_navigation_msgs/ExecuteTaskActionResult.msg[0m
[ 35%] [34m[1mGenerating EusLisp code from fuse_navigation_msgs/ExecutePathFeedback.msg[0m
[ 36%] [34m[1mGenerating Lisp code from fuse_navigation_msgs/ExecutePathResult.msg[0m
[ 37%] [34m[1mGenerating C++ code from fuse_navigation_msgs/ExecuteTaskActionResult.msg[0m
[ 38%] [34m[1mGenerating EusLisp code from fuse_navigation_msgs/ExecuteTaskFeedback.msg[0m
[ 40%] [34m[1mGenerating Lisp code from fuse_navigation_msgs/ExecuteTaskResult.msg[0m
[ 41%] [34m[1mGenerating Lisp code from fuse_navigation_msgs/ExecutePathActionGoal.msg[0m
[ 42%] [34m[1mGenerating C++ code from fuse_navigation_msgs/ExecutePathResult.msg[0m
[ 44%] [34m[1mGenerating EusLisp code from fuse_navigation_msgs/ExecuteTaskGoal.msg[0m
[ 45%] [34m[1mGenerating Python from MSG fuse_navigation_msgs/ExecuteTaskFeedback[0m
[ 46%] [34m[1mGenerating Lisp code from fuse_navigation_msgs/ExecutePathAction.msg[0m
[ 48%] [34m[1mGenerating EusLisp code from fuse_navigation_msgs/ExecutePathActionResult.msg[0m
[ 49%] [34m[1mGenerating Lisp code from fuse_navigation_msgs/TaskAction.msg[0m
[ 50%] [34m[1mGenerating EusLisp code from fuse_navigation_msgs/ExecutePathGoal.msg[0m
[ 50%] Built target fuse_navigation_msgs_generate_messages_lisp
[ 51%] [34m[1mGenerating Python from MSG fuse_navigation_msgs/ExecuteTaskGoal[0m
[ 53%] [34m[1mGenerating C++ code from fuse_navigation_msgs/ExecuteTaskResult.msg[0m
[ 54%] [34m[1mGenerating C++ code from fuse_navigation_msgs/ExecutePathActionGoal.msg[0m
[ 55%] [34m[1mGenerating EusLisp code from fuse_navigation_msgs/ExecuteTaskAction.msg[0m
[ 57%] [34m[1mGenerating EusLisp code from fuse_navigation_msgs/ExecuteTaskActionResult.msg[0m
[ 59%] [34m[1mGenerating Python from MSG fuse_navigation_msgs/ExecutePathActionResult[0m
[ 59%] [34m[1mGenerating C++ code from fuse_navigation_msgs/ExecutePathAction.msg[0m
[ 62%] [34m[1mGenerating EusLisp code from fuse_navigation_msgs/ExecuteTaskResult.msg[0m
[ 62%] [34m[1mGenerating EusLisp code from fuse_navigation_msgs/ExecutePathResult.msg[0m
[ 63%] [34m[1mGenerating EusLisp code from fuse_navigation_msgs/ExecutePathActionGoal.msg[0m
[ 64%] [34m[1mGenerating Python from MSG fuse_navigation_msgs/ExecutePathGoal[0m
[ 66%] [34m[1mGenerating EusLisp code from fuse_navigation_msgs/ExecutePathAction.msg[0m
[ 67%] [34m[1mGenerating EusLisp code from fuse_navigation_msgs/TaskAction.msg[0m
[ 68%] [34m[1mGenerating C++ code from fuse_navigation_msgs/TaskAction.msg[0m
[ 70%] [34m[1mGenerating EusLisp manifest code for fuse_navigation_msgs[0m
[ 71%] [34m[1mGenerating Python from MSG fuse_navigation_msgs/ExecuteTaskAction[0m
[ 72%] [34m[1mGenerating Python from MSG fuse_navigation_msgs/ExecuteTaskActionResult[0m
[ 72%] Built target fuse_navigation_msgs_generate_messages_cpp
[ 74%] [34m[1mGenerating Python from MSG fuse_navigation_msgs/ExecutePathResult[0m
[ 75%] [34m[1mGenerating Python from MSG fuse_navigation_msgs/ExecuteTaskResult[0m
[ 76%] [34m[1mGenerating Python from MSG fuse_navigation_msgs/ExecutePathActionGoal[0m
[ 77%] [34m[1mGenerating Python from MSG fuse_navigation_msgs/ExecutePathAction[0m
[35m[1mScanning dependencies of target fuse_navigation_msgs_generate_messages_nodejs[0m
[ 79%] [34m[1mGenerating Javascript code from fuse_navigation_msgs/ExecuteTaskActionGoal.msg[0m
[ 80%] [34m[1mGenerating Python from MSG fuse_navigation_msgs/TaskAction[0m
[ 81%] [34m[1mGenerating Javascript code from fuse_navigation_msgs/ExecuteTaskActionFeedback.msg[0m
[ 83%] [34m[1mGenerating Javascript code from fuse_navigation_msgs/ExecutePathActionFeedback.msg[0m
[ 84%] [34m[1mGenerating Javascript code from fuse_navigation_msgs/ExecutePathFeedback.msg[0m
[ 85%] [34m[1mGenerating Python msg __init__.py for fuse_navigation_msgs[0m
[ 87%] [34m[1mGenerating Javascript code from fuse_navigation_msgs/ExecuteTaskFeedback.msg[0m
[ 88%] [34m[1mGenerating Javascript code from fuse_navigation_msgs/ExecuteTaskGoal.msg[0m
[ 88%] Built target fuse_navigation_msgs_generate_messages_py
[ 89%] [34m[1mGenerating Javascript code from fuse_navigation_msgs/ExecutePathActionResult.msg[0m
[ 90%] [34m[1mGenerating Javascript code from fuse_navigation_msgs/ExecuteTaskAction.msg[0m
[ 92%] [34m[1mGenerating Javascript code from fuse_navigation_msgs/ExecutePathGoal.msg[0m
[ 92%] Built target fuse_navigation_msgs_generate_messages_eus
[ 93%] [34m[1mGenerating Javascript code from fuse_navigation_msgs/ExecuteTaskActionResult.msg[0m
[ 94%] [34m[1mGenerating Javascript code from fuse_navigation_msgs/ExecutePathResult.msg[0m
[ 96%] [34m[1mGenerating Javascript code from fuse_navigation_msgs/ExecuteTaskResult.msg[0m
[ 97%] [34m[1mGenerating Javascript code from fuse_navigation_msgs/ExecutePathActionGoal.msg[0m
[ 98%] [34m[1mGenerating Javascript code from fuse_navigation_msgs/ExecutePathAction.msg[0m
[100%] [34m[1mGenerating Javascript code from fuse_navigation_msgs/TaskAction.msg[0m
[100%] Built target fuse_navigation_msgs_generate_messages_nodejs
[35m[1mScanning dependencies of target fuse_navigation_msgs_generate_messages[0m
[100%] Built target fuse_navigation_msgs_generate_messages
