Linked: (/home/makarand/Documents/Navigation_ws/devel/.private/rt_mission_msgs/lib/pkgconfig/rt_mission_msgs.pc, /home/makarand/Documents/Navigation_ws/devel/lib/pkgconfig/rt_mission_msgs.pc)
Linked: (/home/makarand/Documents/Navigation_ws/devel/.private/rt_mission_msgs/lib/python2.7/dist-packages/rt_mission_msgs/__init__.py, /home/makarand/Documents/Navigation_ws/devel/lib/python2.7/dist-packages/rt_mission_msgs/__init__.py)
Linked: (/home/makarand/Documents/Navigation_ws/devel/.private/rt_mission_msgs/lib/python2.7/dist-packages/rt_mission_msgs/srv/_write_pallet_location_to_file.py, /home/makarand/Documents/Navigation_ws/devel/lib/python2.7/dist-packages/rt_mission_msgs/srv/_write_pallet_location_to_file.py)
Linked: (/home/makarand/Documents/Navigation_ws/devel/.private/rt_mission_msgs/lib/python2.7/dist-packages/rt_mission_msgs/srv/_mission_cancel_service.py, /home/makarand/Documents/Navigation_ws/devel/lib/python2.7/dist-packages/rt_mission_msgs/srv/_mission_cancel_service.py)
Linked: (/home/makarand/Documents/Navigation_ws/devel/.private/rt_mission_msgs/lib/python2.7/dist-packages/rt_mission_msgs/srv/_pallet_locations_write.py, /home/makarand/Documents/Navigation_ws/devel/lib/python2.7/dist-packages/rt_mission_msgs/srv/_pallet_locations_write.py)
Linked: (/home/makarand/Documents/Navigation_ws/devel/.private/rt_mission_msgs/lib/python2.7/dist-packages/rt_mission_msgs/srv/_get_pallet_in_map.py, /home/makarand/Documents/Navigation_ws/devel/lib/python2.7/dist-packages/rt_mission_msgs/srv/_get_pallet_in_map.py)
Linked: (/home/makarand/Documents/Navigation_ws/devel/.private/rt_mission_msgs/lib/python2.7/dist-packages/rt_mission_msgs/srv/_pallet_locations_read.py, /home/makarand/Documents/Navigation_ws/devel/lib/python2.7/dist-packages/rt_mission_msgs/srv/_pallet_locations_read.py)
Linked: (/home/makarand/Documents/Navigation_ws/devel/.private/rt_mission_msgs/lib/python2.7/dist-packages/rt_mission_msgs/srv/__init__.py, /home/makarand/Documents/Navigation_ws/devel/lib/python2.7/dist-packages/rt_mission_msgs/srv/__init__.py)
Linked: (/home/makarand/Documents/Navigation_ws/devel/.private/rt_mission_msgs/lib/python2.7/dist-packages/rt_mission_msgs/msg/_mobile_robot_pick_and_placeActionResult.py, /home/makarand/Documents/Navigation_ws/devel/lib/python2.7/dist-packages/rt_mission_msgs/msg/_mobile_robot_pick_and_placeActionResult.py)
Linked: (/home/makarand/Documents/Navigation_ws/devel/.private/rt_mission_msgs/lib/python2.7/dist-packages/rt_mission_msgs/msg/_mobile_robot_pick_and_placeResult.py, /home/makarand/Documents/Navigation_ws/devel/lib/python2.7/dist-packages/rt_mission_msgs/msg/_mobile_robot_pick_and_placeResult.py)
Linked: (/home/makarand/Documents/Navigation_ws/devel/.private/rt_mission_msgs/lib/python2.7/dist-packages/rt_mission_msgs/msg/_mobile_robot_pick_and_placeFeedback.py, /home/makarand/Documents/Navigation_ws/devel/lib/python2.7/dist-packages/rt_mission_msgs/msg/_mobile_robot_pick_and_placeFeedback.py)
Linked: (/home/makarand/Documents/Navigation_ws/devel/.private/rt_mission_msgs/lib/python2.7/dist-packages/rt_mission_msgs/msg/_mobile_robot_pick_and_placeActionGoal.py, /home/makarand/Documents/Navigation_ws/devel/lib/python2.7/dist-packages/rt_mission_msgs/msg/_mobile_robot_pick_and_placeActionGoal.py)
Linked: (/home/makarand/Documents/Navigation_ws/devel/.private/rt_mission_msgs/lib/python2.7/dist-packages/rt_mission_msgs/msg/_user_input_request.py, /home/makarand/Documents/Navigation_ws/devel/lib/python2.7/dist-packages/rt_mission_msgs/msg/_user_input_request.py)
Linked: (/home/makarand/Documents/Navigation_ws/devel/.private/rt_mission_msgs/lib/python2.7/dist-packages/rt_mission_msgs/msg/_rt_mission.py, /home/makarand/Documents/Navigation_ws/devel/lib/python2.7/dist-packages/rt_mission_msgs/msg/_rt_mission.py)
Linked: (/home/makarand/Documents/Navigation_ws/devel/.private/rt_mission_msgs/lib/python2.7/dist-packages/rt_mission_msgs/msg/_mobile_robot_pick_and_placeActionFeedback.py, /home/makarand/Documents/Navigation_ws/devel/lib/python2.7/dist-packages/rt_mission_msgs/msg/_mobile_robot_pick_and_placeActionFeedback.py)
Linked: (/home/makarand/Documents/Navigation_ws/devel/.private/rt_mission_msgs/lib/python2.7/dist-packages/rt_mission_msgs/msg/_mobile_robot_pick_and_placeGoal.py, /home/makarand/Documents/Navigation_ws/devel/lib/python2.7/dist-packages/rt_mission_msgs/msg/_mobile_robot_pick_and_placeGoal.py)
Linked: (/home/makarand/Documents/Navigation_ws/devel/.private/rt_mission_msgs/lib/python2.7/dist-packages/rt_mission_msgs/msg/_rt_mission_queue.py, /home/makarand/Documents/Navigation_ws/devel/lib/python2.7/dist-packages/rt_mission_msgs/msg/_rt_mission_queue.py)
Linked: (/home/makarand/Documents/Navigation_ws/devel/.private/rt_mission_msgs/lib/python2.7/dist-packages/rt_mission_msgs/msg/_pallet_location.py, /home/makarand/Documents/Navigation_ws/devel/lib/python2.7/dist-packages/rt_mission_msgs/msg/_pallet_location.py)
Linked: (/home/makarand/Documents/Navigation_ws/devel/.private/rt_mission_msgs/lib/python2.7/dist-packages/rt_mission_msgs/msg/_mobile_robot_pick_and_placeAction.py, /home/makarand/Documents/Navigation_ws/devel/lib/python2.7/dist-packages/rt_mission_msgs/msg/_mobile_robot_pick_and_placeAction.py)
Linked: (/home/makarand/Documents/Navigation_ws/devel/.private/rt_mission_msgs/lib/python2.7/dist-packages/rt_mission_msgs/msg/__init__.py, /home/makarand/Documents/Navigation_ws/devel/lib/python2.7/dist-packages/rt_mission_msgs/msg/__init__.py)
Linked: (/home/makarand/Documents/Navigation_ws/devel/.private/rt_mission_msgs/include/rt_mission_msgs/pallet_locations_readRequest.h, /home/makarand/Documents/Navigation_ws/devel/include/rt_mission_msgs/pallet_locations_readRequest.h)
Linked: (/home/makarand/Documents/Navigation_ws/devel/.private/rt_mission_msgs/include/rt_mission_msgs/rt_mission_queue.h, /home/makarand/Documents/Navigation_ws/devel/include/rt_mission_msgs/rt_mission_queue.h)
Linked: (/home/makarand/Documents/Navigation_ws/devel/.private/rt_mission_msgs/include/rt_mission_msgs/mobile_robot_pick_and_placeAction.h, /home/makarand/Documents/Navigation_ws/devel/include/rt_mission_msgs/mobile_robot_pick_and_placeAction.h)
Linked: (/home/makarand/Documents/Navigation_ws/devel/.private/rt_mission_msgs/include/rt_mission_msgs/mobile_robot_pick_and_placeGoal.h, /home/makarand/Documents/Navigation_ws/devel/include/rt_mission_msgs/mobile_robot_pick_and_placeGoal.h)
Linked: (/home/makarand/Documents/Navigation_ws/devel/.private/rt_mission_msgs/include/rt_mission_msgs/mobile_robot_pick_and_placeActionFeedback.h, /home/makarand/Documents/Navigation_ws/devel/include/rt_mission_msgs/mobile_robot_pick_and_placeActionFeedback.h)
Linked: (/home/makarand/Documents/Navigation_ws/devel/.private/rt_mission_msgs/include/rt_mission_msgs/rt_mission.h, /home/makarand/Documents/Navigation_ws/devel/include/rt_mission_msgs/rt_mission.h)
Linked: (/home/makarand/Documents/Navigation_ws/devel/.private/rt_mission_msgs/include/rt_mission_msgs/mobile_robot_pick_and_placeResult.h, /home/makarand/Documents/Navigation_ws/devel/include/rt_mission_msgs/mobile_robot_pick_and_placeResult.h)
Linked: (/home/makarand/Documents/Navigation_ws/devel/.private/rt_mission_msgs/include/rt_mission_msgs/pallet_locations_read.h, /home/makarand/Documents/Navigation_ws/devel/include/rt_mission_msgs/pallet_locations_read.h)
Linked: (/home/makarand/Documents/Navigation_ws/devel/.private/rt_mission_msgs/include/rt_mission_msgs/pallet_locations_write.h, /home/makarand/Documents/Navigation_ws/devel/include/rt_mission_msgs/pallet_locations_write.h)
Linked: (/home/makarand/Documents/Navigation_ws/devel/.private/rt_mission_msgs/include/rt_mission_msgs/mobile_robot_pick_and_placeActionGoal.h, /home/makarand/Documents/Navigation_ws/devel/include/rt_mission_msgs/mobile_robot_pick_and_placeActionGoal.h)
Linked: (/home/makarand/Documents/Navigation_ws/devel/.private/rt_mission_msgs/include/rt_mission_msgs/mobile_robot_pick_and_placeFeedback.h, /home/makarand/Documents/Navigation_ws/devel/include/rt_mission_msgs/mobile_robot_pick_and_placeFeedback.h)
Linked: (/home/makarand/Documents/Navigation_ws/devel/.private/rt_mission_msgs/include/rt_mission_msgs/get_pallet_in_map.h, /home/makarand/Documents/Navigation_ws/devel/include/rt_mission_msgs/get_pallet_in_map.h)
Linked: (/home/makarand/Documents/Navigation_ws/devel/.private/rt_mission_msgs/include/rt_mission_msgs/user_input_request.h, /home/makarand/Documents/Navigation_ws/devel/include/rt_mission_msgs/user_input_request.h)
Linked: (/home/makarand/Documents/Navigation_ws/devel/.private/rt_mission_msgs/include/rt_mission_msgs/pallet_locations_writeResponse.h, /home/makarand/Documents/Navigation_ws/devel/include/rt_mission_msgs/pallet_locations_writeResponse.h)
Linked: (/home/makarand/Documents/Navigation_ws/devel/.private/rt_mission_msgs/include/rt_mission_msgs/mission_cancel_serviceRequest.h, /home/makarand/Documents/Navigation_ws/devel/include/rt_mission_msgs/mission_cancel_serviceRequest.h)
Linked: (/home/makarand/Documents/Navigation_ws/devel/.private/rt_mission_msgs/include/rt_mission_msgs/pallet_location.h, /home/makarand/Documents/Navigation_ws/devel/include/rt_mission_msgs/pallet_location.h)
Linked: (/home/makarand/Documents/Navigation_ws/devel/.private/rt_mission_msgs/include/rt_mission_msgs/pallet_locations_readResponse.h, /home/makarand/Documents/Navigation_ws/devel/include/rt_mission_msgs/pallet_locations_readResponse.h)
Linked: (/home/makarand/Documents/Navigation_ws/devel/.private/rt_mission_msgs/include/rt_mission_msgs/get_pallet_in_mapResponse.h, /home/makarand/Documents/Navigation_ws/devel/include/rt_mission_msgs/get_pallet_in_mapResponse.h)
Linked: (/home/makarand/Documents/Navigation_ws/devel/.private/rt_mission_msgs/include/rt_mission_msgs/mission_cancel_service.h, /home/makarand/Documents/Navigation_ws/devel/include/rt_mission_msgs/mission_cancel_service.h)
Linked: (/home/makarand/Documents/Navigation_ws/devel/.private/rt_mission_msgs/include/rt_mission_msgs/get_pallet_in_mapRequest.h, /home/makarand/Documents/Navigation_ws/devel/include/rt_mission_msgs/get_pallet_in_mapRequest.h)
Linked: (/home/makarand/Documents/Navigation_ws/devel/.private/rt_mission_msgs/include/rt_mission_msgs/pallet_locations_writeRequest.h, /home/makarand/Documents/Navigation_ws/devel/include/rt_mission_msgs/pallet_locations_writeRequest.h)
Linked: (/home/makarand/Documents/Navigation_ws/devel/.private/rt_mission_msgs/include/rt_mission_msgs/write_pallet_location_to_fileResponse.h, /home/makarand/Documents/Navigation_ws/devel/include/rt_mission_msgs/write_pallet_location_to_fileResponse.h)
Linked: (/home/makarand/Documents/Navigation_ws/devel/.private/rt_mission_msgs/include/rt_mission_msgs/write_pallet_location_to_fileRequest.h, /home/makarand/Documents/Navigation_ws/devel/include/rt_mission_msgs/write_pallet_location_to_fileRequest.h)
Linked: (/home/makarand/Documents/Navigation_ws/devel/.private/rt_mission_msgs/include/rt_mission_msgs/write_pallet_location_to_file.h, /home/makarand/Documents/Navigation_ws/devel/include/rt_mission_msgs/write_pallet_location_to_file.h)
Linked: (/home/makarand/Documents/Navigation_ws/devel/.private/rt_mission_msgs/include/rt_mission_msgs/mobile_robot_pick_and_placeActionResult.h, /home/makarand/Documents/Navigation_ws/devel/include/rt_mission_msgs/mobile_robot_pick_and_placeActionResult.h)
Linked: (/home/makarand/Documents/Navigation_ws/devel/.private/rt_mission_msgs/include/rt_mission_msgs/mission_cancel_serviceResponse.h, /home/makarand/Documents/Navigation_ws/devel/include/rt_mission_msgs/mission_cancel_serviceResponse.h)
Linked: (/home/makarand/Documents/Navigation_ws/devel/.private/rt_mission_msgs/share/common-lisp/ros/rt_mission_msgs/srv/write_pallet_location_to_file.lisp, /home/makarand/Documents/Navigation_ws/devel/share/common-lisp/ros/rt_mission_msgs/srv/write_pallet_location_to_file.lisp)
Linked: (/home/makarand/Documents/Navigation_ws/devel/.private/rt_mission_msgs/share/common-lisp/ros/rt_mission_msgs/srv/_package_get_pallet_in_map.lisp, /home/makarand/Documents/Navigation_ws/devel/share/common-lisp/ros/rt_mission_msgs/srv/_package_get_pallet_in_map.lisp)
Linked: (/home/makarand/Documents/Navigation_ws/devel/.private/rt_mission_msgs/share/common-lisp/ros/rt_mission_msgs/srv/pallet_locations_write.lisp, /home/makarand/Documents/Navigation_ws/devel/share/common-lisp/ros/rt_mission_msgs/srv/pallet_locations_write.lisp)
Linked: (/home/makarand/Documents/Navigation_ws/devel/.private/rt_mission_msgs/share/common-lisp/ros/rt_mission_msgs/srv/_package_write_pallet_location_to_file.lisp, /home/makarand/Documents/Navigation_ws/devel/share/common-lisp/ros/rt_mission_msgs/srv/_package_write_pallet_location_to_file.lisp)
Linked: (/home/makarand/Documents/Navigation_ws/devel/.private/rt_mission_msgs/share/common-lisp/ros/rt_mission_msgs/srv/pallet_locations_read.lisp, /home/makarand/Documents/Navigation_ws/devel/share/common-lisp/ros/rt_mission_msgs/srv/pallet_locations_read.lisp)
Linked: (/home/makarand/Documents/Navigation_ws/devel/.private/rt_mission_msgs/share/common-lisp/ros/rt_mission_msgs/srv/mission_cancel_service.lisp, /home/makarand/Documents/Navigation_ws/devel/share/common-lisp/ros/rt_mission_msgs/srv/mission_cancel_service.lisp)
Linked: (/home/makarand/Documents/Navigation_ws/devel/.private/rt_mission_msgs/share/common-lisp/ros/rt_mission_msgs/srv/get_pallet_in_map.lisp, /home/makarand/Documents/Navigation_ws/devel/share/common-lisp/ros/rt_mission_msgs/srv/get_pallet_in_map.lisp)
Linked: (/home/makarand/Documents/Navigation_ws/devel/.private/rt_mission_msgs/share/common-lisp/ros/rt_mission_msgs/srv/_package.lisp, /home/makarand/Documents/Navigation_ws/devel/share/common-lisp/ros/rt_mission_msgs/srv/_package.lisp)
Linked: (/home/makarand/Documents/Navigation_ws/devel/.private/rt_mission_msgs/share/common-lisp/ros/rt_mission_msgs/srv/rt_mission_msgs-srv.asd, /home/makarand/Documents/Navigation_ws/devel/share/common-lisp/ros/rt_mission_msgs/srv/rt_mission_msgs-srv.asd)
Linked: (/home/makarand/Documents/Navigation_ws/devel/.private/rt_mission_msgs/share/common-lisp/ros/rt_mission_msgs/srv/_package_pallet_locations_read.lisp, /home/makarand/Documents/Navigation_ws/devel/share/common-lisp/ros/rt_mission_msgs/srv/_package_pallet_locations_read.lisp)
Linked: (/home/makarand/Documents/Navigation_ws/devel/.private/rt_mission_msgs/share/common-lisp/ros/rt_mission_msgs/srv/_package_mission_cancel_service.lisp, /home/makarand/Documents/Navigation_ws/devel/share/common-lisp/ros/rt_mission_msgs/srv/_package_mission_cancel_service.lisp)
Linked: (/home/makarand/Documents/Navigation_ws/devel/.private/rt_mission_msgs/share/common-lisp/ros/rt_mission_msgs/srv/_package_pallet_locations_write.lisp, /home/makarand/Documents/Navigation_ws/devel/share/common-lisp/ros/rt_mission_msgs/srv/_package_pallet_locations_write.lisp)
Linked: (/home/makarand/Documents/Navigation_ws/devel/.private/rt_mission_msgs/share/common-lisp/ros/rt_mission_msgs/msg/mobile_robot_pick_and_placeFeedback.lisp, /home/makarand/Documents/Navigation_ws/devel/share/common-lisp/ros/rt_mission_msgs/msg/mobile_robot_pick_and_placeFeedback.lisp)
Linked: (/home/makarand/Documents/Navigation_ws/devel/.private/rt_mission_msgs/share/common-lisp/ros/rt_mission_msgs/msg/_package_mobile_robot_pick_and_placeActionFeedback.lisp, /home/makarand/Documents/Navigation_ws/devel/share/common-lisp/ros/rt_mission_msgs/msg/_package_mobile_robot_pick_and_placeActionFeedback.lisp)
Linked: (/home/makarand/Documents/Navigation_ws/devel/.private/rt_mission_msgs/share/common-lisp/ros/rt_mission_msgs/msg/_package_mobile_robot_pick_and_placeGoal.lisp, /home/makarand/Documents/Navigation_ws/devel/share/common-lisp/ros/rt_mission_msgs/msg/_package_mobile_robot_pick_and_placeGoal.lisp)
Linked: (/home/makarand/Documents/Navigation_ws/devel/.private/rt_mission_msgs/share/common-lisp/ros/rt_mission_msgs/msg/_package_mobile_robot_pick_and_placeActionGoal.lisp, /home/makarand/Documents/Navigation_ws/devel/share/common-lisp/ros/rt_mission_msgs/msg/_package_mobile_robot_pick_and_placeActionGoal.lisp)
Linked: (/home/makarand/Documents/Navigation_ws/devel/.private/rt_mission_msgs/share/common-lisp/ros/rt_mission_msgs/msg/pallet_location.lisp, /home/makarand/Documents/Navigation_ws/devel/share/common-lisp/ros/rt_mission_msgs/msg/pallet_location.lisp)
Linked: (/home/makarand/Documents/Navigation_ws/devel/.private/rt_mission_msgs/share/common-lisp/ros/rt_mission_msgs/msg/_package_mobile_robot_pick_and_placeResult.lisp, /home/makarand/Documents/Navigation_ws/devel/share/common-lisp/ros/rt_mission_msgs/msg/_package_mobile_robot_pick_and_placeResult.lisp)
Linked: (/home/makarand/Documents/Navigation_ws/devel/.private/rt_mission_msgs/share/common-lisp/ros/rt_mission_msgs/msg/mobile_robot_pick_and_placeResult.lisp, /home/makarand/Documents/Navigation_ws/devel/share/common-lisp/ros/rt_mission_msgs/msg/mobile_robot_pick_and_placeResult.lisp)
Linked: (/home/makarand/Documents/Navigation_ws/devel/.private/rt_mission_msgs/share/common-lisp/ros/rt_mission_msgs/msg/rt_mission_msgs-msg.asd, /home/makarand/Documents/Navigation_ws/devel/share/common-lisp/ros/rt_mission_msgs/msg/rt_mission_msgs-msg.asd)
Linked: (/home/makarand/Documents/Navigation_ws/devel/.private/rt_mission_msgs/share/common-lisp/ros/rt_mission_msgs/msg/mobile_robot_pick_and_placeAction.lisp, /home/makarand/Documents/Navigation_ws/devel/share/common-lisp/ros/rt_mission_msgs/msg/mobile_robot_pick_and_placeAction.lisp)
Linked: (/home/makarand/Documents/Navigation_ws/devel/.private/rt_mission_msgs/share/common-lisp/ros/rt_mission_msgs/msg/_package.lisp, /home/makarand/Documents/Navigation_ws/devel/share/common-lisp/ros/rt_mission_msgs/msg/_package.lisp)
Linked: (/home/makarand/Documents/Navigation_ws/devel/.private/rt_mission_msgs/share/common-lisp/ros/rt_mission_msgs/msg/_package_mobile_robot_pick_and_placeAction.lisp, /home/makarand/Documents/Navigation_ws/devel/share/common-lisp/ros/rt_mission_msgs/msg/_package_mobile_robot_pick_and_placeAction.lisp)
Linked: (/home/makarand/Documents/Navigation_ws/devel/.private/rt_mission_msgs/share/common-lisp/ros/rt_mission_msgs/msg/mobile_robot_pick_and_placeActionResult.lisp, /home/makarand/Documents/Navigation_ws/devel/share/common-lisp/ros/rt_mission_msgs/msg/mobile_robot_pick_and_placeActionResult.lisp)
Linked: (/home/makarand/Documents/Navigation_ws/devel/.private/rt_mission_msgs/share/common-lisp/ros/rt_mission_msgs/msg/_package_rt_mission_queue.lisp, /home/makarand/Documents/Navigation_ws/devel/share/common-lisp/ros/rt_mission_msgs/msg/_package_rt_mission_queue.lisp)
Linked: (/home/makarand/Documents/Navigation_ws/devel/.private/rt_mission_msgs/share/common-lisp/ros/rt_mission_msgs/msg/_package_user_input_request.lisp, /home/makarand/Documents/Navigation_ws/devel/share/common-lisp/ros/rt_mission_msgs/msg/_package_user_input_request.lisp)
Linked: (/home/makarand/Documents/Navigation_ws/devel/.private/rt_mission_msgs/share/common-lisp/ros/rt_mission_msgs/msg/_package_pallet_location.lisp, /home/makarand/Documents/Navigation_ws/devel/share/common-lisp/ros/rt_mission_msgs/msg/_package_pallet_location.lisp)
Linked: (/home/makarand/Documents/Navigation_ws/devel/.private/rt_mission_msgs/share/common-lisp/ros/rt_mission_msgs/msg/_package_mobile_robot_pick_and_placeActionResult.lisp, /home/makarand/Documents/Navigation_ws/devel/share/common-lisp/ros/rt_mission_msgs/msg/_package_mobile_robot_pick_and_placeActionResult.lisp)
Linked: (/home/makarand/Documents/Navigation_ws/devel/.private/rt_mission_msgs/share/common-lisp/ros/rt_mission_msgs/msg/user_input_request.lisp, /home/makarand/Documents/Navigation_ws/devel/share/common-lisp/ros/rt_mission_msgs/msg/user_input_request.lisp)
Linked: (/home/makarand/Documents/Navigation_ws/devel/.private/rt_mission_msgs/share/common-lisp/ros/rt_mission_msgs/msg/_package_mobile_robot_pick_and_placeFeedback.lisp, /home/makarand/Documents/Navigation_ws/devel/share/common-lisp/ros/rt_mission_msgs/msg/_package_mobile_robot_pick_and_placeFeedback.lisp)
Linked: (/home/makarand/Documents/Navigation_ws/devel/.private/rt_mission_msgs/share/common-lisp/ros/rt_mission_msgs/msg/mobile_robot_pick_and_placeActionGoal.lisp, /home/makarand/Documents/Navigation_ws/devel/share/common-lisp/ros/rt_mission_msgs/msg/mobile_robot_pick_and_placeActionGoal.lisp)
Linked: (/home/makarand/Documents/Navigation_ws/devel/.private/rt_mission_msgs/share/common-lisp/ros/rt_mission_msgs/msg/mobile_robot_pick_and_placeGoal.lisp, /home/makarand/Documents/Navigation_ws/devel/share/common-lisp/ros/rt_mission_msgs/msg/mobile_robot_pick_and_placeGoal.lisp)
Linked: (/home/makarand/Documents/Navigation_ws/devel/.private/rt_mission_msgs/share/common-lisp/ros/rt_mission_msgs/msg/mobile_robot_pick_and_placeActionFeedback.lisp, /home/makarand/Documents/Navigation_ws/devel/share/common-lisp/ros/rt_mission_msgs/msg/mobile_robot_pick_and_placeActionFeedback.lisp)
Linked: (/home/makarand/Documents/Navigation_ws/devel/.private/rt_mission_msgs/share/common-lisp/ros/rt_mission_msgs/msg/rt_mission_queue.lisp, /home/makarand/Documents/Navigation_ws/devel/share/common-lisp/ros/rt_mission_msgs/msg/rt_mission_queue.lisp)
Linked: (/home/makarand/Documents/Navigation_ws/devel/.private/rt_mission_msgs/share/common-lisp/ros/rt_mission_msgs/msg/_package_rt_mission.lisp, /home/makarand/Documents/Navigation_ws/devel/share/common-lisp/ros/rt_mission_msgs/msg/_package_rt_mission.lisp)
Linked: (/home/makarand/Documents/Navigation_ws/devel/.private/rt_mission_msgs/share/common-lisp/ros/rt_mission_msgs/msg/rt_mission.lisp, /home/makarand/Documents/Navigation_ws/devel/share/common-lisp/ros/rt_mission_msgs/msg/rt_mission.lisp)
Linked: (/home/makarand/Documents/Navigation_ws/devel/.private/rt_mission_msgs/share/rt_mission_msgs/msg/mobile_robot_pick_and_placeActionResult.msg, /home/makarand/Documents/Navigation_ws/devel/share/rt_mission_msgs/msg/mobile_robot_pick_and_placeActionResult.msg)
Linked: (/home/makarand/Documents/Navigation_ws/devel/.private/rt_mission_msgs/share/rt_mission_msgs/msg/mobile_robot_pick_and_placeActionFeedback.msg, /home/makarand/Documents/Navigation_ws/devel/share/rt_mission_msgs/msg/mobile_robot_pick_and_placeActionFeedback.msg)
Linked: (/home/makarand/Documents/Navigation_ws/devel/.private/rt_mission_msgs/share/rt_mission_msgs/msg/mobile_robot_pick_and_placeAction.msg, /home/makarand/Documents/Navigation_ws/devel/share/rt_mission_msgs/msg/mobile_robot_pick_and_placeAction.msg)
Linked: (/home/makarand/Documents/Navigation_ws/devel/.private/rt_mission_msgs/share/rt_mission_msgs/msg/mobile_robot_pick_and_placeFeedback.msg, /home/makarand/Documents/Navigation_ws/devel/share/rt_mission_msgs/msg/mobile_robot_pick_and_placeFeedback.msg)
Linked: (/home/makarand/Documents/Navigation_ws/devel/.private/rt_mission_msgs/share/rt_mission_msgs/msg/mobile_robot_pick_and_placeGoal.msg, /home/makarand/Documents/Navigation_ws/devel/share/rt_mission_msgs/msg/mobile_robot_pick_and_placeGoal.msg)
Linked: (/home/makarand/Documents/Navigation_ws/devel/.private/rt_mission_msgs/share/rt_mission_msgs/msg/mobile_robot_pick_and_placeResult.msg, /home/makarand/Documents/Navigation_ws/devel/share/rt_mission_msgs/msg/mobile_robot_pick_and_placeResult.msg)
Linked: (/home/makarand/Documents/Navigation_ws/devel/.private/rt_mission_msgs/share/rt_mission_msgs/msg/mobile_robot_pick_and_placeActionGoal.msg, /home/makarand/Documents/Navigation_ws/devel/share/rt_mission_msgs/msg/mobile_robot_pick_and_placeActionGoal.msg)
Linked: (/home/makarand/Documents/Navigation_ws/devel/.private/rt_mission_msgs/share/rt_mission_msgs/cmake/rt_mission_msgs-msg-extras.cmake, /home/makarand/Documents/Navigation_ws/devel/share/rt_mission_msgs/cmake/rt_mission_msgs-msg-extras.cmake)
Linked: (/home/makarand/Documents/Navigation_ws/devel/.private/rt_mission_msgs/share/rt_mission_msgs/cmake/rt_mission_msgs-msg-paths.cmake, /home/makarand/Documents/Navigation_ws/devel/share/rt_mission_msgs/cmake/rt_mission_msgs-msg-paths.cmake)
Linked: (/home/makarand/Documents/Navigation_ws/devel/.private/rt_mission_msgs/share/rt_mission_msgs/cmake/rt_mission_msgsConfig.cmake, /home/makarand/Documents/Navigation_ws/devel/share/rt_mission_msgs/cmake/rt_mission_msgsConfig.cmake)
Linked: (/home/makarand/Documents/Navigation_ws/devel/.private/rt_mission_msgs/share/rt_mission_msgs/cmake/rt_mission_msgsConfig-version.cmake, /home/makarand/Documents/Navigation_ws/devel/share/rt_mission_msgs/cmake/rt_mission_msgsConfig-version.cmake)
Linked: (/home/makarand/Documents/Navigation_ws/devel/.private/rt_mission_msgs/share/roseus/ros/rt_mission_msgs/manifest.l, /home/makarand/Documents/Navigation_ws/devel/share/roseus/ros/rt_mission_msgs/manifest.l)
Linked: (/home/makarand/Documents/Navigation_ws/devel/.private/rt_mission_msgs/share/roseus/ros/rt_mission_msgs/srv/pallet_locations_read.l, /home/makarand/Documents/Navigation_ws/devel/share/roseus/ros/rt_mission_msgs/srv/pallet_locations_read.l)
Linked: (/home/makarand/Documents/Navigation_ws/devel/.private/rt_mission_msgs/share/roseus/ros/rt_mission_msgs/srv/write_pallet_location_to_file.l, /home/makarand/Documents/Navigation_ws/devel/share/roseus/ros/rt_mission_msgs/srv/write_pallet_location_to_file.l)
Linked: (/home/makarand/Documents/Navigation_ws/devel/.private/rt_mission_msgs/share/roseus/ros/rt_mission_msgs/srv/pallet_locations_write.l, /home/makarand/Documents/Navigation_ws/devel/share/roseus/ros/rt_mission_msgs/srv/pallet_locations_write.l)
Linked: (/home/makarand/Documents/Navigation_ws/devel/.private/rt_mission_msgs/share/roseus/ros/rt_mission_msgs/srv/mission_cancel_service.l, /home/makarand/Documents/Navigation_ws/devel/share/roseus/ros/rt_mission_msgs/srv/mission_cancel_service.l)
Linked: (/home/makarand/Documents/Navigation_ws/devel/.private/rt_mission_msgs/share/roseus/ros/rt_mission_msgs/srv/get_pallet_in_map.l, /home/makarand/Documents/Navigation_ws/devel/share/roseus/ros/rt_mission_msgs/srv/get_pallet_in_map.l)
Linked: (/home/makarand/Documents/Navigation_ws/devel/.private/rt_mission_msgs/share/roseus/ros/rt_mission_msgs/msg/mobile_robot_pick_and_placeActionGoal.l, /home/makarand/Documents/Navigation_ws/devel/share/roseus/ros/rt_mission_msgs/msg/mobile_robot_pick_and_placeActionGoal.l)
Linked: (/home/makarand/Documents/Navigation_ws/devel/.private/rt_mission_msgs/share/roseus/ros/rt_mission_msgs/msg/rt_mission.l, /home/makarand/Documents/Navigation_ws/devel/share/roseus/ros/rt_mission_msgs/msg/rt_mission.l)
Linked: (/home/makarand/Documents/Navigation_ws/devel/.private/rt_mission_msgs/share/roseus/ros/rt_mission_msgs/msg/user_input_request.l, /home/makarand/Documents/Navigation_ws/devel/share/roseus/ros/rt_mission_msgs/msg/user_input_request.l)
Linked: (/home/makarand/Documents/Navigation_ws/devel/.private/rt_mission_msgs/share/roseus/ros/rt_mission_msgs/msg/mobile_robot_pick_and_placeActionResult.l, /home/makarand/Documents/Navigation_ws/devel/share/roseus/ros/rt_mission_msgs/msg/mobile_robot_pick_and_placeActionResult.l)
Linked: (/home/makarand/Documents/Navigation_ws/devel/.private/rt_mission_msgs/share/roseus/ros/rt_mission_msgs/msg/rt_mission_queue.l, /home/makarand/Documents/Navigation_ws/devel/share/roseus/ros/rt_mission_msgs/msg/rt_mission_queue.l)
Linked: (/home/makarand/Documents/Navigation_ws/devel/.private/rt_mission_msgs/share/roseus/ros/rt_mission_msgs/msg/mobile_robot_pick_and_placeResult.l, /home/makarand/Documents/Navigation_ws/devel/share/roseus/ros/rt_mission_msgs/msg/mobile_robot_pick_and_placeResult.l)
Linked: (/home/makarand/Documents/Navigation_ws/devel/.private/rt_mission_msgs/share/roseus/ros/rt_mission_msgs/msg/mobile_robot_pick_and_placeActionFeedback.l, /home/makarand/Documents/Navigation_ws/devel/share/roseus/ros/rt_mission_msgs/msg/mobile_robot_pick_and_placeActionFeedback.l)
Linked: (/home/makarand/Documents/Navigation_ws/devel/.private/rt_mission_msgs/share/roseus/ros/rt_mission_msgs/msg/mobile_robot_pick_and_placeGoal.l, /home/makarand/Documents/Navigation_ws/devel/share/roseus/ros/rt_mission_msgs/msg/mobile_robot_pick_and_placeGoal.l)
Linked: (/home/makarand/Documents/Navigation_ws/devel/.private/rt_mission_msgs/share/roseus/ros/rt_mission_msgs/msg/pallet_location.l, /home/makarand/Documents/Navigation_ws/devel/share/roseus/ros/rt_mission_msgs/msg/pallet_location.l)
Linked: (/home/makarand/Documents/Navigation_ws/devel/.private/rt_mission_msgs/share/roseus/ros/rt_mission_msgs/msg/mobile_robot_pick_and_placeFeedback.l, /home/makarand/Documents/Navigation_ws/devel/share/roseus/ros/rt_mission_msgs/msg/mobile_robot_pick_and_placeFeedback.l)
Linked: (/home/makarand/Documents/Navigation_ws/devel/.private/rt_mission_msgs/share/roseus/ros/rt_mission_msgs/msg/mobile_robot_pick_and_placeAction.l, /home/makarand/Documents/Navigation_ws/devel/share/roseus/ros/rt_mission_msgs/msg/mobile_robot_pick_and_placeAction.l)
Linked: (/home/makarand/Documents/Navigation_ws/devel/.private/rt_mission_msgs/share/gennodejs/ros/rt_mission_msgs/_index.js, /home/makarand/Documents/Navigation_ws/devel/share/gennodejs/ros/rt_mission_msgs/_index.js)
Linked: (/home/makarand/Documents/Navigation_ws/devel/.private/rt_mission_msgs/share/gennodejs/ros/rt_mission_msgs/srv/_index.js, /home/makarand/Documents/Navigation_ws/devel/share/gennodejs/ros/rt_mission_msgs/srv/_index.js)
Linked: (/home/makarand/Documents/Navigation_ws/devel/.private/rt_mission_msgs/share/gennodejs/ros/rt_mission_msgs/srv/pallet_locations_read.js, /home/makarand/Documents/Navigation_ws/devel/share/gennodejs/ros/rt_mission_msgs/srv/pallet_locations_read.js)
Linked: (/home/makarand/Documents/Navigation_ws/devel/.private/rt_mission_msgs/share/gennodejs/ros/rt_mission_msgs/srv/pallet_locations_write.js, /home/makarand/Documents/Navigation_ws/devel/share/gennodejs/ros/rt_mission_msgs/srv/pallet_locations_write.js)
Linked: (/home/makarand/Documents/Navigation_ws/devel/.private/rt_mission_msgs/share/gennodejs/ros/rt_mission_msgs/srv/mission_cancel_service.js, /home/makarand/Documents/Navigation_ws/devel/share/gennodejs/ros/rt_mission_msgs/srv/mission_cancel_service.js)
Linked: (/home/makarand/Documents/Navigation_ws/devel/.private/rt_mission_msgs/share/gennodejs/ros/rt_mission_msgs/srv/write_pallet_location_to_file.js, /home/makarand/Documents/Navigation_ws/devel/share/gennodejs/ros/rt_mission_msgs/srv/write_pallet_location_to_file.js)
Linked: (/home/makarand/Documents/Navigation_ws/devel/.private/rt_mission_msgs/share/gennodejs/ros/rt_mission_msgs/srv/get_pallet_in_map.js, /home/makarand/Documents/Navigation_ws/devel/share/gennodejs/ros/rt_mission_msgs/srv/get_pallet_in_map.js)
Linked: (/home/makarand/Documents/Navigation_ws/devel/.private/rt_mission_msgs/share/gennodejs/ros/rt_mission_msgs/msg/_index.js, /home/makarand/Documents/Navigation_ws/devel/share/gennodejs/ros/rt_mission_msgs/msg/_index.js)
Linked: (/home/makarand/Documents/Navigation_ws/devel/.private/rt_mission_msgs/share/gennodejs/ros/rt_mission_msgs/msg/rt_mission_queue.js, /home/makarand/Documents/Navigation_ws/devel/share/gennodejs/ros/rt_mission_msgs/msg/rt_mission_queue.js)
Linked: (/home/makarand/Documents/Navigation_ws/devel/.private/rt_mission_msgs/share/gennodejs/ros/rt_mission_msgs/msg/mobile_robot_pick_and_placeGoal.js, /home/makarand/Documents/Navigation_ws/devel/share/gennodejs/ros/rt_mission_msgs/msg/mobile_robot_pick_and_placeGoal.js)
Linked: (/home/makarand/Documents/Navigation_ws/devel/.private/rt_mission_msgs/share/gennodejs/ros/rt_mission_msgs/msg/rt_mission.js, /home/makarand/Documents/Navigation_ws/devel/share/gennodejs/ros/rt_mission_msgs/msg/rt_mission.js)
Linked: (/home/makarand/Documents/Navigation_ws/devel/.private/rt_mission_msgs/share/gennodejs/ros/rt_mission_msgs/msg/mobile_robot_pick_and_placeFeedback.js, /home/makarand/Documents/Navigation_ws/devel/share/gennodejs/ros/rt_mission_msgs/msg/mobile_robot_pick_and_placeFeedback.js)
Linked: (/home/makarand/Documents/Navigation_ws/devel/.private/rt_mission_msgs/share/gennodejs/ros/rt_mission_msgs/msg/mobile_robot_pick_and_placeActionGoal.js, /home/makarand/Documents/Navigation_ws/devel/share/gennodejs/ros/rt_mission_msgs/msg/mobile_robot_pick_and_placeActionGoal.js)
Linked: (/home/makarand/Documents/Navigation_ws/devel/.private/rt_mission_msgs/share/gennodejs/ros/rt_mission_msgs/msg/mobile_robot_pick_and_placeActionFeedback.js, /home/makarand/Documents/Navigation_ws/devel/share/gennodejs/ros/rt_mission_msgs/msg/mobile_robot_pick_and_placeActionFeedback.js)
Linked: (/home/makarand/Documents/Navigation_ws/devel/.private/rt_mission_msgs/share/gennodejs/ros/rt_mission_msgs/msg/pallet_location.js, /home/makarand/Documents/Navigation_ws/devel/share/gennodejs/ros/rt_mission_msgs/msg/pallet_location.js)
Linked: (/home/makarand/Documents/Navigation_ws/devel/.private/rt_mission_msgs/share/gennodejs/ros/rt_mission_msgs/msg/mobile_robot_pick_and_placeResult.js, /home/makarand/Documents/Navigation_ws/devel/share/gennodejs/ros/rt_mission_msgs/msg/mobile_robot_pick_and_placeResult.js)
Linked: (/home/makarand/Documents/Navigation_ws/devel/.private/rt_mission_msgs/share/gennodejs/ros/rt_mission_msgs/msg/user_input_request.js, /home/makarand/Documents/Navigation_ws/devel/share/gennodejs/ros/rt_mission_msgs/msg/user_input_request.js)
Linked: (/home/makarand/Documents/Navigation_ws/devel/.private/rt_mission_msgs/share/gennodejs/ros/rt_mission_msgs/msg/mobile_robot_pick_and_placeActionResult.js, /home/makarand/Documents/Navigation_ws/devel/share/gennodejs/ros/rt_mission_msgs/msg/mobile_robot_pick_and_placeActionResult.js)
Linked: (/home/makarand/Documents/Navigation_ws/devel/.private/rt_mission_msgs/share/gennodejs/ros/rt_mission_msgs/msg/mobile_robot_pick_and_placeAction.js, /home/makarand/Documents/Navigation_ws/devel/share/gennodejs/ros/rt_mission_msgs/msg/mobile_robot_pick_and_placeAction.js)
