[  0%] Built target _rt_mission_msgs_generate_messages_check_deps_pallet_locations_read
[  0%] Built target _rt_mission_msgs_generate_messages_check_deps_mobile_robot_pick_and_placeGoal
[  0%] Built target _rt_mission_msgs_generate_messages_check_deps_user_input_request
[  0%] Built target _rt_mission_msgs_generate_messages_check_deps_rt_mission
[  0%] Built target _rt_mission_msgs_generate_messages_check_deps_mobile_robot_pick_and_placeResult
[  0%] Built target _rt_mission_msgs_generate_messages_check_deps_get_pallet_in_map
[  0%] Built target _rt_mission_msgs_generate_messages_check_deps_mobile_robot_pick_and_placeFeedback
[  0%] Built target _rt_mission_msgs_generate_messages_check_deps_rt_mission_queue
[  0%] Built target _rt_mission_msgs_generate_messages_check_deps_mobile_robot_pick_and_placeActionResult
[  0%] Built target actionlib_msgs_generate_messages_cpp
[  0%] Built target geometry_msgs_generate_messages_cpp
[  0%] Built target std_msgs_generate_messages_cpp
[  0%] Built target _rt_mission_msgs_generate_messages_check_deps_write_pallet_location_to_file
[  0%] Built target _rt_mission_msgs_generate_messages_check_deps_mission_cancel_service
[  0%] Built target _rt_mission_msgs_generate_messages_check_deps_pallet_location
[  0%] Built target _rt_mission_msgs_generate_messages_check_deps_mobile_robot_pick_and_placeActionGoal
[  0%] Built target _rt_mission_msgs_generate_messages_check_deps_pallet_locations_write
[  0%] Built target _rt_mission_msgs_generate_messages_check_deps_mobile_robot_pick_and_placeAction
[  0%] Built target _rt_mission_msgs_generate_messages_check_deps_mobile_robot_pick_and_placeActionFeedback
[  0%] Built target std_msgs_generate_messages_py
[  0%] Built target actionlib_msgs_generate_messages_py
[  0%] Built target geometry_msgs_generate_messages_py
[  0%] Built target actionlib_msgs_generate_messages_nodejs
[  0%] Built target geometry_msgs_generate_messages_nodejs
[  0%] Built target std_msgs_generate_messages_lisp
[  0%] Built target actionlib_msgs_generate_messages_lisp
[  0%] Built target std_msgs_generate_messages_nodejs
[  0%] Built target std_msgs_generate_messages_eus
[  0%] Built target geometry_msgs_generate_messages_lisp
[  0%] Built target geometry_msgs_generate_messages_eus
[  0%] Built target actionlib_msgs_generate_messages_eus
[ 19%] Built target rt_mission_msgs_generate_messages_cpp
[ 40%] Built target rt_mission_msgs_generate_messages_py
[ 60%] Built target rt_mission_msgs_generate_messages_nodejs
[ 79%] Built target rt_mission_msgs_generate_messages_lisp
[100%] Built target rt_mission_msgs_generate_messages_eus
[100%] Built target rt_mission_msgs_generate_messages
